2024-10-26 12:51:14,802 [INFO] Activator:176 - 


2024-10-26 12:51:14,802 [INFO] Activator:177 - !SESSION log4j initialized
2024-10-26 12:51:21,859 [INFO] LogOutputStream:77 - [STDOUT_REDIRECT] 
2024-10-26 12:51:23,205 [INFO] ApplicationProperties:184 - Using Application install path: C:\ST\STM32CubeIDE_1.16.1\STM32CubeIDE\plugins\com.st.stm32cube.common.mx_6.12.1.202409122256
2024-10-26 12:51:23,239 [INFO] DbMcusXml:78 - Set database path to: C:\ST\STM32CubeIDE_1.16.1\STM32CubeIDE\plugins\com.st.stm32cube.common.mx_6.12.1.202409122256\\db\/mcu/
2024-10-26 12:51:23,240 [INFO] ApiDb:274 - Set plugin database path to: C:\ST\STM32CubeIDE_1.16.1\STM32CubeIDE\plugins\com.st.stm32cube.common.mx_6.12.1.202409122256\\db\/plugins/boardmanager/
2024-10-26 12:51:23,241 [WARN] ApiDb:259 - Overriding images path with different value:  => C:\ST\STM32CubeIDE_1.16.1\STM32CubeIDE\plugins\com.st.stm32cube.common.mx_6.12.1.202409122256\\db\/plugins/mcufinder/images/
2024-10-26 12:51:23,253 [INFO] ApiDb:250 - Set database path to: C:\Users\chant\.stmcufinder\plugins\mcufinder//mcu/
2024-10-26 12:51:23,254 [INFO] DbMcusAds:125 - Set database path to: C:\Users\chant\.stmcufinder\plugins\mcufinder//mcu/
2024-10-26 12:51:23,258 [INFO] CrossReferenceDbSqlite:203 - Set database path to: C:\Users\chant\.stmcufinder\plugins\mcufinder//mcu/cs/
2024-10-26 12:51:23,419 [INFO] RulesReader:64 - Compatibility file has been processed (297 Rules)
2024-10-26 12:51:23,565 [INFO] DbMcusXml:78 - Set database path to: C:\ST\STM32CubeIDE_1.16.1\STM32CubeIDE\plugins\com.st.stm32cube.common.mx_6.12.1.202409122256\\db\/mcu/
2024-10-26 12:51:23,565 [INFO] ApiDb:274 - Set plugin database path to: C:\ST\STM32CubeIDE_1.16.1\STM32CubeIDE\plugins\com.st.stm32cube.common.mx_6.12.1.202409122256\\db\/plugins/boardmanager/
2024-10-26 12:51:23,566 [INFO] ApiDb:261 - Set plugin images path to: C:\ST\STM32CubeIDE_1.16.1\STM32CubeIDE\plugins\com.st.stm32cube.common.mx_6.12.1.202409122256\\db\/plugins/mcufinder/images/
2024-10-26 12:51:23,566 [WARN] DbFile:41 - Overriding database path with different value: C:\Users\chant\.stmcufinder\plugins\mcufinder/ => C:\Users\chant\.stmcufinder\plugins\mcufinder
2024-10-26 12:51:23,566 [INFO] ApiDb:250 - Set database path to: C:\Users\chant\.stmcufinder\plugins\mcufinder//mcu/
2024-10-26 12:51:23,566 [WARN] DbFile:41 - Overriding database path with different value: C:\Users\chant\.stmcufinder\plugins\mcufinder/ => C:\Users\chant\.stmcufinder\plugins\mcufinder
2024-10-26 12:51:23,566 [INFO] DbMcusAds:125 - Set database path to: C:\Users\chant\.stmcufinder\plugins\mcufinder//mcu/
2024-10-26 12:51:23,566 [WARN] DbFile:41 - Overriding database path with different value: C:\Users\chant\.stmcufinder\plugins\mcufinder/ => C:\Users\chant\.stmcufinder\plugins\mcufinder
2024-10-26 12:51:23,566 [WARN] DbFile:41 - Overriding database path with different value: C:\Users\chant\.stmcufinder\plugins\mcufinder/ => C:\Users\chant\.stmcufinder\plugins\mcufinder
2024-10-26 12:51:23,566 [INFO] CrossReferenceDbSqlite:203 - Set database path to: C:\Users\chant\.stmcufinder\plugins\mcufinder//mcu/cs/
2024-10-26 12:51:23,739 [INFO] MainPanel:268 - HeapMemory: 268435456
2024-10-26 12:51:23,913 [INFO] DbMcusXml:78 - Set database path to: C:\ST\STM32CubeIDE_1.16.1\STM32CubeIDE\plugins\com.st.stm32cube.common.mx_6.12.1.202409122256\\db\/mcu/
2024-10-26 12:51:23,913 [INFO] ApiDb:274 - Set plugin database path to: C:\ST\STM32CubeIDE_1.16.1\STM32CubeIDE\plugins\com.st.stm32cube.common.mx_6.12.1.202409122256\\db\/plugins/boardmanager/
2024-10-26 12:51:23,914 [INFO] ApiDb:261 - Set plugin images path to: C:\ST\STM32CubeIDE_1.16.1\STM32CubeIDE\plugins\com.st.stm32cube.common.mx_6.12.1.202409122256\\db\/plugins/mcufinder/images/
2024-10-26 12:51:23,914 [WARN] DbFile:41 - Overriding database path with different value: C:\Users\chant\.stmcufinder\plugins\mcufinder/ => C:\Users\chant\.stmcufinder\plugins\mcufinder
2024-10-26 12:51:23,914 [INFO] ApiDb:250 - Set database path to: C:\Users\chant\.stmcufinder\plugins\mcufinder//mcu/
2024-10-26 12:51:23,914 [WARN] DbFile:41 - Overriding database path with different value: C:\Users\chant\.stmcufinder\plugins\mcufinder/ => C:\Users\chant\.stmcufinder\plugins\mcufinder
2024-10-26 12:51:23,914 [INFO] DbMcusAds:125 - Set database path to: C:\Users\chant\.stmcufinder\plugins\mcufinder//mcu/
2024-10-26 12:51:23,914 [WARN] DbFile:41 - Overriding database path with different value: C:\Users\chant\.stmcufinder\plugins\mcufinder/ => C:\Users\chant\.stmcufinder\plugins\mcufinder
2024-10-26 12:51:23,914 [WARN] DbFile:41 - Overriding database path with different value: C:\Users\chant\.stmcufinder\plugins\mcufinder/ => C:\Users\chant\.stmcufinder\plugins\mcufinder
2024-10-26 12:51:23,914 [INFO] CrossReferenceDbSqlite:203 - Set database path to: C:\Users\chant\.stmcufinder\plugins\mcufinder//mcu/cs/
2024-10-26 12:51:23,942 [INFO] ApplicationProperties:184 - Using Application install path: C:\ST\STM32CubeIDE_1.16.1\STM32CubeIDE\plugins\com.st.stm32cube.common.mx_6.12.1.202409122256
2024-10-26 12:51:23,949 [INFO] PluginManage:196 - Search for loadable plugins [exclusion list=, ]
2024-10-26 12:51:23,951 [INFO] PluginManage:310 - Check plugin analytics
2024-10-26 12:51:24,176 [INFO] AnalyticsPlugin:253 - Accepted Software Licenses: 
2024-10-26 12:51:24,176 [INFO] AnalyticsPlugin:255 - Accepted CMSIS Pack Licenses: 
2024-10-26 12:51:24,177 [INFO] AnalyticsPlugin:257 - Accepted Firmware Licenses: 
2024-10-26 12:51:24,179 [INFO] PluginManage:359 - Loaded plugin analytics (category:tool,tabindex:-1)
2024-10-26 12:51:24,179 [INFO] PluginManage:310 - Check plugin cadmodel
2024-10-26 12:51:24,196 [INFO] CADModel:105 - Init CAD model plugin
2024-10-26 12:51:24,196 [INFO] PluginManage:359 - Loaded plugin cadmodel (category:power,tabindex:5)
2024-10-26 12:51:24,196 [INFO] PluginManage:310 - Check plugin clock
2024-10-26 12:51:24,220 [INFO] PluginManage:359 - Loaded plugin clock (category:base,tabindex:2)
2024-10-26 12:51:24,220 [INFO] PluginManage:310 - Check plugin ddr
2024-10-26 12:51:24,223 [INFO] PluginManage:359 - Loaded plugin ddr (category:tool,tabindex:6)
2024-10-26 12:51:24,223 [INFO] PluginManage:310 - Check plugin filemanager
2024-10-26 12:51:24,414 [INFO] PluginManage:359 - Loaded plugin filemanager (category:base,tabindex:10)
2024-10-26 12:51:24,414 [INFO] PluginManage:310 - Check plugin ipmanager
2024-10-26 12:51:24,421 [INFO] PluginManage:359 - Loaded plugin ipmanager (category:base,tabindex:5)
2024-10-26 12:51:24,421 [INFO] PluginManage:310 - Check plugin lpbam
2024-10-26 12:51:24,444 [INFO] PluginManage:359 - Loaded plugin lpbam (category:base,tabindex:0)
2024-10-26 12:51:24,444 [INFO] PluginManage:310 - Check plugin memorymap
2024-10-26 12:51:24,474 [INFO] PluginManage:359 - Loaded plugin memorymap (category:base,tabindex:4)
2024-10-26 12:51:24,474 [INFO] PluginManage:310 - Check plugin pinoutandconfiguration
2024-10-26 12:51:24,493 [INFO] PluginManage:359 - Loaded plugin pinoutandconfiguration (category:base,tabindex:1)
2024-10-26 12:51:24,493 [INFO] PluginManage:310 - Check plugin pinoutconfig
2024-10-26 12:51:24,628 [WARN] SupportedApi:132 - Cannot load RTOS API schema: s4s-elt-must-match.1: The content of 'definitions' must match (annotation?, (simpleType | complexType)?, (unique | key | keyref)*)). A problem was found starting at: attribute.
2024-10-26 12:51:24,820 [INFO] PluginManage:359 - Loaded plugin pinoutconfig (category:base,tabindex:0)
2024-10-26 12:51:24,821 [INFO] PluginManage:310 - Check plugin power
2024-10-26 12:51:24,845 [INFO] PluginManage:359 - Loaded plugin power (category:power,tabindex:4)
2024-10-26 12:51:24,845 [INFO] PluginManage:310 - Check plugin projectmanager
2024-10-26 12:51:24,865 [INFO] PluginManage:359 - Loaded plugin projectmanager (category:projectmanager,tabindex:4)
2024-10-26 12:51:24,865 [INFO] PluginManage:310 - Check plugin rif
2024-10-26 12:51:24,883 [INFO] PluginManage:359 - Loaded plugin rif (category:base,tabindex:3)
2024-10-26 12:51:24,883 [INFO] PluginManage:310 - Check plugin thirdparty
2024-10-26 12:51:25,229 [INFO] PluginManage:359 - Loaded plugin thirdparty (category:base,tabindex:-1)
2024-10-26 12:51:25,229 [WARN] IntegrityCheckThread:84 - waiting for thirdparty lock release [integrity check]
2024-10-26 12:51:25,229 [INFO] PluginManage:310 - Check plugin tools
2024-10-26 12:51:25,229 [INFO] IntegrityCheckThread:86 - entering critical section [integrity check]
2024-10-26 12:51:25,230 [INFO] ThirdPartyUpdaterWithRetryManager:70 - Updater plugin not ready yet. [1/15]
2024-10-26 12:51:25,267 [INFO] PluginManage:359 - Loaded plugin tools (category:base,tabindex:7)
2024-10-26 12:51:25,267 [INFO] PluginManage:310 - Check plugin tutovideos
2024-10-26 12:51:25,502 [INFO] PluginManage:359 - Loaded plugin tutovideos (category:base,tabindex:-1)
2024-10-26 12:51:25,502 [INFO] PluginManage:310 - Check plugin updater
2024-10-26 12:51:25,526 [INFO] PluginManage:359 - Loaded plugin updater (category:base,tabindex:12)
2024-10-26 12:51:25,526 [INFO] PluginManage:310 - Check plugin userauth
2024-10-26 12:51:25,536 [INFO] UserAuth:113 - Init User Auth plugin
2024-10-26 12:51:25,536 [INFO] PluginManage:359 - Loaded plugin userauth (category:base,tabindex:14)
2024-10-26 12:51:25,536 [INFO] PluginManage:283 - PluginManage : Loaded plugins [18]
2024-10-26 12:51:25,781 [INFO] PinOutPanel:1561 - setPackage(No Configuration,No Configuration)
2024-10-26 12:51:25,903 [INFO] CADModel:165 - CPN selected for project level
2024-10-26 12:51:25,903 [INFO] CADModel:114 - Register for checkConnection events
2024-10-26 12:51:25,935 [INFO] IPUIPlugin:80 - create IPUIPlugin
2024-10-26 12:51:25,935 [INFO] PluginManager:220 - loadIPPluginJar : add adc
2024-10-26 12:51:25,977 [INFO] IPUIPlugin:80 - create IPUIPlugin
2024-10-26 12:51:25,978 [INFO] PluginManager:220 - loadIPPluginJar : add aes
2024-10-26 12:51:26,023 [INFO] IPUIPlugin:80 - create IPUIPlugin
2024-10-26 12:51:26,023 [INFO] PluginManager:220 - loadIPPluginJar : add can
2024-10-26 12:51:26,049 [INFO] IPUIPlugin:80 - create IPUIPlugin
2024-10-26 12:51:26,049 [INFO] PluginManager:220 - loadIPPluginJar : add comp
2024-10-26 12:51:26,086 [INFO] IPUIPlugin:80 - create IPUIPlugin
2024-10-26 12:51:26,086 [INFO] PluginManager:220 - loadIPPluginJar : add cryp
2024-10-26 12:51:26,099 [INFO] IPUIPlugin:80 - create IPUIPlugin
2024-10-26 12:51:26,099 [INFO] PluginManager:220 - loadIPPluginJar : add ddr_ctrl_phy
2024-10-26 12:51:26,131 [INFO] IPUIPlugin:80 - create IPUIPlugin
2024-10-26 12:51:26,131 [INFO] PluginManager:220 - loadIPPluginJar : add dfsdm
2024-10-26 12:51:26,147 [INFO] IPUIPlugin:80 - create IPUIPlugin
2024-10-26 12:51:26,147 [INFO] PluginManager:220 - loadIPPluginJar : add dma
2024-10-26 12:51:26,192 [INFO] IPUIPlugin:80 - create IPUIPlugin
2024-10-26 12:51:26,192 [INFO] PluginManager:220 - loadIPPluginJar : add dma3
2024-10-26 12:51:26,276 [INFO] IPUIPlugin:80 - create IPUIPlugin
2024-10-26 12:51:26,276 [INFO] PluginManager:220 - loadIPPluginJar : add extmemmanager
2024-10-26 12:51:26,295 [INFO] IPUIPlugin:80 - create IPUIPlugin
2024-10-26 12:51:26,295 [INFO] PluginManager:220 - loadIPPluginJar : add fatfs
2024-10-26 12:51:26,341 [INFO] IPUIPlugin:80 - create IPUIPlugin
2024-10-26 12:51:26,341 [INFO] PluginManager:220 - loadIPPluginJar : add fmc
2024-10-26 12:51:26,358 [INFO] IPUIPlugin:80 - create IPUIPlugin
2024-10-26 12:51:26,359 [INFO] PluginManager:220 - loadIPPluginJar : add freertos
2024-10-26 12:51:26,383 [INFO] IPUIPlugin:80 - create IPUIPlugin
2024-10-26 12:51:26,384 [INFO] PluginManager:220 - loadIPPluginJar : add genericplugin
2024-10-26 12:51:26,513 [INFO] IPUIPlugin:80 - create IPUIPlugin
2024-10-26 12:51:26,513 [INFO] PluginManager:220 - loadIPPluginJar : add gfxmmu
2024-10-26 12:51:26,648 [INFO] IPUIPlugin:80 - create IPUIPlugin
2024-10-26 12:51:26,648 [INFO] PluginManager:220 - loadIPPluginJar : add gic
2024-10-26 12:51:26,663 [INFO] IPUIPlugin:80 - create IPUIPlugin
2024-10-26 12:51:26,664 [INFO] PluginManager:220 - loadIPPluginJar : add gpio
2024-10-26 12:51:26,757 [INFO] IPUIPlugin:80 - create IPUIPlugin
2024-10-26 12:51:26,757 [INFO] PluginManager:220 - loadIPPluginJar : add gtzc
2024-10-26 12:51:26,788 [INFO] IPUIPlugin:80 - create IPUIPlugin
2024-10-26 12:51:26,789 [INFO] PluginManager:220 - loadIPPluginJar : add hash
2024-10-26 12:51:26,843 [INFO] IPUIPlugin:80 - create IPUIPlugin
2024-10-26 12:51:26,843 [INFO] PluginManager:220 - loadIPPluginJar : add i2c
2024-10-26 12:51:26,882 [INFO] IPUIPlugin:80 - create IPUIPlugin
2024-10-26 12:51:26,882 [INFO] PluginManager:220 - loadIPPluginJar : add i2s
2024-10-26 12:51:26,922 [INFO] IPUIPlugin:80 - create IPUIPlugin
2024-10-26 12:51:26,922 [INFO] PluginManager:220 - loadIPPluginJar : add i3c
2024-10-26 12:51:27,030 [INFO] IPUIPlugin:80 - create IPUIPlugin
2024-10-26 12:51:27,030 [INFO] PluginManager:220 - loadIPPluginJar : add ipddr
2024-10-26 12:51:27,118 [INFO] IPUIPlugin:80 - create IPUIPlugin
2024-10-26 12:51:27,118 [INFO] PluginManager:220 - loadIPPluginJar : add linkedlist
2024-10-26 12:51:27,150 [INFO] IPUIPlugin:80 - create IPUIPlugin
2024-10-26 12:51:27,151 [INFO] PluginManager:220 - loadIPPluginJar : add lorawan
2024-10-26 12:51:27,187 [INFO] IPUIPlugin:80 - create IPUIPlugin
2024-10-26 12:51:27,187 [INFO] PluginManager:220 - loadIPPluginJar : add ltdc
2024-10-26 12:51:27,202 [INFO] IPUIPlugin:80 - create IPUIPlugin
2024-10-26 12:51:27,203 [INFO] PluginManager:220 - loadIPPluginJar : add mdma
2024-10-26 12:51:27,217 [INFO] IPUIPlugin:80 - create IPUIPlugin
2024-10-26 12:51:27,217 [INFO] PluginManager:220 - loadIPPluginJar : add nvic
2024-10-26 12:51:27,259 [INFO] IPUIPlugin:80 - create IPUIPlugin
2024-10-26 12:51:27,259 [INFO] PluginManager:220 - loadIPPluginJar : add opamp
2024-10-26 12:51:27,321 [INFO] IPUIPlugin:80 - create IPUIPlugin
2024-10-26 12:51:27,321 [INFO] PluginManager:220 - loadIPPluginJar : add openamp
2024-10-26 12:51:27,365 [INFO] IPUIPlugin:80 - create IPUIPlugin
2024-10-26 12:51:27,365 [INFO] PluginManager:220 - loadIPPluginJar : add pdm2pcm
2024-10-26 12:51:27,380 [INFO] IPUIPlugin:80 - create IPUIPlugin
2024-10-26 12:51:27,382 [INFO] PluginManager:220 - loadIPPluginJar : add plateformsettings
2024-10-26 12:51:27,406 [INFO] IPUIPlugin:80 - create IPUIPlugin
2024-10-26 12:51:27,406 [INFO] PluginManager:220 - loadIPPluginJar : add quadspi
2024-10-26 12:51:27,432 [INFO] IPUIPlugin:80 - create IPUIPlugin
2024-10-26 12:51:27,432 [INFO] PluginManager:220 - loadIPPluginJar : add radio
2024-10-26 12:51:27,446 [INFO] IPUIPlugin:80 - create IPUIPlugin
2024-10-26 12:51:27,446 [INFO] PluginManager:220 - loadIPPluginJar : add resmgrutility
2024-10-26 12:51:27,494 [INFO] IPUIPlugin:80 - create IPUIPlugin
2024-10-26 12:51:27,494 [INFO] PluginManager:220 - loadIPPluginJar : add sai
2024-10-26 12:51:27,528 [INFO] IPUIPlugin:80 - create IPUIPlugin
2024-10-26 12:51:27,528 [INFO] PluginManager:220 - loadIPPluginJar : add spi
2024-10-26 12:51:27,599 [INFO] IPUIPlugin:80 - create IPUIPlugin
2024-10-26 12:51:27,599 [INFO] PluginManager:220 - loadIPPluginJar : add stm32_wpan
2024-10-26 12:51:27,621 [INFO] IPUIPlugin:80 - create IPUIPlugin
2024-10-26 12:51:27,621 [INFO] PluginManager:220 - loadIPPluginJar : add tim
2024-10-26 12:51:27,707 [INFO] IPUIPlugin:80 - create IPUIPlugin
2024-10-26 12:51:27,707 [INFO] PluginManager:220 - loadIPPluginJar : add touchsensing
2024-10-26 12:51:27,730 [INFO] IPUIPlugin:80 - create IPUIPlugin
2024-10-26 12:51:27,730 [INFO] PluginManager:220 - loadIPPluginJar : add tracer_emb
2024-10-26 12:51:27,752 [INFO] IPUIPlugin:80 - create IPUIPlugin
2024-10-26 12:51:27,752 [INFO] PluginManager:220 - loadIPPluginJar : add ts
2024-10-26 12:51:27,773 [INFO] IPUIPlugin:80 - create IPUIPlugin
2024-10-26 12:51:27,773 [INFO] PluginManager:220 - loadIPPluginJar : add tsc
2024-10-26 12:51:27,795 [INFO] IPUIPlugin:80 - create IPUIPlugin
2024-10-26 12:51:27,795 [INFO] PluginManager:220 - loadIPPluginJar : add ucpd
2024-10-26 12:51:27,834 [INFO] IPUIPlugin:80 - create IPUIPlugin
2024-10-26 12:51:27,834 [INFO] PluginManager:220 - loadIPPluginJar : add usart
2024-10-26 12:51:27,873 [INFO] IPUIPlugin:80 - create IPUIPlugin
2024-10-26 12:51:27,873 [INFO] PluginManager:220 - loadIPPluginJar : add usbx
2024-10-26 12:51:27,996 [INFO] CADModel:165 - CPN selected for project level
2024-10-26 12:51:27,996 [INFO] CADModel:114 - Register for checkConnection events
2024-10-26 12:51:28,011 [FATAL] Updater:334 - Updater called before beeing initialized
2024-10-26 12:51:28,011 [ERROR] CADModel:125 - Updater not yet initialized, retry later 
2024-10-26 12:51:28,164 [INFO] CADModel:165 - CPN selected for project level
2024-10-26 12:51:28,164 [INFO] CADModel:114 - Register for checkConnection events
2024-10-26 12:51:28,164 [FATAL] Updater:334 - Updater called before beeing initialized
2024-10-26 12:51:28,164 [ERROR] CADModel:125 - Updater not yet initialized, retry later 
2024-10-26 12:51:28,167 [FATAL] Updater:334 - Updater called before beeing initialized
2024-10-26 12:51:28,231 [INFO] ThirdPartyUpdaterWithRetryManager:70 - Updater plugin not ready yet. [2/15]
2024-10-26 12:51:28,273 [FATAL] Updater:334 - Updater called before beeing initialized
2024-10-26 12:51:28,283 [INFO] DbMcusAds:53 - JSON generation date=Fri Sep 20 06:04:23 PDT 2024 (1726837463113)
2024-10-26 12:51:28,284 [FATAL] Updater:334 - Updater called before beeing initialized
2024-10-26 12:51:28,327 [WARN] DetailPanel:346 - Failed to get advertising image, set to default
2024-10-26 12:51:28,415 [FATAL] Updater:334 - Updater called before beeing initialized
2024-10-26 12:51:28,417 [FATAL] Updater:334 - Updater called before beeing initialized
2024-10-26 12:51:28,417 [FATAL] Updater:334 - Updater called before beeing initialized
2024-10-26 12:51:28,417 [WARN] DetailPanel:346 - Failed to get advertising image, set to default
2024-10-26 12:51:28,418 [FATAL] Updater:334 - Updater called before beeing initialized
2024-10-26 12:51:28,492 [ERROR] Updater:1164 - MainUpdater not yet initialized. External WinMGr cannot be set.
2024-10-26 12:51:28,503 [INFO] Updater:1100 - Updater Version found : 6.12.1
2024-10-26 12:51:28,526 [INFO] ApplicationProperties:184 - Using Application install path: C:\ST\STM32CubeIDE_1.16.1\STM32CubeIDE\plugins\com.st.stm32cube.common.mx_6.12.1.202409122256
2024-10-26 12:51:30,112 [ERROR] LogOutputStream:75 - [STDERR_REDIRECT] Oct 26, 2024 12:51:30 PM java.util.prefs.WindowsPreferences <init>
2024-10-26 12:51:30,113 [ERROR] LogOutputStream:75 - [STDERR_REDIRECT] WARNING: Could not open/create prefs root node Software\JavaSoft\Prefs at root 0xffffffff80000002. Windows RegCreateKeyEx(...) returned error code 5.
2024-10-26 12:51:30,113 [ERROR] LogOutputStream:75 - [STDERR_REDIRECT] 
2024-10-26 12:51:30,399 [INFO] MainUpdater:2873 - connection check result : 10
2024-10-26 12:51:30,399 [INFO] MainUpdater:3567 - Updater definition file requires update
2024-10-26 12:51:30,400 [INFO] MainUpdater:290 - Updater Check For Update Now.
2024-10-26 12:51:30,400 [INFO] MicroXplorer:498 - Change Database Version : DB.6.0.121
2024-10-26 12:51:30,414 [INFO] McuFinderGlobals:63 - Set McuFinder mode to 2 (CubeIDE integrated)
2024-10-26 12:51:30,419 [INFO] UserAuth:417 - Internet connection configuration mode: 1
2024-10-26 12:51:30,448 [INFO] JxBrowserEngine:152 - Initiate JxBrowser Engine with user profile folder
2024-10-26 12:51:30,450 [INFO] ServerAccessManage:473 - Download File updaters.zip
2024-10-26 12:51:30,539 [INFO] FileExtend:240 - Unzip File : updaters.zip
2024-10-26 12:51:30,539 [INFO] FileExtend:255 - Standard Zip Deflate
2024-10-26 12:51:30,896 [INFO] ServerAccessManage:473 - Download File PacksControlFlags.xml
2024-10-26 12:51:31,032 [INFO] ServerAccessManage:473 - Download File cubemx.pidx
2024-10-26 12:51:31,236 [WARN] MainUpdater:1194 - Updater busy. Cannot search thirdparties
2024-10-26 12:51:31,237 [INFO] ThirdPartyUpdaterWithRetryManager:96 - Updater plugin is busy. [1/15]
2024-10-26 12:51:31,243 [INFO] LoadServerUpdatesThread:375 - End of LoadServerUpdate Thread
2024-10-26 12:51:31,591 [INFO] CheckServerUpdateThread:120 - End of CheckServer Thread
2024-10-26 12:51:34,404 [WARN] PackLoader:240 - Cannot read IP mode file for STMicroelectronics.X-CUBE-GNSS1.6.0.0
2024-10-26 12:51:34,453 [WARN] PackLoader:240 - Cannot read IP mode file for STMicroelectronics.X-CUBE-AZRTOS-F4.1.1.0
2024-10-26 12:51:34,479 [WARN] PackLoader:240 - Cannot read IP mode file for wolfSSL.I-CUBE-wolfSSL.5.6.0
2024-10-26 12:51:34,525 [WARN] PackLoader:240 - Cannot read IP mode file for STMicroelectronics.X-CUBE-AZRTOS-F7.1.1.0
2024-10-26 12:51:34,551 [WARN] PackLoader:240 - Cannot read IP mode file for STMicroelectronics.X-CUBE-BLE1.6.2.4
2024-10-26 12:51:34,588 [WARN] PackLoader:240 - Cannot read IP mode file for emotas.I-CUBE-CANOPEN.1.1.3
2024-10-26 12:51:34,615 [WARN] PackLoader:240 - Cannot read IP mode file for STMicroelectronics.X-CUBE-BLEMGR.2.0.0
2024-10-26 12:51:34,643 [WARN] PackLoader:240 - Cannot read IP mode file for STMicroelectronics.X-CUBE-DISPLAY.3.0.0
2024-10-26 12:51:34,672 [WARN] PackLoader:240 - Cannot read IP mode file for STMicroelectronics.X-CUBE-NFC7.1.0.0
2024-10-26 12:51:34,697 [WARN] PackLoader:240 - Cannot read IP mode file for STMicroelectronics.X-CUBE-EEPRMA1.4.1.0
2024-10-26 12:51:34,721 [WARN] PackLoader:240 - Cannot read IP mode file for WES.I-CUBE-Cesium.1.3.0
2024-10-26 12:51:34,744 [WARN] PackLoader:240 - Cannot read IP mode file for STMicroelectronics.X-CUBE-SFXS2LP1.4.0.0
2024-10-26 12:51:34,765 [WARN] PackLoader:240 - Cannot read IP mode file for STMicroelectronics.X-CUBE-BLE2.3.3.0
2024-10-26 12:51:34,810 [WARN] PackLoader:240 - Cannot read IP mode file for STMicroelectronics.X-CUBE-AZRTOS-H7.3.0.0
2024-10-26 12:51:34,841 [WARN] PackLoader:240 - Cannot read IP mode file for STMicroelectronics.X-CUBE-ISPU.1.1.0
2024-10-26 12:51:34,866 [WARN] PackLoader:240 - Cannot read IP mode file for RoweBots.I-CUBE-UNISONRTOS.5.5.0-4
2024-10-26 12:51:34,888 [WARN] PackLoader:240 - Cannot read IP mode file for STMicroelectronics.X-CUBE-AI.8.0.0
2024-10-26 12:51:34,909 [WARN] PackLoader:240 - Cannot read IP mode file for STMicroelectronics.X-CUBE-FREERTOS.1.0.0
2024-10-26 12:51:34,928 [WARN] PackLoader:240 - Cannot read IP mode file for STMicroelectronics.X-CUBE-TOUCHGFX.4.21.3
2024-10-26 12:51:34,949 [WARN] PackLoader:240 - Cannot read IP mode file for STMicroelectronics.X-CUBE-ALGOBUILD.1.3.0
2024-10-26 12:51:34,987 [WARN] PackLoader:240 - Cannot read IP mode file for STMicroelectronics.X-CUBE-AZRTOS-L5.1.1.0
2024-10-26 12:51:35,046 [WARN] PackLoader:240 - Cannot read IP mode file for STMicroelectronics.X-CUBE-AZRTOS-G0.1.1.0
2024-10-26 12:51:35,086 [WARN] PackLoader:240 - Cannot read IP mode file for STMicroelectronics.X-CUBE-SUBG2.5.0.0
2024-10-26 12:51:35,120 [WARN] PackLoader:240 - Cannot read IP mode file for STMicroelectronics.X-CUBE-NFC4.3.0.0
2024-10-26 12:51:35,159 [WARN] PackLoader:240 - Cannot read IP mode file for STMicroelectronics.X-CUBE-TOF1.3.3.0
2024-10-26 12:51:35,196 [WARN] PackLoader:240 - Cannot read IP mode file for STMicroelectronics.FP-ATR-ASTRA1.1.1.1
2024-10-26 12:51:35,237 [WARN] PackLoader:240 - Cannot read IP mode file for STMicroelectronics.X-CUBE-AZRTOS-G4.1.0.0
2024-10-26 12:51:35,259 [WARN] PackLoader:240 - Cannot read IP mode file for STMicroelectronics.FP-ATR-SIGFOX1.3.2.0
2024-10-26 12:51:35,318 [WARN] PackLoader:240 - Cannot read IP mode file for STMicroelectronics.X-CUBE-AZRTOS-L4.1.0.0
2024-10-26 12:51:35,363 [WARN] PackLoader:240 - Cannot read IP mode file for STMicroelectronics.X-CUBE-AZRTOS-WL.1.0.0
2024-10-26 12:51:35,391 [WARN] PackLoader:240 - Cannot read IP mode file for portGmbH.I-Cube-SoM-uGOAL.1.1.0
2024-10-26 12:51:35,413 [WARN] PackLoader:240 - Cannot read IP mode file for STMicroelectronics.X-CUBE-ALS.1.0.1
2024-10-26 12:51:35,520 [WARN] PackLoader:240 - Cannot read IP mode file for STMicroelectronics.X-CUBE-MEMS1.9.5.0
2024-10-26 12:51:35,828 [WARN] PackLoader:240 - Cannot read IP mode file for STMicroelectronics.X-CUBE-AZRTOS-WB.1.1.0
2024-10-26 12:51:35,925 [WARN] PackLoader:240 - Cannot read IP mode file for SEGGER.I-CUBE-embOS.1.3.1
2024-10-26 12:51:36,012 [INFO] ThirdParty:978 - Integrity check success = true
2024-10-26 12:51:36,012 [INFO] IntegrityCheckThread:100 - exiting critical section [integrity check]
2024-10-26 12:51:36,013 [INFO] IntegrityCheckThread:103 - End integrity checks thread
2024-10-26 12:51:39,279 [INFO] WebApp:167 - Instantiating new browser for Auth
2024-10-26 12:51:40,366 [INFO] WebApp:448 - Apply proxy settings
2024-10-26 12:51:40,367 [INFO] WebApp:533 - Chromium requires no authentication
2024-10-26 12:51:40,382 [INFO] WebApp:476 - Direct internet connection detected
2024-10-26 12:51:40,419 [INFO] WebApp:869 - Register for checkConnection events
2024-10-26 12:51:40,419 [INFO] WebApp:448 - Apply proxy settings
2024-10-26 12:51:40,419 [INFO] WebApp:533 - Chromium requires no authentication
2024-10-26 12:51:40,420 [INFO] WebApp:476 - Direct internet connection detected
2024-10-26 12:51:40,631 [INFO] WebApp:186 - Connection restablished
2024-10-26 12:51:40,683 [INFO] WebApp:220 - Starting web application
2024-10-26 12:51:40,683 [INFO] WebApp:578 - Web application path used C:\ST\STM32CubeIDE_1.16.1\STM32CubeIDE\plugins\com.st.stm32cube.common.mx_6.12.1.202409122256\db\plugins\mcufinder\reactClient1\index.html
2024-10-26 12:51:40,991 [INFO] UserAuth:417 - Internet connection configuration mode: 1
2024-10-26 12:53:31,108 [INFO] McuFinderGlobals:63 - Set McuFinder mode to 2 (CubeIDE integrated)
2024-10-26 12:53:31,134 [INFO] MainUpdater:2873 - connection check result : 10
2024-10-26 12:53:31,140 [INFO] MainUpdater:2873 - connection check result : 10
2024-10-26 12:53:31,306 [INFO] RulesReader:64 - Compatibility file has been processed (297 Rules)
2024-10-26 12:53:31,319 [INFO] RulesReader:64 - Compatibility file has been processed (297 Rules)
2024-10-26 12:53:31,328 [INFO] MicroXplorer:468 - Change Database Path : 
2024-10-26 12:53:31,329 [INFO] MicroXplorer:498 - Change Database Version : DB.6.0.121
2024-10-26 12:53:31,347 [WARN] ThirdParty:871 - waiting for thirdparty lock release [close project]
2024-10-26 12:53:31,347 [INFO] ThirdParty:873 - entering critical section [close project]
2024-10-26 12:53:31,348 [INFO] ThirdParty:883 - exiting critical section [close project]
2024-10-26 12:53:31,353 [INFO] PinOutPanel:1561 - setPackage(No Configuration,No Configuration)
2024-10-26 12:53:31,359 [INFO] UtilMem:75 - Begin LoadConfig() Used Memory: 630478048 Bytes (905969664)
2024-10-26 12:53:31,360 [INFO] MicroXplorer:468 - Change Database Path : 
2024-10-26 12:53:31,360 [INFO] MicroXplorer:498 - Change Database Version : DB.6.0.121
2024-10-26 12:53:31,360 [INFO] OpenFileManager:332 - Change cursor
2024-10-26 12:53:31,410 [INFO] Mcu:2032 - Initializing MCU STM32F103C(8-B)Tx STM32F103C8Tx STM32F103C8T6
2024-10-26 12:53:32,302 [INFO] Context:742 - Trying to add GPIOservice into a context  which must be forbidden
2024-10-26 12:53:32,646 [INFO] RtosManager:555 - Registered RTOS mode: class=CMSIS, group=RTOS, mode=CMSIS_V1, owner=FREERTOS
2024-10-26 12:53:32,646 [INFO] RtosManager:555 - Registered RTOS mode: class=CMSIS, group=RTOS2, mode=CMSIS_V2, owner=FREERTOS
2024-10-26 12:53:32,646 [INFO] RtosManager:555 - Registered RTOS mode: class=RTOS, group=Core, mode=CMSIS_V1, owner=FREERTOS
2024-10-26 12:53:32,646 [INFO] RtosManager:555 - Registered RTOS mode: class=RTOS, group=Core, mode=CMSIS_V2, owner=FREERTOS
2024-10-26 12:53:32,647 [WARN] ModelIntegratedComponent:184 - Missing modes for component STMicroelectronics:FreeRTOS:0.0.1:STMicroelectronics:RTOS:FreeRTOS:Core:::10.2.0:
2024-10-26 12:53:32,660 [WARN] ModelIntegratedComponent:63 - No mode defined for component null
2024-10-26 12:53:32,660 [WARN] ModelIntegratedComponent:63 - No mode defined for component null
2024-10-26 12:53:32,661 [WARN] ModelIntegratedComponent:63 - No mode defined for component null
2024-10-26 12:53:32,661 [WARN] ModelIntegratedComponent:63 - No mode defined for component null
2024-10-26 12:53:32,661 [WARN] ModelIntegratedComponent:63 - No mode defined for component null
2024-10-26 12:53:32,661 [WARN] ModelIntegratedComponent:63 - No mode defined for component null
2024-10-26 12:53:32,661 [WARN] ModelIntegratedComponent:63 - No mode defined for component null
2024-10-26 12:53:32,661 [WARN] ModelIntegratedComponent:63 - No mode defined for component null
2024-10-26 12:53:32,661 [WARN] ModelIntegratedComponent:63 - No mode defined for component null
2024-10-26 12:53:32,661 [WARN] ModelIntegratedComponent:63 - No mode defined for component null
2024-10-26 12:53:32,661 [WARN] ModelIntegratedComponent:63 - No mode defined for component null
2024-10-26 12:53:32,661 [WARN] ModelIntegratedComponent:63 - No mode defined for component null
2024-10-26 12:53:32,661 [WARN] ModelIntegratedComponent:63 - No mode defined for component null
2024-10-26 12:53:32,661 [WARN] ModelIntegratedComponent:63 - No mode defined for component null
2024-10-26 12:53:32,661 [WARN] ModelIntegratedComponent:63 - No mode defined for component null
2024-10-26 12:53:32,661 [WARN] ModelIntegratedComponent:63 - No mode defined for component null
2024-10-26 12:53:32,661 [WARN] ModelIntegratedComponent:63 - No mode defined for component null
2024-10-26 12:53:32,661 [WARN] ModelIntegratedComponent:63 - No mode defined for component null
2024-10-26 12:53:32,662 [WARN] ModelIntegratedComponent:63 - No mode defined for component null
2024-10-26 12:53:32,662 [WARN] ModelIntegratedComponent:63 - No mode defined for component null
2024-10-26 12:53:32,662 [WARN] ModelIntegratedComponent:63 - No mode defined for component null
2024-10-26 12:53:32,662 [WARN] ModelIntegratedComponent:63 - No mode defined for component null
2024-10-26 12:53:32,662 [WARN] ModelIntegratedComponent:63 - No mode defined for component null
2024-10-26 12:53:32,662 [WARN] ModelIntegratedComponent:63 - No mode defined for component null
2024-10-26 12:53:32,662 [WARN] ModelIntegratedComponent:63 - No mode defined for component null
2024-10-26 12:53:32,662 [WARN] ModelIntegratedComponent:63 - No mode defined for component null
2024-10-26 12:53:32,662 [WARN] ModelIntegratedComponent:63 - No mode defined for component null
2024-10-26 12:53:32,662 [WARN] ModelIntegratedComponent:63 - No mode defined for component null
2024-10-26 12:53:32,662 [WARN] ModelIntegratedComponent:63 - No mode defined for component null
2024-10-26 12:53:32,662 [WARN] ModelIntegratedComponent:63 - No mode defined for component null
2024-10-26 12:53:32,662 [WARN] ModelIntegratedComponent:63 - No mode defined for component null
2024-10-26 12:53:32,662 [WARN] ModelIntegratedComponent:63 - No mode defined for component null
2024-10-26 12:53:32,663 [WARN] ModelIntegratedComponent:63 - No mode defined for component null
2024-10-26 12:53:32,663 [WARN] ModelIntegratedComponent:63 - No mode defined for component null
2024-10-26 12:53:32,663 [WARN] ModelIntegratedComponent:63 - No mode defined for component null
2024-10-26 12:53:32,663 [WARN] ModelPack:524 - Component already loaded: STMicroelectronics:HAL Drivers:0.0.0:STMicroelectronics:Device:STMicro_Driver:XSPI:HAL::0.0.1:HAL_XSPI
2024-10-26 12:53:32,834 [INFO] ThirdPartyModel:298 - Start build external matchings
2024-10-26 12:53:33,001 [INFO] ThirdPartyModel:316 - End build external matchings
2024-10-26 12:53:33,221 [INFO] ApiDb:581 - Connected to CubeFinder SQLite database (C:\Users\chant\.stmcufinder\plugins\mcufinder\mcu\cube-finder-db.db)
2024-10-26 12:53:33,295 [INFO] ApiDb:668 - CubeFinder database Data Model version=2.1
2024-10-26 12:53:33,295 [INFO] ApiDb:669 - CubeFinder database Configuration version=3.0.39
2024-10-26 12:53:33,296 [INFO] ApiDb:670 - CubeFinder database generation date=2024-09-16 (1726485674)
2024-10-26 12:53:33,296 [INFO] ApiDb:671 - CubeFinder database FW Pack versions=[FP-ATR-ASTRA1_V2.0.0, FP-SNS-FLIGHT1_V5.0.2, FP-SNS-MOTENV1_V5.0.0, FP-SNS-MOTENVWB1_V1.4.0, FP-SNS-SMARTAG2_V1.2.0, FP-SNS-STBOX1_V2.0.0, STM32Cube_FW_C0_V1.2.0, STM32Cube_FW_F4_V1.28.1, STM32Cube_FW_F7_V1.17.2, STM32Cube_FW_G0_V1.6.2, STM32Cube_FW_G4_V1.6.0, STM32Cube_FW_H5_V1.3.0, STM32Cube_FW_H7RS_V1.1.0, STM32Cube_FW_H7_V1.11.2, STM32Cube_FW_L0_V1.12.2, STM32Cube_FW_L5_V1.5.1, STM32Cube_FW_U0_V1.1.0, STM32Cube_FW_U5_V1.6.0, STM32Cube_FW_WB0_V1.0.0, STM32Cube_FW_WBA_V1.4.1, STM32Cube_FW_WB_V1.20.0, STM32Cube_FW_WL_V1.3.0, X-CUBE-ALGOBUILD_V1.4.0, X-CUBE-ALS_V1.0.2, X-CUBE-AZRTOS-F4_V1.1.0, X-CUBE-AZRTOS-F7_V1.1.0, X-CUBE-AZRTOS-G0_V1.1.0, X-CUBE-AZRTOS-G4_V2.0.0, X-CUBE-AZRTOS-H7RS_V1.0.0, X-CUBE-AZRTOS-H7_V3.2.0, X-CUBE-AZRTOS-L4_V2.0.0, X-CUBE-AZRTOS-L5_V2.0.0, X-CUBE-AZRTOS-WB_V2.0.0, X-CUBE-AZRTOS-WL_V2.0.0, X-CUBE-BLE1_V7.0.0, X-CUBE-BLE2_V3.3.0, X-CUBE-BLEMGR_V3.1.0, X-CUBE-EEPRMA1_V5.1.0, X-CUBE-FREERTOS_V1.2.0, X-CUBE-GNSS1_V6.0.0, X-CUBE-MEMS1_V11.0.0, X-CUBE-NFC4_V3.0.0, X-CUBE-NFC7_V1.0.1, X-CUBE-SFXS2LP1_V4.0.0, X-CUBE-SUBG2_V5.0.0, X-CUBE-TOF1_V3.4.2]
2024-10-26 12:53:33,438 [INFO] DbBoardsSqlite:226 - include board P-NUCLEO-WB55-NUCLEO as a kit item of type 'Nucleo-64'
2024-10-26 12:53:33,438 [INFO] DbBoardsSqlite:226 - include board P-NUCLEO-WB55-USBDONGLE as a kit item of type 'Nucleo USB Dongle'
2024-10-26 12:53:33,440 [INFO] DbBoardsSqlite:226 - include board STEVAL-IDP005V1 as a kit item of type 'Evaluation Board'
2024-10-26 12:53:33,440 [INFO] DbBoardsSqlite:226 - include board STEVAL-IDP005V2 as a kit item of type 'Evaluation Board'
2024-10-26 12:53:33,766 [INFO] ApiDb:240 - Found 646 in-development CPN: [B-G473E-ZEST1S, B-WB1M-WPAN1, B-WL5M-SUBG1, NUCLEO-C031C6, NUCLEO-C071RB, NUCLEO-H503RB, NUCLEO-H533RE, NUCLEO-H563ZI, NUCLEO-H7S3L8, NUCLEO-U031R8, NUCLEO-U083RC, NUCLEO-U545RE-Q, NUCLEO-U5A5ZJ-Q, NUCLEO-WB05KZ, NUCLEO-WB07CC, NUCLEO-WB09KE, NUCLEO-WBA52CG, NUCLEO-WBA55CG, STEVAL-PROTEUS1, STEVAL-SMARTAG2, STEVAL-STWINBX1, STM320518-EVAL, STM32C0116-DK, STM32C011D6Y3TR, STM32C011D6Y6TR, STM32C011F4P3, STM32C011F4P6, STM32C011F4U3, STM32C011F4U6TR, STM32C011F6P3, STM32C011F6P6, STM32C011F6U3, STM32C011F6U6TR, STM32C011J4M3, STM32C011J4M6, STM32C011J6M3, STM32C011J6M6, STM32C0316-DK, STM32C031C4T3, STM32C031C4T6, STM32C031C4U3, STM32C031C4U6, STM32C031C6T3, STM32C031C6T6, STM32C031C6U3, STM32C031C6U6, STM32C031F4P3, STM32C031F4P6, STM32C031F6P3, STM32C031F6P6, STM32C031G4U3, STM32C031G4U6, STM32C031G6U3, STM32C031G6U6, STM32C031K4T3, STM32C031K4T6, STM32C031K4U3, STM32C031K4U6, STM32C031K6T3, STM32C031K6T6, STM32C031K6U3, STM32C031K6U6, STM32C071C8T6, STM32C071C8T6N, STM32C071C8U6, STM32C071C8U6N, STM32C071CBT6, STM32C071CBT6N, STM32C071CBU6, STM32C071CBU6N, STM32C071F8P6, STM32C071F8P6N, STM32C071FBP6, STM32C071FBP6N, STM32C071FBY6TR, STM32C071G8U6, STM32C071G8U6N, STM32C071GBU6, STM32C071GBU6N, STM32C071K8T6, STM32C071K8T6N, STM32C071K8U6, STM32C071K8U6N, STM32C071KBT6, STM32C071KBT6N, STM32C071KBU6, STM32C071KBU6N, STM32C071R8T6, STM32C071R8T6N, STM32C071RBI6N, STM32C071RBT6, STM32C071RBT6N, STM32G071K8TXN, STM32G071K8UXN, STM32G081GBU6N, STM32G081KBT6N, STM32G081KBUXN, STM32G0B1CCT6N, STM32G0B1KCT6, STM32G0B1NEY6TR, STM32G0B1RCT6N, STM32G0C1CCT6, STM32G0C1CCT6N, STM32G0C1CCU6N, STM32G0C1CET6N, STM32G0C1CEU6N, STM32G0C1KCT6, STM32G0C1NEY6TR, STM32G0C1RCI6N, STM32G0C1RCT6N, STM32G0C1REI6N, STM32G0C1RET6N, STM32G0C1VCI6, STM32G0C1VEI6, STM32G411C6T3, STM32G411C6T6, STM32G411C6U3, STM32G411C6U6, STM32G411C8T3, STM32G411C8T6, STM32G411C8U3, STM32G411C8U6, STM32G411CBT3, STM32G411CBT6, STM32G411CBU3, STM32G411CBU6, STM32G411K6T3, STM32G411K6T6, STM32G411K6U3, STM32G411K6U6, STM32G411K8T3, STM32G411K8T6, STM32G411K8U3, STM32G411K8U6, STM32G411KBT3, STM32G411KBT6, STM32G411KBU3, STM32G411KBU6, STM32G411M6T3, STM32G411M6T6, STM32G411M8T3, STM32G411M8T6, STM32G411MBT3, STM32G411MBT6, STM32G411R6T3, STM32G411R6T6, STM32G411R8T3, STM32G411R8T6, STM32G411RBT3, STM32G411RBT6, STM32G414CBT3, STM32G414CBT6, STM32G414CBU3, STM32G414CBU6, STM32G414CCT3, STM32G414CCT6, STM32G414CCU3, STM32G414CCU6, STM32G414MBT3, STM32G414MBT6, STM32G414MCT3, STM32G414MCT6, STM32G414RBT3, STM32G414RBT6, STM32G414RCT3, STM32G414RCT6, STM32G414VBT3, STM32G414VBT6, STM32G414VCT3, STM32G414VCT6, STM32G431CBT3Z, STM32G431RBT3Z, STM32G471CCT6, STM32G471CCU6, STM32G471CET3, STM32G471CET6, STM32G471CEU3, STM32G471CEU6, STM32G471MCT6, STM32G471MET3, STM32G471MET6, STM32G471MEY6TR, STM32G471QCT6, STM32G471QET3, STM32G471RCT6, STM32G471RET3, STM32G471RET6, STM32G471VCH6, STM32G471VCI6, STM32G471VCT6, STM32G471VEH3, STM32G471VEH6, STM32G471VEI3, STM32G471VEI6, STM32G471VET3, STM32G471VET6, STM32G473QET3Z, STM32G473RET3Z, STM32G474CCT6, STM32G491RET3Z, STM32H503CBT6, STM32H503CBU6, STM32H503EBY6TR, STM32H503KBU6, STM32H503RBT6, STM32H523CCT6, STM32H523CCU6, STM32H523CET6, STM32H523CEU6, STM32H523HEY6TR, STM32H523RCT6, STM32H523RET6, STM32H523VCI6, STM32H523VCT6, STM32H523VEI6, STM32H523VET6, STM32H523ZCJ6, STM32H523ZCT6, STM32H523ZEJ6, STM32H523ZET6, STM32H533CET6, STM32H533CEU6, STM32H533HEY6TR, STM32H533RET6, STM32H533VEI6, STM32H533VET6, STM32H533ZEJ6, STM32H533ZET6, STM32H562AGI6, STM32H562AII6, STM32H562IGK6, STM32H562IGT6, STM32H562IIK6, STM32H562IIT6, STM32H562RGT6, STM32H562RGV6, STM32H562RIT6, STM32H562RIV6, STM32H562VGT6, STM32H562VIT6, STM32H562ZGT6, STM32H562ZIT6, STM32H563AGI6, STM32H563AII3Q, STM32H563AII6, STM32H563IGK6, STM32H563IGT6, STM32H563IIK3Q, STM32H563IIK6, STM32H563IIT3Q, STM32H563IIT6, STM32H563MIY3QTR, STM32H563RGT6, STM32H563RGV6, STM32H563RIT6, STM32H563RIV6, STM32H563VGT6, STM32H563VIT3Q, STM32H563VIT6, STM32H563ZGT6, STM32H563ZIT3Q, STM32H563ZIT6, STM32H573AII3Q, STM32H573AII6, STM32H573I-DK, STM32H573IIK3Q, STM32H573IIK6, STM32H573IIT3Q, STM32H573IIT6, STM32H573MIY3QTR, STM32H573RIT6, STM32H573RIV6, STM32H573VIT3Q, STM32H573VIT6, STM32H573ZIT3Q, STM32H573ZIT6, STM32H7R3A8I6, STM32H7R3I8K6, STM32H7R3I8T6, STM32H7R3L8H6, STM32H7R3L8H6H, STM32H7R3R8V6, STM32H7R3V8H6, STM32H7R3V8T6, STM32H7R3V8Y6TR, STM32H7R3Z8J6, STM32H7R3Z8T6, STM32H7R7A8I6, STM32H7R7I8K6, STM32H7R7I8T6, STM32H7R7L8H6, STM32H7R7L8H6H, STM32H7R7Z8J6, STM32H7S3A8I6, STM32H7S3I8K6, STM32H7S3I8T6, STM32H7S3L8H6, STM32H7S3L8H6H, STM32H7S3R8V6, STM32H7S3V8H6, STM32H7S3V8T6, STM32H7S3V8Y6TR, STM32H7S3Z8J6, STM32H7S3Z8T6, STM32H7S78-DK, STM32H7S7A8I6, STM32H7S7I8K6, STM32H7S7I8T6, STM32H7S7L8H6, STM32H7S7L8H6H, STM32H7S7Z8J6, STM32L4R5QGI6STR, STM32MP131AAE3, STM32MP131AAF3, STM32MP131AAG3, STM32MP131CAE3, STM32MP131CAF3, STM32MP131CAG3, STM32MP131DAE7, STM32MP131DAF7, STM32MP131DAG7, STM32MP131FAE7, STM32MP131FAF7, STM32MP131FAG7, STM32MP133AAE3, STM32MP133AAF3, STM32MP133AAG3, STM32MP133CAE3, STM32MP133CAF3, STM32MP133CAG3, STM32MP133DAE7, STM32MP133DAF7, STM32MP133DAG7, STM32MP133FAE7, STM32MP133FAF7, STM32MP133FAG7, STM32MP135AAE3, STM32MP135AAF3, STM32MP135AAG3, STM32MP135CAE3, STM32MP135CAF3, STM32MP135CAG3, STM32MP135DAE7, STM32MP135DAF7, STM32MP135DAG7, STM32MP135F-DK, STM32MP135FAE7, STM32MP135FAF7, STM32MP135FAF7T, STM32MP135FAF7U, STM32MP135FAG7, STM32MP251AAI3, STM32MP251AAK3, STM32MP251AAL3, STM32MP251CAI3, STM32MP251CAK3, STM32MP251CAL3, STM32MP251DAI3, STM32MP251DAK3, STM32MP251DAL3, STM32MP251FAI3, STM32MP251FAK3, STM32MP251FAL3, STM32MP253AAI3, STM32MP253AAK3, STM32MP253AAL3, STM32MP253CAI3, STM32MP253CAK3, STM32MP253CAL3, STM32MP253DAI3, STM32MP253DAK3, STM32MP253DAL3, STM32MP253FAI3, STM32MP253FAK3, STM32MP253FAL3, STM32MP255AAI3, STM32MP255AAK3, STM32MP255AAL3, STM32MP255CAI3, STM32MP255CAK3, STM32MP255CAL3, STM32MP255DAI3, STM32MP255DAK3, STM32MP255DAL3, STM32MP255FAI3, STM32MP255FAK3, STM32MP255FAL3, STM32MP257AAI3, STM32MP257AAK3, STM32MP257AAL3, STM32MP257CAI3, STM32MP257CAK3, STM32MP257CAL3, STM32MP257DAI3, STM32MP257DAK3, STM32MP257DAL3, STM32MP257F-DK, STM32MP257F-EV1, STM32MP257FAI3, STM32MP257FAK3, STM32MP257FAL3, STM32U031C6T6, STM32U031C6U6, STM32U031C8T6, STM32U031C8U6, STM32U031F4P6, STM32U031F6P6, STM32U031F8P6, STM32U031G6Y6TR, STM32U031G8Y6TR, STM32U031K4U6, STM32U031K6U6, STM32U031K8U6, STM32U031R6I6, STM32U031R6T6, STM32U031R8I6, STM32U031R8T6, STM32U073C8T6, STM32U073C8U6, STM32U073CBT6, STM32U073CBU6, STM32U073CCT6, STM32U073CCU6, STM32U073H8Y6TR, STM32U073HBY6TR, STM32U073HCY6TR, STM32U073K8U6, STM32U073KBU6, STM32U073KCU6, STM32U073M8I6, STM32U073M8T6, STM32U073MBI6, STM32U073MBT6, STM32U073MCI6, STM32U073MCT6, STM32U073R8I6, STM32U073R8T6, STM32U073RBI6, STM32U073RBT6, STM32U073RCI6, STM32U073RCT6, STM32U083C-DK, STM32U083CCT6, STM32U083CCU6, STM32U083HCY6TR, STM32U083KCU6, STM32U083MCI6, STM32U083MCT6, STM32U083RCI6, STM32U083RCT6, STM32U535CBT6, STM32U535CBT6Q, STM32U535CBU6, STM32U535CBU6Q, STM32U535CCT6, STM32U535CCT6Q, STM32U535CCU6, STM32U535CCU6Q, STM32U535CET6, STM32U535CET6Q, STM32U535CEU6, STM32U535CEU6Q, STM32U535JEY6QTR, STM32U535NCY6QTR, STM32U535NEY6QTR, STM32U535RBI6, STM32U535RBI6Q, STM32U535RBT6, STM32U535RBT6Q, STM32U535RCI6, STM32U535RCI6Q, STM32U535RCT6, STM32U535RCT6Q, STM32U535REI6, STM32U535REI6Q, STM32U535RET6, STM32U535RET6Q, STM32U535VCI6, STM32U535VCI6Q, STM32U535VCT6, STM32U535VCT6Q, STM32U535VEI6, STM32U535VEI6Q, STM32U535VET6, STM32U535VET6Q, STM32U545CET6, STM32U545CET6Q, STM32U545CEU6, STM32U545CEU6Q, STM32U545JEY6QTR, STM32U545NEY6QTR, STM32U545REI6, STM32U545REI6Q, STM32U545RET6, STM32U545RET6Q, STM32U545VEI6, STM32U545VEI6Q, STM32U545VET6, STM32U545VET6Q, STM32U595AIH6, STM32U595AIH6Q, STM32U595AJH6, STM32U595AJH6Q, STM32U595QII6, STM32U595QII6Q, STM32U595QJI6, STM32U595QJI6Q, STM32U595RIT6, STM32U595RIT6Q, STM32U595RJT6, STM32U595RJT6Q, STM32U595VIT6, STM32U595VIT6Q, STM32U595VJT6, STM32U595VJT6Q, STM32U595ZIT6, STM32U595ZIT6Q, STM32U595ZIY6QTR, STM32U595ZJT6, STM32U595ZJT6Q, STM32U595ZJY6QTR, STM32U599BJY6QTR, STM32U599NIH6Q, STM32U599NJH6Q, STM32U599VIT6Q, STM32U599VJT6, STM32U599VJT6Q, STM32U599ZIT6Q, STM32U599ZIY6QTR, STM32U599ZJT6Q, STM32U599ZJY6QTR, STM32U5A5AJH6, STM32U5A5AJH6Q, STM32U5A5QII3Q , STM32U5A5QJI6, STM32U5A5QJI6Q, STM32U5A5RJT6, STM32U5A5RJT6Q, STM32U5A5VJT6, STM32U5A5VJT6Q, STM32U5A5ZJT6, STM32U5A5ZJT6Q, STM32U5A5ZJY6QTR, STM32U5A9BJY6QTR, STM32U5A9J-DK, STM32U5A9NJH6Q, STM32U5A9VJT6Q, STM32U5A9ZJT6Q, STM32U5A9ZJY6QTR, STM32U5F7VIT6, STM32U5F7VIT6Q, STM32U5F7VJT6, STM32U5F7VJT6Q, STM32U5F9BJY6QTR, STM32U5F9NJH6Q, STM32U5F9VIT6Q, STM32U5F9VJT6Q, STM32U5F9ZIJ6QTR, STM32U5F9ZIT6Q, STM32U5F9ZJJ6QTR, STM32U5F9ZJT6Q, STM32U5G7VJT6, STM32U5G7VJT6Q, STM32U5G9BJY6QTR, STM32U5G9J-DK1, STM32U5G9J-DK2, STM32U5G9NJH6Q, STM32U5G9VJT6Q, STM32U5G9ZJJ6QTR, STM32U5G9ZJT6Q, STM32WB05KZV6TR, STM32WB05KZV7TR, STM32WB05TZF6TR, STM32WB05TZF7TR, STM32WB06CCF6TR, STM32WB06CCF7TR, STM32WB06CCV6TR, STM32WB06CCV7TR, STM32WB06KCV6TR, STM32WB06KCV7TR, STM32WB07CCF6TR, STM32WB07CCF7TR, STM32WB07CCV6TR, STM32WB07CCV7TR, STM32WB07KCV6TR, STM32WB07KCV7TR, STM32WB09KEV6TR, STM32WB09KEV7TR, STM32WB09TEF6TR, STM32WB09TEF7TR, STM32WB1MMCH6, STM32WBA50KGU6, STM32WBA50KGU6TR, STM32WBA52CEU6, STM32WBA52CEU6TR, STM32WBA52CEU7, STM32WBA52CEU7TR, STM32WBA52CGU6, STM32WBA52CGU6TR, STM32WBA52CGU6U, STM32WBA52CGU7, STM32WBA52CGU7TR, STM32WBA52KEU6, STM32WBA52KEU6TR, STM32WBA52KGU6, STM32WBA52KGU6TR, STM32WBA54CEU6, STM32WBA54CEU6TR, STM32WBA54CEU7, STM32WBA54CEU7TR, STM32WBA54CGU6, STM32WBA54CGU6TR, STM32WBA54CGU7, STM32WBA54CGU7TR, STM32WBA54KEU6, STM32WBA54KEU6TR, STM32WBA54KEU7, STM32WBA54KEU7TR, STM32WBA54KGU6, STM32WBA54KGU6TR, STM32WBA54KGU7, STM32WBA54KGU7TR, STM32WBA55CEU6, STM32WBA55CEU6TR, STM32WBA55CEU7, STM32WBA55CEU7TR, STM32WBA55CGU6, STM32WBA55CGU6TR, STM32WBA55CGU6U, STM32WBA55CGU7, STM32WBA55CGU7TR, STM32WBA55G-DK1, STM32WBA55HEF6, STM32WBA55HEF7, STM32WBA55HGF6, STM32WBA55HGF7, STM32WBA55UEI6, STM32WBA55UEI6TR, STM32WBA55UEI7, STM32WBA55UEI7TR, STM32WBA55UGI6, STM32WBA55UGI6TR, STM32WBA55UGI7, STM32WBA55UGI7TR, STM32WL5MOCH6, STM32WL5MOCH6TR]
2024-10-26 12:53:33,901 [INFO] BoardInfo:889 - No configuration file found for board P-NUCLEO-WB55
2024-10-26 12:53:33,901 [INFO] DbBoards:161 - Kit is not supported: P-NUCLEO-WB55
2024-10-26 12:53:33,905 [INFO] BoardInfo:889 - No configuration file found for board STEVAL-BFA001V1B
2024-10-26 12:53:33,906 [INFO] DbBoards:161 - Kit is not supported: STEVAL-BFA001V1B
2024-10-26 12:53:33,906 [INFO] BoardInfo:889 - No configuration file found for board STEVAL-BFA001V2B
2024-10-26 12:53:33,907 [INFO] DbBoards:161 - Kit is not supported: STEVAL-BFA001V2B
2024-10-26 12:53:34,027 [INFO] DbBoards:168 - Found 201 boards, 198 are supported
2024-10-26 12:53:34,027 [INFO] DbBoards:169 - Found 201 boards, 25 of them is supported for  Bsp
2024-10-26 12:53:34,030 [INFO] ApiDb:668 - CubeFinder database Data Model version=2.1
2024-10-26 12:53:34,030 [INFO] ApiDb:669 - CubeFinder database Configuration version=3.0.39
2024-10-26 12:53:34,030 [INFO] ApiDb:670 - CubeFinder database generation date=2024-09-16 (1726485674)
2024-10-26 12:53:34,030 [INFO] ApiDb:671 - CubeFinder database FW Pack versions=[FP-ATR-ASTRA1_V2.0.0, FP-SNS-FLIGHT1_V5.0.2, FP-SNS-MOTENV1_V5.0.0, FP-SNS-MOTENVWB1_V1.4.0, FP-SNS-SMARTAG2_V1.2.0, FP-SNS-STBOX1_V2.0.0, STM32Cube_FW_C0_V1.2.0, STM32Cube_FW_F4_V1.28.1, STM32Cube_FW_F7_V1.17.2, STM32Cube_FW_G0_V1.6.2, STM32Cube_FW_G4_V1.6.0, STM32Cube_FW_H5_V1.3.0, STM32Cube_FW_H7RS_V1.1.0, STM32Cube_FW_H7_V1.11.2, STM32Cube_FW_L0_V1.12.2, STM32Cube_FW_L5_V1.5.1, STM32Cube_FW_U0_V1.1.0, STM32Cube_FW_U5_V1.6.0, STM32Cube_FW_WB0_V1.0.0, STM32Cube_FW_WBA_V1.4.1, STM32Cube_FW_WB_V1.20.0, STM32Cube_FW_WL_V1.3.0, X-CUBE-ALGOBUILD_V1.4.0, X-CUBE-ALS_V1.0.2, X-CUBE-AZRTOS-F4_V1.1.0, X-CUBE-AZRTOS-F7_V1.1.0, X-CUBE-AZRTOS-G0_V1.1.0, X-CUBE-AZRTOS-G4_V2.0.0, X-CUBE-AZRTOS-H7RS_V1.0.0, X-CUBE-AZRTOS-H7_V3.2.0, X-CUBE-AZRTOS-L4_V2.0.0, X-CUBE-AZRTOS-L5_V2.0.0, X-CUBE-AZRTOS-WB_V2.0.0, X-CUBE-AZRTOS-WL_V2.0.0, X-CUBE-BLE1_V7.0.0, X-CUBE-BLE2_V3.3.0, X-CUBE-BLEMGR_V3.1.0, X-CUBE-EEPRMA1_V5.1.0, X-CUBE-FREERTOS_V1.2.0, X-CUBE-GNSS1_V6.0.0, X-CUBE-MEMS1_V11.0.0, X-CUBE-NFC4_V3.0.0, X-CUBE-NFC7_V1.0.1, X-CUBE-SFXS2LP1_V4.0.0, X-CUBE-SUBG2_V5.0.0, X-CUBE-TOF1_V3.4.2]
2024-10-26 12:53:35,436 [INFO] ApiDb:240 - Found 646 in-development CPN: [B-G473E-ZEST1S, B-WB1M-WPAN1, B-WL5M-SUBG1, NUCLEO-C031C6, NUCLEO-C071RB, NUCLEO-H503RB, NUCLEO-H533RE, NUCLEO-H563ZI, NUCLEO-H7S3L8, NUCLEO-U031R8, NUCLEO-U083RC, NUCLEO-U545RE-Q, NUCLEO-U5A5ZJ-Q, NUCLEO-WB05KZ, NUCLEO-WB07CC, NUCLEO-WB09KE, NUCLEO-WBA52CG, NUCLEO-WBA55CG, STEVAL-PROTEUS1, STEVAL-SMARTAG2, STEVAL-STWINBX1, STM320518-EVAL, STM32C0116-DK, STM32C011D6Y3TR, STM32C011D6Y6TR, STM32C011F4P3, STM32C011F4P6, STM32C011F4U3, STM32C011F4U6TR, STM32C011F6P3, STM32C011F6P6, STM32C011F6U3, STM32C011F6U6TR, STM32C011J4M3, STM32C011J4M6, STM32C011J6M3, STM32C011J6M6, STM32C0316-DK, STM32C031C4T3, STM32C031C4T6, STM32C031C4U3, STM32C031C4U6, STM32C031C6T3, STM32C031C6T6, STM32C031C6U3, STM32C031C6U6, STM32C031F4P3, STM32C031F4P6, STM32C031F6P3, STM32C031F6P6, STM32C031G4U3, STM32C031G4U6, STM32C031G6U3, STM32C031G6U6, STM32C031K4T3, STM32C031K4T6, STM32C031K4U3, STM32C031K4U6, STM32C031K6T3, STM32C031K6T6, STM32C031K6U3, STM32C031K6U6, STM32C071C8T6, STM32C071C8T6N, STM32C071C8U6, STM32C071C8U6N, STM32C071CBT6, STM32C071CBT6N, STM32C071CBU6, STM32C071CBU6N, STM32C071F8P6, STM32C071F8P6N, STM32C071FBP6, STM32C071FBP6N, STM32C071FBY6TR, STM32C071G8U6, STM32C071G8U6N, STM32C071GBU6, STM32C071GBU6N, STM32C071K8T6, STM32C071K8T6N, STM32C071K8U6, STM32C071K8U6N, STM32C071KBT6, STM32C071KBT6N, STM32C071KBU6, STM32C071KBU6N, STM32C071R8T6, STM32C071R8T6N, STM32C071RBI6N, STM32C071RBT6, STM32C071RBT6N, STM32G071K8TXN, STM32G071K8UXN, STM32G081GBU6N, STM32G081KBT6N, STM32G081KBUXN, STM32G0B1CCT6N, STM32G0B1KCT6, STM32G0B1NEY6TR, STM32G0B1RCT6N, STM32G0C1CCT6, STM32G0C1CCT6N, STM32G0C1CCU6N, STM32G0C1CET6N, STM32G0C1CEU6N, STM32G0C1KCT6, STM32G0C1NEY6TR, STM32G0C1RCI6N, STM32G0C1RCT6N, STM32G0C1REI6N, STM32G0C1RET6N, STM32G0C1VCI6, STM32G0C1VEI6, STM32G411C6T3, STM32G411C6T6, STM32G411C6U3, STM32G411C6U6, STM32G411C8T3, STM32G411C8T6, STM32G411C8U3, STM32G411C8U6, STM32G411CBT3, STM32G411CBT6, STM32G411CBU3, STM32G411CBU6, STM32G411K6T3, STM32G411K6T6, STM32G411K6U3, STM32G411K6U6, STM32G411K8T3, STM32G411K8T6, STM32G411K8U3, STM32G411K8U6, STM32G411KBT3, STM32G411KBT6, STM32G411KBU3, STM32G411KBU6, STM32G411M6T3, STM32G411M6T6, STM32G411M8T3, STM32G411M8T6, STM32G411MBT3, STM32G411MBT6, STM32G411R6T3, STM32G411R6T6, STM32G411R8T3, STM32G411R8T6, STM32G411RBT3, STM32G411RBT6, STM32G414CBT3, STM32G414CBT6, STM32G414CBU3, STM32G414CBU6, STM32G414CCT3, STM32G414CCT6, STM32G414CCU3, STM32G414CCU6, STM32G414MBT3, STM32G414MBT6, STM32G414MCT3, STM32G414MCT6, STM32G414RBT3, STM32G414RBT6, STM32G414RCT3, STM32G414RCT6, STM32G414VBT3, STM32G414VBT6, STM32G414VCT3, STM32G414VCT6, STM32G431CBT3Z, STM32G431RBT3Z, STM32G471CCT6, STM32G471CCU6, STM32G471CET3, STM32G471CET6, STM32G471CEU3, STM32G471CEU6, STM32G471MCT6, STM32G471MET3, STM32G471MET6, STM32G471MEY6TR, STM32G471QCT6, STM32G471QET3, STM32G471RCT6, STM32G471RET3, STM32G471RET6, STM32G471VCH6, STM32G471VCI6, STM32G471VCT6, STM32G471VEH3, STM32G471VEH6, STM32G471VEI3, STM32G471VEI6, STM32G471VET3, STM32G471VET6, STM32G473QET3Z, STM32G473RET3Z, STM32G474CCT6, STM32G491RET3Z, STM32H503CBT6, STM32H503CBU6, STM32H503EBY6TR, STM32H503KBU6, STM32H503RBT6, STM32H523CCT6, STM32H523CCU6, STM32H523CET6, STM32H523CEU6, STM32H523HEY6TR, STM32H523RCT6, STM32H523RET6, STM32H523VCI6, STM32H523VCT6, STM32H523VEI6, STM32H523VET6, STM32H523ZCJ6, STM32H523ZCT6, STM32H523ZEJ6, STM32H523ZET6, STM32H533CET6, STM32H533CEU6, STM32H533HEY6TR, STM32H533RET6, STM32H533VEI6, STM32H533VET6, STM32H533ZEJ6, STM32H533ZET6, STM32H562AGI6, STM32H562AII6, STM32H562IGK6, STM32H562IGT6, STM32H562IIK6, STM32H562IIT6, STM32H562RGT6, STM32H562RGV6, STM32H562RIT6, STM32H562RIV6, STM32H562VGT6, STM32H562VIT6, STM32H562ZGT6, STM32H562ZIT6, STM32H563AGI6, STM32H563AII3Q, STM32H563AII6, STM32H563IGK6, STM32H563IGT6, STM32H563IIK3Q, STM32H563IIK6, STM32H563IIT3Q, STM32H563IIT6, STM32H563MIY3QTR, STM32H563RGT6, STM32H563RGV6, STM32H563RIT6, STM32H563RIV6, STM32H563VGT6, STM32H563VIT3Q, STM32H563VIT6, STM32H563ZGT6, STM32H563ZIT3Q, STM32H563ZIT6, STM32H573AII3Q, STM32H573AII6, STM32H573I-DK, STM32H573IIK3Q, STM32H573IIK6, STM32H573IIT3Q, STM32H573IIT6, STM32H573MIY3QTR, STM32H573RIT6, STM32H573RIV6, STM32H573VIT3Q, STM32H573VIT6, STM32H573ZIT3Q, STM32H573ZIT6, STM32H7R3A8I6, STM32H7R3I8K6, STM32H7R3I8T6, STM32H7R3L8H6, STM32H7R3L8H6H, STM32H7R3R8V6, STM32H7R3V8H6, STM32H7R3V8T6, STM32H7R3V8Y6TR, STM32H7R3Z8J6, STM32H7R3Z8T6, STM32H7R7A8I6, STM32H7R7I8K6, STM32H7R7I8T6, STM32H7R7L8H6, STM32H7R7L8H6H, STM32H7R7Z8J6, STM32H7S3A8I6, STM32H7S3I8K6, STM32H7S3I8T6, STM32H7S3L8H6, STM32H7S3L8H6H, STM32H7S3R8V6, STM32H7S3V8H6, STM32H7S3V8T6, STM32H7S3V8Y6TR, STM32H7S3Z8J6, STM32H7S3Z8T6, STM32H7S78-DK, STM32H7S7A8I6, STM32H7S7I8K6, STM32H7S7I8T6, STM32H7S7L8H6, STM32H7S7L8H6H, STM32H7S7Z8J6, STM32L4R5QGI6STR, STM32MP131AAE3, STM32MP131AAF3, STM32MP131AAG3, STM32MP131CAE3, STM32MP131CAF3, STM32MP131CAG3, STM32MP131DAE7, STM32MP131DAF7, STM32MP131DAG7, STM32MP131FAE7, STM32MP131FAF7, STM32MP131FAG7, STM32MP133AAE3, STM32MP133AAF3, STM32MP133AAG3, STM32MP133CAE3, STM32MP133CAF3, STM32MP133CAG3, STM32MP133DAE7, STM32MP133DAF7, STM32MP133DAG7, STM32MP133FAE7, STM32MP133FAF7, STM32MP133FAG7, STM32MP135AAE3, STM32MP135AAF3, STM32MP135AAG3, STM32MP135CAE3, STM32MP135CAF3, STM32MP135CAG3, STM32MP135DAE7, STM32MP135DAF7, STM32MP135DAG7, STM32MP135F-DK, STM32MP135FAE7, STM32MP135FAF7, STM32MP135FAF7T, STM32MP135FAF7U, STM32MP135FAG7, STM32MP251AAI3, STM32MP251AAK3, STM32MP251AAL3, STM32MP251CAI3, STM32MP251CAK3, STM32MP251CAL3, STM32MP251DAI3, STM32MP251DAK3, STM32MP251DAL3, STM32MP251FAI3, STM32MP251FAK3, STM32MP251FAL3, STM32MP253AAI3, STM32MP253AAK3, STM32MP253AAL3, STM32MP253CAI3, STM32MP253CAK3, STM32MP253CAL3, STM32MP253DAI3, STM32MP253DAK3, STM32MP253DAL3, STM32MP253FAI3, STM32MP253FAK3, STM32MP253FAL3, STM32MP255AAI3, STM32MP255AAK3, STM32MP255AAL3, STM32MP255CAI3, STM32MP255CAK3, STM32MP255CAL3, STM32MP255DAI3, STM32MP255DAK3, STM32MP255DAL3, STM32MP255FAI3, STM32MP255FAK3, STM32MP255FAL3, STM32MP257AAI3, STM32MP257AAK3, STM32MP257AAL3, STM32MP257CAI3, STM32MP257CAK3, STM32MP257CAL3, STM32MP257DAI3, STM32MP257DAK3, STM32MP257DAL3, STM32MP257F-DK, STM32MP257F-EV1, STM32MP257FAI3, STM32MP257FAK3, STM32MP257FAL3, STM32U031C6T6, STM32U031C6U6, STM32U031C8T6, STM32U031C8U6, STM32U031F4P6, STM32U031F6P6, STM32U031F8P6, STM32U031G6Y6TR, STM32U031G8Y6TR, STM32U031K4U6, STM32U031K6U6, STM32U031K8U6, STM32U031R6I6, STM32U031R6T6, STM32U031R8I6, STM32U031R8T6, STM32U073C8T6, STM32U073C8U6, STM32U073CBT6, STM32U073CBU6, STM32U073CCT6, STM32U073CCU6, STM32U073H8Y6TR, STM32U073HBY6TR, STM32U073HCY6TR, STM32U073K8U6, STM32U073KBU6, STM32U073KCU6, STM32U073M8I6, STM32U073M8T6, STM32U073MBI6, STM32U073MBT6, STM32U073MCI6, STM32U073MCT6, STM32U073R8I6, STM32U073R8T6, STM32U073RBI6, STM32U073RBT6, STM32U073RCI6, STM32U073RCT6, STM32U083C-DK, STM32U083CCT6, STM32U083CCU6, STM32U083HCY6TR, STM32U083KCU6, STM32U083MCI6, STM32U083MCT6, STM32U083RCI6, STM32U083RCT6, STM32U535CBT6, STM32U535CBT6Q, STM32U535CBU6, STM32U535CBU6Q, STM32U535CCT6, STM32U535CCT6Q, STM32U535CCU6, STM32U535CCU6Q, STM32U535CET6, STM32U535CET6Q, STM32U535CEU6, STM32U535CEU6Q, STM32U535JEY6QTR, STM32U535NCY6QTR, STM32U535NEY6QTR, STM32U535RBI6, STM32U535RBI6Q, STM32U535RBT6, STM32U535RBT6Q, STM32U535RCI6, STM32U535RCI6Q, STM32U535RCT6, STM32U535RCT6Q, STM32U535REI6, STM32U535REI6Q, STM32U535RET6, STM32U535RET6Q, STM32U535VCI6, STM32U535VCI6Q, STM32U535VCT6, STM32U535VCT6Q, STM32U535VEI6, STM32U535VEI6Q, STM32U535VET6, STM32U535VET6Q, STM32U545CET6, STM32U545CET6Q, STM32U545CEU6, STM32U545CEU6Q, STM32U545JEY6QTR, STM32U545NEY6QTR, STM32U545REI6, STM32U545REI6Q, STM32U545RET6, STM32U545RET6Q, STM32U545VEI6, STM32U545VEI6Q, STM32U545VET6, STM32U545VET6Q, STM32U595AIH6, STM32U595AIH6Q, STM32U595AJH6, STM32U595AJH6Q, STM32U595QII6, STM32U595QII6Q, STM32U595QJI6, STM32U595QJI6Q, STM32U595RIT6, STM32U595RIT6Q, STM32U595RJT6, STM32U595RJT6Q, STM32U595VIT6, STM32U595VIT6Q, STM32U595VJT6, STM32U595VJT6Q, STM32U595ZIT6, STM32U595ZIT6Q, STM32U595ZIY6QTR, STM32U595ZJT6, STM32U595ZJT6Q, STM32U595ZJY6QTR, STM32U599BJY6QTR, STM32U599NIH6Q, STM32U599NJH6Q, STM32U599VIT6Q, STM32U599VJT6, STM32U599VJT6Q, STM32U599ZIT6Q, STM32U599ZIY6QTR, STM32U599ZJT6Q, STM32U599ZJY6QTR, STM32U5A5AJH6, STM32U5A5AJH6Q, STM32U5A5QII3Q , STM32U5A5QJI6, STM32U5A5QJI6Q, STM32U5A5RJT6, STM32U5A5RJT6Q, STM32U5A5VJT6, STM32U5A5VJT6Q, STM32U5A5ZJT6, STM32U5A5ZJT6Q, STM32U5A5ZJY6QTR, STM32U5A9BJY6QTR, STM32U5A9J-DK, STM32U5A9NJH6Q, STM32U5A9VJT6Q, STM32U5A9ZJT6Q, STM32U5A9ZJY6QTR, STM32U5F7VIT6, STM32U5F7VIT6Q, STM32U5F7VJT6, STM32U5F7VJT6Q, STM32U5F9BJY6QTR, STM32U5F9NJH6Q, STM32U5F9VIT6Q, STM32U5F9VJT6Q, STM32U5F9ZIJ6QTR, STM32U5F9ZIT6Q, STM32U5F9ZJJ6QTR, STM32U5F9ZJT6Q, STM32U5G7VJT6, STM32U5G7VJT6Q, STM32U5G9BJY6QTR, STM32U5G9J-DK1, STM32U5G9J-DK2, STM32U5G9NJH6Q, STM32U5G9VJT6Q, STM32U5G9ZJJ6QTR, STM32U5G9ZJT6Q, STM32WB05KZV6TR, STM32WB05KZV7TR, STM32WB05TZF6TR, STM32WB05TZF7TR, STM32WB06CCF6TR, STM32WB06CCF7TR, STM32WB06CCV6TR, STM32WB06CCV7TR, STM32WB06KCV6TR, STM32WB06KCV7TR, STM32WB07CCF6TR, STM32WB07CCF7TR, STM32WB07CCV6TR, STM32WB07CCV7TR, STM32WB07KCV6TR, STM32WB07KCV7TR, STM32WB09KEV6TR, STM32WB09KEV7TR, STM32WB09TEF6TR, STM32WB09TEF7TR, STM32WB1MMCH6, STM32WBA50KGU6, STM32WBA50KGU6TR, STM32WBA52CEU6, STM32WBA52CEU6TR, STM32WBA52CEU7, STM32WBA52CEU7TR, STM32WBA52CGU6, STM32WBA52CGU6TR, STM32WBA52CGU6U, STM32WBA52CGU7, STM32WBA52CGU7TR, STM32WBA52KEU6, STM32WBA52KEU6TR, STM32WBA52KGU6, STM32WBA52KGU6TR, STM32WBA54CEU6, STM32WBA54CEU6TR, STM32WBA54CEU7, STM32WBA54CEU7TR, STM32WBA54CGU6, STM32WBA54CGU6TR, STM32WBA54CGU7, STM32WBA54CGU7TR, STM32WBA54KEU6, STM32WBA54KEU6TR, STM32WBA54KEU7, STM32WBA54KEU7TR, STM32WBA54KGU6, STM32WBA54KGU6TR, STM32WBA54KGU7, STM32WBA54KGU7TR, STM32WBA55CEU6, STM32WBA55CEU6TR, STM32WBA55CEU7, STM32WBA55CEU7TR, STM32WBA55CGU6, STM32WBA55CGU6TR, STM32WBA55CGU6U, STM32WBA55CGU7, STM32WBA55CGU7TR, STM32WBA55G-DK1, STM32WBA55HEF6, STM32WBA55HEF7, STM32WBA55HGF6, STM32WBA55HGF7, STM32WBA55UEI6, STM32WBA55UEI6TR, STM32WBA55UEI7, STM32WBA55UEI7TR, STM32WBA55UGI6, STM32WBA55UGI6TR, STM32WBA55UGI7, STM32WBA55UGI7TR, STM32WL5MOCH6, STM32WL5MOCH6TR]
2024-10-26 12:53:35,441 [INFO] DbMcus:218 - Found 4252 MCUs, 4252 are supported
2024-10-26 12:53:35,442 [INFO] ApiDb:423 - Load user favorites file C:\Users\chant/.stm32cubeide/favorites.mcus.txt: 0 item(s)
2024-10-26 12:53:35,443 [INFO] ApiDb:427 - User favorites MCUs=[]
2024-10-26 12:53:35,443 [INFO] DbMcus:224 - Set 0 / 0 favorites MCUs
2024-10-26 12:53:35,720 [INFO] ApiDb:414 - User favorites file not found: C:\Users\chant/.stm32cubeide/favorites.boards.txt
2024-10-26 12:53:35,721 [INFO] DbBoards:198 - Set 0 / 0 favorites Boards
2024-10-26 12:53:35,796 [INFO] UtilMem:75 - End LoadConfig() Used Memory: 739804264 Bytes (1073741824)
2024-10-26 12:53:35,940 [WARN] ThirdParty:833 - waiting for thirdparty lock release [change project]
2024-10-26 12:53:35,940 [INFO] ThirdParty:835 - entering critical section [change project]
2024-10-26 12:53:35,940 [INFO] ThirdParty:1030 - CMSIS Pack Vendor :STMicroelectronics X-CUBE-ISPU 1.1.0
2024-10-26 12:53:35,940 [INFO] ThirdParty:1030 - CMSIS Pack Vendor :STMicroelectronics USBPD 4.1
2024-10-26 12:53:35,940 [INFO] ThirdParty:1030 - CMSIS Pack Vendor :RoweBots I-CUBE-UNISONRTOS 5.5.0-4
2024-10-26 12:53:35,940 [INFO] ThirdParty:1030 - CMSIS Pack Vendor :STMicroelectronics X-CUBE-GNSS1 6.0.0
2024-10-26 12:53:35,941 [INFO] ThirdParty:1030 - CMSIS Pack Vendor :STMicroelectronics USB_HOST 2.0.0
2024-10-26 12:53:35,941 [INFO] ThirdParty:1030 - CMSIS Pack Vendor :STMicroelectronics X-CUBE-AZRTOS-F4 1.1.0
2024-10-26 12:53:35,941 [INFO] ThirdParty:1030 - CMSIS Pack Vendor :STMicroelectronics LIBJPEG 8.0.0
2024-10-26 12:53:35,941 [INFO] ThirdParty:1030 - CMSIS Pack Vendor :wolfSSL I-CUBE-wolfSSL 5.6.0
2024-10-26 12:53:35,941 [INFO] ThirdParty:1030 - CMSIS Pack Vendor :STMicroelectronics USB_DEVICE 3.0.0
2024-10-26 12:53:35,941 [INFO] ThirdParty:1030 - CMSIS Pack Vendor :STMicroelectronics X-CUBE-AI 8.0.0
2024-10-26 12:53:35,941 [INFO] ThirdParty:1030 - CMSIS Pack Vendor :STMicroelectronics X-CUBE-FREERTOS 1.0.0
2024-10-26 12:53:35,941 [INFO] ThirdParty:1030 - CMSIS Pack Vendor :STMicroelectronics X-CUBE-TOUCHGFX 4.21.3
2024-10-26 12:53:35,941 [INFO] ThirdParty:1030 - CMSIS Pack Vendor :STMicroelectronics X-CUBE-AZRTOS-F7 1.1.0
2024-10-26 12:53:35,941 [INFO] ThirdParty:1030 - CMSIS Pack Vendor :STMicroelectronics USB_DEVICE 2.0.0
2024-10-26 12:53:35,941 [INFO] ThirdParty:1030 - CMSIS Pack Vendor :STMicroelectronics X-CUBE-ALGOBUILD 1.3.0
2024-10-26 12:53:35,941 [INFO] ThirdParty:1030 - CMSIS Pack Vendor :STMicroelectronics X-CUBE-BLE1 6.2.4
2024-10-26 12:53:35,941 [INFO] ThirdParty:1030 - CMSIS Pack Vendor :STMicroelectronics X-CUBE-AZRTOS-L5 1.1.0
2024-10-26 12:53:35,941 [INFO] ThirdParty:1030 - CMSIS Pack Vendor :STMicroelectronics FreeRTOS 0.0.1
2024-10-26 12:53:35,941 [INFO] ThirdParty:1030 - CMSIS Pack Vendor :emotas I-CUBE-CANOPEN 1.1.3
2024-10-26 12:53:35,941 [INFO] ThirdParty:1030 - CMSIS Pack Vendor :STMicroelectronics X-CUBE-AZRTOS-G0 1.1.0
2024-10-26 12:53:35,941 [INFO] ThirdParty:1030 - CMSIS Pack Vendor :STMicroelectronics X-CUBE-BLEMGR 2.0.0
2024-10-26 12:53:35,941 [INFO] ThirdParty:1030 - CMSIS Pack Vendor :STMicroelectronics X-CUBE-SUBG2 5.0.0
2024-10-26 12:53:35,941 [INFO] ThirdParty:1030 - CMSIS Pack Vendor :STMicroelectronics X-CUBE-NFC4 3.0.0
2024-10-26 12:53:35,941 [INFO] ThirdParty:1030 - CMSIS Pack Vendor :STMicroelectronics STM32_WPAN 1.0.0
2024-10-26 12:53:35,942 [INFO] ThirdParty:1030 - CMSIS Pack Vendor :STMicroelectronics lwIP 2.0.3
2024-10-26 12:53:35,942 [INFO] ThirdParty:1030 - CMSIS Pack Vendor :STMicroelectronics USB_HOST 1.0.0
2024-10-26 12:53:35,942 [INFO] ThirdParty:1030 - CMSIS Pack Vendor :STMicroelectronics PDM2PCM 3.1.0
2024-10-26 12:53:35,942 [INFO] ThirdParty:1030 - CMSIS Pack Vendor :STMicroelectronics X-CUBE-TOF1 3.3.0
2024-10-26 12:53:35,942 [INFO] ThirdParty:1030 - CMSIS Pack Vendor :STMicroelectronics FP-ATR-ASTRA1 1.1.1
2024-10-26 12:53:35,942 [INFO] ThirdParty:1030 - CMSIS Pack Vendor :STMicroelectronics PDM2PCM 3.3.0
2024-10-26 12:53:35,942 [INFO] ThirdParty:1030 - CMSIS Pack Vendor :STMicroelectronics X-CUBE-DISPLAY 3.0.0
2024-10-26 12:53:35,942 [INFO] ThirdParty:1030 - CMSIS Pack Vendor :STMicroelectronics X-CUBE-AZRTOS-G4 1.0.0
2024-10-26 12:53:35,942 [INFO] ThirdParty:1030 - CMSIS Pack Vendor :STMicroelectronics FP-ATR-SIGFOX1 3.2.0
2024-10-26 12:53:35,942 [INFO] ThirdParty:1030 - CMSIS Pack Vendor :STMicroelectronics X-CUBE-AZRTOS-L4 1.0.0
2024-10-26 12:53:35,942 [INFO] ThirdParty:1030 - CMSIS Pack Vendor :STMicroelectronics HAL Drivers 0.0.0
2024-10-26 12:53:35,943 [INFO] ThirdParty:1030 - CMSIS Pack Vendor :STMicroelectronics MBEDTLS 2.16.2
2024-10-26 12:53:35,943 [INFO] ThirdParty:1030 - CMSIS Pack Vendor :STMicroelectronics MBEDTLS 2.14.1
2024-10-26 12:53:35,943 [INFO] ThirdParty:1030 - CMSIS Pack Vendor :STMicroelectronics X-CUBE-NFC7 1.0.0
2024-10-26 12:53:35,943 [INFO] ThirdParty:1030 - CMSIS Pack Vendor :STMicroelectronics X-CUBE-AZRTOS-WL 1.0.0
2024-10-26 12:53:35,943 [INFO] ThirdParty:1030 - CMSIS Pack Vendor :STMicroelectronics X-CUBE-EEPRMA1 4.1.0
2024-10-26 12:53:35,943 [INFO] ThirdParty:1030 - CMSIS Pack Vendor :portGmbH I-Cube-SoM-uGOAL 1.1.0
2024-10-26 12:53:35,943 [INFO] ThirdParty:1030 - CMSIS Pack Vendor :STMicroelectronics X-CUBE-ALS 1.0.1
2024-10-26 12:53:35,943 [INFO] ThirdParty:1030 - CMSIS Pack Vendor :STMicroelectronics X-CUBE-MEMS1 9.5.0
2024-10-26 12:53:35,943 [INFO] ThirdParty:1030 - CMSIS Pack Vendor :STMicroelectronics ThreadX 1.0.0
2024-10-26 12:53:35,943 [INFO] ThirdParty:1030 - CMSIS Pack Vendor :STMicroelectronics X-CUBE-AZRTOS-WB 1.1.0
2024-10-26 12:53:35,943 [INFO] ThirdParty:1030 - CMSIS Pack Vendor :SEGGER I-CUBE-embOS 1.3.1
2024-10-26 12:53:35,943 [INFO] ThirdParty:1030 - CMSIS Pack Vendor :STMicroelectronics USB_DEVICE 1.0.0
2024-10-26 12:53:35,944 [INFO] ThirdParty:1030 - CMSIS Pack Vendor :STMicroelectronics ThreadX 0.0.2
2024-10-26 12:53:35,944 [INFO] ThirdParty:1030 - CMSIS Pack Vendor :WES I-CUBE-Cesium 1.3.0
2024-10-26 12:53:35,944 [INFO] ThirdParty:1030 - CMSIS Pack Vendor :STMicroelectronics lwIP 2.1.2
2024-10-26 12:53:35,944 [INFO] ThirdParty:1030 - CMSIS Pack Vendor :STMicroelectronics X-CUBE-SFXS2LP1 4.0.0
2024-10-26 12:53:35,944 [INFO] ThirdParty:1030 - CMSIS Pack Vendor :STMicroelectronics X-CUBE-BLE2 3.3.0
2024-10-26 12:53:35,944 [INFO] ThirdParty:1030 - CMSIS Pack Vendor :STMicroelectronics PDM2PCM 3.2.0
2024-10-26 12:53:35,944 [INFO] ThirdParty:1030 - CMSIS Pack Vendor :STMicroelectronics X-CUBE-AZRTOS-H7 3.0.0
2024-10-26 12:53:35,944 [INFO] ThirdParty:841 - exiting critical section [change project]
2024-10-26 12:53:36,215 [INFO] PinOutPanel:1561 - setPackage(No Configuration,No Configuration)
2024-10-26 12:53:36,216 [INFO] PinOutPanel:1561 - setPackage(STM32F103C8Tx,LQFP48)
2024-10-26 12:53:36,641 [INFO] UtilMem:75 - Before build in PCC Used Memory: 579125888 Bytes (1073741824)
2024-10-26 12:53:37,568 [INFO] UtilMem:75 - After build in PCC Used Memory: 663113032 Bytes (1073741824)
2024-10-26 12:53:37,592 [INFO] IPUIPlugin:80 - create IPUIPlugin
2024-10-26 12:53:37,592 [INFO] IPUIPlugin:80 - create IPUIPlugin
2024-10-26 12:53:37,592 [INFO] IPUIPlugin:80 - create IPUIPlugin
2024-10-26 12:53:37,592 [INFO] IPUIPlugin:80 - create IPUIPlugin
2024-10-26 12:53:37,592 [INFO] IPUIPlugin:80 - create IPUIPlugin
2024-10-26 12:53:37,592 [INFO] IPUIPlugin:80 - create IPUIPlugin
2024-10-26 12:53:37,592 [INFO] IPUIPlugin:80 - create IPUIPlugin
2024-10-26 12:53:37,592 [INFO] IPUIPlugin:80 - create IPUIPlugin
2024-10-26 12:53:37,592 [INFO] IPUIPlugin:80 - create IPUIPlugin
2024-10-26 12:53:37,593 [INFO] IPUIPlugin:80 - create IPUIPlugin
2024-10-26 12:53:37,593 [INFO] IPUIPlugin:80 - create IPUIPlugin
2024-10-26 12:53:37,593 [INFO] IPUIPlugin:80 - create IPUIPlugin
2024-10-26 12:53:37,593 [INFO] IPUIPlugin:80 - create IPUIPlugin
2024-10-26 12:53:37,594 [INFO] IPUIPlugin:80 - create IPUIPlugin
2024-10-26 12:53:37,594 [INFO] IPUIPlugin:80 - create IPUIPlugin
2024-10-26 12:53:37,594 [INFO] IPUIPlugin:80 - create IPUIPlugin
2024-10-26 12:53:37,594 [INFO] IPUIPlugin:80 - create IPUIPlugin
2024-10-26 12:53:37,594 [INFO] IPUIPlugin:80 - create IPUIPlugin
2024-10-26 12:53:37,595 [INFO] IPUIPlugin:80 - create IPUIPlugin
2024-10-26 12:53:37,595 [INFO] IPUIPlugin:80 - create IPUIPlugin
2024-10-26 12:53:37,595 [INFO] IPUIPlugin:80 - create IPUIPlugin
2024-10-26 12:53:37,595 [INFO] IPUIPlugin:80 - create IPUIPlugin
2024-10-26 12:53:37,595 [INFO] IPUIPlugin:80 - create IPUIPlugin
2024-10-26 12:53:37,596 [INFO] IPUIPlugin:80 - create IPUIPlugin
2024-10-26 12:53:37,596 [INFO] IPUIPlugin:80 - create IPUIPlugin
2024-10-26 12:53:37,596 [INFO] IPUIPlugin:80 - create IPUIPlugin
2024-10-26 12:53:37,596 [INFO] IPUIPlugin:80 - create IPUIPlugin
2024-10-26 12:53:37,776 [INFO] CADModel:165 - CPN selected for project levelSTM32F103C8T6
2024-10-26 12:53:37,776 [INFO] CADModel:114 - Register for checkConnection events
2024-10-26 12:53:37,830 [INFO] OpenFileManager:363 - Restore cursor
2024-10-26 13:04:42,052 [INFO] UtilMem:75 - End SaveConfig() Used Memory: 309198920 Bytes (639631360)
2024-10-26 13:04:53,413 [INFO] UtilMem:75 - End SaveConfig() Used Memory: 327546952 Bytes (639631360)
2024-10-26 13:05:09,404 [INFO] UtilMem:75 - End SaveConfig() Used Memory: 359004232 Bytes (639631360)
2024-10-26 13:05:09,821 [INFO] BlockDiagram:2766 - set Specific Code input for plugin: NVIC
2024-10-26 13:05:09,821 [INFO] BlockDiagram:2766 - set Specific Code input for plugin: SYS
2024-10-26 13:05:09,821 [INFO] BlockDiagram:2766 - set Specific Code input for plugin: GPIO
2024-10-26 13:05:09,821 [INFO] BlockDiagram:2766 - set Specific Code input for plugin: RCC
2024-10-26 13:05:09,822 [INFO] CodeGenerator:807 - code generatio: config db path: C:\ST\STM32CubeIDE_1.16.1\STM32CubeIDE\plugins\com.st.stm32cube.common.mx_6.12.1.202409122256\\db\
2024-10-26 13:05:09,955 [INFO] CodeEngine:255 - oldGeneratedFile, C:\airspeed-can-transition\firmware\MS4525DO\MS4525DO\MXTmpFiles\license.tmp_save
2024-10-26 13:05:10,319 [INFO] CodeEngine:279 - Generated code: C:\airspeed-can-transition\firmware\MS4525DO\MS4525DO\MXTmpFiles\license.tmp
2024-10-26 13:05:10,469 [INFO] CodeEngine:255 - oldGeneratedFile, C:\airspeed-can-transition\firmware\MS4525DO\MS4525DO\MXTmpFiles\gpio.tmp_save
2024-10-26 13:05:10,626 [INFO] CodeEngine:279 - Generated code: C:\airspeed-can-transition\firmware\MS4525DO\MS4525DO\MXTmpFiles\gpio.tmp
2024-10-26 13:05:10,706 [INFO] CodeEngine:255 - oldGeneratedFile, C:\airspeed-can-transition\firmware\MS4525DO\MS4525DO\Core\Src\stm32f1xx_it.c_save
2024-10-26 13:05:10,827 [INFO] CodeEngine:279 - Generated code: C:\airspeed-can-transition\firmware\MS4525DO\MS4525DO\Core\Src\stm32f1xx_it.c
2024-10-26 13:05:10,847 [INFO] CodeEngine:255 - oldGeneratedFile, C:\airspeed-can-transition\firmware\MS4525DO\MS4525DO\Core\Inc\stm32f1xx_it.h_save
2024-10-26 13:05:10,941 [INFO] CodeEngine:279 - Generated code: C:\airspeed-can-transition\firmware\MS4525DO\MS4525DO\Core\Inc\stm32f1xx_it.h
2024-10-26 13:05:11,001 [INFO] CodeEngine:255 - oldGeneratedFile, C:\airspeed-can-transition\firmware\MS4525DO\MS4525DO\Core\Src\stm32f1xx_hal_msp.c_save
2024-10-26 13:05:11,155 [INFO] CodeEngine:279 - Generated code: C:\airspeed-can-transition\firmware\MS4525DO\MS4525DO\Core\Src\stm32f1xx_hal_msp.c
2024-10-26 13:05:11,164 [INFO] CodeEngine:255 - oldGeneratedFile, C:\airspeed-can-transition\firmware\MS4525DO\MS4525DO\MXTmpFiles\system.tmp_save
2024-10-26 13:05:11,225 [INFO] CodeEngine:279 - Generated code: C:\airspeed-can-transition\firmware\MS4525DO\MS4525DO\MXTmpFiles\system.tmp
2024-10-26 13:05:11,252 [INFO] CodeEngine:311 - oldGeneratedFile, C:\airspeed-can-transition\firmware\MS4525DO\MS4525DO\Core\Inc\stm32f1xx_hal_conf.h_save
2024-10-26 13:05:11,344 [INFO] CodeEngine:335 - Generated code: C:\airspeed-can-transition\firmware\MS4525DO\MS4525DO\Core\Inc\stm32f1xx_hal_conf.h
2024-10-26 13:05:11,419 [INFO] CodeEngine:255 - oldGeneratedFile, C:\airspeed-can-transition\firmware\MS4525DO\MS4525DO\Core\Inc\main.h_save
2024-10-26 13:05:11,513 [INFO] CodeEngine:279 - Generated code: C:\airspeed-can-transition\firmware\MS4525DO\MS4525DO\Core\Inc\main.h
2024-10-26 13:05:11,537 [INFO] CodeEngine:255 - oldGeneratedFile, C:\airspeed-can-transition\firmware\MS4525DO\MS4525DO\Core\Src\main.c_save
2024-10-26 13:05:11,673 [INFO] CodeEngine:279 - Generated code: C:\airspeed-can-transition\firmware\MS4525DO\MS4525DO\Core\Src\main.c
2024-10-26 13:05:12,022 [INFO] ProjectBuilder:3249 - Time for Copy HAL[1] : 120mS.
2024-10-26 13:05:12,026 [INFO] ProjectBuilder:4828 - Project Generator version: 4.5.0-B34
2024-10-26 13:05:12,106 [INFO] ConfigFileManager:1531 - The Die is : DIE410
2024-10-26 13:05:12,123 [INFO] ApiDbMcu:508 - Load IP Config File for FATFS
2024-10-26 13:05:12,140 [INFO] ApiDbMcu:508 - Load IP Config File for FREERTOS
2024-10-26 13:05:12,160 [INFO] ApiDbMcu:508 - Load IP Config File for USB_DEVICE
2024-10-26 13:05:12,823 [INFO] LogOutputStream:77 - [STDOUT_REDIRECT] 
2024-10-26 13:05:14,267 [INFO] ProjectBuilder:5097 - Time for Generating toolchain IDE Files: 2241mS.
2024-10-26 13:05:14,268 [INFO] ProjectBuilder:3107 - Time for Copy CMSIS : 0mS.
2024-10-26 13:05:14,271 [INFO] ProjectBuilder:3107 - Time for Copy CMSIS : 1mS.
2024-10-26 13:34:33,834 [INFO] WebApp:189 - Connection lost
2024-10-26 13:34:34,379 [INFO] WebApp:186 - Connection restablished
2024-10-26 14:34:32,854 [INFO] WebApp:189 - Connection lost
2024-10-26 14:34:33,210 [INFO] WebApp:186 - Connection restablished
2024-10-26 14:36:43,422 [INFO] WebApp:189 - Connection lost
2024-10-26 14:36:51,483 [INFO] WebApp:186 - Connection restablished
2024-10-26 14:36:53,344 [INFO] WebApp:189 - Connection lost
2024-10-26 14:36:53,452 [INFO] WebApp:186 - Connection restablished
2024-10-26 15:22:10,087 [INFO] UtilMem:75 - End SaveConfig() Used Memory: 386848368 Bytes (639631360)
2024-10-26 15:22:11,867 [INFO] UtilMem:75 - End SaveConfig() Used Memory: 403561216 Bytes (639631360)
2024-10-26 15:22:14,015 [INFO] UtilMem:75 - End SaveConfig() Used Memory: 434492160 Bytes (639631360)
2024-10-26 15:22:14,172 [INFO] BlockDiagram:2766 - set Specific Code input for plugin: NVIC
2024-10-26 15:22:14,172 [INFO] BlockDiagram:2766 - set Specific Code input for plugin: SYS
2024-10-26 15:22:14,172 [INFO] BlockDiagram:2766 - set Specific Code input for plugin: GPIO
2024-10-26 15:22:14,172 [INFO] BlockDiagram:2766 - set Specific Code input for plugin: RCC
2024-10-26 15:22:14,173 [INFO] CodeGenerator:807 - code generatio: config db path: C:\ST\STM32CubeIDE_1.16.1\STM32CubeIDE\plugins\com.st.stm32cube.common.mx_6.12.1.202409122256\\db\
2024-10-26 15:22:14,264 [INFO] CodeEngine:255 - oldGeneratedFile, C:\airspeed-can-transition\firmware\MS4525DO\MS4525DO\MXTmpFiles\license.tmp_save
2024-10-26 15:22:14,397 [INFO] CodeEngine:279 - Generated code: C:\airspeed-can-transition\firmware\MS4525DO\MS4525DO\MXTmpFiles\license.tmp
2024-10-26 15:22:14,432 [INFO] CodeEngine:255 - oldGeneratedFile, C:\airspeed-can-transition\firmware\MS4525DO\MS4525DO\MXTmpFiles\gpio.tmp_save
2024-10-26 15:22:14,564 [INFO] CodeEngine:279 - Generated code: C:\airspeed-can-transition\firmware\MS4525DO\MS4525DO\MXTmpFiles\gpio.tmp
2024-10-26 15:22:14,616 [INFO] CodeEngine:255 - oldGeneratedFile, C:\airspeed-can-transition\firmware\MS4525DO\MS4525DO\Core\Src\stm32f1xx_it.c_save
2024-10-26 15:22:14,878 [INFO] CodeEngine:279 - Generated code: C:\airspeed-can-transition\firmware\MS4525DO\MS4525DO\Core\Src\stm32f1xx_it.c
2024-10-26 15:22:14,909 [INFO] CodeEngine:255 - oldGeneratedFile, C:\airspeed-can-transition\firmware\MS4525DO\MS4525DO\Core\Inc\stm32f1xx_it.h_save
2024-10-26 15:22:14,995 [INFO] CodeEngine:279 - Generated code: C:\airspeed-can-transition\firmware\MS4525DO\MS4525DO\Core\Inc\stm32f1xx_it.h
2024-10-26 15:22:15,028 [INFO] CodeEngine:255 - oldGeneratedFile, C:\airspeed-can-transition\firmware\MS4525DO\MS4525DO\Core\Src\stm32f1xx_hal_msp.c_save
2024-10-26 15:22:15,164 [INFO] CodeEngine:279 - Generated code: C:\airspeed-can-transition\firmware\MS4525DO\MS4525DO\Core\Src\stm32f1xx_hal_msp.c
2024-10-26 15:22:15,168 [INFO] CodeEngine:255 - oldGeneratedFile, C:\airspeed-can-transition\firmware\MS4525DO\MS4525DO\MXTmpFiles\system.tmp_save
2024-10-26 15:22:15,235 [INFO] CodeEngine:279 - Generated code: C:\airspeed-can-transition\firmware\MS4525DO\MS4525DO\MXTmpFiles\system.tmp
2024-10-26 15:22:15,257 [INFO] CodeEngine:311 - oldGeneratedFile, C:\airspeed-can-transition\firmware\MS4525DO\MS4525DO\Core\Inc\stm32f1xx_hal_conf.h_save
2024-10-26 15:22:15,358 [INFO] CodeEngine:335 - Generated code: C:\airspeed-can-transition\firmware\MS4525DO\MS4525DO\Core\Inc\stm32f1xx_hal_conf.h
2024-10-26 15:22:15,412 [INFO] CodeEngine:255 - oldGeneratedFile, C:\airspeed-can-transition\firmware\MS4525DO\MS4525DO\Core\Inc\main.h_save
2024-10-26 15:22:15,537 [INFO] CodeEngine:279 - Generated code: C:\airspeed-can-transition\firmware\MS4525DO\MS4525DO\Core\Inc\main.h
2024-10-26 15:22:15,560 [INFO] CodeEngine:255 - oldGeneratedFile, C:\airspeed-can-transition\firmware\MS4525DO\MS4525DO\Core\Src\main.c_save
2024-10-26 15:22:15,675 [INFO] CodeEngine:279 - Generated code: C:\airspeed-can-transition\firmware\MS4525DO\MS4525DO\Core\Src\main.c
2024-10-26 15:22:16,050 [INFO] ProjectBuilder:3249 - Time for Copy HAL[1] : 152mS.
2024-10-26 15:22:16,053 [INFO] ProjectBuilder:4828 - Project Generator version: 4.5.0-B34
2024-10-26 15:22:16,125 [INFO] ConfigFileManager:1531 - The Die is : DIE410
2024-10-26 15:22:17,066 [INFO] ProjectBuilder:5097 - Time for Generating toolchain IDE Files: 1014mS.
2024-10-26 15:22:17,068 [INFO] ProjectBuilder:3107 - Time for Copy CMSIS : 0mS.
2024-10-26 15:22:17,090 [INFO] ProjectBuilder:3107 - Time for Copy CMSIS : 0mS.
2024-10-26 15:27:04,577 [INFO] UtilMem:75 - End SaveConfig() Used Memory: 404070160 Bytes (639631360)
2024-10-26 15:27:06,168 [INFO] UtilMem:75 - End SaveConfig() Used Memory: 419743264 Bytes (639631360)
2024-10-26 15:27:08,856 [INFO] UtilMem:75 - End SaveConfig() Used Memory: 473802512 Bytes (639631360)
2024-10-26 15:27:08,988 [INFO] BlockDiagram:2766 - set Specific Code input for plugin: NVIC
2024-10-26 15:27:08,988 [INFO] BlockDiagram:2766 - set Specific Code input for plugin: SYS
2024-10-26 15:27:08,989 [INFO] BlockDiagram:2766 - set Specific Code input for plugin: GPIO
2024-10-26 15:27:08,989 [INFO] BlockDiagram:2766 - set Specific Code input for plugin: RCC
2024-10-26 15:27:08,989 [INFO] CodeGenerator:807 - code generatio: config db path: C:\ST\STM32CubeIDE_1.16.1\STM32CubeIDE\plugins\com.st.stm32cube.common.mx_6.12.1.202409122256\\db\
2024-10-26 15:27:09,050 [INFO] CodeEngine:255 - oldGeneratedFile, C:\airspeed-can-transition\firmware\MS4525DO\MS4525DO\MXTmpFiles\license.tmp_save
2024-10-26 15:27:09,137 [INFO] CodeEngine:279 - Generated code: C:\airspeed-can-transition\firmware\MS4525DO\MS4525DO\MXTmpFiles\license.tmp
2024-10-26 15:27:09,170 [INFO] CodeEngine:255 - oldGeneratedFile, C:\airspeed-can-transition\firmware\MS4525DO\MS4525DO\MXTmpFiles\gpio.tmp_save
2024-10-26 15:27:09,269 [INFO] CodeEngine:279 - Generated code: C:\airspeed-can-transition\firmware\MS4525DO\MS4525DO\MXTmpFiles\gpio.tmp
2024-10-26 15:27:09,306 [INFO] CodeEngine:255 - oldGeneratedFile, C:\airspeed-can-transition\firmware\MS4525DO\MS4525DO\Core\Src\stm32f1xx_it.c_save
2024-10-26 15:27:09,380 [INFO] CodeEngine:279 - Generated code: C:\airspeed-can-transition\firmware\MS4525DO\MS4525DO\Core\Src\stm32f1xx_it.c
2024-10-26 15:27:09,386 [INFO] CodeEngine:255 - oldGeneratedFile, C:\airspeed-can-transition\firmware\MS4525DO\MS4525DO\Core\Inc\stm32f1xx_it.h_save
2024-10-26 15:27:09,440 [INFO] CodeEngine:279 - Generated code: C:\airspeed-can-transition\firmware\MS4525DO\MS4525DO\Core\Inc\stm32f1xx_it.h
2024-10-26 15:27:09,464 [INFO] CodeEngine:255 - oldGeneratedFile, C:\airspeed-can-transition\firmware\MS4525DO\MS4525DO\Core\Src\stm32f1xx_hal_msp.c_save
2024-10-26 15:27:09,541 [INFO] CodeEngine:279 - Generated code: C:\airspeed-can-transition\firmware\MS4525DO\MS4525DO\Core\Src\stm32f1xx_hal_msp.c
2024-10-26 15:27:09,546 [INFO] CodeEngine:255 - oldGeneratedFile, C:\airspeed-can-transition\firmware\MS4525DO\MS4525DO\MXTmpFiles\system.tmp_save
2024-10-26 15:27:09,601 [INFO] CodeEngine:279 - Generated code: C:\airspeed-can-transition\firmware\MS4525DO\MS4525DO\MXTmpFiles\system.tmp
2024-10-26 15:27:09,621 [INFO] CodeEngine:311 - oldGeneratedFile, C:\airspeed-can-transition\firmware\MS4525DO\MS4525DO\Core\Inc\stm32f1xx_hal_conf.h_save
2024-10-26 15:27:09,716 [INFO] CodeEngine:335 - Generated code: C:\airspeed-can-transition\firmware\MS4525DO\MS4525DO\Core\Inc\stm32f1xx_hal_conf.h
2024-10-26 15:27:09,754 [INFO] CodeEngine:255 - oldGeneratedFile, C:\airspeed-can-transition\firmware\MS4525DO\MS4525DO\Core\Inc\main.h_save
2024-10-26 15:27:09,813 [INFO] CodeEngine:279 - Generated code: C:\airspeed-can-transition\firmware\MS4525DO\MS4525DO\Core\Inc\main.h
2024-10-26 15:27:09,832 [INFO] CodeEngine:255 - oldGeneratedFile, C:\airspeed-can-transition\firmware\MS4525DO\MS4525DO\Core\Src\main.c_save
2024-10-26 15:27:09,957 [INFO] CodeEngine:279 - Generated code: C:\airspeed-can-transition\firmware\MS4525DO\MS4525DO\Core\Src\main.c
2024-10-26 15:27:10,289 [INFO] ProjectBuilder:3249 - Time for Copy HAL[1] : 103mS.
2024-10-26 15:27:10,292 [INFO] ProjectBuilder:4828 - Project Generator version: 4.5.0-B34
2024-10-26 15:27:10,363 [INFO] ConfigFileManager:1531 - The Die is : DIE410
2024-10-26 15:27:10,990 [INFO] ProjectBuilder:5097 - Time for Generating toolchain IDE Files: 698mS.
2024-10-26 15:27:10,991 [INFO] ProjectBuilder:3107 - Time for Copy CMSIS : 0mS.
2024-10-26 15:27:10,995 [INFO] ProjectBuilder:3107 - Time for Copy CMSIS : 0mS.
2024-10-26 15:27:22,973 [INFO] Gpio:277 - dependency for GPIO [RCC, SYS]
2024-10-26 15:27:29,183 [INFO] Gpio:277 - dependency for GPIO [RCC, SYS]
2024-10-26 15:27:50,314 [INFO] UtilMem:75 - End SaveConfig() Used Memory: 428607640 Bytes (639631360)
2024-10-26 15:27:52,299 [INFO] UtilMem:75 - End SaveConfig() Used Memory: 448008344 Bytes (639631360)
2024-10-26 15:27:52,498 [INFO] UtilMem:75 - End SaveConfig() Used Memory: 465309848 Bytes (639631360)
2024-10-26 15:27:52,650 [INFO] BlockDiagram:2766 - set Specific Code input for plugin: NVIC
2024-10-26 15:27:52,650 [INFO] BlockDiagram:2766 - set Specific Code input for plugin: SYS
2024-10-26 15:27:52,650 [INFO] BlockDiagram:2766 - set Specific Code input for plugin: GPIO
2024-10-26 15:27:52,650 [INFO] BlockDiagram:2766 - set Specific Code input for plugin: RCC
2024-10-26 15:27:52,652 [INFO] CodeGenerator:807 - code generatio: config db path: C:\ST\STM32CubeIDE_1.16.1\STM32CubeIDE\plugins\com.st.stm32cube.common.mx_6.12.1.202409122256\\db\
2024-10-26 15:27:52,738 [INFO] CodeEngine:255 - oldGeneratedFile, C:\airspeed-can-transition\firmware\MS4525DO\MS4525DO\MXTmpFiles\license.tmp_save
2024-10-26 15:27:52,808 [INFO] CodeEngine:279 - Generated code: C:\airspeed-can-transition\firmware\MS4525DO\MS4525DO\MXTmpFiles\license.tmp
2024-10-26 15:27:52,828 [INFO] CodeEngine:255 - oldGeneratedFile, C:\airspeed-can-transition\firmware\MS4525DO\MS4525DO\MXTmpFiles\gpio.tmp_save
2024-10-26 15:27:52,906 [INFO] CodeEngine:279 - Generated code: C:\airspeed-can-transition\firmware\MS4525DO\MS4525DO\MXTmpFiles\gpio.tmp
2024-10-26 15:27:52,936 [INFO] CodeEngine:255 - oldGeneratedFile, C:\airspeed-can-transition\firmware\MS4525DO\MS4525DO\Core\Src\stm32f1xx_it.c_save
2024-10-26 15:27:53,015 [INFO] CodeEngine:279 - Generated code: C:\airspeed-can-transition\firmware\MS4525DO\MS4525DO\Core\Src\stm32f1xx_it.c
2024-10-26 15:27:53,020 [INFO] CodeEngine:255 - oldGeneratedFile, C:\airspeed-can-transition\firmware\MS4525DO\MS4525DO\Core\Inc\stm32f1xx_it.h_save
2024-10-26 15:27:53,093 [INFO] CodeEngine:279 - Generated code: C:\airspeed-can-transition\firmware\MS4525DO\MS4525DO\Core\Inc\stm32f1xx_it.h
2024-10-26 15:27:53,131 [INFO] CodeEngine:255 - oldGeneratedFile, C:\airspeed-can-transition\firmware\MS4525DO\MS4525DO\Core\Src\stm32f1xx_hal_msp.c_save
2024-10-26 15:27:53,230 [INFO] CodeEngine:279 - Generated code: C:\airspeed-can-transition\firmware\MS4525DO\MS4525DO\Core\Src\stm32f1xx_hal_msp.c
2024-10-26 15:27:53,233 [INFO] CodeEngine:255 - oldGeneratedFile, C:\airspeed-can-transition\firmware\MS4525DO\MS4525DO\MXTmpFiles\system.tmp_save
2024-10-26 15:27:53,285 [INFO] CodeEngine:279 - Generated code: C:\airspeed-can-transition\firmware\MS4525DO\MS4525DO\MXTmpFiles\system.tmp
2024-10-26 15:27:53,300 [INFO] CodeEngine:311 - oldGeneratedFile, C:\airspeed-can-transition\firmware\MS4525DO\MS4525DO\Core\Inc\stm32f1xx_hal_conf.h_save
2024-10-26 15:27:53,395 [INFO] CodeEngine:335 - Generated code: C:\airspeed-can-transition\firmware\MS4525DO\MS4525DO\Core\Inc\stm32f1xx_hal_conf.h
2024-10-26 15:27:53,433 [INFO] CodeEngine:255 - oldGeneratedFile, C:\airspeed-can-transition\firmware\MS4525DO\MS4525DO\Core\Inc\main.h_save
2024-10-26 15:27:53,497 [INFO] CodeEngine:279 - Generated code: C:\airspeed-can-transition\firmware\MS4525DO\MS4525DO\Core\Inc\main.h
2024-10-26 15:27:53,516 [INFO] CodeEngine:255 - oldGeneratedFile, C:\airspeed-can-transition\firmware\MS4525DO\MS4525DO\Core\Src\main.c_save
2024-10-26 15:27:53,599 [INFO] CodeEngine:279 - Generated code: C:\airspeed-can-transition\firmware\MS4525DO\MS4525DO\Core\Src\main.c
2024-10-26 15:27:53,841 [INFO] ProjectBuilder:3249 - Time for Copy HAL[1] : 106mS.
2024-10-26 15:27:53,845 [INFO] ProjectBuilder:4828 - Project Generator version: 4.5.0-B34
2024-10-26 15:27:53,911 [INFO] ConfigFileManager:1531 - The Die is : DIE410
2024-10-26 15:27:54,542 [INFO] ProjectBuilder:5097 - Time for Generating toolchain IDE Files: 698mS.
2024-10-26 15:27:54,544 [INFO] ProjectBuilder:3107 - Time for Copy CMSIS : 1mS.
2024-10-26 15:27:54,546 [INFO] ProjectBuilder:3107 - Time for Copy CMSIS : 0mS.
2024-10-26 15:36:54,332 [INFO] WebApp:189 - Connection lost
2024-10-26 15:36:57,373 [INFO] WebApp:186 - Connection restablished
2024-10-26 15:41:54,943 [ERROR] ConfigurationRetriever:142 - IOException on connection: Connect timed out
2024-10-26 15:41:56,945 [ERROR] ConfigurationRetriever:142 - IOException on connection: Connect timed out
2024-10-26 15:41:58,948 [ERROR] ConfigurationRetriever:142 - IOException on connection: Connect timed out
2024-10-26 16:34:26,228 [ERROR] LogOutputStream:75 - [STDERR_REDIRECT] 
2024-10-26 16:34:26,229 [ERROR] LogOutputStream:75 - [STDERR_REDIRECT] 
