2024-10-15 12:14:15,457 [INFO] Activator:176 - 


2024-10-15 12:14:15,458 [INFO] Activator:177 - !SESSION log4j initialized
2024-10-15 12:14:18,822 [INFO] LogOutputStream:77 - [STDOUT_REDIRECT] 
2024-10-15 12:14:20,781 [INFO] ApplicationProperties:184 - Using Application install path: C:\ST\STM32CubeIDE_1.16.1\STM32CubeIDE\plugins\com.st.stm32cube.common.mx_6.12.1.202409122256
2024-10-15 12:14:20,800 [INFO] DbMcusXml:78 - Set database path to: C:\ST\STM32CubeIDE_1.16.1\STM32CubeIDE\plugins\com.st.stm32cube.common.mx_6.12.1.202409122256\\db\/mcu/
2024-10-15 12:14:20,800 [INFO] ApiDb:274 - Set plugin database path to: C:\ST\STM32CubeIDE_1.16.1\STM32CubeIDE\plugins\com.st.stm32cube.common.mx_6.12.1.202409122256\\db\/plugins/boardmanager/
2024-10-15 12:14:20,800 [WARN] ApiDb:259 - Overriding images path with different value:  => C:\ST\STM32CubeIDE_1.16.1\STM32CubeIDE\plugins\com.st.stm32cube.common.mx_6.12.1.202409122256\\db\/plugins/mcufinder/images/
2024-10-15 12:14:20,810 [INFO] ApiDb:250 - Set database path to: C:\Users\chant\.stmcufinder\plugins\mcufinder//mcu/
2024-10-15 12:14:20,810 [INFO] DbMcusAds:125 - Set database path to: C:\Users\chant\.stmcufinder\plugins\mcufinder//mcu/
2024-10-15 12:14:20,813 [INFO] CrossReferenceDbSqlite:203 - Set database path to: C:\Users\chant\.stmcufinder\plugins\mcufinder//mcu/cs/
2024-10-15 12:14:20,937 [INFO] RulesReader:64 - Compatibility file has been processed (297 Rules)
2024-10-15 12:14:21,023 [INFO] DbMcusXml:78 - Set database path to: C:\ST\STM32CubeIDE_1.16.1\STM32CubeIDE\plugins\com.st.stm32cube.common.mx_6.12.1.202409122256\\db\/mcu/
2024-10-15 12:14:21,023 [INFO] ApiDb:274 - Set plugin database path to: C:\ST\STM32CubeIDE_1.16.1\STM32CubeIDE\plugins\com.st.stm32cube.common.mx_6.12.1.202409122256\\db\/plugins/boardmanager/
2024-10-15 12:14:21,023 [INFO] ApiDb:261 - Set plugin images path to: C:\ST\STM32CubeIDE_1.16.1\STM32CubeIDE\plugins\com.st.stm32cube.common.mx_6.12.1.202409122256\\db\/plugins/mcufinder/images/
2024-10-15 12:14:21,024 [WARN] DbFile:41 - Overriding database path with different value: C:\Users\chant\.stmcufinder\plugins\mcufinder/ => C:\Users\chant\.stmcufinder\plugins\mcufinder
2024-10-15 12:14:21,024 [INFO] ApiDb:250 - Set database path to: C:\Users\chant\.stmcufinder\plugins\mcufinder//mcu/
2024-10-15 12:14:21,024 [WARN] DbFile:41 - Overriding database path with different value: C:\Users\chant\.stmcufinder\plugins\mcufinder/ => C:\Users\chant\.stmcufinder\plugins\mcufinder
2024-10-15 12:14:21,024 [INFO] DbMcusAds:125 - Set database path to: C:\Users\chant\.stmcufinder\plugins\mcufinder//mcu/
2024-10-15 12:14:21,024 [WARN] DbFile:41 - Overriding database path with different value: C:\Users\chant\.stmcufinder\plugins\mcufinder/ => C:\Users\chant\.stmcufinder\plugins\mcufinder
2024-10-15 12:14:21,024 [WARN] DbFile:41 - Overriding database path with different value: C:\Users\chant\.stmcufinder\plugins\mcufinder/ => C:\Users\chant\.stmcufinder\plugins\mcufinder
2024-10-15 12:14:21,024 [INFO] CrossReferenceDbSqlite:203 - Set database path to: C:\Users\chant\.stmcufinder\plugins\mcufinder//mcu/cs/
2024-10-15 12:14:21,106 [INFO] MainPanel:268 - HeapMemory: 268435456
2024-10-15 12:14:21,198 [INFO] DbMcusXml:78 - Set database path to: C:\ST\STM32CubeIDE_1.16.1\STM32CubeIDE\plugins\com.st.stm32cube.common.mx_6.12.1.202409122256\\db\/mcu/
2024-10-15 12:14:21,198 [INFO] ApiDb:274 - Set plugin database path to: C:\ST\STM32CubeIDE_1.16.1\STM32CubeIDE\plugins\com.st.stm32cube.common.mx_6.12.1.202409122256\\db\/plugins/boardmanager/
2024-10-15 12:14:21,198 [INFO] ApiDb:261 - Set plugin images path to: C:\ST\STM32CubeIDE_1.16.1\STM32CubeIDE\plugins\com.st.stm32cube.common.mx_6.12.1.202409122256\\db\/plugins/mcufinder/images/
2024-10-15 12:14:21,198 [WARN] DbFile:41 - Overriding database path with different value: C:\Users\chant\.stmcufinder\plugins\mcufinder/ => C:\Users\chant\.stmcufinder\plugins\mcufinder
2024-10-15 12:14:21,199 [INFO] ApiDb:250 - Set database path to: C:\Users\chant\.stmcufinder\plugins\mcufinder//mcu/
2024-10-15 12:14:21,199 [WARN] DbFile:41 - Overriding database path with different value: C:\Users\chant\.stmcufinder\plugins\mcufinder/ => C:\Users\chant\.stmcufinder\plugins\mcufinder
2024-10-15 12:14:21,199 [INFO] DbMcusAds:125 - Set database path to: C:\Users\chant\.stmcufinder\plugins\mcufinder//mcu/
2024-10-15 12:14:21,199 [WARN] DbFile:41 - Overriding database path with different value: C:\Users\chant\.stmcufinder\plugins\mcufinder/ => C:\Users\chant\.stmcufinder\plugins\mcufinder
2024-10-15 12:14:21,199 [WARN] DbFile:41 - Overriding database path with different value: C:\Users\chant\.stmcufinder\plugins\mcufinder/ => C:\Users\chant\.stmcufinder\plugins\mcufinder
2024-10-15 12:14:21,199 [INFO] CrossReferenceDbSqlite:203 - Set database path to: C:\Users\chant\.stmcufinder\plugins\mcufinder//mcu/cs/
2024-10-15 12:14:21,215 [INFO] ApplicationProperties:184 - Using Application install path: C:\ST\STM32CubeIDE_1.16.1\STM32CubeIDE\plugins\com.st.stm32cube.common.mx_6.12.1.202409122256
2024-10-15 12:14:21,217 [INFO] PluginManage:196 - Search for loadable plugins [exclusion list=, ]
2024-10-15 12:14:21,218 [INFO] PluginManage:310 - Check plugin analytics
2024-10-15 12:14:21,387 [INFO] AnalyticsPlugin:253 - Accepted Software Licenses: 
2024-10-15 12:14:21,387 [INFO] AnalyticsPlugin:255 - Accepted CMSIS Pack Licenses: 
2024-10-15 12:14:21,387 [INFO] AnalyticsPlugin:257 - Accepted Firmware Licenses: 
2024-10-15 12:14:21,389 [INFO] PluginManage:359 - Loaded plugin analytics (category:tool,tabindex:-1)
2024-10-15 12:14:21,390 [INFO] PluginManage:310 - Check plugin cadmodel
2024-10-15 12:14:21,409 [INFO] CADModel:105 - Init CAD model plugin
2024-10-15 12:14:21,409 [INFO] PluginManage:359 - Loaded plugin cadmodel (category:power,tabindex:5)
2024-10-15 12:14:21,409 [INFO] PluginManage:310 - Check plugin clock
2024-10-15 12:14:21,428 [INFO] PluginManage:359 - Loaded plugin clock (category:base,tabindex:2)
2024-10-15 12:14:21,428 [INFO] PluginManage:310 - Check plugin ddr
2024-10-15 12:14:21,431 [INFO] PluginManage:359 - Loaded plugin ddr (category:tool,tabindex:6)
2024-10-15 12:14:21,431 [INFO] PluginManage:310 - Check plugin filemanager
2024-10-15 12:14:21,586 [INFO] PluginManage:359 - Loaded plugin filemanager (category:base,tabindex:10)
2024-10-15 12:14:21,586 [INFO] PluginManage:310 - Check plugin ipmanager
2024-10-15 12:14:21,594 [INFO] PluginManage:359 - Loaded plugin ipmanager (category:base,tabindex:5)
2024-10-15 12:14:21,594 [INFO] PluginManage:310 - Check plugin lpbam
2024-10-15 12:14:21,612 [INFO] PluginManage:359 - Loaded plugin lpbam (category:base,tabindex:0)
2024-10-15 12:14:21,612 [INFO] PluginManage:310 - Check plugin memorymap
2024-10-15 12:14:21,649 [INFO] PluginManage:359 - Loaded plugin memorymap (category:base,tabindex:4)
2024-10-15 12:14:21,650 [INFO] PluginManage:310 - Check plugin pinoutandconfiguration
2024-10-15 12:14:21,678 [INFO] PluginManage:359 - Loaded plugin pinoutandconfiguration (category:base,tabindex:1)
2024-10-15 12:14:21,678 [INFO] PluginManage:310 - Check plugin pinoutconfig
2024-10-15 12:14:21,774 [WARN] SupportedApi:132 - Cannot load RTOS API schema: s4s-elt-must-match.1: The content of 'definitions' must match (annotation?, (simpleType | complexType)?, (unique | key | keyref)*)). A problem was found starting at: attribute.
2024-10-15 12:14:21,898 [INFO] PluginManage:359 - Loaded plugin pinoutconfig (category:base,tabindex:0)
2024-10-15 12:14:21,898 [INFO] PluginManage:310 - Check plugin power
2024-10-15 12:14:21,913 [INFO] PluginManage:359 - Loaded plugin power (category:power,tabindex:4)
2024-10-15 12:14:21,913 [INFO] PluginManage:310 - Check plugin projectmanager
2024-10-15 12:14:21,931 [INFO] PluginManage:359 - Loaded plugin projectmanager (category:projectmanager,tabindex:4)
2024-10-15 12:14:21,931 [INFO] PluginManage:310 - Check plugin rif
2024-10-15 12:14:21,945 [INFO] PluginManage:359 - Loaded plugin rif (category:base,tabindex:3)
2024-10-15 12:14:21,945 [INFO] PluginManage:310 - Check plugin thirdparty
2024-10-15 12:14:22,190 [INFO] PluginManage:359 - Loaded plugin thirdparty (category:base,tabindex:-1)
2024-10-15 12:14:22,190 [WARN] IntegrityCheckThread:84 - waiting for thirdparty lock release [integrity check]
2024-10-15 12:14:22,190 [INFO] IntegrityCheckThread:86 - entering critical section [integrity check]
2024-10-15 12:14:22,190 [INFO] PluginManage:310 - Check plugin tools
2024-10-15 12:14:22,191 [INFO] ThirdPartyUpdaterWithRetryManager:70 - Updater plugin not ready yet. [1/15]
2024-10-15 12:14:22,222 [INFO] PluginManage:359 - Loaded plugin tools (category:base,tabindex:7)
2024-10-15 12:14:22,222 [INFO] PluginManage:310 - Check plugin tutovideos
2024-10-15 12:14:22,412 [INFO] PluginManage:359 - Loaded plugin tutovideos (category:base,tabindex:-1)
2024-10-15 12:14:22,412 [INFO] PluginManage:310 - Check plugin updater
2024-10-15 12:14:22,422 [INFO] PluginManage:359 - Loaded plugin updater (category:base,tabindex:12)
2024-10-15 12:14:22,422 [INFO] PluginManage:310 - Check plugin userauth
2024-10-15 12:14:22,432 [INFO] UserAuth:113 - Init User Auth plugin
2024-10-15 12:14:22,432 [INFO] PluginManage:359 - Loaded plugin userauth (category:base,tabindex:14)
2024-10-15 12:14:22,432 [INFO] PluginManage:283 - PluginManage : Loaded plugins [18]
2024-10-15 12:14:22,642 [INFO] PinOutPanel:1561 - setPackage(No Configuration,No Configuration)
2024-10-15 12:14:22,723 [INFO] CADModel:165 - CPN selected for project level
2024-10-15 12:14:22,723 [INFO] CADModel:114 - Register for checkConnection events
2024-10-15 12:14:22,743 [INFO] IPUIPlugin:80 - create IPUIPlugin
2024-10-15 12:14:22,743 [INFO] PluginManager:220 - loadIPPluginJar : add adc
2024-10-15 12:14:22,783 [INFO] IPUIPlugin:80 - create IPUIPlugin
2024-10-15 12:14:22,783 [INFO] PluginManager:220 - loadIPPluginJar : add aes
2024-10-15 12:14:22,813 [INFO] IPUIPlugin:80 - create IPUIPlugin
2024-10-15 12:14:22,813 [INFO] PluginManager:220 - loadIPPluginJar : add can
2024-10-15 12:14:22,833 [INFO] IPUIPlugin:80 - create IPUIPlugin
2024-10-15 12:14:22,833 [INFO] PluginManager:220 - loadIPPluginJar : add comp
2024-10-15 12:14:22,873 [INFO] IPUIPlugin:80 - create IPUIPlugin
2024-10-15 12:14:22,873 [INFO] PluginManager:220 - loadIPPluginJar : add cryp
2024-10-15 12:14:22,883 [INFO] IPUIPlugin:80 - create IPUIPlugin
2024-10-15 12:14:22,883 [INFO] PluginManager:220 - loadIPPluginJar : add ddr_ctrl_phy
2024-10-15 12:14:22,903 [INFO] IPUIPlugin:80 - create IPUIPlugin
2024-10-15 12:14:22,903 [INFO] PluginManager:220 - loadIPPluginJar : add dfsdm
2024-10-15 12:14:22,923 [INFO] IPUIPlugin:80 - create IPUIPlugin
2024-10-15 12:14:22,923 [INFO] PluginManager:220 - loadIPPluginJar : add dma
2024-10-15 12:14:22,954 [INFO] IPUIPlugin:80 - create IPUIPlugin
2024-10-15 12:14:22,954 [INFO] PluginManager:220 - loadIPPluginJar : add dma3
2024-10-15 12:14:22,996 [INFO] IPUIPlugin:80 - create IPUIPlugin
2024-10-15 12:14:22,996 [INFO] PluginManager:220 - loadIPPluginJar : add extmemmanager
2024-10-15 12:14:23,014 [INFO] IPUIPlugin:80 - create IPUIPlugin
2024-10-15 12:14:23,014 [INFO] PluginManager:220 - loadIPPluginJar : add fatfs
2024-10-15 12:14:23,057 [INFO] IPUIPlugin:80 - create IPUIPlugin
2024-10-15 12:14:23,057 [INFO] PluginManager:220 - loadIPPluginJar : add fmc
2024-10-15 12:14:23,066 [INFO] IPUIPlugin:80 - create IPUIPlugin
2024-10-15 12:14:23,066 [INFO] PluginManager:220 - loadIPPluginJar : add freertos
2024-10-15 12:14:23,085 [INFO] IPUIPlugin:80 - create IPUIPlugin
2024-10-15 12:14:23,085 [INFO] PluginManager:220 - loadIPPluginJar : add genericplugin
2024-10-15 12:14:23,177 [INFO] IPUIPlugin:80 - create IPUIPlugin
2024-10-15 12:14:23,177 [INFO] PluginManager:220 - loadIPPluginJar : add gfxmmu
2024-10-15 12:14:23,286 [INFO] IPUIPlugin:80 - create IPUIPlugin
2024-10-15 12:14:23,286 [INFO] PluginManager:220 - loadIPPluginJar : add gic
2024-10-15 12:14:23,297 [INFO] IPUIPlugin:80 - create IPUIPlugin
2024-10-15 12:14:23,297 [INFO] PluginManager:220 - loadIPPluginJar : add gpio
2024-10-15 12:14:23,388 [INFO] IPUIPlugin:80 - create IPUIPlugin
2024-10-15 12:14:23,388 [INFO] PluginManager:220 - loadIPPluginJar : add gtzc
2024-10-15 12:14:23,428 [INFO] IPUIPlugin:80 - create IPUIPlugin
2024-10-15 12:14:23,428 [INFO] PluginManager:220 - loadIPPluginJar : add hash
2024-10-15 12:14:23,468 [INFO] IPUIPlugin:80 - create IPUIPlugin
2024-10-15 12:14:23,468 [INFO] PluginManager:220 - loadIPPluginJar : add i2c
2024-10-15 12:14:23,498 [INFO] IPUIPlugin:80 - create IPUIPlugin
2024-10-15 12:14:23,508 [INFO] PluginManager:220 - loadIPPluginJar : add i2s
2024-10-15 12:14:23,549 [INFO] IPUIPlugin:80 - create IPUIPlugin
2024-10-15 12:14:23,550 [INFO] PluginManager:220 - loadIPPluginJar : add i3c
2024-10-15 12:14:23,636 [INFO] IPUIPlugin:80 - create IPUIPlugin
2024-10-15 12:14:23,636 [INFO] PluginManager:220 - loadIPPluginJar : add ipddr
2024-10-15 12:14:23,708 [INFO] IPUIPlugin:80 - create IPUIPlugin
2024-10-15 12:14:23,708 [INFO] PluginManager:220 - loadIPPluginJar : add linkedlist
2024-10-15 12:14:23,735 [INFO] IPUIPlugin:80 - create IPUIPlugin
2024-10-15 12:14:23,735 [INFO] PluginManager:220 - loadIPPluginJar : add lorawan
2024-10-15 12:14:23,765 [INFO] IPUIPlugin:80 - create IPUIPlugin
2024-10-15 12:14:23,765 [INFO] PluginManager:220 - loadIPPluginJar : add ltdc
2024-10-15 12:14:23,779 [INFO] IPUIPlugin:80 - create IPUIPlugin
2024-10-15 12:14:23,779 [INFO] PluginManager:220 - loadIPPluginJar : add mdma
2024-10-15 12:14:23,792 [INFO] IPUIPlugin:80 - create IPUIPlugin
2024-10-15 12:14:23,792 [INFO] PluginManager:220 - loadIPPluginJar : add nvic
2024-10-15 12:14:23,823 [INFO] IPUIPlugin:80 - create IPUIPlugin
2024-10-15 12:14:23,824 [INFO] PluginManager:220 - loadIPPluginJar : add opamp
2024-10-15 12:14:23,867 [INFO] IPUIPlugin:80 - create IPUIPlugin
2024-10-15 12:14:23,867 [INFO] PluginManager:220 - loadIPPluginJar : add openamp
2024-10-15 12:14:23,900 [INFO] IPUIPlugin:80 - create IPUIPlugin
2024-10-15 12:14:23,901 [INFO] PluginManager:220 - loadIPPluginJar : add pdm2pcm
2024-10-15 12:14:23,912 [INFO] IPUIPlugin:80 - create IPUIPlugin
2024-10-15 12:14:23,914 [INFO] PluginManager:220 - loadIPPluginJar : add plateformsettings
2024-10-15 12:14:23,939 [INFO] IPUIPlugin:80 - create IPUIPlugin
2024-10-15 12:14:23,940 [INFO] PluginManager:220 - loadIPPluginJar : add quadspi
2024-10-15 12:14:23,960 [INFO] IPUIPlugin:80 - create IPUIPlugin
2024-10-15 12:14:23,961 [INFO] PluginManager:220 - loadIPPluginJar : add radio
2024-10-15 12:14:23,975 [INFO] IPUIPlugin:80 - create IPUIPlugin
2024-10-15 12:14:23,976 [INFO] PluginManager:220 - loadIPPluginJar : add resmgrutility
2024-10-15 12:14:24,013 [INFO] IPUIPlugin:80 - create IPUIPlugin
2024-10-15 12:14:24,013 [INFO] PluginManager:220 - loadIPPluginJar : add sai
2024-10-15 12:14:24,043 [INFO] IPUIPlugin:80 - create IPUIPlugin
2024-10-15 12:14:24,043 [INFO] PluginManager:220 - loadIPPluginJar : add spi
2024-10-15 12:14:24,100 [INFO] IPUIPlugin:80 - create IPUIPlugin
2024-10-15 12:14:24,100 [INFO] PluginManager:220 - loadIPPluginJar : add stm32_wpan
2024-10-15 12:14:24,121 [INFO] IPUIPlugin:80 - create IPUIPlugin
2024-10-15 12:14:24,121 [INFO] PluginManager:220 - loadIPPluginJar : add tim
2024-10-15 12:14:24,161 [INFO] IPUIPlugin:80 - create IPUIPlugin
2024-10-15 12:14:24,161 [INFO] PluginManager:220 - loadIPPluginJar : add touchsensing
2024-10-15 12:14:24,191 [INFO] IPUIPlugin:80 - create IPUIPlugin
2024-10-15 12:14:24,191 [INFO] PluginManager:220 - loadIPPluginJar : add tracer_emb
2024-10-15 12:14:24,211 [INFO] IPUIPlugin:80 - create IPUIPlugin
2024-10-15 12:14:24,211 [INFO] PluginManager:220 - loadIPPluginJar : add ts
2024-10-15 12:14:24,221 [INFO] IPUIPlugin:80 - create IPUIPlugin
2024-10-15 12:14:24,221 [INFO] PluginManager:220 - loadIPPluginJar : add tsc
2024-10-15 12:14:24,251 [INFO] IPUIPlugin:80 - create IPUIPlugin
2024-10-15 12:14:24,251 [INFO] PluginManager:220 - loadIPPluginJar : add ucpd
2024-10-15 12:14:24,281 [INFO] IPUIPlugin:80 - create IPUIPlugin
2024-10-15 12:14:24,281 [INFO] PluginManager:220 - loadIPPluginJar : add usart
2024-10-15 12:14:24,321 [INFO] IPUIPlugin:80 - create IPUIPlugin
2024-10-15 12:14:24,321 [INFO] PluginManager:220 - loadIPPluginJar : add usbx
2024-10-15 12:14:24,439 [INFO] CADModel:165 - CPN selected for project level
2024-10-15 12:14:24,439 [INFO] CADModel:114 - Register for checkConnection events
2024-10-15 12:14:24,439 [FATAL] Updater:334 - Updater called before beeing initialized
2024-10-15 12:14:24,439 [ERROR] CADModel:125 - Updater not yet initialized, retry later 
2024-10-15 12:14:24,574 [INFO] CADModel:165 - CPN selected for project level
2024-10-15 12:14:24,574 [INFO] CADModel:114 - Register for checkConnection events
2024-10-15 12:14:24,574 [FATAL] Updater:334 - Updater called before beeing initialized
2024-10-15 12:14:24,574 [ERROR] CADModel:125 - Updater not yet initialized, retry later 
2024-10-15 12:14:24,574 [FATAL] Updater:334 - Updater called before beeing initialized
2024-10-15 12:14:24,655 [FATAL] Updater:334 - Updater called before beeing initialized
2024-10-15 12:14:24,665 [INFO] DbMcusAds:53 - JSON generation date=Fri Sep 20 06:04:23 PDT 2024 (1726837463113)
2024-10-15 12:14:24,665 [FATAL] Updater:334 - Updater called before beeing initialized
2024-10-15 12:14:24,699 [WARN] DetailPanel:346 - Failed to get advertising image, set to default
2024-10-15 12:14:24,756 [FATAL] Updater:334 - Updater called before beeing initialized
2024-10-15 12:14:24,765 [FATAL] Updater:334 - Updater called before beeing initialized
2024-10-15 12:14:24,765 [FATAL] Updater:334 - Updater called before beeing initialized
2024-10-15 12:14:24,765 [WARN] DetailPanel:346 - Failed to get advertising image, set to default
2024-10-15 12:14:24,767 [FATAL] Updater:334 - Updater called before beeing initialized
2024-10-15 12:14:24,809 [ERROR] Updater:1164 - MainUpdater not yet initialized. External WinMGr cannot be set.
2024-10-15 12:14:24,819 [INFO] Updater:1100 - Updater Version found : 6.12.1
2024-10-15 12:14:24,839 [INFO] ApplicationProperties:184 - Using Application install path: C:\ST\STM32CubeIDE_1.16.1\STM32CubeIDE\plugins\com.st.stm32cube.common.mx_6.12.1.202409122256
2024-10-15 12:14:25,200 [INFO] ThirdPartyUpdaterWithRetryManager:70 - Updater plugin not ready yet. [2/15]
2024-10-15 12:14:26,440 [ERROR] LogOutputStream:75 - [STDERR_REDIRECT] Oct 15, 2024 12:14:26 PM java.util.prefs.WindowsPreferences <init>
2024-10-15 12:14:26,440 [ERROR] LogOutputStream:75 - [STDERR_REDIRECT] WARNING: Could not open/create prefs root node Software\JavaSoft\Prefs at root 0xffffffff80000002. Windows RegCreateKeyEx(...) returned error code 5.
2024-10-15 12:14:26,440 [ERROR] LogOutputStream:75 - [STDERR_REDIRECT] 
2024-10-15 12:14:26,729 [INFO] MainUpdater:2873 - connection check result : 10
2024-10-15 12:14:26,729 [INFO] MainUpdater:290 - Updater Check For Update Now.
2024-10-15 12:14:26,729 [INFO] MicroXplorer:498 - Change Database Version : DB.6.0.121
2024-10-15 12:14:26,745 [INFO] McuFinderGlobals:63 - Set McuFinder mode to 2 (CubeIDE integrated)
2024-10-15 12:14:26,745 [INFO] McuFinderGlobals:63 - Set McuFinder mode to 2 (CubeIDE integrated)
2024-10-15 12:14:26,761 [INFO] UserAuth:417 - Internet connection configuration mode: 1
2024-10-15 12:14:26,761 [INFO] UserAuth:417 - Internet connection configuration mode: 1
2024-10-15 12:14:26,796 [INFO] JxBrowserEngine:152 - Initiate JxBrowser Engine with user profile folder
2024-10-15 12:14:26,965 [INFO] CheckServerUpdateThread:120 - End of CheckServer Thread
2024-10-15 12:14:28,389 [WARN] PackLoader:240 - Cannot read IP mode file for STMicroelectronics.X-CUBE-GNSS1.6.0.0
2024-10-15 12:14:28,439 [WARN] PackLoader:240 - Cannot read IP mode file for STMicroelectronics.X-CUBE-AZRTOS-F4.1.1.0
2024-10-15 12:14:28,466 [WARN] PackLoader:240 - Cannot read IP mode file for wolfSSL.I-CUBE-wolfSSL.5.6.0
2024-10-15 12:14:28,510 [WARN] PackLoader:240 - Cannot read IP mode file for STMicroelectronics.X-CUBE-AZRTOS-F7.1.1.0
2024-10-15 12:14:28,530 [WARN] PackLoader:240 - Cannot read IP mode file for STMicroelectronics.X-CUBE-BLE1.6.2.4
2024-10-15 12:14:28,550 [WARN] PackLoader:240 - Cannot read IP mode file for emotas.I-CUBE-CANOPEN.1.1.3
2024-10-15 12:14:28,570 [WARN] PackLoader:240 - Cannot read IP mode file for STMicroelectronics.X-CUBE-BLEMGR.2.0.0
2024-10-15 12:14:28,590 [WARN] PackLoader:240 - Cannot read IP mode file for STMicroelectronics.X-CUBE-DISPLAY.3.0.0
2024-10-15 12:14:28,610 [WARN] PackLoader:240 - Cannot read IP mode file for STMicroelectronics.X-CUBE-NFC7.1.0.0
2024-10-15 12:14:28,620 [WARN] PackLoader:240 - Cannot read IP mode file for STMicroelectronics.X-CUBE-EEPRMA1.4.1.0
2024-10-15 12:14:28,640 [WARN] PackLoader:240 - Cannot read IP mode file for WES.I-CUBE-Cesium.1.3.0
2024-10-15 12:14:28,650 [WARN] PackLoader:240 - Cannot read IP mode file for STMicroelectronics.X-CUBE-SFXS2LP1.4.0.0
2024-10-15 12:14:28,670 [WARN] PackLoader:240 - Cannot read IP mode file for STMicroelectronics.X-CUBE-BLE2.3.3.0
2024-10-15 12:14:28,690 [WARN] PackLoader:240 - Cannot read IP mode file for STMicroelectronics.X-CUBE-AZRTOS-H7.3.0.0
2024-10-15 12:14:28,711 [WARN] PackLoader:240 - Cannot read IP mode file for STMicroelectronics.X-CUBE-ISPU.1.1.0
2024-10-15 12:14:28,721 [WARN] PackLoader:240 - Cannot read IP mode file for RoweBots.I-CUBE-UNISONRTOS.5.5.0-4
2024-10-15 12:14:28,731 [WARN] PackLoader:240 - Cannot read IP mode file for STMicroelectronics.X-CUBE-AI.8.0.0
2024-10-15 12:14:28,751 [WARN] PackLoader:240 - Cannot read IP mode file for STMicroelectronics.X-CUBE-FREERTOS.1.0.0
2024-10-15 12:14:28,761 [WARN] PackLoader:240 - Cannot read IP mode file for STMicroelectronics.X-CUBE-TOUCHGFX.4.21.3
2024-10-15 12:14:28,771 [WARN] PackLoader:240 - Cannot read IP mode file for STMicroelectronics.X-CUBE-ALGOBUILD.1.3.0
2024-10-15 12:14:28,801 [WARN] PackLoader:240 - Cannot read IP mode file for STMicroelectronics.X-CUBE-AZRTOS-L5.1.1.0
2024-10-15 12:14:28,831 [WARN] PackLoader:240 - Cannot read IP mode file for STMicroelectronics.X-CUBE-AZRTOS-G0.1.1.0
2024-10-15 12:14:28,851 [WARN] PackLoader:240 - Cannot read IP mode file for STMicroelectronics.X-CUBE-SUBG2.5.0.0
2024-10-15 12:14:28,871 [WARN] PackLoader:240 - Cannot read IP mode file for STMicroelectronics.X-CUBE-NFC4.3.0.0
2024-10-15 12:14:28,891 [WARN] PackLoader:240 - Cannot read IP mode file for STMicroelectronics.X-CUBE-TOF1.3.3.0
2024-10-15 12:14:28,911 [WARN] PackLoader:240 - Cannot read IP mode file for STMicroelectronics.FP-ATR-ASTRA1.1.1.1
2024-10-15 12:14:28,931 [WARN] PackLoader:240 - Cannot read IP mode file for STMicroelectronics.X-CUBE-AZRTOS-G4.1.0.0
2024-10-15 12:14:28,951 [WARN] PackLoader:240 - Cannot read IP mode file for STMicroelectronics.FP-ATR-SIGFOX1.3.2.0
2024-10-15 12:14:28,981 [WARN] PackLoader:240 - Cannot read IP mode file for STMicroelectronics.X-CUBE-AZRTOS-L4.1.0.0
2024-10-15 12:14:29,006 [WARN] PackLoader:240 - Cannot read IP mode file for STMicroelectronics.X-CUBE-AZRTOS-WL.1.0.0
2024-10-15 12:14:29,021 [WARN] PackLoader:240 - Cannot read IP mode file for portGmbH.I-Cube-SoM-uGOAL.1.1.0
2024-10-15 12:14:29,031 [WARN] PackLoader:240 - Cannot read IP mode file for STMicroelectronics.X-CUBE-ALS.1.0.1
2024-10-15 12:14:29,102 [WARN] PackLoader:240 - Cannot read IP mode file for STMicroelectronics.X-CUBE-MEMS1.9.5.0
2024-10-15 12:14:29,213 [WARN] PackLoader:240 - Cannot read IP mode file for STMicroelectronics.X-CUBE-AZRTOS-WB.1.1.0
2024-10-15 12:14:29,263 [WARN] PackLoader:240 - Cannot read IP mode file for SEGGER.I-CUBE-embOS.1.3.1
2024-10-15 12:14:29,298 [INFO] ThirdParty:978 - Integrity check success = true
2024-10-15 12:14:29,298 [INFO] IntegrityCheckThread:100 - exiting critical section [integrity check]
2024-10-15 12:14:29,298 [INFO] IntegrityCheckThread:103 - End integrity checks thread
2024-10-15 12:14:36,507 [INFO] WebApp:167 - Instantiating new browser for Auth
2024-10-15 12:14:37,775 [INFO] WebApp:448 - Apply proxy settings
2024-10-15 12:14:37,775 [INFO] WebApp:533 - Chromium requires no authentication
2024-10-15 12:14:37,794 [INFO] WebApp:476 - Direct internet connection detected
2024-10-15 12:14:37,854 [INFO] WebApp:869 - Register for checkConnection events
2024-10-15 12:14:37,854 [INFO] WebApp:448 - Apply proxy settings
2024-10-15 12:14:37,854 [INFO] WebApp:533 - Chromium requires no authentication
2024-10-15 12:14:37,861 [INFO] WebApp:476 - Direct internet connection detected
2024-10-15 12:14:38,076 [INFO] WebApp:186 - Connection restablished
2024-10-15 12:14:38,246 [INFO] WebApp:220 - Starting web application
2024-10-15 12:14:38,246 [INFO] WebApp:578 - Web application path used C:\ST\STM32CubeIDE_1.16.1\STM32CubeIDE\plugins\com.st.stm32cube.common.mx_6.12.1.202409122256\db\plugins\mcufinder\reactClient1\index.html
2024-10-15 12:14:38,439 [INFO] UserAuth:417 - Internet connection configuration mode: 1
2024-10-15 12:14:48,741 [INFO] McuFinderGlobals:63 - Set McuFinder mode to 2 (CubeIDE integrated)
2024-10-15 12:14:48,764 [INFO] MainUpdater:2873 - connection check result : 10
2024-10-15 12:14:49,413 [INFO] ApiDb:581 - Connected to CubeFinder SQLite database (C:\Users\chant\.stmcufinder\plugins\mcufinder\mcu\cube-finder-db.db)
2024-10-15 12:14:49,504 [INFO] ApiDb:668 - CubeFinder database Data Model version=2.1
2024-10-15 12:14:49,504 [INFO] ApiDb:669 - CubeFinder database Configuration version=3.0.39
2024-10-15 12:14:49,504 [INFO] ApiDb:670 - CubeFinder database generation date=2024-09-16 (1726485674)
2024-10-15 12:14:49,504 [INFO] ApiDb:671 - CubeFinder database FW Pack versions=[FP-ATR-ASTRA1_V2.0.0, FP-SNS-FLIGHT1_V5.0.2, FP-SNS-MOTENV1_V5.0.0, FP-SNS-MOTENVWB1_V1.4.0, FP-SNS-SMARTAG2_V1.2.0, FP-SNS-STBOX1_V2.0.0, STM32Cube_FW_C0_V1.2.0, STM32Cube_FW_F4_V1.28.1, STM32Cube_FW_F7_V1.17.2, STM32Cube_FW_G0_V1.6.2, STM32Cube_FW_G4_V1.6.0, STM32Cube_FW_H5_V1.3.0, STM32Cube_FW_H7RS_V1.1.0, STM32Cube_FW_H7_V1.11.2, STM32Cube_FW_L0_V1.12.2, STM32Cube_FW_L5_V1.5.1, STM32Cube_FW_U0_V1.1.0, STM32Cube_FW_U5_V1.6.0, STM32Cube_FW_WB0_V1.0.0, STM32Cube_FW_WBA_V1.4.1, STM32Cube_FW_WB_V1.20.0, STM32Cube_FW_WL_V1.3.0, X-CUBE-ALGOBUILD_V1.4.0, X-CUBE-ALS_V1.0.2, X-CUBE-AZRTOS-F4_V1.1.0, X-CUBE-AZRTOS-F7_V1.1.0, X-CUBE-AZRTOS-G0_V1.1.0, X-CUBE-AZRTOS-G4_V2.0.0, X-CUBE-AZRTOS-H7RS_V1.0.0, X-CUBE-AZRTOS-H7_V3.2.0, X-CUBE-AZRTOS-L4_V2.0.0, X-CUBE-AZRTOS-L5_V2.0.0, X-CUBE-AZRTOS-WB_V2.0.0, X-CUBE-AZRTOS-WL_V2.0.0, X-CUBE-BLE1_V7.0.0, X-CUBE-BLE2_V3.3.0, X-CUBE-BLEMGR_V3.1.0, X-CUBE-EEPRMA1_V5.1.0, X-CUBE-FREERTOS_V1.2.0, X-CUBE-GNSS1_V6.0.0, X-CUBE-MEMS1_V11.0.0, X-CUBE-NFC4_V3.0.0, X-CUBE-NFC7_V1.0.1, X-CUBE-SFXS2LP1_V4.0.0, X-CUBE-SUBG2_V5.0.0, X-CUBE-TOF1_V3.4.2]
2024-10-15 12:14:49,683 [INFO] DbBoardsSqlite:226 - include board P-NUCLEO-WB55-NUCLEO as a kit item of type 'Nucleo-64'
2024-10-15 12:14:49,683 [INFO] DbBoardsSqlite:226 - include board P-NUCLEO-WB55-USBDONGLE as a kit item of type 'Nucleo USB Dongle'
2024-10-15 12:14:49,684 [INFO] DbBoardsSqlite:226 - include board STEVAL-IDP005V1 as a kit item of type 'Evaluation Board'
2024-10-15 12:14:49,685 [INFO] DbBoardsSqlite:226 - include board STEVAL-IDP005V2 as a kit item of type 'Evaluation Board'
2024-10-15 12:14:49,997 [INFO] ApiDb:240 - Found 646 in-development CPN: [B-G473E-ZEST1S, B-WB1M-WPAN1, B-WL5M-SUBG1, NUCLEO-C031C6, NUCLEO-C071RB, NUCLEO-H503RB, NUCLEO-H533RE, NUCLEO-H563ZI, NUCLEO-H7S3L8, NUCLEO-U031R8, NUCLEO-U083RC, NUCLEO-U545RE-Q, NUCLEO-U5A5ZJ-Q, NUCLEO-WB05KZ, NUCLEO-WB07CC, NUCLEO-WB09KE, NUCLEO-WBA52CG, NUCLEO-WBA55CG, STEVAL-PROTEUS1, STEVAL-SMARTAG2, STEVAL-STWINBX1, STM320518-EVAL, STM32C0116-DK, STM32C011D6Y3TR, STM32C011D6Y6TR, STM32C011F4P3, STM32C011F4P6, STM32C011F4U3, STM32C011F4U6TR, STM32C011F6P3, STM32C011F6P6, STM32C011F6U3, STM32C011F6U6TR, STM32C011J4M3, STM32C011J4M6, STM32C011J6M3, STM32C011J6M6, STM32C0316-DK, STM32C031C4T3, STM32C031C4T6, STM32C031C4U3, STM32C031C4U6, STM32C031C6T3, STM32C031C6T6, STM32C031C6U3, STM32C031C6U6, STM32C031F4P3, STM32C031F4P6, STM32C031F6P3, STM32C031F6P6, STM32C031G4U3, STM32C031G4U6, STM32C031G6U3, STM32C031G6U6, STM32C031K4T3, STM32C031K4T6, STM32C031K4U3, STM32C031K4U6, STM32C031K6T3, STM32C031K6T6, STM32C031K6U3, STM32C031K6U6, STM32C071C8T6, STM32C071C8T6N, STM32C071C8U6, STM32C071C8U6N, STM32C071CBT6, STM32C071CBT6N, STM32C071CBU6, STM32C071CBU6N, STM32C071F8P6, STM32C071F8P6N, STM32C071FBP6, STM32C071FBP6N, STM32C071FBY6TR, STM32C071G8U6, STM32C071G8U6N, STM32C071GBU6, STM32C071GBU6N, STM32C071K8T6, STM32C071K8T6N, STM32C071K8U6, STM32C071K8U6N, STM32C071KBT6, STM32C071KBT6N, STM32C071KBU6, STM32C071KBU6N, STM32C071R8T6, STM32C071R8T6N, STM32C071RBI6N, STM32C071RBT6, STM32C071RBT6N, STM32G071K8TXN, STM32G071K8UXN, STM32G081GBU6N, STM32G081KBT6N, STM32G081KBUXN, STM32G0B1CCT6N, STM32G0B1KCT6, STM32G0B1NEY6TR, STM32G0B1RCT6N, STM32G0C1CCT6, STM32G0C1CCT6N, STM32G0C1CCU6N, STM32G0C1CET6N, STM32G0C1CEU6N, STM32G0C1KCT6, STM32G0C1NEY6TR, STM32G0C1RCI6N, STM32G0C1RCT6N, STM32G0C1REI6N, STM32G0C1RET6N, STM32G0C1VCI6, STM32G0C1VEI6, STM32G411C6T3, STM32G411C6T6, STM32G411C6U3, STM32G411C6U6, STM32G411C8T3, STM32G411C8T6, STM32G411C8U3, STM32G411C8U6, STM32G411CBT3, STM32G411CBT6, STM32G411CBU3, STM32G411CBU6, STM32G411K6T3, STM32G411K6T6, STM32G411K6U3, STM32G411K6U6, STM32G411K8T3, STM32G411K8T6, STM32G411K8U3, STM32G411K8U6, STM32G411KBT3, STM32G411KBT6, STM32G411KBU3, STM32G411KBU6, STM32G411M6T3, STM32G411M6T6, STM32G411M8T3, STM32G411M8T6, STM32G411MBT3, STM32G411MBT6, STM32G411R6T3, STM32G411R6T6, STM32G411R8T3, STM32G411R8T6, STM32G411RBT3, STM32G411RBT6, STM32G414CBT3, STM32G414CBT6, STM32G414CBU3, STM32G414CBU6, STM32G414CCT3, STM32G414CCT6, STM32G414CCU3, STM32G414CCU6, STM32G414MBT3, STM32G414MBT6, STM32G414MCT3, STM32G414MCT6, STM32G414RBT3, STM32G414RBT6, STM32G414RCT3, STM32G414RCT6, STM32G414VBT3, STM32G414VBT6, STM32G414VCT3, STM32G414VCT6, STM32G431CBT3Z, STM32G431RBT3Z, STM32G471CCT6, STM32G471CCU6, STM32G471CET3, STM32G471CET6, STM32G471CEU3, STM32G471CEU6, STM32G471MCT6, STM32G471MET3, STM32G471MET6, STM32G471MEY6TR, STM32G471QCT6, STM32G471QET3, STM32G471RCT6, STM32G471RET3, STM32G471RET6, STM32G471VCH6, STM32G471VCI6, STM32G471VCT6, STM32G471VEH3, STM32G471VEH6, STM32G471VEI3, STM32G471VEI6, STM32G471VET3, STM32G471VET6, STM32G473QET3Z, STM32G473RET3Z, STM32G474CCT6, STM32G491RET3Z, STM32H503CBT6, STM32H503CBU6, STM32H503EBY6TR, STM32H503KBU6, STM32H503RBT6, STM32H523CCT6, STM32H523CCU6, STM32H523CET6, STM32H523CEU6, STM32H523HEY6TR, STM32H523RCT6, STM32H523RET6, STM32H523VCI6, STM32H523VCT6, STM32H523VEI6, STM32H523VET6, STM32H523ZCJ6, STM32H523ZCT6, STM32H523ZEJ6, STM32H523ZET6, STM32H533CET6, STM32H533CEU6, STM32H533HEY6TR, STM32H533RET6, STM32H533VEI6, STM32H533VET6, STM32H533ZEJ6, STM32H533ZET6, STM32H562AGI6, STM32H562AII6, STM32H562IGK6, STM32H562IGT6, STM32H562IIK6, STM32H562IIT6, STM32H562RGT6, STM32H562RGV6, STM32H562RIT6, STM32H562RIV6, STM32H562VGT6, STM32H562VIT6, STM32H562ZGT6, STM32H562ZIT6, STM32H563AGI6, STM32H563AII3Q, STM32H563AII6, STM32H563IGK6, STM32H563IGT6, STM32H563IIK3Q, STM32H563IIK6, STM32H563IIT3Q, STM32H563IIT6, STM32H563MIY3QTR, STM32H563RGT6, STM32H563RGV6, STM32H563RIT6, STM32H563RIV6, STM32H563VGT6, STM32H563VIT3Q, STM32H563VIT6, STM32H563ZGT6, STM32H563ZIT3Q, STM32H563ZIT6, STM32H573AII3Q, STM32H573AII6, STM32H573I-DK, STM32H573IIK3Q, STM32H573IIK6, STM32H573IIT3Q, STM32H573IIT6, STM32H573MIY3QTR, STM32H573RIT6, STM32H573RIV6, STM32H573VIT3Q, STM32H573VIT6, STM32H573ZIT3Q, STM32H573ZIT6, STM32H7R3A8I6, STM32H7R3I8K6, STM32H7R3I8T6, STM32H7R3L8H6, STM32H7R3L8H6H, STM32H7R3R8V6, STM32H7R3V8H6, STM32H7R3V8T6, STM32H7R3V8Y6TR, STM32H7R3Z8J6, STM32H7R3Z8T6, STM32H7R7A8I6, STM32H7R7I8K6, STM32H7R7I8T6, STM32H7R7L8H6, STM32H7R7L8H6H, STM32H7R7Z8J6, STM32H7S3A8I6, STM32H7S3I8K6, STM32H7S3I8T6, STM32H7S3L8H6, STM32H7S3L8H6H, STM32H7S3R8V6, STM32H7S3V8H6, STM32H7S3V8T6, STM32H7S3V8Y6TR, STM32H7S3Z8J6, STM32H7S3Z8T6, STM32H7S78-DK, STM32H7S7A8I6, STM32H7S7I8K6, STM32H7S7I8T6, STM32H7S7L8H6, STM32H7S7L8H6H, STM32H7S7Z8J6, STM32L4R5QGI6STR, STM32MP131AAE3, STM32MP131AAF3, STM32MP131AAG3, STM32MP131CAE3, STM32MP131CAF3, STM32MP131CAG3, STM32MP131DAE7, STM32MP131DAF7, STM32MP131DAG7, STM32MP131FAE7, STM32MP131FAF7, STM32MP131FAG7, STM32MP133AAE3, STM32MP133AAF3, STM32MP133AAG3, STM32MP133CAE3, STM32MP133CAF3, STM32MP133CAG3, STM32MP133DAE7, STM32MP133DAF7, STM32MP133DAG7, STM32MP133FAE7, STM32MP133FAF7, STM32MP133FAG7, STM32MP135AAE3, STM32MP135AAF3, STM32MP135AAG3, STM32MP135CAE3, STM32MP135CAF3, STM32MP135CAG3, STM32MP135DAE7, STM32MP135DAF7, STM32MP135DAG7, STM32MP135F-DK, STM32MP135FAE7, STM32MP135FAF7, STM32MP135FAF7T, STM32MP135FAF7U, STM32MP135FAG7, STM32MP251AAI3, STM32MP251AAK3, STM32MP251AAL3, STM32MP251CAI3, STM32MP251CAK3, STM32MP251CAL3, STM32MP251DAI3, STM32MP251DAK3, STM32MP251DAL3, STM32MP251FAI3, STM32MP251FAK3, STM32MP251FAL3, STM32MP253AAI3, STM32MP253AAK3, STM32MP253AAL3, STM32MP253CAI3, STM32MP253CAK3, STM32MP253CAL3, STM32MP253DAI3, STM32MP253DAK3, STM32MP253DAL3, STM32MP253FAI3, STM32MP253FAK3, STM32MP253FAL3, STM32MP255AAI3, STM32MP255AAK3, STM32MP255AAL3, STM32MP255CAI3, STM32MP255CAK3, STM32MP255CAL3, STM32MP255DAI3, STM32MP255DAK3, STM32MP255DAL3, STM32MP255FAI3, STM32MP255FAK3, STM32MP255FAL3, STM32MP257AAI3, STM32MP257AAK3, STM32MP257AAL3, STM32MP257CAI3, STM32MP257CAK3, STM32MP257CAL3, STM32MP257DAI3, STM32MP257DAK3, STM32MP257DAL3, STM32MP257F-DK, STM32MP257F-EV1, STM32MP257FAI3, STM32MP257FAK3, STM32MP257FAL3, STM32U031C6T6, STM32U031C6U6, STM32U031C8T6, STM32U031C8U6, STM32U031F4P6, STM32U031F6P6, STM32U031F8P6, STM32U031G6Y6TR, STM32U031G8Y6TR, STM32U031K4U6, STM32U031K6U6, STM32U031K8U6, STM32U031R6I6, STM32U031R6T6, STM32U031R8I6, STM32U031R8T6, STM32U073C8T6, STM32U073C8U6, STM32U073CBT6, STM32U073CBU6, STM32U073CCT6, STM32U073CCU6, STM32U073H8Y6TR, STM32U073HBY6TR, STM32U073HCY6TR, STM32U073K8U6, STM32U073KBU6, STM32U073KCU6, STM32U073M8I6, STM32U073M8T6, STM32U073MBI6, STM32U073MBT6, STM32U073MCI6, STM32U073MCT6, STM32U073R8I6, STM32U073R8T6, STM32U073RBI6, STM32U073RBT6, STM32U073RCI6, STM32U073RCT6, STM32U083C-DK, STM32U083CCT6, STM32U083CCU6, STM32U083HCY6TR, STM32U083KCU6, STM32U083MCI6, STM32U083MCT6, STM32U083RCI6, STM32U083RCT6, STM32U535CBT6, STM32U535CBT6Q, STM32U535CBU6, STM32U535CBU6Q, STM32U535CCT6, STM32U535CCT6Q, STM32U535CCU6, STM32U535CCU6Q, STM32U535CET6, STM32U535CET6Q, STM32U535CEU6, STM32U535CEU6Q, STM32U535JEY6QTR, STM32U535NCY6QTR, STM32U535NEY6QTR, STM32U535RBI6, STM32U535RBI6Q, STM32U535RBT6, STM32U535RBT6Q, STM32U535RCI6, STM32U535RCI6Q, STM32U535RCT6, STM32U535RCT6Q, STM32U535REI6, STM32U535REI6Q, STM32U535RET6, STM32U535RET6Q, STM32U535VCI6, STM32U535VCI6Q, STM32U535VCT6, STM32U535VCT6Q, STM32U535VEI6, STM32U535VEI6Q, STM32U535VET6, STM32U535VET6Q, STM32U545CET6, STM32U545CET6Q, STM32U545CEU6, STM32U545CEU6Q, STM32U545JEY6QTR, STM32U545NEY6QTR, STM32U545REI6, STM32U545REI6Q, STM32U545RET6, STM32U545RET6Q, STM32U545VEI6, STM32U545VEI6Q, STM32U545VET6, STM32U545VET6Q, STM32U595AIH6, STM32U595AIH6Q, STM32U595AJH6, STM32U595AJH6Q, STM32U595QII6, STM32U595QII6Q, STM32U595QJI6, STM32U595QJI6Q, STM32U595RIT6, STM32U595RIT6Q, STM32U595RJT6, STM32U595RJT6Q, STM32U595VIT6, STM32U595VIT6Q, STM32U595VJT6, STM32U595VJT6Q, STM32U595ZIT6, STM32U595ZIT6Q, STM32U595ZIY6QTR, STM32U595ZJT6, STM32U595ZJT6Q, STM32U595ZJY6QTR, STM32U599BJY6QTR, STM32U599NIH6Q, STM32U599NJH6Q, STM32U599VIT6Q, STM32U599VJT6, STM32U599VJT6Q, STM32U599ZIT6Q, STM32U599ZIY6QTR, STM32U599ZJT6Q, STM32U599ZJY6QTR, STM32U5A5AJH6, STM32U5A5AJH6Q, STM32U5A5QII3Q , STM32U5A5QJI6, STM32U5A5QJI6Q, STM32U5A5RJT6, STM32U5A5RJT6Q, STM32U5A5VJT6, STM32U5A5VJT6Q, STM32U5A5ZJT6, STM32U5A5ZJT6Q, STM32U5A5ZJY6QTR, STM32U5A9BJY6QTR, STM32U5A9J-DK, STM32U5A9NJH6Q, STM32U5A9VJT6Q, STM32U5A9ZJT6Q, STM32U5A9ZJY6QTR, STM32U5F7VIT6, STM32U5F7VIT6Q, STM32U5F7VJT6, STM32U5F7VJT6Q, STM32U5F9BJY6QTR, STM32U5F9NJH6Q, STM32U5F9VIT6Q, STM32U5F9VJT6Q, STM32U5F9ZIJ6QTR, STM32U5F9ZIT6Q, STM32U5F9ZJJ6QTR, STM32U5F9ZJT6Q, STM32U5G7VJT6, STM32U5G7VJT6Q, STM32U5G9BJY6QTR, STM32U5G9J-DK1, STM32U5G9J-DK2, STM32U5G9NJH6Q, STM32U5G9VJT6Q, STM32U5G9ZJJ6QTR, STM32U5G9ZJT6Q, STM32WB05KZV6TR, STM32WB05KZV7TR, STM32WB05TZF6TR, STM32WB05TZF7TR, STM32WB06CCF6TR, STM32WB06CCF7TR, STM32WB06CCV6TR, STM32WB06CCV7TR, STM32WB06KCV6TR, STM32WB06KCV7TR, STM32WB07CCF6TR, STM32WB07CCF7TR, STM32WB07CCV6TR, STM32WB07CCV7TR, STM32WB07KCV6TR, STM32WB07KCV7TR, STM32WB09KEV6TR, STM32WB09KEV7TR, STM32WB09TEF6TR, STM32WB09TEF7TR, STM32WB1MMCH6, STM32WBA50KGU6, STM32WBA50KGU6TR, STM32WBA52CEU6, STM32WBA52CEU6TR, STM32WBA52CEU7, STM32WBA52CEU7TR, STM32WBA52CGU6, STM32WBA52CGU6TR, STM32WBA52CGU6U, STM32WBA52CGU7, STM32WBA52CGU7TR, STM32WBA52KEU6, STM32WBA52KEU6TR, STM32WBA52KGU6, STM32WBA52KGU6TR, STM32WBA54CEU6, STM32WBA54CEU6TR, STM32WBA54CEU7, STM32WBA54CEU7TR, STM32WBA54CGU6, STM32WBA54CGU6TR, STM32WBA54CGU7, STM32WBA54CGU7TR, STM32WBA54KEU6, STM32WBA54KEU6TR, STM32WBA54KEU7, STM32WBA54KEU7TR, STM32WBA54KGU6, STM32WBA54KGU6TR, STM32WBA54KGU7, STM32WBA54KGU7TR, STM32WBA55CEU6, STM32WBA55CEU6TR, STM32WBA55CEU7, STM32WBA55CEU7TR, STM32WBA55CGU6, STM32WBA55CGU6TR, STM32WBA55CGU6U, STM32WBA55CGU7, STM32WBA55CGU7TR, STM32WBA55G-DK1, STM32WBA55HEF6, STM32WBA55HEF7, STM32WBA55HGF6, STM32WBA55HGF7, STM32WBA55UEI6, STM32WBA55UEI6TR, STM32WBA55UEI7, STM32WBA55UEI7TR, STM32WBA55UGI6, STM32WBA55UGI6TR, STM32WBA55UGI7, STM32WBA55UGI7TR, STM32WL5MOCH6, STM32WL5MOCH6TR]
2024-10-15 12:14:50,137 [INFO] BoardInfo:889 - No configuration file found for board P-NUCLEO-WB55
2024-10-15 12:14:50,138 [INFO] DbBoards:161 - Kit is not supported: P-NUCLEO-WB55
2024-10-15 12:14:50,142 [INFO] BoardInfo:889 - No configuration file found for board STEVAL-BFA001V1B
2024-10-15 12:14:50,143 [INFO] DbBoards:161 - Kit is not supported: STEVAL-BFA001V1B
2024-10-15 12:14:50,145 [INFO] BoardInfo:889 - No configuration file found for board STEVAL-BFA001V2B
2024-10-15 12:14:50,146 [INFO] DbBoards:161 - Kit is not supported: STEVAL-BFA001V2B
2024-10-15 12:14:50,280 [INFO] DbBoards:168 - Found 201 boards, 198 are supported
2024-10-15 12:14:50,280 [INFO] DbBoards:169 - Found 201 boards, 25 of them is supported for  Bsp
2024-10-15 12:14:50,283 [INFO] ApiDb:668 - CubeFinder database Data Model version=2.1
2024-10-15 12:14:50,283 [INFO] ApiDb:669 - CubeFinder database Configuration version=3.0.39
2024-10-15 12:14:50,284 [INFO] ApiDb:670 - CubeFinder database generation date=2024-09-16 (1726485674)
2024-10-15 12:14:50,284 [INFO] ApiDb:671 - CubeFinder database FW Pack versions=[FP-ATR-ASTRA1_V2.0.0, FP-SNS-FLIGHT1_V5.0.2, FP-SNS-MOTENV1_V5.0.0, FP-SNS-MOTENVWB1_V1.4.0, FP-SNS-SMARTAG2_V1.2.0, FP-SNS-STBOX1_V2.0.0, STM32Cube_FW_C0_V1.2.0, STM32Cube_FW_F4_V1.28.1, STM32Cube_FW_F7_V1.17.2, STM32Cube_FW_G0_V1.6.2, STM32Cube_FW_G4_V1.6.0, STM32Cube_FW_H5_V1.3.0, STM32Cube_FW_H7RS_V1.1.0, STM32Cube_FW_H7_V1.11.2, STM32Cube_FW_L0_V1.12.2, STM32Cube_FW_L5_V1.5.1, STM32Cube_FW_U0_V1.1.0, STM32Cube_FW_U5_V1.6.0, STM32Cube_FW_WB0_V1.0.0, STM32Cube_FW_WBA_V1.4.1, STM32Cube_FW_WB_V1.20.0, STM32Cube_FW_WL_V1.3.0, X-CUBE-ALGOBUILD_V1.4.0, X-CUBE-ALS_V1.0.2, X-CUBE-AZRTOS-F4_V1.1.0, X-CUBE-AZRTOS-F7_V1.1.0, X-CUBE-AZRTOS-G0_V1.1.0, X-CUBE-AZRTOS-G4_V2.0.0, X-CUBE-AZRTOS-H7RS_V1.0.0, X-CUBE-AZRTOS-H7_V3.2.0, X-CUBE-AZRTOS-L4_V2.0.0, X-CUBE-AZRTOS-L5_V2.0.0, X-CUBE-AZRTOS-WB_V2.0.0, X-CUBE-AZRTOS-WL_V2.0.0, X-CUBE-BLE1_V7.0.0, X-CUBE-BLE2_V3.3.0, X-CUBE-BLEMGR_V3.1.0, X-CUBE-EEPRMA1_V5.1.0, X-CUBE-FREERTOS_V1.2.0, X-CUBE-GNSS1_V6.0.0, X-CUBE-MEMS1_V11.0.0, X-CUBE-NFC4_V3.0.0, X-CUBE-NFC7_V1.0.1, X-CUBE-SFXS2LP1_V4.0.0, X-CUBE-SUBG2_V5.0.0, X-CUBE-TOF1_V3.4.2]
2024-10-15 12:14:51,960 [INFO] ApiDb:240 - Found 646 in-development CPN: [B-G473E-ZEST1S, B-WB1M-WPAN1, B-WL5M-SUBG1, NUCLEO-C031C6, NUCLEO-C071RB, NUCLEO-H503RB, NUCLEO-H533RE, NUCLEO-H563ZI, NUCLEO-H7S3L8, NUCLEO-U031R8, NUCLEO-U083RC, NUCLEO-U545RE-Q, NUCLEO-U5A5ZJ-Q, NUCLEO-WB05KZ, NUCLEO-WB07CC, NUCLEO-WB09KE, NUCLEO-WBA52CG, NUCLEO-WBA55CG, STEVAL-PROTEUS1, STEVAL-SMARTAG2, STEVAL-STWINBX1, STM320518-EVAL, STM32C0116-DK, STM32C011D6Y3TR, STM32C011D6Y6TR, STM32C011F4P3, STM32C011F4P6, STM32C011F4U3, STM32C011F4U6TR, STM32C011F6P3, STM32C011F6P6, STM32C011F6U3, STM32C011F6U6TR, STM32C011J4M3, STM32C011J4M6, STM32C011J6M3, STM32C011J6M6, STM32C0316-DK, STM32C031C4T3, STM32C031C4T6, STM32C031C4U3, STM32C031C4U6, STM32C031C6T3, STM32C031C6T6, STM32C031C6U3, STM32C031C6U6, STM32C031F4P3, STM32C031F4P6, STM32C031F6P3, STM32C031F6P6, STM32C031G4U3, STM32C031G4U6, STM32C031G6U3, STM32C031G6U6, STM32C031K4T3, STM32C031K4T6, STM32C031K4U3, STM32C031K4U6, STM32C031K6T3, STM32C031K6T6, STM32C031K6U3, STM32C031K6U6, STM32C071C8T6, STM32C071C8T6N, STM32C071C8U6, STM32C071C8U6N, STM32C071CBT6, STM32C071CBT6N, STM32C071CBU6, STM32C071CBU6N, STM32C071F8P6, STM32C071F8P6N, STM32C071FBP6, STM32C071FBP6N, STM32C071FBY6TR, STM32C071G8U6, STM32C071G8U6N, STM32C071GBU6, STM32C071GBU6N, STM32C071K8T6, STM32C071K8T6N, STM32C071K8U6, STM32C071K8U6N, STM32C071KBT6, STM32C071KBT6N, STM32C071KBU6, STM32C071KBU6N, STM32C071R8T6, STM32C071R8T6N, STM32C071RBI6N, STM32C071RBT6, STM32C071RBT6N, STM32G071K8TXN, STM32G071K8UXN, STM32G081GBU6N, STM32G081KBT6N, STM32G081KBUXN, STM32G0B1CCT6N, STM32G0B1KCT6, STM32G0B1NEY6TR, STM32G0B1RCT6N, STM32G0C1CCT6, STM32G0C1CCT6N, STM32G0C1CCU6N, STM32G0C1CET6N, STM32G0C1CEU6N, STM32G0C1KCT6, STM32G0C1NEY6TR, STM32G0C1RCI6N, STM32G0C1RCT6N, STM32G0C1REI6N, STM32G0C1RET6N, STM32G0C1VCI6, STM32G0C1VEI6, STM32G411C6T3, STM32G411C6T6, STM32G411C6U3, STM32G411C6U6, STM32G411C8T3, STM32G411C8T6, STM32G411C8U3, STM32G411C8U6, STM32G411CBT3, STM32G411CBT6, STM32G411CBU3, STM32G411CBU6, STM32G411K6T3, STM32G411K6T6, STM32G411K6U3, STM32G411K6U6, STM32G411K8T3, STM32G411K8T6, STM32G411K8U3, STM32G411K8U6, STM32G411KBT3, STM32G411KBT6, STM32G411KBU3, STM32G411KBU6, STM32G411M6T3, STM32G411M6T6, STM32G411M8T3, STM32G411M8T6, STM32G411MBT3, STM32G411MBT6, STM32G411R6T3, STM32G411R6T6, STM32G411R8T3, STM32G411R8T6, STM32G411RBT3, STM32G411RBT6, STM32G414CBT3, STM32G414CBT6, STM32G414CBU3, STM32G414CBU6, STM32G414CCT3, STM32G414CCT6, STM32G414CCU3, STM32G414CCU6, STM32G414MBT3, STM32G414MBT6, STM32G414MCT3, STM32G414MCT6, STM32G414RBT3, STM32G414RBT6, STM32G414RCT3, STM32G414RCT6, STM32G414VBT3, STM32G414VBT6, STM32G414VCT3, STM32G414VCT6, STM32G431CBT3Z, STM32G431RBT3Z, STM32G471CCT6, STM32G471CCU6, STM32G471CET3, STM32G471CET6, STM32G471CEU3, STM32G471CEU6, STM32G471MCT6, STM32G471MET3, STM32G471MET6, STM32G471MEY6TR, STM32G471QCT6, STM32G471QET3, STM32G471RCT6, STM32G471RET3, STM32G471RET6, STM32G471VCH6, STM32G471VCI6, STM32G471VCT6, STM32G471VEH3, STM32G471VEH6, STM32G471VEI3, STM32G471VEI6, STM32G471VET3, STM32G471VET6, STM32G473QET3Z, STM32G473RET3Z, STM32G474CCT6, STM32G491RET3Z, STM32H503CBT6, STM32H503CBU6, STM32H503EBY6TR, STM32H503KBU6, STM32H503RBT6, STM32H523CCT6, STM32H523CCU6, STM32H523CET6, STM32H523CEU6, STM32H523HEY6TR, STM32H523RCT6, STM32H523RET6, STM32H523VCI6, STM32H523VCT6, STM32H523VEI6, STM32H523VET6, STM32H523ZCJ6, STM32H523ZCT6, STM32H523ZEJ6, STM32H523ZET6, STM32H533CET6, STM32H533CEU6, STM32H533HEY6TR, STM32H533RET6, STM32H533VEI6, STM32H533VET6, STM32H533ZEJ6, STM32H533ZET6, STM32H562AGI6, STM32H562AII6, STM32H562IGK6, STM32H562IGT6, STM32H562IIK6, STM32H562IIT6, STM32H562RGT6, STM32H562RGV6, STM32H562RIT6, STM32H562RIV6, STM32H562VGT6, STM32H562VIT6, STM32H562ZGT6, STM32H562ZIT6, STM32H563AGI6, STM32H563AII3Q, STM32H563AII6, STM32H563IGK6, STM32H563IGT6, STM32H563IIK3Q, STM32H563IIK6, STM32H563IIT3Q, STM32H563IIT6, STM32H563MIY3QTR, STM32H563RGT6, STM32H563RGV6, STM32H563RIT6, STM32H563RIV6, STM32H563VGT6, STM32H563VIT3Q, STM32H563VIT6, STM32H563ZGT6, STM32H563ZIT3Q, STM32H563ZIT6, STM32H573AII3Q, STM32H573AII6, STM32H573I-DK, STM32H573IIK3Q, STM32H573IIK6, STM32H573IIT3Q, STM32H573IIT6, STM32H573MIY3QTR, STM32H573RIT6, STM32H573RIV6, STM32H573VIT3Q, STM32H573VIT6, STM32H573ZIT3Q, STM32H573ZIT6, STM32H7R3A8I6, STM32H7R3I8K6, STM32H7R3I8T6, STM32H7R3L8H6, STM32H7R3L8H6H, STM32H7R3R8V6, STM32H7R3V8H6, STM32H7R3V8T6, STM32H7R3V8Y6TR, STM32H7R3Z8J6, STM32H7R3Z8T6, STM32H7R7A8I6, STM32H7R7I8K6, STM32H7R7I8T6, STM32H7R7L8H6, STM32H7R7L8H6H, STM32H7R7Z8J6, STM32H7S3A8I6, STM32H7S3I8K6, STM32H7S3I8T6, STM32H7S3L8H6, STM32H7S3L8H6H, STM32H7S3R8V6, STM32H7S3V8H6, STM32H7S3V8T6, STM32H7S3V8Y6TR, STM32H7S3Z8J6, STM32H7S3Z8T6, STM32H7S78-DK, STM32H7S7A8I6, STM32H7S7I8K6, STM32H7S7I8T6, STM32H7S7L8H6, STM32H7S7L8H6H, STM32H7S7Z8J6, STM32L4R5QGI6STR, STM32MP131AAE3, STM32MP131AAF3, STM32MP131AAG3, STM32MP131CAE3, STM32MP131CAF3, STM32MP131CAG3, STM32MP131DAE7, STM32MP131DAF7, STM32MP131DAG7, STM32MP131FAE7, STM32MP131FAF7, STM32MP131FAG7, STM32MP133AAE3, STM32MP133AAF3, STM32MP133AAG3, STM32MP133CAE3, STM32MP133CAF3, STM32MP133CAG3, STM32MP133DAE7, STM32MP133DAF7, STM32MP133DAG7, STM32MP133FAE7, STM32MP133FAF7, STM32MP133FAG7, STM32MP135AAE3, STM32MP135AAF3, STM32MP135AAG3, STM32MP135CAE3, STM32MP135CAF3, STM32MP135CAG3, STM32MP135DAE7, STM32MP135DAF7, STM32MP135DAG7, STM32MP135F-DK, STM32MP135FAE7, STM32MP135FAF7, STM32MP135FAF7T, STM32MP135FAF7U, STM32MP135FAG7, STM32MP251AAI3, STM32MP251AAK3, STM32MP251AAL3, STM32MP251CAI3, STM32MP251CAK3, STM32MP251CAL3, STM32MP251DAI3, STM32MP251DAK3, STM32MP251DAL3, STM32MP251FAI3, STM32MP251FAK3, STM32MP251FAL3, STM32MP253AAI3, STM32MP253AAK3, STM32MP253AAL3, STM32MP253CAI3, STM32MP253CAK3, STM32MP253CAL3, STM32MP253DAI3, STM32MP253DAK3, STM32MP253DAL3, STM32MP253FAI3, STM32MP253FAK3, STM32MP253FAL3, STM32MP255AAI3, STM32MP255AAK3, STM32MP255AAL3, STM32MP255CAI3, STM32MP255CAK3, STM32MP255CAL3, STM32MP255DAI3, STM32MP255DAK3, STM32MP255DAL3, STM32MP255FAI3, STM32MP255FAK3, STM32MP255FAL3, STM32MP257AAI3, STM32MP257AAK3, STM32MP257AAL3, STM32MP257CAI3, STM32MP257CAK3, STM32MP257CAL3, STM32MP257DAI3, STM32MP257DAK3, STM32MP257DAL3, STM32MP257F-DK, STM32MP257F-EV1, STM32MP257FAI3, STM32MP257FAK3, STM32MP257FAL3, STM32U031C6T6, STM32U031C6U6, STM32U031C8T6, STM32U031C8U6, STM32U031F4P6, STM32U031F6P6, STM32U031F8P6, STM32U031G6Y6TR, STM32U031G8Y6TR, STM32U031K4U6, STM32U031K6U6, STM32U031K8U6, STM32U031R6I6, STM32U031R6T6, STM32U031R8I6, STM32U031R8T6, STM32U073C8T6, STM32U073C8U6, STM32U073CBT6, STM32U073CBU6, STM32U073CCT6, STM32U073CCU6, STM32U073H8Y6TR, STM32U073HBY6TR, STM32U073HCY6TR, STM32U073K8U6, STM32U073KBU6, STM32U073KCU6, STM32U073M8I6, STM32U073M8T6, STM32U073MBI6, STM32U073MBT6, STM32U073MCI6, STM32U073MCT6, STM32U073R8I6, STM32U073R8T6, STM32U073RBI6, STM32U073RBT6, STM32U073RCI6, STM32U073RCT6, STM32U083C-DK, STM32U083CCT6, STM32U083CCU6, STM32U083HCY6TR, STM32U083KCU6, STM32U083MCI6, STM32U083MCT6, STM32U083RCI6, STM32U083RCT6, STM32U535CBT6, STM32U535CBT6Q, STM32U535CBU6, STM32U535CBU6Q, STM32U535CCT6, STM32U535CCT6Q, STM32U535CCU6, STM32U535CCU6Q, STM32U535CET6, STM32U535CET6Q, STM32U535CEU6, STM32U535CEU6Q, STM32U535JEY6QTR, STM32U535NCY6QTR, STM32U535NEY6QTR, STM32U535RBI6, STM32U535RBI6Q, STM32U535RBT6, STM32U535RBT6Q, STM32U535RCI6, STM32U535RCI6Q, STM32U535RCT6, STM32U535RCT6Q, STM32U535REI6, STM32U535REI6Q, STM32U535RET6, STM32U535RET6Q, STM32U535VCI6, STM32U535VCI6Q, STM32U535VCT6, STM32U535VCT6Q, STM32U535VEI6, STM32U535VEI6Q, STM32U535VET6, STM32U535VET6Q, STM32U545CET6, STM32U545CET6Q, STM32U545CEU6, STM32U545CEU6Q, STM32U545JEY6QTR, STM32U545NEY6QTR, STM32U545REI6, STM32U545REI6Q, STM32U545RET6, STM32U545RET6Q, STM32U545VEI6, STM32U545VEI6Q, STM32U545VET6, STM32U545VET6Q, STM32U595AIH6, STM32U595AIH6Q, STM32U595AJH6, STM32U595AJH6Q, STM32U595QII6, STM32U595QII6Q, STM32U595QJI6, STM32U595QJI6Q, STM32U595RIT6, STM32U595RIT6Q, STM32U595RJT6, STM32U595RJT6Q, STM32U595VIT6, STM32U595VIT6Q, STM32U595VJT6, STM32U595VJT6Q, STM32U595ZIT6, STM32U595ZIT6Q, STM32U595ZIY6QTR, STM32U595ZJT6, STM32U595ZJT6Q, STM32U595ZJY6QTR, STM32U599BJY6QTR, STM32U599NIH6Q, STM32U599NJH6Q, STM32U599VIT6Q, STM32U599VJT6, STM32U599VJT6Q, STM32U599ZIT6Q, STM32U599ZIY6QTR, STM32U599ZJT6Q, STM32U599ZJY6QTR, STM32U5A5AJH6, STM32U5A5AJH6Q, STM32U5A5QII3Q , STM32U5A5QJI6, STM32U5A5QJI6Q, STM32U5A5RJT6, STM32U5A5RJT6Q, STM32U5A5VJT6, STM32U5A5VJT6Q, STM32U5A5ZJT6, STM32U5A5ZJT6Q, STM32U5A5ZJY6QTR, STM32U5A9BJY6QTR, STM32U5A9J-DK, STM32U5A9NJH6Q, STM32U5A9VJT6Q, STM32U5A9ZJT6Q, STM32U5A9ZJY6QTR, STM32U5F7VIT6, STM32U5F7VIT6Q, STM32U5F7VJT6, STM32U5F7VJT6Q, STM32U5F9BJY6QTR, STM32U5F9NJH6Q, STM32U5F9VIT6Q, STM32U5F9VJT6Q, STM32U5F9ZIJ6QTR, STM32U5F9ZIT6Q, STM32U5F9ZJJ6QTR, STM32U5F9ZJT6Q, STM32U5G7VJT6, STM32U5G7VJT6Q, STM32U5G9BJY6QTR, STM32U5G9J-DK1, STM32U5G9J-DK2, STM32U5G9NJH6Q, STM32U5G9VJT6Q, STM32U5G9ZJJ6QTR, STM32U5G9ZJT6Q, STM32WB05KZV6TR, STM32WB05KZV7TR, STM32WB05TZF6TR, STM32WB05TZF7TR, STM32WB06CCF6TR, STM32WB06CCF7TR, STM32WB06CCV6TR, STM32WB06CCV7TR, STM32WB06KCV6TR, STM32WB06KCV7TR, STM32WB07CCF6TR, STM32WB07CCF7TR, STM32WB07CCV6TR, STM32WB07CCV7TR, STM32WB07KCV6TR, STM32WB07KCV7TR, STM32WB09KEV6TR, STM32WB09KEV7TR, STM32WB09TEF6TR, STM32WB09TEF7TR, STM32WB1MMCH6, STM32WBA50KGU6, STM32WBA50KGU6TR, STM32WBA52CEU6, STM32WBA52CEU6TR, STM32WBA52CEU7, STM32WBA52CEU7TR, STM32WBA52CGU6, STM32WBA52CGU6TR, STM32WBA52CGU6U, STM32WBA52CGU7, STM32WBA52CGU7TR, STM32WBA52KEU6, STM32WBA52KEU6TR, STM32WBA52KGU6, STM32WBA52KGU6TR, STM32WBA54CEU6, STM32WBA54CEU6TR, STM32WBA54CEU7, STM32WBA54CEU7TR, STM32WBA54CGU6, STM32WBA54CGU6TR, STM32WBA54CGU7, STM32WBA54CGU7TR, STM32WBA54KEU6, STM32WBA54KEU6TR, STM32WBA54KEU7, STM32WBA54KEU7TR, STM32WBA54KGU6, STM32WBA54KGU6TR, STM32WBA54KGU7, STM32WBA54KGU7TR, STM32WBA55CEU6, STM32WBA55CEU6TR, STM32WBA55CEU7, STM32WBA55CEU7TR, STM32WBA55CGU6, STM32WBA55CGU6TR, STM32WBA55CGU6U, STM32WBA55CGU7, STM32WBA55CGU7TR, STM32WBA55G-DK1, STM32WBA55HEF6, STM32WBA55HEF7, STM32WBA55HGF6, STM32WBA55HGF7, STM32WBA55UEI6, STM32WBA55UEI6TR, STM32WBA55UEI7, STM32WBA55UEI7TR, STM32WBA55UGI6, STM32WBA55UGI6TR, STM32WBA55UGI7, STM32WBA55UGI7TR, STM32WL5MOCH6, STM32WL5MOCH6TR]
2024-10-15 12:14:51,967 [INFO] DbMcus:218 - Found 4252 MCUs, 4252 are supported
2024-10-15 12:14:51,968 [INFO] ApiDb:423 - Load user favorites file C:\Users\chant/.stm32cubeide/favorites.mcus.txt: 0 item(s)
2024-10-15 12:14:51,968 [INFO] ApiDb:427 - User favorites MCUs=[]
2024-10-15 12:14:51,968 [INFO] DbMcus:224 - Set 0 / 0 favorites MCUs
2024-10-15 12:14:52,206 [INFO] ApiDb:414 - User favorites file not found: C:\Users\chant/.stm32cubeide/favorites.boards.txt
2024-10-15 12:14:52,206 [INFO] DbBoards:198 - Set 0 / 0 favorites Boards
2024-10-15 12:14:52,207 [INFO] McuFinderGlobals:76 - Set McuFinderConnectedMode to true
2024-10-15 12:14:52,220 [INFO] MultiScanPanel:200 - Auto-refresh data requested => check proxy status ongoing
2024-10-15 12:14:52,224 [INFO] FinderPluginLoader:95 - Searching for filters in installed packs
2024-10-15 12:14:53,463 [INFO] LoadUrlFilesThread:185 - End of LoadServerUrlFiles without Thread
2024-10-15 12:14:53,501 [INFO] DetailPanel:341 - Set advertising image to C:/Users/chant/STM32Cube/Repository/\en.prom-stm32c071-usb-memories-mcu-finder.png
2024-10-15 12:17:07,287 [INFO] MainUpdater:2873 - connection check result : 10
2024-10-15 12:17:07,287 [INFO] MainUpdater:2873 - connection check result : 10
2024-10-15 12:17:07,381 [INFO] RulesReader:64 - Compatibility file has been processed (297 Rules)
2024-10-15 12:17:07,391 [INFO] RulesReader:64 - Compatibility file has been processed (297 Rules)
2024-10-15 12:17:07,394 [INFO] MicroXplorer:468 - Change Database Path : 
2024-10-15 12:17:07,394 [INFO] MicroXplorer:498 - Change Database Version : DB.6.0.121
2024-10-15 12:17:07,403 [WARN] ThirdParty:871 - waiting for thirdparty lock release [close project]
2024-10-15 12:17:07,404 [INFO] ThirdParty:873 - entering critical section [close project]
2024-10-15 12:17:07,405 [INFO] ThirdParty:883 - exiting critical section [close project]
2024-10-15 12:17:07,406 [INFO] PinOutPanel:1561 - setPackage(No Configuration,No Configuration)
2024-10-15 12:17:07,409 [INFO] UtilMem:75 - Begin LoadConfig() Used Memory: 654461544 Bytes (911212544)
2024-10-15 12:17:07,410 [INFO] MicroXplorer:468 - Change Database Path : 
2024-10-15 12:17:07,410 [INFO] MicroXplorer:498 - Change Database Version : DB.6.0.121
2024-10-15 12:17:07,411 [INFO] OpenFileManager:332 - Change cursor
2024-10-15 12:17:07,508 [INFO] Mcu:2032 - Initializing MCU STM32F103C8Tx STM32F103C8Tx STM32F103C8T6
2024-10-15 12:17:08,453 [INFO] Context:742 - Trying to add GPIOservice into a context  which must be forbidden
2024-10-15 12:17:08,726 [INFO] ImportTextPane:205 - (OptionalMessage_ERROR) Unable to find key (Mcu.ThirdPartyNb) in loaded IOC file
2024-10-15 12:17:08,726 [INFO] ImportTextPane:205 - (OptionalMessage_ERROR) Unable to find key (Mcu.PinsNb) in loaded IOC file
2024-10-15 12:17:08,726 [INFO] ImportTextPane:205 - (OptionalMessage_ERROR) Unable to find key (Mcu.IPNb) in loaded IOC file
2024-10-15 12:17:08,778 [INFO] RtosManager:555 - Registered RTOS mode: class=CMSIS, group=RTOS, mode=CMSIS_V1, owner=FREERTOS
2024-10-15 12:17:08,779 [INFO] RtosManager:555 - Registered RTOS mode: class=CMSIS, group=RTOS2, mode=CMSIS_V2, owner=FREERTOS
2024-10-15 12:17:08,779 [INFO] RtosManager:555 - Registered RTOS mode: class=RTOS, group=Core, mode=CMSIS_V1, owner=FREERTOS
2024-10-15 12:17:08,779 [INFO] RtosManager:555 - Registered RTOS mode: class=RTOS, group=Core, mode=CMSIS_V2, owner=FREERTOS
2024-10-15 12:17:08,779 [WARN] ModelIntegratedComponent:184 - Missing modes for component STMicroelectronics:FreeRTOS:0.0.1:STMicroelectronics:RTOS:FreeRTOS:Core:::10.2.0:
2024-10-15 12:17:08,799 [WARN] ModelIntegratedComponent:63 - No mode defined for component null
2024-10-15 12:17:08,799 [WARN] ModelIntegratedComponent:63 - No mode defined for component null
2024-10-15 12:17:08,799 [WARN] ModelIntegratedComponent:63 - No mode defined for component null
2024-10-15 12:17:08,799 [WARN] ModelIntegratedComponent:63 - No mode defined for component null
2024-10-15 12:17:08,799 [WARN] ModelIntegratedComponent:63 - No mode defined for component null
2024-10-15 12:17:08,799 [WARN] ModelIntegratedComponent:63 - No mode defined for component null
2024-10-15 12:17:08,799 [WARN] ModelIntegratedComponent:63 - No mode defined for component null
2024-10-15 12:17:08,799 [WARN] ModelIntegratedComponent:63 - No mode defined for component null
2024-10-15 12:17:08,799 [WARN] ModelIntegratedComponent:63 - No mode defined for component null
2024-10-15 12:17:08,799 [WARN] ModelIntegratedComponent:63 - No mode defined for component null
2024-10-15 12:17:08,799 [WARN] ModelIntegratedComponent:63 - No mode defined for component null
2024-10-15 12:17:08,799 [WARN] ModelIntegratedComponent:63 - No mode defined for component null
2024-10-15 12:17:08,799 [WARN] ModelIntegratedComponent:63 - No mode defined for component null
2024-10-15 12:17:08,799 [WARN] ModelIntegratedComponent:63 - No mode defined for component null
2024-10-15 12:17:08,799 [WARN] ModelIntegratedComponent:63 - No mode defined for component null
2024-10-15 12:17:08,799 [WARN] ModelIntegratedComponent:63 - No mode defined for component null
2024-10-15 12:17:08,799 [WARN] ModelIntegratedComponent:63 - No mode defined for component null
2024-10-15 12:17:08,799 [WARN] ModelIntegratedComponent:63 - No mode defined for component null
2024-10-15 12:17:08,799 [WARN] ModelIntegratedComponent:63 - No mode defined for component null
2024-10-15 12:17:08,799 [WARN] ModelIntegratedComponent:63 - No mode defined for component null
2024-10-15 12:17:08,800 [WARN] ModelIntegratedComponent:63 - No mode defined for component null
2024-10-15 12:17:08,800 [WARN] ModelIntegratedComponent:63 - No mode defined for component null
2024-10-15 12:17:08,800 [WARN] ModelIntegratedComponent:63 - No mode defined for component null
2024-10-15 12:17:08,800 [WARN] ModelIntegratedComponent:63 - No mode defined for component null
2024-10-15 12:17:08,800 [WARN] ModelIntegratedComponent:63 - No mode defined for component null
2024-10-15 12:17:08,800 [WARN] ModelIntegratedComponent:63 - No mode defined for component null
2024-10-15 12:17:08,800 [WARN] ModelIntegratedComponent:63 - No mode defined for component null
2024-10-15 12:17:08,800 [WARN] ModelIntegratedComponent:63 - No mode defined for component null
2024-10-15 12:17:08,800 [WARN] ModelIntegratedComponent:63 - No mode defined for component null
2024-10-15 12:17:08,800 [WARN] ModelIntegratedComponent:63 - No mode defined for component null
2024-10-15 12:17:08,800 [WARN] ModelIntegratedComponent:63 - No mode defined for component null
2024-10-15 12:17:08,800 [WARN] ModelIntegratedComponent:63 - No mode defined for component null
2024-10-15 12:17:08,800 [WARN] ModelIntegratedComponent:63 - No mode defined for component null
2024-10-15 12:17:08,800 [WARN] ModelIntegratedComponent:63 - No mode defined for component null
2024-10-15 12:17:08,800 [WARN] ModelIntegratedComponent:63 - No mode defined for component null
2024-10-15 12:17:08,800 [WARN] ModelPack:524 - Component already loaded: STMicroelectronics:HAL Drivers:0.0.0:STMicroelectronics:Device:STMicro_Driver:XSPI:HAL::0.0.1:HAL_XSPI
2024-10-15 12:17:08,903 [INFO] ThirdPartyModel:298 - Start build external matchings
2024-10-15 12:17:09,120 [INFO] ThirdPartyModel:316 - End build external matchings
2024-10-15 12:17:09,307 [INFO] UtilMem:75 - End LoadConfig() Used Memory: 719637096 Bytes (1073741824)
2024-10-15 12:17:09,342 [WARN] ThirdParty:833 - waiting for thirdparty lock release [change project]
2024-10-15 12:17:09,342 [INFO] ThirdParty:835 - entering critical section [change project]
2024-10-15 12:17:09,342 [INFO] ThirdParty:1030 - CMSIS Pack Vendor :STMicroelectronics X-CUBE-ISPU 1.1.0
2024-10-15 12:17:09,342 [INFO] ThirdParty:1030 - CMSIS Pack Vendor :STMicroelectronics USBPD 4.1
2024-10-15 12:17:09,342 [INFO] ThirdParty:1030 - CMSIS Pack Vendor :RoweBots I-CUBE-UNISONRTOS 5.5.0-4
2024-10-15 12:17:09,342 [INFO] ThirdParty:1030 - CMSIS Pack Vendor :STMicroelectronics X-CUBE-GNSS1 6.0.0
2024-10-15 12:17:09,343 [INFO] ThirdParty:1030 - CMSIS Pack Vendor :STMicroelectronics USB_HOST 2.0.0
2024-10-15 12:17:09,343 [INFO] ThirdParty:1030 - CMSIS Pack Vendor :STMicroelectronics X-CUBE-AZRTOS-F4 1.1.0
2024-10-15 12:17:09,343 [INFO] ThirdParty:1030 - CMSIS Pack Vendor :STMicroelectronics LIBJPEG 8.0.0
2024-10-15 12:17:09,343 [INFO] ThirdParty:1030 - CMSIS Pack Vendor :wolfSSL I-CUBE-wolfSSL 5.6.0
2024-10-15 12:17:09,343 [INFO] ThirdParty:1030 - CMSIS Pack Vendor :STMicroelectronics USB_DEVICE 3.0.0
2024-10-15 12:17:09,343 [INFO] ThirdParty:1030 - CMSIS Pack Vendor :STMicroelectronics X-CUBE-AI 8.0.0
2024-10-15 12:17:09,343 [INFO] ThirdParty:1030 - CMSIS Pack Vendor :STMicroelectronics X-CUBE-FREERTOS 1.0.0
2024-10-15 12:17:09,343 [INFO] ThirdParty:1030 - CMSIS Pack Vendor :STMicroelectronics X-CUBE-TOUCHGFX 4.21.3
2024-10-15 12:17:09,343 [INFO] ThirdParty:1030 - CMSIS Pack Vendor :STMicroelectronics X-CUBE-AZRTOS-F7 1.1.0
2024-10-15 12:17:09,343 [INFO] ThirdParty:1030 - CMSIS Pack Vendor :STMicroelectronics USB_DEVICE 2.0.0
2024-10-15 12:17:09,343 [INFO] ThirdParty:1030 - CMSIS Pack Vendor :STMicroelectronics X-CUBE-ALGOBUILD 1.3.0
2024-10-15 12:17:09,343 [INFO] ThirdParty:1030 - CMSIS Pack Vendor :STMicroelectronics X-CUBE-BLE1 6.2.4
2024-10-15 12:17:09,343 [INFO] ThirdParty:1030 - CMSIS Pack Vendor :STMicroelectronics X-CUBE-AZRTOS-L5 1.1.0
2024-10-15 12:17:09,343 [INFO] ThirdParty:1030 - CMSIS Pack Vendor :STMicroelectronics FreeRTOS 0.0.1
2024-10-15 12:17:09,343 [INFO] ThirdParty:1030 - CMSIS Pack Vendor :emotas I-CUBE-CANOPEN 1.1.3
2024-10-15 12:17:09,343 [INFO] ThirdParty:1030 - CMSIS Pack Vendor :STMicroelectronics X-CUBE-AZRTOS-G0 1.1.0
2024-10-15 12:17:09,343 [INFO] ThirdParty:1030 - CMSIS Pack Vendor :STMicroelectronics X-CUBE-BLEMGR 2.0.0
2024-10-15 12:17:09,343 [INFO] ThirdParty:1030 - CMSIS Pack Vendor :STMicroelectronics X-CUBE-SUBG2 5.0.0
2024-10-15 12:17:09,343 [INFO] ThirdParty:1030 - CMSIS Pack Vendor :STMicroelectronics X-CUBE-NFC4 3.0.0
2024-10-15 12:17:09,343 [INFO] ThirdParty:1030 - CMSIS Pack Vendor :STMicroelectronics STM32_WPAN 1.0.0
2024-10-15 12:17:09,343 [INFO] ThirdParty:1030 - CMSIS Pack Vendor :STMicroelectronics lwIP 2.0.3
2024-10-15 12:17:09,343 [INFO] ThirdParty:1030 - CMSIS Pack Vendor :STMicroelectronics USB_HOST 1.0.0
2024-10-15 12:17:09,344 [INFO] ThirdParty:1030 - CMSIS Pack Vendor :STMicroelectronics PDM2PCM 3.1.0
2024-10-15 12:17:09,344 [INFO] ThirdParty:1030 - CMSIS Pack Vendor :STMicroelectronics X-CUBE-TOF1 3.3.0
2024-10-15 12:17:09,344 [INFO] ThirdParty:1030 - CMSIS Pack Vendor :STMicroelectronics FP-ATR-ASTRA1 1.1.1
2024-10-15 12:17:09,344 [INFO] ThirdParty:1030 - CMSIS Pack Vendor :STMicroelectronics PDM2PCM 3.3.0
2024-10-15 12:17:09,344 [INFO] ThirdParty:1030 - CMSIS Pack Vendor :STMicroelectronics X-CUBE-DISPLAY 3.0.0
2024-10-15 12:17:09,344 [INFO] ThirdParty:1030 - CMSIS Pack Vendor :STMicroelectronics X-CUBE-AZRTOS-G4 1.0.0
2024-10-15 12:17:09,344 [INFO] ThirdParty:1030 - CMSIS Pack Vendor :STMicroelectronics FP-ATR-SIGFOX1 3.2.0
2024-10-15 12:17:09,345 [INFO] ThirdParty:1030 - CMSIS Pack Vendor :STMicroelectronics X-CUBE-AZRTOS-L4 1.0.0
2024-10-15 12:17:09,345 [INFO] ThirdParty:1030 - CMSIS Pack Vendor :STMicroelectronics HAL Drivers 0.0.0
2024-10-15 12:17:09,346 [INFO] ThirdParty:1030 - CMSIS Pack Vendor :STMicroelectronics MBEDTLS 2.16.2
2024-10-15 12:17:09,346 [INFO] ThirdParty:1030 - CMSIS Pack Vendor :STMicroelectronics MBEDTLS 2.14.1
2024-10-15 12:17:09,346 [INFO] ThirdParty:1030 - CMSIS Pack Vendor :STMicroelectronics X-CUBE-NFC7 1.0.0
2024-10-15 12:17:09,346 [INFO] ThirdParty:1030 - CMSIS Pack Vendor :STMicroelectronics X-CUBE-AZRTOS-WL 1.0.0
2024-10-15 12:17:09,346 [INFO] ThirdParty:1030 - CMSIS Pack Vendor :STMicroelectronics X-CUBE-EEPRMA1 4.1.0
2024-10-15 12:17:09,346 [INFO] ThirdParty:1030 - CMSIS Pack Vendor :portGmbH I-Cube-SoM-uGOAL 1.1.0
2024-10-15 12:17:09,346 [INFO] ThirdParty:1030 - CMSIS Pack Vendor :STMicroelectronics X-CUBE-ALS 1.0.1
2024-10-15 12:17:09,346 [INFO] ThirdParty:1030 - CMSIS Pack Vendor :STMicroelectronics X-CUBE-MEMS1 9.5.0
2024-10-15 12:17:09,346 [INFO] ThirdParty:1030 - CMSIS Pack Vendor :STMicroelectronics ThreadX 1.0.0
2024-10-15 12:17:09,346 [INFO] ThirdParty:1030 - CMSIS Pack Vendor :STMicroelectronics X-CUBE-AZRTOS-WB 1.1.0
2024-10-15 12:17:09,346 [INFO] ThirdParty:1030 - CMSIS Pack Vendor :SEGGER I-CUBE-embOS 1.3.1
2024-10-15 12:17:09,346 [INFO] ThirdParty:1030 - CMSIS Pack Vendor :STMicroelectronics USB_DEVICE 1.0.0
2024-10-15 12:17:09,346 [INFO] ThirdParty:1030 - CMSIS Pack Vendor :STMicroelectronics ThreadX 0.0.2
2024-10-15 12:17:09,346 [INFO] ThirdParty:1030 - CMSIS Pack Vendor :WES I-CUBE-Cesium 1.3.0
2024-10-15 12:17:09,346 [INFO] ThirdParty:1030 - CMSIS Pack Vendor :STMicroelectronics lwIP 2.1.2
2024-10-15 12:17:09,346 [INFO] ThirdParty:1030 - CMSIS Pack Vendor :STMicroelectronics X-CUBE-SFXS2LP1 4.0.0
2024-10-15 12:17:09,346 [INFO] ThirdParty:1030 - CMSIS Pack Vendor :STMicroelectronics X-CUBE-BLE2 3.3.0
2024-10-15 12:17:09,346 [INFO] ThirdParty:1030 - CMSIS Pack Vendor :STMicroelectronics PDM2PCM 3.2.0
2024-10-15 12:17:09,346 [INFO] ThirdParty:1030 - CMSIS Pack Vendor :STMicroelectronics X-CUBE-AZRTOS-H7 3.0.0
2024-10-15 12:17:09,346 [INFO] ThirdParty:841 - exiting critical section [change project]
2024-10-15 12:17:09,542 [INFO] PinOutPanel:1561 - setPackage(No Configuration,No Configuration)
2024-10-15 12:17:09,543 [INFO] PinOutPanel:1561 - setPackage(STM32F103C8Tx,LQFP48)
2024-10-15 12:17:10,092 [INFO] UtilMem:75 - Before build in PCC Used Memory: 573510568 Bytes (1073741824)
2024-10-15 12:17:10,883 [INFO] UtilMem:75 - After build in PCC Used Memory: 653645328 Bytes (1073741824)
2024-10-15 12:17:10,902 [INFO] IPUIPlugin:80 - create IPUIPlugin
2024-10-15 12:17:10,903 [INFO] IPUIPlugin:80 - create IPUIPlugin
2024-10-15 12:17:10,903 [INFO] IPUIPlugin:80 - create IPUIPlugin
2024-10-15 12:17:10,903 [INFO] IPUIPlugin:80 - create IPUIPlugin
2024-10-15 12:17:10,903 [INFO] IPUIPlugin:80 - create IPUIPlugin
2024-10-15 12:17:10,903 [INFO] IPUIPlugin:80 - create IPUIPlugin
2024-10-15 12:17:10,903 [INFO] IPUIPlugin:80 - create IPUIPlugin
2024-10-15 12:17:10,903 [INFO] IPUIPlugin:80 - create IPUIPlugin
2024-10-15 12:17:10,903 [INFO] IPUIPlugin:80 - create IPUIPlugin
2024-10-15 12:17:10,903 [INFO] IPUIPlugin:80 - create IPUIPlugin
2024-10-15 12:17:10,904 [INFO] IPUIPlugin:80 - create IPUIPlugin
2024-10-15 12:17:10,904 [INFO] IPUIPlugin:80 - create IPUIPlugin
2024-10-15 12:17:10,904 [INFO] IPUIPlugin:80 - create IPUIPlugin
2024-10-15 12:17:10,904 [INFO] IPUIPlugin:80 - create IPUIPlugin
2024-10-15 12:17:10,904 [INFO] IPUIPlugin:80 - create IPUIPlugin
2024-10-15 12:17:10,904 [INFO] IPUIPlugin:80 - create IPUIPlugin
2024-10-15 12:17:10,905 [INFO] IPUIPlugin:80 - create IPUIPlugin
2024-10-15 12:17:10,905 [INFO] IPUIPlugin:80 - create IPUIPlugin
2024-10-15 12:17:10,905 [INFO] IPUIPlugin:80 - create IPUIPlugin
2024-10-15 12:17:10,905 [INFO] IPUIPlugin:80 - create IPUIPlugin
2024-10-15 12:17:10,906 [INFO] IPUIPlugin:80 - create IPUIPlugin
2024-10-15 12:17:10,906 [INFO] IPUIPlugin:80 - create IPUIPlugin
2024-10-15 12:17:10,906 [INFO] IPUIPlugin:80 - create IPUIPlugin
2024-10-15 12:17:10,906 [INFO] IPUIPlugin:80 - create IPUIPlugin
2024-10-15 12:17:10,907 [INFO] IPUIPlugin:80 - create IPUIPlugin
2024-10-15 12:17:10,907 [INFO] IPUIPlugin:80 - create IPUIPlugin
2024-10-15 12:17:10,907 [INFO] IPUIPlugin:80 - create IPUIPlugin
2024-10-15 12:17:11,102 [INFO] CADModel:165 - CPN selected for project levelSTM32F103C8T6
2024-10-15 12:17:11,103 [INFO] CADModel:114 - Register for checkConnection events
2024-10-15 12:17:11,149 [INFO] OpenFileManager:363 - Restore cursor
2024-10-15 12:17:13,179 [INFO] UtilMem:75 - End SaveConfig() Used Memory: 731645176 Bytes (1073741824)
2024-10-15 12:17:13,606 [INFO] ServerAccessManage:473 - Download File stm32cube_fw_f1_v180.zip
2024-10-15 12:17:18,436 [ERROR] FileExtend:455 - File entry not found
2024-10-15 12:17:18,437 [INFO] FileExtend:240 - Unzip File : stm32cube_fw_f1_v180.zip
2024-10-15 12:17:18,439 [INFO] FileExtend:255 - Standard Zip Deflate
2024-10-15 12:17:44,191 [INFO] ServerAccessManage:473 - Download File stm32cube_fw_f1_v186.zip
2024-10-15 12:17:45,925 [INFO] FileExtend:240 - Unzip File : stm32cube_fw_f1_v186.zip
2024-10-15 12:17:45,926 [INFO] FileExtend:255 - Standard Zip Deflate
2024-10-15 12:18:06,857 [INFO] LoadServerPackagesThread:196 - End of LoadServerPackages Thread
2024-10-15 12:18:07,256 [INFO] ThirdPartyModel:298 - Start build external matchings
2024-10-15 12:18:07,270 [INFO] UtilMem:75 - End SaveConfig() Used Memory: 939040920 Bytes (1073741824)
2024-10-15 12:18:08,728 [INFO] ThirdPartyModel:316 - End build external matchings
2024-10-15 12:18:08,751 [INFO] CheckServerUpdateThread:120 - End of CheckServer Thread
2024-10-15 12:18:09,153 [INFO] BlockDiagram:2766 - set Specific Code input for plugin: NVIC
2024-10-15 12:18:09,154 [INFO] BlockDiagram:2766 - set Specific Code input for plugin: RCC
2024-10-15 12:18:09,157 [INFO] CodeGenerator:807 - code generatio: config db path: C:\ST\STM32CubeIDE_1.16.1\STM32CubeIDE\plugins\com.st.stm32cube.common.mx_6.12.1.202409122256\\db\
2024-10-15 12:18:09,960 [INFO] CodeEngine:255 - oldGeneratedFile, C:\airspeed-can-transition\firmware\MS4525DO\MS4525DO\MXTmpFiles\license.tmp_save
2024-10-15 12:18:10,955 [INFO] CodeEngine:279 - Generated code: C:\airspeed-can-transition\firmware\MS4525DO\MS4525DO\MXTmpFiles\license.tmp
2024-10-15 12:18:11,048 [INFO] CodeEngine:255 - oldGeneratedFile, C:\airspeed-can-transition\firmware\MS4525DO\MS4525DO\Core\Src\stm32f1xx_it.c_save
2024-10-15 12:18:11,656 [INFO] CodeEngine:279 - Generated code: C:\airspeed-can-transition\firmware\MS4525DO\MS4525DO\Core\Src\stm32f1xx_it.c
2024-10-15 12:18:11,680 [INFO] CodeEngine:255 - oldGeneratedFile, C:\airspeed-can-transition\firmware\MS4525DO\MS4525DO\Core\Inc\stm32f1xx_it.h_save
2024-10-15 12:18:12,131 [INFO] CodeEngine:279 - Generated code: C:\airspeed-can-transition\firmware\MS4525DO\MS4525DO\Core\Inc\stm32f1xx_it.h
2024-10-15 12:18:12,492 [INFO] CodeEngine:255 - oldGeneratedFile, C:\airspeed-can-transition\firmware\MS4525DO\MS4525DO\Core\Src\stm32f1xx_hal_msp.c_save
2024-10-15 12:18:13,188 [INFO] CodeEngine:279 - Generated code: C:\airspeed-can-transition\firmware\MS4525DO\MS4525DO\Core\Src\stm32f1xx_hal_msp.c
2024-10-15 12:18:13,206 [INFO] CodeEngine:255 - oldGeneratedFile, C:\airspeed-can-transition\firmware\MS4525DO\MS4525DO\MXTmpFiles\system.tmp_save
2024-10-15 12:18:13,422 [INFO] CodeEngine:279 - Generated code: C:\airspeed-can-transition\firmware\MS4525DO\MS4525DO\MXTmpFiles\system.tmp
2024-10-15 12:18:13,470 [INFO] CodeEngine:311 - oldGeneratedFile, C:\airspeed-can-transition\firmware\MS4525DO\MS4525DO\Core\Inc\stm32f1xx_hal_conf.h_save
2024-10-15 12:18:13,771 [INFO] CodeEngine:335 - Generated code: C:\airspeed-can-transition\firmware\MS4525DO\MS4525DO\Core\Inc\stm32f1xx_hal_conf.h
2024-10-15 12:18:13,933 [INFO] CodeEngine:255 - oldGeneratedFile, C:\airspeed-can-transition\firmware\MS4525DO\MS4525DO\Core\Inc\main.h_save
2024-10-15 12:18:14,345 [INFO] CodeEngine:279 - Generated code: C:\airspeed-can-transition\firmware\MS4525DO\MS4525DO\Core\Inc\main.h
2024-10-15 12:18:14,381 [INFO] CodeEngine:255 - oldGeneratedFile, C:\airspeed-can-transition\firmware\MS4525DO\MS4525DO\Core\Src\main.c_save
2024-10-15 12:18:14,826 [INFO] CodeEngine:279 - Generated code: C:\airspeed-can-transition\firmware\MS4525DO\MS4525DO\Core\Src\main.c
2024-10-15 12:18:15,528 [INFO] ProjectBuilder:3249 - Time for Copy HAL[1] : 179mS.
2024-10-15 12:18:15,540 [INFO] ProjectBuilder:4828 - Project Generator version: 4.5.0-B34
2024-10-15 12:18:15,977 [INFO] ConfigFileManager:1531 - The Die is : DIE410
2024-10-15 12:18:16,020 [INFO] ApiDbMcu:508 - Load IP Config File for FATFS
2024-10-15 12:18:16,056 [INFO] ApiDbMcu:508 - Load IP Config File for FREERTOS
2024-10-15 12:18:16,099 [INFO] ApiDbMcu:508 - Load IP Config File for USB_DEVICE
2024-10-15 12:18:17,887 [INFO] LogOutputStream:77 - [STDOUT_REDIRECT] 
2024-10-15 12:18:25,911 [INFO] ProjectBuilder:5097 - Time for Generating toolchain IDE Files: 10371mS.
2024-10-15 12:18:25,913 [INFO] ProjectBuilder:3107 - Time for Copy CMSIS : 1mS.
2024-10-15 12:18:25,931 [INFO] ProjectBuilder:3107 - Time for Copy CMSIS : 0mS.
2024-10-15 12:18:28,681 [INFO] McuFinderGlobals:76 - Set McuFinderConnectedMode to true
2024-10-15 12:18:28,688 [INFO] ApiDb:448 - Save user favorites file C:\Users\chant/.stm32cubeide/favorites.mcus.txt: 0 item(s)
2024-10-15 12:18:28,689 [INFO] ApiDb:452 - User favorites MCUs=[]
2024-10-15 12:18:51,149 [INFO] Can:71 - Can Add PropertyChangeListener com.st.microxplorer.plugins.ip.can.Can@41198726
2024-10-15 12:20:16,729 [INFO] UtilMem:75 - End SaveConfig() Used Memory: 641094440 Bytes (1073741824)
2024-10-15 12:20:18,702 [INFO] UtilMem:75 - End SaveConfig() Used Memory: 669581592 Bytes (1073741824)
2024-10-15 12:20:23,679 [INFO] UtilMem:75 - End SaveConfig() Used Memory: 752836128 Bytes (1073741824)
2024-10-15 12:20:23,880 [INFO] BlockDiagram:2766 - set Specific Code input for plugin: NVIC
2024-10-15 12:20:23,880 [INFO] BlockDiagram:2766 - set Specific Code input for plugin: SYS
2024-10-15 12:20:23,881 [INFO] BlockDiagram:2766 - set Specific Code input for plugin: GPIO
2024-10-15 12:20:23,881 [INFO] BlockDiagram:2766 - set Specific Code input for plugin: RCC
2024-10-15 12:20:23,882 [INFO] CodeGenerator:807 - code generatio: config db path: C:\ST\STM32CubeIDE_1.16.1\STM32CubeIDE\plugins\com.st.stm32cube.common.mx_6.12.1.202409122256\\db\
2024-10-15 12:20:23,973 [INFO] CodeEngine:255 - oldGeneratedFile, C:\airspeed-can-transition\firmware\MS4525DO\MS4525DO\MXTmpFiles\license.tmp_save
2024-10-15 12:20:24,070 [INFO] CodeEngine:279 - Generated code: C:\airspeed-can-transition\firmware\MS4525DO\MS4525DO\MXTmpFiles\license.tmp
2024-10-15 12:20:24,149 [INFO] CodeEngine:255 - oldGeneratedFile, C:\airspeed-can-transition\firmware\MS4525DO\MS4525DO\MXTmpFiles\gpio.tmp_save
2024-10-15 12:20:24,270 [INFO] CodeEngine:279 - Generated code: C:\airspeed-can-transition\firmware\MS4525DO\MS4525DO\MXTmpFiles\gpio.tmp
2024-10-15 12:20:24,308 [INFO] CodeEngine:255 - oldGeneratedFile, C:\airspeed-can-transition\firmware\MS4525DO\MS4525DO\Core\Src\stm32f1xx_it.c_save
2024-10-15 12:20:24,417 [INFO] CodeEngine:279 - Generated code: C:\airspeed-can-transition\firmware\MS4525DO\MS4525DO\Core\Src\stm32f1xx_it.c
2024-10-15 12:20:24,430 [INFO] CodeEngine:255 - oldGeneratedFile, C:\airspeed-can-transition\firmware\MS4525DO\MS4525DO\Core\Inc\stm32f1xx_it.h_save
2024-10-15 12:20:24,501 [INFO] CodeEngine:279 - Generated code: C:\airspeed-can-transition\firmware\MS4525DO\MS4525DO\Core\Inc\stm32f1xx_it.h
2024-10-15 12:20:24,522 [INFO] CodeEngine:255 - oldGeneratedFile, C:\airspeed-can-transition\firmware\MS4525DO\MS4525DO\Core\Src\stm32f1xx_hal_msp.c_save
2024-10-15 12:20:24,638 [INFO] CodeEngine:279 - Generated code: C:\airspeed-can-transition\firmware\MS4525DO\MS4525DO\Core\Src\stm32f1xx_hal_msp.c
2024-10-15 12:20:24,638 [INFO] CodeEngine:255 - oldGeneratedFile, C:\airspeed-can-transition\firmware\MS4525DO\MS4525DO\MXTmpFiles\system.tmp_save
2024-10-15 12:20:24,700 [INFO] CodeEngine:279 - Generated code: C:\airspeed-can-transition\firmware\MS4525DO\MS4525DO\MXTmpFiles\system.tmp
2024-10-15 12:20:24,720 [INFO] CodeEngine:311 - oldGeneratedFile, C:\airspeed-can-transition\firmware\MS4525DO\MS4525DO\Core\Inc\stm32f1xx_hal_conf.h_save
2024-10-15 12:20:24,851 [INFO] CodeEngine:335 - Generated code: C:\airspeed-can-transition\firmware\MS4525DO\MS4525DO\Core\Inc\stm32f1xx_hal_conf.h
2024-10-15 12:20:24,891 [INFO] CodeEngine:255 - oldGeneratedFile, C:\airspeed-can-transition\firmware\MS4525DO\MS4525DO\Core\Inc\main.h_save
2024-10-15 12:20:24,984 [INFO] CodeEngine:279 - Generated code: C:\airspeed-can-transition\firmware\MS4525DO\MS4525DO\Core\Inc\main.h
2024-10-15 12:20:25,006 [INFO] CodeEngine:255 - oldGeneratedFile, C:\airspeed-can-transition\firmware\MS4525DO\MS4525DO\Core\Src\main.c_save
2024-10-15 12:20:25,124 [INFO] CodeEngine:279 - Generated code: C:\airspeed-can-transition\firmware\MS4525DO\MS4525DO\Core\Src\main.c
2024-10-15 12:20:25,438 [INFO] ProjectBuilder:3249 - Time for Copy HAL[1] : 113mS.
2024-10-15 12:20:25,438 [INFO] ProjectBuilder:4828 - Project Generator version: 4.5.0-B34
2024-10-15 12:20:25,558 [INFO] ConfigFileManager:1531 - The Die is : DIE410
2024-10-15 12:20:26,946 [INFO] ProjectBuilder:5097 - Time for Generating toolchain IDE Files: 1508mS.
2024-10-15 12:20:26,946 [INFO] ProjectBuilder:3107 - Time for Copy CMSIS : 0mS.
2024-10-15 12:20:26,950 [INFO] ProjectBuilder:3107 - Time for Copy CMSIS : 0mS.
