2024-10-29 14:17:54,217 [INFO] Activator:176 - 


2024-10-29 14:17:54,237 [INFO] Activator:177 - !SESSION log4j initialized
2024-10-29 14:18:09,489 [INFO] LogOutputStream:77 - [STDOUT_REDIRECT] 
2024-10-29 14:18:12,978 [INFO] ApplicationProperties:184 - Using Application install path: C:\ST\STM32CubeIDE_1.16.1\STM32CubeIDE\plugins\com.st.stm32cube.common.mx_6.12.1.202409122256
2024-10-29 14:18:13,013 [INFO] DbMcusXml:78 - Set database path to: C:\ST\STM32CubeIDE_1.16.1\STM32CubeIDE\plugins\com.st.stm32cube.common.mx_6.12.1.202409122256\\db\/mcu/
2024-10-29 14:18:13,013 [INFO] ApiDb:274 - Set plugin database path to: C:\ST\STM32CubeIDE_1.16.1\STM32CubeIDE\plugins\com.st.stm32cube.common.mx_6.12.1.202409122256\\db\/plugins/boardmanager/
2024-10-29 14:18:13,021 [WARN] ApiDb:259 - Overriding images path with different value:  => C:\ST\STM32CubeIDE_1.16.1\STM32CubeIDE\plugins\com.st.stm32cube.common.mx_6.12.1.202409122256\\db\/plugins/mcufinder/images/
2024-10-29 14:18:13,037 [INFO] ApiDb:250 - Set database path to: C:\Users\chant\.stmcufinder\plugins\mcufinder//mcu/
2024-10-29 14:18:13,037 [INFO] DbMcusAds:125 - Set database path to: C:\Users\chant\.stmcufinder\plugins\mcufinder//mcu/
2024-10-29 14:18:13,045 [INFO] CrossReferenceDbSqlite:203 - Set database path to: C:\Users\chant\.stmcufinder\plugins\mcufinder//mcu/cs/
2024-10-29 14:18:13,361 [INFO] RulesReader:64 - Compatibility file has been processed (297 Rules)
2024-10-29 14:18:13,553 [INFO] DbMcusXml:78 - Set database path to: C:\ST\STM32CubeIDE_1.16.1\STM32CubeIDE\plugins\com.st.stm32cube.common.mx_6.12.1.202409122256\\db\/mcu/
2024-10-29 14:18:13,553 [INFO] ApiDb:274 - Set plugin database path to: C:\ST\STM32CubeIDE_1.16.1\STM32CubeIDE\plugins\com.st.stm32cube.common.mx_6.12.1.202409122256\\db\/plugins/boardmanager/
2024-10-29 14:18:13,553 [INFO] ApiDb:261 - Set plugin images path to: C:\ST\STM32CubeIDE_1.16.1\STM32CubeIDE\plugins\com.st.stm32cube.common.mx_6.12.1.202409122256\\db\/plugins/mcufinder/images/
2024-10-29 14:18:13,553 [WARN] DbFile:41 - Overriding database path with different value: C:\Users\chant\.stmcufinder\plugins\mcufinder/ => C:\Users\chant\.stmcufinder\plugins\mcufinder
2024-10-29 14:18:13,553 [INFO] ApiDb:250 - Set database path to: C:\Users\chant\.stmcufinder\plugins\mcufinder//mcu/
2024-10-29 14:18:13,553 [WARN] DbFile:41 - Overriding database path with different value: C:\Users\chant\.stmcufinder\plugins\mcufinder/ => C:\Users\chant\.stmcufinder\plugins\mcufinder
2024-10-29 14:18:13,553 [INFO] DbMcusAds:125 - Set database path to: C:\Users\chant\.stmcufinder\plugins\mcufinder//mcu/
2024-10-29 14:18:13,557 [WARN] DbFile:41 - Overriding database path with different value: C:\Users\chant\.stmcufinder\plugins\mcufinder/ => C:\Users\chant\.stmcufinder\plugins\mcufinder
2024-10-29 14:18:13,557 [WARN] DbFile:41 - Overriding database path with different value: C:\Users\chant\.stmcufinder\plugins\mcufinder/ => C:\Users\chant\.stmcufinder\plugins\mcufinder
2024-10-29 14:18:13,557 [INFO] CrossReferenceDbSqlite:203 - Set database path to: C:\Users\chant\.stmcufinder\plugins\mcufinder//mcu/cs/
2024-10-29 14:18:13,773 [INFO] MainPanel:268 - HeapMemory: 268435456
2024-10-29 14:18:14,033 [INFO] DbMcusXml:78 - Set database path to: C:\ST\STM32CubeIDE_1.16.1\STM32CubeIDE\plugins\com.st.stm32cube.common.mx_6.12.1.202409122256\\db\/mcu/
2024-10-29 14:18:14,033 [INFO] ApiDb:274 - Set plugin database path to: C:\ST\STM32CubeIDE_1.16.1\STM32CubeIDE\plugins\com.st.stm32cube.common.mx_6.12.1.202409122256\\db\/plugins/boardmanager/
2024-10-29 14:18:14,035 [INFO] ApiDb:261 - Set plugin images path to: C:\ST\STM32CubeIDE_1.16.1\STM32CubeIDE\plugins\com.st.stm32cube.common.mx_6.12.1.202409122256\\db\/plugins/mcufinder/images/
2024-10-29 14:18:14,035 [WARN] DbFile:41 - Overriding database path with different value: C:\Users\chant\.stmcufinder\plugins\mcufinder/ => C:\Users\chant\.stmcufinder\plugins\mcufinder
2024-10-29 14:18:14,036 [INFO] ApiDb:250 - Set database path to: C:\Users\chant\.stmcufinder\plugins\mcufinder//mcu/
2024-10-29 14:18:14,036 [WARN] DbFile:41 - Overriding database path with different value: C:\Users\chant\.stmcufinder\plugins\mcufinder/ => C:\Users\chant\.stmcufinder\plugins\mcufinder
2024-10-29 14:18:14,036 [INFO] DbMcusAds:125 - Set database path to: C:\Users\chant\.stmcufinder\plugins\mcufinder//mcu/
2024-10-29 14:18:14,036 [WARN] DbFile:41 - Overriding database path with different value: C:\Users\chant\.stmcufinder\plugins\mcufinder/ => C:\Users\chant\.stmcufinder\plugins\mcufinder
2024-10-29 14:18:14,036 [WARN] DbFile:41 - Overriding database path with different value: C:\Users\chant\.stmcufinder\plugins\mcufinder/ => C:\Users\chant\.stmcufinder\plugins\mcufinder
2024-10-29 14:18:14,036 [INFO] CrossReferenceDbSqlite:203 - Set database path to: C:\Users\chant\.stmcufinder\plugins\mcufinder//mcu/cs/
2024-10-29 14:18:14,084 [INFO] ApplicationProperties:184 - Using Application install path: C:\ST\STM32CubeIDE_1.16.1\STM32CubeIDE\plugins\com.st.stm32cube.common.mx_6.12.1.202409122256
2024-10-29 14:18:14,087 [INFO] PluginManage:196 - Search for loadable plugins [exclusion list=, ]
2024-10-29 14:18:14,092 [INFO] PluginManage:310 - Check plugin analytics
2024-10-29 14:18:14,561 [INFO] AnalyticsPlugin:253 - Accepted Software Licenses: 
2024-10-29 14:18:14,561 [INFO] AnalyticsPlugin:255 - Accepted CMSIS Pack Licenses: 
2024-10-29 14:18:14,561 [INFO] AnalyticsPlugin:257 - Accepted Firmware Licenses: 
2024-10-29 14:18:14,568 [INFO] PluginManage:359 - Loaded plugin analytics (category:tool,tabindex:-1)
2024-10-29 14:18:14,568 [INFO] PluginManage:310 - Check plugin cadmodel
2024-10-29 14:18:14,590 [INFO] CADModel:105 - Init CAD model plugin
2024-10-29 14:18:14,590 [INFO] PluginManage:359 - Loaded plugin cadmodel (category:power,tabindex:5)
2024-10-29 14:18:14,590 [INFO] PluginManage:310 - Check plugin clock
2024-10-29 14:18:14,620 [INFO] PluginManage:359 - Loaded plugin clock (category:base,tabindex:2)
2024-10-29 14:18:14,620 [INFO] PluginManage:310 - Check plugin ddr
2024-10-29 14:18:14,630 [INFO] PluginManage:359 - Loaded plugin ddr (category:tool,tabindex:6)
2024-10-29 14:18:14,630 [INFO] PluginManage:310 - Check plugin filemanager
2024-10-29 14:18:15,018 [INFO] PluginManage:359 - Loaded plugin filemanager (category:base,tabindex:10)
2024-10-29 14:18:15,018 [INFO] PluginManage:310 - Check plugin ipmanager
2024-10-29 14:18:15,034 [INFO] PluginManage:359 - Loaded plugin ipmanager (category:base,tabindex:5)
2024-10-29 14:18:15,034 [INFO] PluginManage:310 - Check plugin lpbam
2024-10-29 14:18:15,067 [INFO] PluginManage:359 - Loaded plugin lpbam (category:base,tabindex:0)
2024-10-29 14:18:15,067 [INFO] PluginManage:310 - Check plugin memorymap
2024-10-29 14:18:15,124 [INFO] PluginManage:359 - Loaded plugin memorymap (category:base,tabindex:4)
2024-10-29 14:18:15,128 [INFO] PluginManage:310 - Check plugin pinoutandconfiguration
2024-10-29 14:18:15,163 [INFO] PluginManage:359 - Loaded plugin pinoutandconfiguration (category:base,tabindex:1)
2024-10-29 14:18:15,163 [INFO] PluginManage:310 - Check plugin pinoutconfig
2024-10-29 14:18:15,475 [WARN] SupportedApi:132 - Cannot load RTOS API schema: s4s-elt-must-match.1: The content of 'definitions' must match (annotation?, (simpleType | complexType)?, (unique | key | keyref)*)). A problem was found starting at: attribute.
2024-10-29 14:18:15,853 [INFO] PluginManage:359 - Loaded plugin pinoutconfig (category:base,tabindex:0)
2024-10-29 14:18:15,853 [INFO] PluginManage:310 - Check plugin power
2024-10-29 14:18:15,893 [INFO] PluginManage:359 - Loaded plugin power (category:power,tabindex:4)
2024-10-29 14:18:15,893 [INFO] PluginManage:310 - Check plugin projectmanager
2024-10-29 14:18:15,935 [INFO] PluginManage:359 - Loaded plugin projectmanager (category:projectmanager,tabindex:4)
2024-10-29 14:18:15,935 [INFO] PluginManage:310 - Check plugin rif
2024-10-29 14:18:15,959 [INFO] PluginManage:359 - Loaded plugin rif (category:base,tabindex:3)
2024-10-29 14:18:15,967 [INFO] PluginManage:310 - Check plugin thirdparty
2024-10-29 14:18:16,524 [INFO] PluginManage:359 - Loaded plugin thirdparty (category:base,tabindex:-1)
2024-10-29 14:18:16,521 [WARN] IntegrityCheckThread:84 - waiting for thirdparty lock release [integrity check]
2024-10-29 14:18:16,524 [INFO] PluginManage:310 - Check plugin tools
2024-10-29 14:18:16,524 [INFO] IntegrityCheckThread:86 - entering critical section [integrity check]
2024-10-29 14:18:16,526 [INFO] ThirdPartyUpdaterWithRetryManager:70 - Updater plugin not ready yet. [1/15]
2024-10-29 14:18:16,608 [INFO] PluginManage:359 - Loaded plugin tools (category:base,tabindex:7)
2024-10-29 14:18:16,609 [INFO] PluginManage:310 - Check plugin tutovideos
2024-10-29 14:18:17,097 [INFO] PluginManage:359 - Loaded plugin tutovideos (category:base,tabindex:-1)
2024-10-29 14:18:17,097 [INFO] PluginManage:310 - Check plugin updater
2024-10-29 14:18:17,134 [INFO] PluginManage:359 - Loaded plugin updater (category:base,tabindex:12)
2024-10-29 14:18:17,134 [INFO] PluginManage:310 - Check plugin userauth
2024-10-29 14:18:17,152 [INFO] UserAuth:113 - Init User Auth plugin
2024-10-29 14:18:17,152 [INFO] PluginManage:359 - Loaded plugin userauth (category:base,tabindex:14)
2024-10-29 14:18:17,152 [INFO] PluginManage:283 - PluginManage : Loaded plugins [18]
2024-10-29 14:18:17,404 [INFO] PinOutPanel:1561 - setPackage(No Configuration,No Configuration)
2024-10-29 14:18:17,516 [INFO] CADModel:165 - CPN selected for project level
2024-10-29 14:18:17,516 [INFO] CADModel:114 - Register for checkConnection events
2024-10-29 14:18:17,546 [INFO] IPUIPlugin:80 - create IPUIPlugin
2024-10-29 14:18:17,546 [INFO] PluginManager:220 - loadIPPluginJar : add adc
2024-10-29 14:18:17,576 [INFO] IPUIPlugin:80 - create IPUIPlugin
2024-10-29 14:18:17,576 [INFO] PluginManager:220 - loadIPPluginJar : add aes
2024-10-29 14:18:17,616 [INFO] IPUIPlugin:80 - create IPUIPlugin
2024-10-29 14:18:17,616 [INFO] PluginManager:220 - loadIPPluginJar : add can
2024-10-29 14:18:17,657 [INFO] IPUIPlugin:80 - create IPUIPlugin
2024-10-29 14:18:17,657 [INFO] PluginManager:220 - loadIPPluginJar : add comp
2024-10-29 14:18:17,687 [INFO] IPUIPlugin:80 - create IPUIPlugin
2024-10-29 14:18:17,687 [INFO] PluginManager:220 - loadIPPluginJar : add cryp
2024-10-29 14:18:17,697 [INFO] IPUIPlugin:80 - create IPUIPlugin
2024-10-29 14:18:17,697 [INFO] PluginManager:220 - loadIPPluginJar : add ddr_ctrl_phy
2024-10-29 14:18:17,727 [INFO] IPUIPlugin:80 - create IPUIPlugin
2024-10-29 14:18:17,727 [INFO] PluginManager:220 - loadIPPluginJar : add dfsdm
2024-10-29 14:18:17,737 [INFO] IPUIPlugin:80 - create IPUIPlugin
2024-10-29 14:18:17,737 [INFO] PluginManager:220 - loadIPPluginJar : add dma
2024-10-29 14:18:17,777 [INFO] IPUIPlugin:80 - create IPUIPlugin
2024-10-29 14:18:17,777 [INFO] PluginManager:220 - loadIPPluginJar : add dma3
2024-10-29 14:18:17,830 [INFO] IPUIPlugin:80 - create IPUIPlugin
2024-10-29 14:18:17,830 [INFO] PluginManager:220 - loadIPPluginJar : add extmemmanager
2024-10-29 14:18:17,858 [INFO] IPUIPlugin:80 - create IPUIPlugin
2024-10-29 14:18:17,858 [INFO] PluginManager:220 - loadIPPluginJar : add fatfs
2024-10-29 14:18:17,950 [INFO] IPUIPlugin:80 - create IPUIPlugin
2024-10-29 14:18:17,950 [INFO] PluginManager:220 - loadIPPluginJar : add fmc
2024-10-29 14:18:17,976 [INFO] IPUIPlugin:80 - create IPUIPlugin
2024-10-29 14:18:17,976 [INFO] PluginManager:220 - loadIPPluginJar : add freertos
2024-10-29 14:18:18,010 [INFO] IPUIPlugin:80 - create IPUIPlugin
2024-10-29 14:18:18,010 [INFO] PluginManager:220 - loadIPPluginJar : add genericplugin
2024-10-29 14:18:18,179 [INFO] IPUIPlugin:80 - create IPUIPlugin
2024-10-29 14:18:18,179 [INFO] PluginManager:220 - loadIPPluginJar : add gfxmmu
2024-10-29 14:18:18,358 [INFO] IPUIPlugin:80 - create IPUIPlugin
2024-10-29 14:18:18,358 [INFO] PluginManager:220 - loadIPPluginJar : add gic
2024-10-29 14:18:18,377 [INFO] IPUIPlugin:80 - create IPUIPlugin
2024-10-29 14:18:18,377 [INFO] PluginManager:220 - loadIPPluginJar : add gpio
2024-10-29 14:18:18,491 [INFO] IPUIPlugin:80 - create IPUIPlugin
2024-10-29 14:18:18,491 [INFO] PluginManager:220 - loadIPPluginJar : add gtzc
2024-10-29 14:18:18,532 [INFO] IPUIPlugin:80 - create IPUIPlugin
2024-10-29 14:18:18,532 [INFO] PluginManager:220 - loadIPPluginJar : add hash
2024-10-29 14:18:18,605 [INFO] IPUIPlugin:80 - create IPUIPlugin
2024-10-29 14:18:18,605 [INFO] PluginManager:220 - loadIPPluginJar : add i2c
2024-10-29 14:18:18,654 [INFO] IPUIPlugin:80 - create IPUIPlugin
2024-10-29 14:18:18,657 [INFO] PluginManager:220 - loadIPPluginJar : add i2s
2024-10-29 14:18:18,705 [INFO] IPUIPlugin:80 - create IPUIPlugin
2024-10-29 14:18:18,705 [INFO] PluginManager:220 - loadIPPluginJar : add i3c
2024-10-29 14:18:18,848 [INFO] IPUIPlugin:80 - create IPUIPlugin
2024-10-29 14:18:18,848 [INFO] PluginManager:220 - loadIPPluginJar : add ipddr
2024-10-29 14:18:18,979 [INFO] IPUIPlugin:80 - create IPUIPlugin
2024-10-29 14:18:18,979 [INFO] PluginManager:220 - loadIPPluginJar : add linkedlist
2024-10-29 14:18:19,030 [INFO] IPUIPlugin:80 - create IPUIPlugin
2024-10-29 14:18:19,030 [INFO] PluginManager:220 - loadIPPluginJar : add lorawan
2024-10-29 14:18:19,081 [INFO] IPUIPlugin:80 - create IPUIPlugin
2024-10-29 14:18:19,081 [INFO] PluginManager:220 - loadIPPluginJar : add ltdc
2024-10-29 14:18:19,101 [INFO] IPUIPlugin:80 - create IPUIPlugin
2024-10-29 14:18:19,101 [INFO] PluginManager:220 - loadIPPluginJar : add mdma
2024-10-29 14:18:19,112 [INFO] IPUIPlugin:80 - create IPUIPlugin
2024-10-29 14:18:19,112 [INFO] PluginManager:220 - loadIPPluginJar : add nvic
2024-10-29 14:18:19,161 [INFO] IPUIPlugin:80 - create IPUIPlugin
2024-10-29 14:18:19,161 [INFO] PluginManager:220 - loadIPPluginJar : add opamp
2024-10-29 14:18:19,232 [INFO] IPUIPlugin:80 - create IPUIPlugin
2024-10-29 14:18:19,232 [INFO] PluginManager:220 - loadIPPluginJar : add openamp
2024-10-29 14:18:19,293 [INFO] IPUIPlugin:80 - create IPUIPlugin
2024-10-29 14:18:19,293 [INFO] PluginManager:220 - loadIPPluginJar : add pdm2pcm
2024-10-29 14:18:19,313 [INFO] IPUIPlugin:80 - create IPUIPlugin
2024-10-29 14:18:19,313 [INFO] PluginManager:220 - loadIPPluginJar : add plateformsettings
2024-10-29 14:18:19,343 [INFO] IPUIPlugin:80 - create IPUIPlugin
2024-10-29 14:18:19,343 [INFO] PluginManager:220 - loadIPPluginJar : add quadspi
2024-10-29 14:18:19,373 [INFO] IPUIPlugin:80 - create IPUIPlugin
2024-10-29 14:18:19,373 [INFO] PluginManager:220 - loadIPPluginJar : add radio
2024-10-29 14:18:19,393 [INFO] IPUIPlugin:80 - create IPUIPlugin
2024-10-29 14:18:19,393 [INFO] PluginManager:220 - loadIPPluginJar : add resmgrutility
2024-10-29 14:18:19,463 [INFO] IPUIPlugin:80 - create IPUIPlugin
2024-10-29 14:18:19,463 [INFO] PluginManager:220 - loadIPPluginJar : add sai
2024-10-29 14:18:19,513 [INFO] IPUIPlugin:80 - create IPUIPlugin
2024-10-29 14:18:19,513 [INFO] PluginManager:220 - loadIPPluginJar : add spi
2024-10-29 14:18:19,533 [INFO] ThirdPartyUpdaterWithRetryManager:70 - Updater plugin not ready yet. [2/15]
2024-10-29 14:18:19,624 [INFO] IPUIPlugin:80 - create IPUIPlugin
2024-10-29 14:18:19,633 [INFO] PluginManager:220 - loadIPPluginJar : add stm32_wpan
2024-10-29 14:18:19,664 [INFO] IPUIPlugin:80 - create IPUIPlugin
2024-10-29 14:18:19,664 [INFO] PluginManager:220 - loadIPPluginJar : add tim
2024-10-29 14:18:19,745 [INFO] IPUIPlugin:80 - create IPUIPlugin
2024-10-29 14:18:19,745 [INFO] PluginManager:220 - loadIPPluginJar : add touchsensing
2024-10-29 14:18:19,775 [INFO] IPUIPlugin:80 - create IPUIPlugin
2024-10-29 14:18:19,775 [INFO] PluginManager:220 - loadIPPluginJar : add tracer_emb
2024-10-29 14:18:19,795 [INFO] IPUIPlugin:80 - create IPUIPlugin
2024-10-29 14:18:19,795 [INFO] PluginManager:220 - loadIPPluginJar : add ts
2024-10-29 14:18:19,815 [INFO] IPUIPlugin:80 - create IPUIPlugin
2024-10-29 14:18:19,815 [INFO] PluginManager:220 - loadIPPluginJar : add tsc
2024-10-29 14:18:19,835 [INFO] IPUIPlugin:80 - create IPUIPlugin
2024-10-29 14:18:19,835 [INFO] PluginManager:220 - loadIPPluginJar : add ucpd
2024-10-29 14:18:19,887 [INFO] IPUIPlugin:80 - create IPUIPlugin
2024-10-29 14:18:19,887 [INFO] PluginManager:220 - loadIPPluginJar : add usart
2024-10-29 14:18:19,935 [INFO] IPUIPlugin:80 - create IPUIPlugin
2024-10-29 14:18:19,935 [INFO] PluginManager:220 - loadIPPluginJar : add usbx
2024-10-29 14:18:20,067 [INFO] CADModel:165 - CPN selected for project level
2024-10-29 14:18:20,067 [INFO] CADModel:114 - Register for checkConnection events
2024-10-29 14:18:20,067 [FATAL] Updater:334 - Updater called before beeing initialized
2024-10-29 14:18:20,067 [ERROR] CADModel:125 - Updater not yet initialized, retry later 
2024-10-29 14:18:20,278 [INFO] CADModel:165 - CPN selected for project level
2024-10-29 14:18:20,278 [INFO] CADModel:114 - Register for checkConnection events
2024-10-29 14:18:20,278 [FATAL] Updater:334 - Updater called before beeing initialized
2024-10-29 14:18:20,278 [ERROR] CADModel:125 - Updater not yet initialized, retry later 
2024-10-29 14:18:20,278 [FATAL] Updater:334 - Updater called before beeing initialized
2024-10-29 14:18:20,419 [FATAL] Updater:334 - Updater called before beeing initialized
2024-10-29 14:18:20,439 [INFO] DbMcusAds:53 - JSON generation date=Fri Sep 20 06:04:23 PDT 2024 (1726837463113)
2024-10-29 14:18:20,439 [FATAL] Updater:334 - Updater called before beeing initialized
2024-10-29 14:18:20,500 [WARN] DetailPanel:346 - Failed to get advertising image, set to default
2024-10-29 14:18:20,621 [FATAL] Updater:334 - Updater called before beeing initialized
2024-10-29 14:18:20,621 [FATAL] Updater:334 - Updater called before beeing initialized
2024-10-29 14:18:20,621 [FATAL] Updater:334 - Updater called before beeing initialized
2024-10-29 14:18:20,621 [WARN] DetailPanel:346 - Failed to get advertising image, set to default
2024-10-29 14:18:20,631 [FATAL] Updater:334 - Updater called before beeing initialized
2024-10-29 14:18:20,712 [ERROR] Updater:1164 - MainUpdater not yet initialized. External WinMGr cannot be set.
2024-10-29 14:18:20,732 [INFO] Updater:1100 - Updater Version found : 6.12.1
2024-10-29 14:18:20,753 [INFO] ApplicationProperties:184 - Using Application install path: C:\ST\STM32CubeIDE_1.16.1\STM32CubeIDE\plugins\com.st.stm32cube.common.mx_6.12.1.202409122256
2024-10-29 14:18:22,365 [ERROR] LogOutputStream:75 - [STDERR_REDIRECT] Oct 29, 2024 2:18:22 PM java.util.prefs.WindowsPreferences <init>
2024-10-29 14:18:22,366 [ERROR] LogOutputStream:75 - [STDERR_REDIRECT] WARNING: Could not open/create prefs root node Software\JavaSoft\Prefs at root 0xffffffff80000002. Windows RegCreateKeyEx(...) returned error code 5.
2024-10-29 14:18:22,366 [ERROR] LogOutputStream:75 - [STDERR_REDIRECT] 
2024-10-29 14:18:22,547 [INFO] ThirdPartyUpdaterWithRetryManager:70 - Updater plugin not ready yet. [3/15]
2024-10-29 14:18:22,616 [INFO] MainUpdater:2873 - connection check result : 10
2024-10-29 14:18:22,617 [INFO] MainUpdater:290 - Updater Check For Update Now.
2024-10-29 14:18:22,617 [INFO] MicroXplorer:498 - Change Database Version : DB.6.0.121
2024-10-29 14:18:22,641 [INFO] McuFinderGlobals:63 - Set McuFinder mode to 2 (CubeIDE integrated)
2024-10-29 14:18:22,649 [INFO] UserAuth:417 - Internet connection configuration mode: 1
2024-10-29 14:18:22,679 [INFO] JxBrowserEngine:152 - Initiate JxBrowser Engine with user profile folder
2024-10-29 14:18:22,858 [INFO] CheckServerUpdateThread:120 - End of CheckServer Thread
2024-10-29 14:18:25,750 [WARN] PackLoader:240 - Cannot read IP mode file for STMicroelectronics.X-CUBE-GNSS1.6.0.0
2024-10-29 14:18:25,807 [WARN] PackLoader:240 - Cannot read IP mode file for STMicroelectronics.X-CUBE-AZRTOS-F4.1.1.0
2024-10-29 14:18:25,833 [WARN] PackLoader:240 - Cannot read IP mode file for wolfSSL.I-CUBE-wolfSSL.5.6.0
2024-10-29 14:18:25,888 [WARN] PackLoader:240 - Cannot read IP mode file for STMicroelectronics.X-CUBE-AZRTOS-F7.1.1.0
2024-10-29 14:18:25,918 [WARN] PackLoader:240 - Cannot read IP mode file for STMicroelectronics.X-CUBE-BLE1.6.2.4
2024-10-29 14:18:25,965 [WARN] PackLoader:240 - Cannot read IP mode file for emotas.I-CUBE-CANOPEN.1.1.3
2024-10-29 14:18:25,997 [WARN] PackLoader:240 - Cannot read IP mode file for STMicroelectronics.X-CUBE-BLEMGR.2.0.0
2024-10-29 14:18:26,033 [WARN] PackLoader:240 - Cannot read IP mode file for STMicroelectronics.X-CUBE-DISPLAY.3.0.0
2024-10-29 14:18:26,088 [WARN] PackLoader:240 - Cannot read IP mode file for STMicroelectronics.X-CUBE-NFC7.1.0.0
2024-10-29 14:18:26,121 [WARN] PackLoader:240 - Cannot read IP mode file for STMicroelectronics.X-CUBE-EEPRMA1.4.1.0
2024-10-29 14:18:26,160 [WARN] PackLoader:240 - Cannot read IP mode file for WES.I-CUBE-Cesium.1.3.0
2024-10-29 14:18:26,238 [WARN] PackLoader:240 - Cannot read IP mode file for STMicroelectronics.X-CUBE-SFXS2LP1.4.0.0
2024-10-29 14:18:26,285 [WARN] PackLoader:240 - Cannot read IP mode file for STMicroelectronics.X-CUBE-BLE2.3.3.0
2024-10-29 14:18:26,373 [WARN] PackLoader:240 - Cannot read IP mode file for STMicroelectronics.X-CUBE-AZRTOS-H7.3.0.0
2024-10-29 14:18:26,405 [WARN] PackLoader:240 - Cannot read IP mode file for STMicroelectronics.X-CUBE-ISPU.1.1.0
2024-10-29 14:18:26,499 [WARN] PackLoader:240 - Cannot read IP mode file for RoweBots.I-CUBE-UNISONRTOS.5.5.0-4
2024-10-29 14:18:26,527 [WARN] PackLoader:240 - Cannot read IP mode file for STMicroelectronics.X-CUBE-AI.8.0.0
2024-10-29 14:18:26,554 [WARN] PackLoader:240 - Cannot read IP mode file for STMicroelectronics.X-CUBE-FREERTOS.1.0.0
2024-10-29 14:18:26,583 [WARN] PackLoader:240 - Cannot read IP mode file for STMicroelectronics.X-CUBE-TOUCHGFX.4.21.3
2024-10-29 14:18:26,608 [WARN] PackLoader:240 - Cannot read IP mode file for STMicroelectronics.X-CUBE-ALGOBUILD.1.3.0
2024-10-29 14:18:26,654 [WARN] PackLoader:240 - Cannot read IP mode file for STMicroelectronics.X-CUBE-AZRTOS-L5.1.1.0
2024-10-29 14:18:26,712 [WARN] PackLoader:240 - Cannot read IP mode file for STMicroelectronics.X-CUBE-AZRTOS-G0.1.1.0
2024-10-29 14:18:26,753 [WARN] PackLoader:240 - Cannot read IP mode file for STMicroelectronics.X-CUBE-SUBG2.5.0.0
2024-10-29 14:18:26,786 [WARN] PackLoader:240 - Cannot read IP mode file for STMicroelectronics.X-CUBE-NFC4.3.0.0
2024-10-29 14:18:26,821 [WARN] PackLoader:240 - Cannot read IP mode file for STMicroelectronics.X-CUBE-TOF1.3.3.0
2024-10-29 14:18:26,852 [WARN] PackLoader:240 - Cannot read IP mode file for STMicroelectronics.FP-ATR-ASTRA1.1.1.1
2024-10-29 14:18:26,897 [WARN] PackLoader:240 - Cannot read IP mode file for STMicroelectronics.X-CUBE-AZRTOS-G4.1.0.0
2024-10-29 14:18:26,921 [WARN] PackLoader:240 - Cannot read IP mode file for STMicroelectronics.FP-ATR-SIGFOX1.3.2.0
2024-10-29 14:18:26,973 [WARN] PackLoader:240 - Cannot read IP mode file for STMicroelectronics.X-CUBE-AZRTOS-L4.1.0.0
2024-10-29 14:18:27,017 [WARN] PackLoader:240 - Cannot read IP mode file for STMicroelectronics.X-CUBE-AZRTOS-WL.1.0.0
2024-10-29 14:18:27,045 [WARN] PackLoader:240 - Cannot read IP mode file for portGmbH.I-Cube-SoM-uGOAL.1.1.0
2024-10-29 14:18:27,067 [WARN] PackLoader:240 - Cannot read IP mode file for STMicroelectronics.X-CUBE-ALS.1.0.1
2024-10-29 14:18:27,215 [WARN] PackLoader:240 - Cannot read IP mode file for STMicroelectronics.X-CUBE-MEMS1.9.5.0
2024-10-29 14:18:27,529 [WARN] PackLoader:240 - Cannot read IP mode file for STMicroelectronics.X-CUBE-AZRTOS-WB.1.1.0
2024-10-29 14:18:27,604 [WARN] PackLoader:240 - Cannot read IP mode file for SEGGER.I-CUBE-embOS.1.3.1
2024-10-29 14:18:27,698 [INFO] ThirdParty:978 - Integrity check success = true
2024-10-29 14:18:27,698 [INFO] IntegrityCheckThread:100 - exiting critical section [integrity check]
2024-10-29 14:18:27,698 [INFO] IntegrityCheckThread:103 - End integrity checks thread
2024-10-29 14:18:31,510 [INFO] WebApp:167 - Instantiating new browser for Auth
2024-10-29 14:18:32,638 [INFO] WebApp:448 - Apply proxy settings
2024-10-29 14:18:32,638 [INFO] WebApp:533 - Chromium requires no authentication
2024-10-29 14:18:32,654 [INFO] WebApp:476 - Direct internet connection detected
2024-10-29 14:18:32,692 [INFO] WebApp:869 - Register for checkConnection events
2024-10-29 14:18:32,693 [INFO] WebApp:448 - Apply proxy settings
2024-10-29 14:18:32,693 [INFO] WebApp:533 - Chromium requires no authentication
2024-10-29 14:18:32,693 [INFO] WebApp:476 - Direct internet connection detected
2024-10-29 14:18:32,917 [INFO] WebApp:186 - Connection restablished
2024-10-29 14:18:32,963 [INFO] WebApp:220 - Starting web application
2024-10-29 14:18:32,964 [INFO] WebApp:578 - Web application path used C:\ST\STM32CubeIDE_1.16.1\STM32CubeIDE\plugins\com.st.stm32cube.common.mx_6.12.1.202409122256\db\plugins\mcufinder\reactClient1\index.html
2024-10-29 14:18:33,481 [INFO] UserAuth:417 - Internet connection configuration mode: 1
2024-10-29 15:15:05,882 [INFO] WebApp:189 - Connection lost
2024-10-29 15:15:06,282 [INFO] WebApp:186 - Connection restablished
2024-10-29 17:06:27,349 [INFO] WebApp:189 - Connection lost
2024-10-29 17:06:27,558 [INFO] WebApp:186 - Connection restablished
2024-10-29 17:14:21,119 [ERROR] LogOutputStream:75 - [STDERR_REDIRECT] 
