2025-04-05 15:34:26,726 [INFO] Activator:176 - 


2025-04-05 15:34:26,730 [INFO] Activator:177 - !SESSION log4j initialized
2025-04-05 15:34:34,277 [INFO] LogOutputStream:77 - [STDOUT_REDIRECT] 
2025-04-05 15:34:36,797 [INFO] ApplicationProperties:184 - Using Application install path: C:\ST\STM32CubeIDE_1.16.1\STM32CubeIDE\plugins\com.st.stm32cube.common.mx_6.14.0.202502271554
2025-04-05 15:34:36,831 [INFO] DbMcusXml:78 - Set database path to: C:\ST\STM32CubeIDE_1.16.1\STM32CubeIDE\plugins\com.st.stm32cube.common.mx_6.14.0.202502271554\\db\/mcu/
2025-04-05 15:34:36,831 [INFO] ApiDb:274 - Set plugin database path to: C:\ST\STM32CubeIDE_1.16.1\STM32CubeIDE\plugins\com.st.stm32cube.common.mx_6.14.0.202502271554\\db\/plugins/boardmanager/
2025-04-05 15:34:36,832 [WARN] ApiDb:259 - Overriding images path with different value:  => C:\ST\STM32CubeIDE_1.16.1\STM32CubeIDE\plugins\com.st.stm32cube.common.mx_6.14.0.202502271554\\db\/plugins/mcufinder/images/
2025-04-05 15:34:36,847 [INFO] ApiDb:250 - Set database path to: C:\Users\chant\.stmcufinder\plugins\mcufinder//mcu/
2025-04-05 15:34:36,850 [INFO] DbMcusAds:125 - Set database path to: C:\Users\chant\.stmcufinder\plugins\mcufinder//mcu/
2025-04-05 15:34:36,857 [INFO] CrossReferenceDbSqlite:203 - Set database path to: C:\Users\chant\.stmcufinder\plugins\mcufinder//mcu/cs/
2025-04-05 15:34:37,084 [INFO] RulesReader:64 - Compatibility file has been processed (301 Rules)
2025-04-05 15:34:37,225 [INFO] DbMcusXml:78 - Set database path to: C:\ST\STM32CubeIDE_1.16.1\STM32CubeIDE\plugins\com.st.stm32cube.common.mx_6.14.0.202502271554\\db\/mcu/
2025-04-05 15:34:37,225 [INFO] ApiDb:274 - Set plugin database path to: C:\ST\STM32CubeIDE_1.16.1\STM32CubeIDE\plugins\com.st.stm32cube.common.mx_6.14.0.202502271554\\db\/plugins/boardmanager/
2025-04-05 15:34:37,226 [INFO] ApiDb:261 - Set plugin images path to: C:\ST\STM32CubeIDE_1.16.1\STM32CubeIDE\plugins\com.st.stm32cube.common.mx_6.14.0.202502271554\\db\/plugins/mcufinder/images/
2025-04-05 15:34:37,226 [WARN] DbFile:41 - Overriding database path with different value: C:\Users\chant\.stmcufinder\plugins\mcufinder/ => C:\Users\chant\.stmcufinder\plugins\mcufinder
2025-04-05 15:34:37,226 [INFO] ApiDb:250 - Set database path to: C:\Users\chant\.stmcufinder\plugins\mcufinder//mcu/
2025-04-05 15:34:37,226 [WARN] DbFile:41 - Overriding database path with different value: C:\Users\chant\.stmcufinder\plugins\mcufinder/ => C:\Users\chant\.stmcufinder\plugins\mcufinder
2025-04-05 15:34:37,226 [INFO] DbMcusAds:125 - Set database path to: C:\Users\chant\.stmcufinder\plugins\mcufinder//mcu/
2025-04-05 15:34:37,226 [WARN] DbFile:41 - Overriding database path with different value: C:\Users\chant\.stmcufinder\plugins\mcufinder/ => C:\Users\chant\.stmcufinder\plugins\mcufinder
2025-04-05 15:34:37,226 [WARN] DbFile:41 - Overriding database path with different value: C:\Users\chant\.stmcufinder\plugins\mcufinder/ => C:\Users\chant\.stmcufinder\plugins\mcufinder
2025-04-05 15:34:37,227 [INFO] CrossReferenceDbSqlite:203 - Set database path to: C:\Users\chant\.stmcufinder\plugins\mcufinder//mcu/cs/
2025-04-05 15:34:37,348 [INFO] MainPanel:272 - HeapMemory: 268435456
2025-04-05 15:34:37,736 [INFO] DbMcusXml:78 - Set database path to: C:\ST\STM32CubeIDE_1.16.1\STM32CubeIDE\plugins\com.st.stm32cube.common.mx_6.14.0.202502271554\\db\/mcu/
2025-04-05 15:34:37,736 [INFO] ApiDb:274 - Set plugin database path to: C:\ST\STM32CubeIDE_1.16.1\STM32CubeIDE\plugins\com.st.stm32cube.common.mx_6.14.0.202502271554\\db\/plugins/boardmanager/
2025-04-05 15:34:37,736 [INFO] ApiDb:261 - Set plugin images path to: C:\ST\STM32CubeIDE_1.16.1\STM32CubeIDE\plugins\com.st.stm32cube.common.mx_6.14.0.202502271554\\db\/plugins/mcufinder/images/
2025-04-05 15:34:37,737 [WARN] DbFile:41 - Overriding database path with different value: C:\Users\chant\.stmcufinder\plugins\mcufinder/ => C:\Users\chant\.stmcufinder\plugins\mcufinder
2025-04-05 15:34:37,737 [INFO] ApiDb:250 - Set database path to: C:\Users\chant\.stmcufinder\plugins\mcufinder//mcu/
2025-04-05 15:34:37,737 [WARN] DbFile:41 - Overriding database path with different value: C:\Users\chant\.stmcufinder\plugins\mcufinder/ => C:\Users\chant\.stmcufinder\plugins\mcufinder
2025-04-05 15:34:37,737 [INFO] DbMcusAds:125 - Set database path to: C:\Users\chant\.stmcufinder\plugins\mcufinder//mcu/
2025-04-05 15:34:37,737 [WARN] DbFile:41 - Overriding database path with different value: C:\Users\chant\.stmcufinder\plugins\mcufinder/ => C:\Users\chant\.stmcufinder\plugins\mcufinder
2025-04-05 15:34:37,738 [WARN] DbFile:41 - Overriding database path with different value: C:\Users\chant\.stmcufinder\plugins\mcufinder/ => C:\Users\chant\.stmcufinder\plugins\mcufinder
2025-04-05 15:34:37,738 [INFO] CrossReferenceDbSqlite:203 - Set database path to: C:\Users\chant\.stmcufinder\plugins\mcufinder//mcu/cs/
2025-04-05 15:34:37,776 [INFO] ApplicationProperties:184 - Using Application install path: C:\ST\STM32CubeIDE_1.16.1\STM32CubeIDE\plugins\com.st.stm32cube.common.mx_6.14.0.202502271554
2025-04-05 15:34:37,780 [INFO] PluginManage:196 - Search for loadable plugins [exclusion list=, ]
2025-04-05 15:34:37,783 [INFO] PluginManage:310 - Check plugin analytics
2025-04-05 15:34:38,133 [INFO] AnalyticsPlugin:253 - Accepted Software Licenses: STM32CubeMX.6.13.0
2025-04-05 15:34:38,134 [INFO] AnalyticsPlugin:255 - Accepted CMSIS Pack Licenses: 
2025-04-05 15:34:38,134 [INFO] AnalyticsPlugin:257 - Accepted Firmware Licenses: FW.H7.1.11.0
2025-04-05 15:34:38,139 [INFO] PluginManage:359 - Loaded plugin analytics (category:tool,tabindex:-1)
2025-04-05 15:34:38,140 [INFO] PluginManage:310 - Check plugin cadmodel
2025-04-05 15:34:38,149 [INFO] CADModel:105 - Init CAD model plugin
2025-04-05 15:34:38,150 [INFO] PluginManage:359 - Loaded plugin cadmodel (category:power,tabindex:5)
2025-04-05 15:34:38,150 [INFO] PluginManage:310 - Check plugin clock
2025-04-05 15:34:38,169 [INFO] PluginManage:359 - Loaded plugin clock (category:base,tabindex:2)
2025-04-05 15:34:38,169 [INFO] PluginManage:310 - Check plugin ddr
2025-04-05 15:34:38,174 [INFO] PluginManage:359 - Loaded plugin ddr (category:tool,tabindex:6)
2025-04-05 15:34:38,175 [INFO] PluginManage:310 - Check plugin filemanager
2025-04-05 15:34:38,488 [INFO] PluginManage:359 - Loaded plugin filemanager (category:base,tabindex:10)
2025-04-05 15:34:38,489 [INFO] PluginManage:310 - Check plugin ipmanager
2025-04-05 15:34:38,508 [INFO] PluginManage:359 - Loaded plugin ipmanager (category:base,tabindex:5)
2025-04-05 15:34:38,509 [INFO] PluginManage:310 - Check plugin lpbam
2025-04-05 15:34:38,529 [INFO] PluginManage:359 - Loaded plugin lpbam (category:base,tabindex:0)
2025-04-05 15:34:38,529 [INFO] PluginManage:310 - Check plugin memorymap
2025-04-05 15:34:38,579 [INFO] PluginManage:359 - Loaded plugin memorymap (category:base,tabindex:4)
2025-04-05 15:34:38,580 [INFO] PluginManage:310 - Check plugin pinoutandconfiguration
2025-04-05 15:34:38,600 [INFO] PluginManage:359 - Loaded plugin pinoutandconfiguration (category:base,tabindex:1)
2025-04-05 15:34:38,601 [INFO] PluginManage:310 - Check plugin pinoutconfig
2025-04-05 15:34:38,780 [WARN] SupportedApi:132 - Cannot load RTOS API schema: s4s-elt-must-match.1: The content of 'definitions' must match (annotation?, (simpleType | complexType)?, (unique | key | keyref)*)). A problem was found starting at: attribute.
2025-04-05 15:34:39,061 [INFO] PluginManage:359 - Loaded plugin pinoutconfig (category:base,tabindex:0)
2025-04-05 15:34:39,061 [INFO] PluginManage:310 - Check plugin power
2025-04-05 15:34:39,081 [INFO] PluginManage:359 - Loaded plugin power (category:power,tabindex:4)
2025-04-05 15:34:39,082 [INFO] PluginManage:310 - Check plugin projectmanager
2025-04-05 15:34:39,117 [INFO] PluginManage:359 - Loaded plugin projectmanager (category:projectmanager,tabindex:4)
2025-04-05 15:34:39,118 [INFO] PluginManage:310 - Check plugin rif
2025-04-05 15:34:39,135 [INFO] PluginManage:359 - Loaded plugin rif (category:base,tabindex:3)
2025-04-05 15:34:39,135 [INFO] PluginManage:310 - Check plugin thirdparty
2025-04-05 15:34:39,383 [INFO] PluginManage:359 - Loaded plugin thirdparty (category:base,tabindex:-1)
2025-04-05 15:34:39,383 [WARN] IntegrityCheckThread:84 - waiting for thirdparty lock release [integrity check]
2025-04-05 15:34:39,384 [INFO] PluginManage:310 - Check plugin tools
2025-04-05 15:34:39,384 [INFO] IntegrityCheckThread:86 - entering critical section [integrity check]
2025-04-05 15:34:39,384 [INFO] ThirdPartyUpdaterWithRetryManager:70 - Updater plugin not ready yet. [1/15]
2025-04-05 15:34:39,389 [INFO] PluginManage:359 - Loaded plugin tools (category:base,tabindex:7)
2025-04-05 15:34:39,389 [INFO] PluginManage:310 - Check plugin tutovideos
2025-04-05 15:34:39,730 [INFO] PluginManage:359 - Loaded plugin tutovideos (category:base,tabindex:-1)
2025-04-05 15:34:39,731 [INFO] PluginManage:310 - Check plugin updater
2025-04-05 15:34:39,774 [INFO] PluginManage:359 - Loaded plugin updater (category:base,tabindex:12)
2025-04-05 15:34:39,775 [INFO] PluginManage:310 - Check plugin userauth
2025-04-05 15:34:39,782 [INFO] UserAuth:118 - Init User Auth plugin
2025-04-05 15:34:39,784 [INFO] PluginManage:359 - Loaded plugin userauth (category:base,tabindex:14)
2025-04-05 15:34:39,785 [INFO] PluginManage:283 - PluginManage : Loaded plugins [18]
2025-04-05 15:34:40,256 [INFO] PinOutPanel:1589 - setPackage(No Configuration,No Configuration)
2025-04-05 15:34:40,411 [INFO] CADModel:165 - CPN selected for project level
2025-04-05 15:34:40,411 [INFO] CADModel:114 - Register for checkConnection events
2025-04-05 15:34:40,446 [INFO] IPUIPlugin:80 - create IPUIPlugin
2025-04-05 15:34:40,446 [INFO] PluginManager:220 - loadIPPluginJar : add adc
2025-04-05 15:34:40,450 [INFO] IPUIPlugin:80 - create IPUIPlugin
2025-04-05 15:34:40,451 [INFO] PluginManager:220 - loadIPPluginJar : add aes
2025-04-05 15:34:40,455 [INFO] IPUIPlugin:80 - create IPUIPlugin
2025-04-05 15:34:40,455 [INFO] PluginManager:220 - loadIPPluginJar : add can
2025-04-05 15:34:40,458 [INFO] IPUIPlugin:80 - create IPUIPlugin
2025-04-05 15:34:40,458 [INFO] PluginManager:220 - loadIPPluginJar : add comp
2025-04-05 15:34:40,462 [INFO] IPUIPlugin:80 - create IPUIPlugin
2025-04-05 15:34:40,462 [INFO] PluginManager:220 - loadIPPluginJar : add cryp
2025-04-05 15:34:40,468 [INFO] IPUIPlugin:80 - create IPUIPlugin
2025-04-05 15:34:40,468 [INFO] PluginManager:220 - loadIPPluginJar : add ddr_ctrl_phy
2025-04-05 15:34:40,472 [INFO] IPUIPlugin:80 - create IPUIPlugin
2025-04-05 15:34:40,472 [INFO] PluginManager:220 - loadIPPluginJar : add dfsdm
2025-04-05 15:34:40,480 [INFO] IPUIPlugin:80 - create IPUIPlugin
2025-04-05 15:34:40,481 [INFO] PluginManager:220 - loadIPPluginJar : add dma
2025-04-05 15:34:40,485 [INFO] IPUIPlugin:80 - create IPUIPlugin
2025-04-05 15:34:40,486 [INFO] PluginManager:220 - loadIPPluginJar : add dma3
2025-04-05 15:34:40,489 [INFO] IPUIPlugin:80 - create IPUIPlugin
2025-04-05 15:34:40,489 [INFO] PluginManager:220 - loadIPPluginJar : add extmemmanager
2025-04-05 15:34:40,492 [INFO] IPUIPlugin:80 - create IPUIPlugin
2025-04-05 15:34:40,492 [INFO] PluginManager:220 - loadIPPluginJar : add fatfs
2025-04-05 15:34:40,499 [INFO] IPUIPlugin:80 - create IPUIPlugin
2025-04-05 15:34:40,499 [INFO] PluginManager:220 - loadIPPluginJar : add fmc
2025-04-05 15:34:40,508 [INFO] IPUIPlugin:80 - create IPUIPlugin
2025-04-05 15:34:40,508 [INFO] PluginManager:220 - loadIPPluginJar : add freertos
2025-04-05 15:34:40,511 [INFO] IPUIPlugin:80 - create IPUIPlugin
2025-04-05 15:34:40,511 [INFO] PluginManager:220 - loadIPPluginJar : add genericplugin
2025-04-05 15:34:40,515 [INFO] IPUIPlugin:80 - create IPUIPlugin
2025-04-05 15:34:40,515 [INFO] PluginManager:220 - loadIPPluginJar : add gfxmmu
2025-04-05 15:34:40,522 [INFO] IPUIPlugin:80 - create IPUIPlugin
2025-04-05 15:34:40,523 [INFO] PluginManager:220 - loadIPPluginJar : add gic
2025-04-05 15:34:40,528 [INFO] IPUIPlugin:80 - create IPUIPlugin
2025-04-05 15:34:40,528 [INFO] PluginManager:220 - loadIPPluginJar : add gpio
2025-04-05 15:34:40,533 [INFO] IPUIPlugin:80 - create IPUIPlugin
2025-04-05 15:34:40,534 [INFO] PluginManager:220 - loadIPPluginJar : add gtzc
2025-04-05 15:34:40,537 [INFO] IPUIPlugin:80 - create IPUIPlugin
2025-04-05 15:34:40,537 [INFO] PluginManager:220 - loadIPPluginJar : add hash
2025-04-05 15:34:40,541 [INFO] IPUIPlugin:80 - create IPUIPlugin
2025-04-05 15:34:40,541 [INFO] PluginManager:220 - loadIPPluginJar : add i2c
2025-04-05 15:34:40,544 [INFO] IPUIPlugin:80 - create IPUIPlugin
2025-04-05 15:34:40,544 [INFO] PluginManager:220 - loadIPPluginJar : add i2s
2025-04-05 15:34:40,548 [INFO] IPUIPlugin:80 - create IPUIPlugin
2025-04-05 15:34:40,548 [INFO] PluginManager:220 - loadIPPluginJar : add i3c
2025-04-05 15:34:40,555 [INFO] IPUIPlugin:80 - create IPUIPlugin
2025-04-05 15:34:40,555 [INFO] PluginManager:220 - loadIPPluginJar : add ipddr
2025-04-05 15:34:40,566 [INFO] IPUIPlugin:80 - create IPUIPlugin
2025-04-05 15:34:40,566 [INFO] PluginManager:220 - loadIPPluginJar : add linkedlist
2025-04-05 15:34:40,570 [INFO] IPUIPlugin:80 - create IPUIPlugin
2025-04-05 15:34:40,570 [INFO] PluginManager:220 - loadIPPluginJar : add lorawan
2025-04-05 15:34:40,572 [INFO] IPUIPlugin:80 - create IPUIPlugin
2025-04-05 15:34:40,572 [INFO] PluginManager:220 - loadIPPluginJar : add ltdc
2025-04-05 15:34:40,580 [INFO] IPUIPlugin:80 - create IPUIPlugin
2025-04-05 15:34:40,581 [INFO] PluginManager:220 - loadIPPluginJar : add mdma
2025-04-05 15:34:40,586 [INFO] IPUIPlugin:80 - create IPUIPlugin
2025-04-05 15:34:40,587 [INFO] PluginManager:220 - loadIPPluginJar : add nvic
2025-04-05 15:34:40,591 [INFO] IPUIPlugin:80 - create IPUIPlugin
2025-04-05 15:34:40,591 [INFO] PluginManager:220 - loadIPPluginJar : add opamp
2025-04-05 15:34:40,597 [INFO] IPUIPlugin:80 - create IPUIPlugin
2025-04-05 15:34:40,598 [INFO] PluginManager:220 - loadIPPluginJar : add openamp
2025-04-05 15:34:40,604 [INFO] IPUIPlugin:80 - create IPUIPlugin
2025-04-05 15:34:40,604 [INFO] PluginManager:220 - loadIPPluginJar : add pdm2pcm
2025-04-05 15:34:40,614 [INFO] IPUIPlugin:80 - create IPUIPlugin
2025-04-05 15:34:40,620 [INFO] PluginManager:220 - loadIPPluginJar : add plateformsettings
2025-04-05 15:34:40,623 [INFO] IPUIPlugin:80 - create IPUIPlugin
2025-04-05 15:34:40,623 [INFO] PluginManager:220 - loadIPPluginJar : add quadspi
2025-04-05 15:34:40,626 [INFO] IPUIPlugin:80 - create IPUIPlugin
2025-04-05 15:34:40,627 [INFO] PluginManager:220 - loadIPPluginJar : add radio
2025-04-05 15:34:40,633 [INFO] IPUIPlugin:80 - create IPUIPlugin
2025-04-05 15:34:40,633 [INFO] PluginManager:220 - loadIPPluginJar : add resmgrutility
2025-04-05 15:34:40,638 [INFO] IPUIPlugin:80 - create IPUIPlugin
2025-04-05 15:34:40,639 [INFO] PluginManager:220 - loadIPPluginJar : add sai
2025-04-05 15:34:40,643 [INFO] IPUIPlugin:80 - create IPUIPlugin
2025-04-05 15:34:40,643 [INFO] PluginManager:220 - loadIPPluginJar : add spi
2025-04-05 15:34:40,654 [INFO] IPUIPlugin:80 - create IPUIPlugin
2025-04-05 15:34:40,654 [INFO] PluginManager:220 - loadIPPluginJar : add stm32_wpan
2025-04-05 15:34:40,657 [INFO] IPUIPlugin:80 - create IPUIPlugin
2025-04-05 15:34:40,657 [INFO] PluginManager:220 - loadIPPluginJar : add tim
2025-04-05 15:34:40,661 [INFO] IPUIPlugin:80 - create IPUIPlugin
2025-04-05 15:34:40,661 [INFO] PluginManager:220 - loadIPPluginJar : add touchsensing
2025-04-05 15:34:40,665 [INFO] IPUIPlugin:80 - create IPUIPlugin
2025-04-05 15:34:40,665 [INFO] PluginManager:220 - loadIPPluginJar : add tracer_emb
2025-04-05 15:34:40,670 [INFO] IPUIPlugin:80 - create IPUIPlugin
2025-04-05 15:34:40,670 [INFO] PluginManager:220 - loadIPPluginJar : add ts
2025-04-05 15:34:40,673 [INFO] IPUIPlugin:80 - create IPUIPlugin
2025-04-05 15:34:40,673 [INFO] PluginManager:220 - loadIPPluginJar : add tsc
2025-04-05 15:34:40,677 [INFO] IPUIPlugin:80 - create IPUIPlugin
2025-04-05 15:34:40,677 [INFO] PluginManager:220 - loadIPPluginJar : add ucpd
2025-04-05 15:34:40,681 [INFO] IPUIPlugin:80 - create IPUIPlugin
2025-04-05 15:34:40,682 [INFO] PluginManager:220 - loadIPPluginJar : add usart
2025-04-05 15:34:40,688 [INFO] IPUIPlugin:80 - create IPUIPlugin
2025-04-05 15:34:40,688 [INFO] PluginManager:220 - loadIPPluginJar : add usbx
2025-04-05 15:34:40,876 [FATAL] Updater:351 - Updater called before beeing initialized
2025-04-05 15:34:40,907 [INFO] RulesReader:64 - Compatibility file has been processed (301 Rules)
2025-04-05 15:34:40,923 [INFO] RulesReader:64 - Compatibility file has been processed (301 Rules)
2025-04-05 15:34:40,933 [INFO] CADModel:165 - CPN selected for project level
2025-04-05 15:34:40,934 [INFO] CADModel:114 - Register for checkConnection events
2025-04-05 15:34:40,934 [FATAL] Updater:351 - Updater called before beeing initialized
2025-04-05 15:34:40,934 [ERROR] CADModel:125 - Updater not yet initialized, retry later 
2025-04-05 15:34:41,206 [FATAL] Updater:351 - Updater called before beeing initialized
2025-04-05 15:34:41,209 [INFO] CADModel:165 - CPN selected for project level
2025-04-05 15:34:41,209 [INFO] CADModel:114 - Register for checkConnection events
2025-04-05 15:34:41,209 [FATAL] Updater:351 - Updater called before beeing initialized
2025-04-05 15:34:41,209 [ERROR] CADModel:125 - Updater not yet initialized, retry later 
2025-04-05 15:34:41,214 [FATAL] Updater:351 - Updater called before beeing initialized
2025-04-05 15:34:41,444 [FATAL] Updater:351 - Updater called before beeing initialized
2025-04-05 15:34:41,451 [INFO] DbMcusAds:53 - JSON generation date=Wed Sep 29 23:55:09 PDT 2021 (1632984909247)
2025-04-05 15:34:41,453 [FATAL] Updater:351 - Updater called before beeing initialized
2025-04-05 15:34:41,519 [WARN] DetailPanel:346 - Failed to get advertising image, set to default
2025-04-05 15:34:41,962 [FATAL] Updater:351 - Updater called before beeing initialized
2025-04-05 15:34:41,964 [FATAL] Updater:351 - Updater called before beeing initialized
2025-04-05 15:34:41,964 [FATAL] Updater:351 - Updater called before beeing initialized
2025-04-05 15:34:41,964 [WARN] DetailPanel:346 - Failed to get advertising image, set to default
2025-04-05 15:34:41,965 [FATAL] Updater:351 - Updater called before beeing initialized
2025-04-05 15:34:42,032 [ERROR] Updater:1198 - MainUpdater not yet initialized. External WinMGr cannot be set.
2025-04-05 15:34:42,035 [INFO] Updater:1134 - Updater Version found : 6.14.0
2025-04-05 15:34:42,058 [INFO] ApplicationProperties:184 - Using Application install path: C:\ST\STM32CubeIDE_1.16.1\STM32CubeIDE\plugins\com.st.stm32cube.common.mx_6.14.0.202502271554
2025-04-05 15:34:42,385 [INFO] ThirdPartyUpdaterWithRetryManager:70 - Updater plugin not ready yet. [2/15]
2025-04-05 15:34:42,533 [INFO] MainUpdater:2872 - connection check result : 10
2025-04-05 15:34:42,534 [INFO] MainUpdater:3566 - Updater definition file requires update
2025-04-05 15:34:42,535 [INFO] MainUpdater:289 - Updater Check For Update Now.
2025-04-05 15:34:42,535 [INFO] MicroXplorer:498 - Change Database Version : DB.6.0.140
2025-04-05 15:34:42,548 [INFO] McuFinderGlobals:63 - Set McuFinder mode to 2 (CubeIDE integrated)
2025-04-05 15:34:42,550 [INFO] UserAuth:486 - Internet connection configuration mode: 1
2025-04-05 15:34:42,593 [INFO] JxBrowserEngine:152 - Initiate JxBrowser Engine with user profile folder
2025-04-05 15:34:42,663 [INFO] ServerAccessManage:473 - Download File updaters.zip
2025-04-05 15:34:42,833 [INFO] FileExtend:242 - Unzip File : updaters.zip
2025-04-05 15:34:42,833 [INFO] FileExtend:257 - Standard Zip Deflate
2025-04-05 15:34:43,735 [INFO] ServerAccessManage:473 - Download File PacksControlFlags.xml
2025-04-05 15:34:43,848 [INFO] ServerAccessManage:473 - Download File cubemx.pidx
2025-04-05 15:34:44,362 [INFO] ServerAccessManage:473 - Download File STMicroelectronics.FP-SNS-FLIGHT1.pdsc
2025-04-05 15:34:44,974 [INFO] ServerAccessManage:473 - Download File STMicroelectronics.X-CUBE-DPOWER.pdsc
2025-04-05 15:34:45,386 [WARN] MainUpdater:1193 - Updater busy. Cannot search thirdparties
2025-04-05 15:34:45,387 [INFO] ThirdPartyUpdaterWithRetryManager:96 - Updater plugin is busy. [1/15]
2025-04-05 15:34:45,564 [ERROR] ServerAccessManage:1089 - Problem, file not found on Server
2025-04-05 15:34:45,932 [INFO] WebApp:169 - Instantiating new browser for Auth
2025-04-05 15:34:46,019 [ERROR] ServerAccessManage:1089 - Problem, file not found on Server
2025-04-05 15:34:46,840 [ERROR] ServerAccessManage:1089 - Problem, file not found on Server
2025-04-05 15:34:47,295 [ERROR] ServerAccessManage:1089 - Problem, file not found on Server
2025-04-05 15:34:47,347 [INFO] WebApp:463 - Apply proxy settings
2025-04-05 15:34:47,347 [INFO] WebApp:548 - Chromium requires no authentication
2025-04-05 15:34:47,361 [INFO] WebApp:491 - Direct internet connection detected
2025-04-05 15:34:47,395 [INFO] WebApp:894 - Register for checkConnection events
2025-04-05 15:34:47,395 [INFO] WebApp:463 - Apply proxy settings
2025-04-05 15:34:47,396 [INFO] WebApp:548 - Chromium requires no authentication
2025-04-05 15:34:47,396 [INFO] WebApp:491 - Direct internet connection detected
2025-04-05 15:34:47,599 [INFO] WebApp:191 - Connection restablished
2025-04-05 15:34:47,733 [INFO] WebApp:225 - Starting web application
2025-04-05 15:34:47,733 [INFO] WebApp:593 - Web application path used C:\ST\STM32CubeIDE_1.16.1\STM32CubeIDE\plugins\com.st.stm32cube.common.mx_6.14.0.202502271554\db\plugins\mcufinder\reactClient1\index.html
2025-04-05 15:34:47,749 [ERROR] ServerAccessManage:1089 - Problem, file not found on Server
2025-04-05 15:34:48,081 [INFO] UserAuth:486 - Internet connection configuration mode: 1
2025-04-05 15:34:48,229 [ERROR] ServerAccessManage:1089 - Problem, file not found on Server
2025-04-05 15:34:48,387 [WARN] MainUpdater:1193 - Updater busy. Cannot search thirdparties
2025-04-05 15:34:48,387 [INFO] ThirdPartyUpdaterWithRetryManager:96 - Updater plugin is busy. [2/15]
2025-04-05 15:34:48,673 [ERROR] ServerAccessManage:1089 - Problem, file not found on Server
2025-04-05 15:34:49,169 [ERROR] ServerAccessManage:1089 - Problem, file not found on Server
2025-04-05 15:34:49,635 [ERROR] ServerAccessManage:1089 - Problem, file not found on Server
2025-04-05 15:34:50,062 [ERROR] ServerAccessManage:1089 - Problem, file not found on Server
2025-04-05 15:34:50,510 [ERROR] ServerAccessManage:1089 - Problem, file not found on Server
2025-04-05 15:34:51,038 [INFO] ServerAccessManage:473 - Download File STMicroelectronics.X-CUBE-AZRTOS-H7RS.pdsc
2025-04-05 15:34:51,388 [WARN] MainUpdater:1193 - Updater busy. Cannot search thirdparties
2025-04-05 15:34:51,389 [INFO] ThirdPartyUpdaterWithRetryManager:96 - Updater plugin is busy. [3/15]
2025-04-05 15:34:51,444 [INFO] McuFinderGlobals:63 - Set McuFinder mode to 2 (CubeIDE integrated)
2025-04-05 15:34:51,993 [WARN] PackLoader:240 - Cannot read IP mode file for STMicroelectronics.FP-SNS-FLIGHT1.5.1.0
2025-04-05 15:34:52,035 [WARN] PackLoader:240 - Cannot read IP mode file for STMicroelectronics.X-CUBE-DPower.1.3.0
2025-04-05 15:34:52,091 [WARN] PackLoader:240 - Cannot read IP mode file for STMicroelectronics.X-CUBE-AZRTOS-H7RS.1.1.0
2025-04-05 15:34:52,099 [INFO] PopulateThirdPartyThread:66 - Ending populate Thread
2025-04-05 15:34:52,101 [INFO] ThirdParty:1030 - CMSIS Pack Vendor :STMicroelectronics FP-SNS-FLIGHT1 5.1.0
2025-04-05 15:34:52,101 [INFO] ThirdParty:1030 - CMSIS Pack Vendor :STMicroelectronics X-CUBE-DPower 1.3.0
2025-04-05 15:34:52,102 [INFO] ThirdParty:1030 - CMSIS Pack Vendor :STMicroelectronics X-CUBE-AZRTOS-H7RS 1.1.0
2025-04-05 15:34:52,102 [INFO] LoadServerUpdatesThread:375 - End of LoadServerUpdate Thread
2025-04-05 15:34:52,140 [INFO] CheckServerUpdateThread:120 - End of CheckServer Thread
2025-04-05 15:34:52,258 [INFO] MainUpdater:2872 - connection check result : 10
2025-04-05 15:34:52,259 [INFO] MainUpdater:2872 - connection check result : 10
2025-04-05 15:34:52,326 [INFO] MicroXplorer:468 - Change Database Path : 
2025-04-05 15:34:52,327 [INFO] MicroXplorer:498 - Change Database Version : DB.6.0.140
2025-04-05 15:34:52,336 [WARN] ThirdParty:871 - waiting for thirdparty lock release [close project]
2025-04-05 15:34:54,653 [WARN] PackLoader:240 - Cannot read IP mode file for STMicroelectronics.FP-ATR-ASTRA1.2.0.2
2025-04-05 15:34:54,658 [WARN] PackLoader:240 - Cannot read IP mode file for STMicroelectronics.FP-ATR-ASTRA1.2.0.1
2025-04-05 15:34:54,664 [WARN] PackLoader:240 - Cannot read IP mode file for STMicroelectronics.X-CUBE-SMBUS.2.1.0
2025-04-05 15:34:54,674 [WARN] PackLoader:240 - Cannot read IP mode file for STMicroelectronics.X-CUBE-WB05N.1.1.0
2025-04-05 15:34:54,700 [WARN] PackLoader:240 - Cannot read IP mode file for STMicroelectronics.X-CUBE-AZRTOS-F7.1.1.0
2025-04-05 15:34:54,765 [WARN] PackLoader:240 - Cannot read IP mode file for STMicroelectronics.X-CUBE-MEMS1.11.0.0
2025-04-05 15:34:54,928 [WARN] PackLoader:240 - Cannot read IP mode file for STMicroelectronics.X-CUBE-BLE1.6.2.4
2025-04-05 15:34:54,934 [WARN] PackLoader:240 - Cannot read IP mode file for STMicroelectronics.FP-SNS-FLIGHT1.5.0.2
2025-04-05 15:34:54,943 [WARN] PackLoader:240 - Cannot read IP mode file for STMicroelectronics.X-CUBE-DISPLAY.3.0.0
2025-04-05 15:34:54,951 [WARN] PackLoader:240 - Cannot read IP mode file for STMicroelectronics.X-CUBE-BLE1.7.0.0
2025-04-05 15:34:54,959 [WARN] PackLoader:240 - Cannot read IP mode file for STMicroelectronics.X-CUBE-NFC10.1.0.0
2025-04-05 15:34:54,988 [WARN] PackLoader:240 - Cannot read IP mode file for STMicroelectronics.X-CUBE-BLEMGR.4.0.0
2025-04-05 15:34:54,997 [WARN] PackLoader:240 - Cannot read IP mode file for STMicroelectronics.X-CUBE-BLEMGR.3.1.0
2025-04-05 15:34:55,005 [WARN] PackLoader:240 - Cannot read IP mode file for STMicroelectronics.X-CUBE-AI.10.0.0
2025-04-05 15:34:55,008 [WARN] PackLoader:240 - Cannot read IP mode file for STMicroelectronics.FP-SNS-FLIGHT1.5.1.0
2025-04-05 15:34:55,058 [WARN] PackLoader:240 - Cannot read IP mode file for STMicroelectronics.X-CUBE-MEMS1.11.1.0
2025-04-05 15:34:55,222 [INFO] LogOutputStream:77 - [STDOUT_REDIRECT] 1 : Invalid condition id : UX_CORESTACK_Condition cause : null
2025-04-05 15:34:55,222 [INFO] LogOutputStream:77 - [STDOUT_REDIRECT] 1 : Invalid condition id : UX_CORESTACK_Condition cause : null
2025-04-05 15:34:55,224 [INFO] LogOutputStream:77 - [STDOUT_REDIRECT] 1 : Invalid condition id : UX_CORESTACK_Condition cause : null
2025-04-05 15:34:55,225 [INFO] LogOutputStream:77 - [STDOUT_REDIRECT] 1 : Invalid condition id : UX_CORESTACK_Condition cause : null
2025-04-05 15:34:55,226 [INFO] LogOutputStream:77 - [STDOUT_REDIRECT] 1 : Invalid condition id : UX_CORESTACK_Condition cause : null
2025-04-05 15:34:55,230 [WARN] PackLoader:240 - Cannot read IP mode file for STMicroelectronics.X-CUBE-AZRTOS-WL.2.0.0
2025-04-05 15:34:55,240 [WARN] PackLoader:240 - Cannot read IP mode file for wolfSSL.I-CUBE-wolfMQTT.1.19.0
2025-04-05 15:34:55,247 [WARN] PackLoader:240 - Cannot read IP mode file for WES.I-CUBE-Cesium.1.3.0
2025-04-05 15:34:55,253 [WARN] PackLoader:240 - Cannot read IP mode file for STMicroelectronics.X-CUBE-BLE2.3.3.0
2025-04-05 15:34:55,262 [WARN] PackLoader:240 - Cannot read IP mode file for STMicroelectronics.X-CUBE-NFC9.1.0.0
2025-04-05 15:34:55,269 [WARN] PackLoader:240 - Cannot read IP mode file for STMicroelectronics.X-CUBE-BLE1.7.1.0
2025-04-05 15:34:55,280 [WARN] PackLoader:240 - Cannot read IP mode file for STMicroelectronics.X-CUBE-TCPP.4.1.0
2025-04-05 15:34:55,289 [WARN] PackLoader:240 - Cannot read IP mode file for STMicroelectronics.X-CUBE-TOUCHGFX.4.21.3
2025-04-05 15:34:55,297 [WARN] PackLoader:240 - Cannot read IP mode file for STMicroelectronics.X-CUBE-ALGOBUILD.1.3.0
2025-04-05 15:34:55,321 [WARN] PackLoader:240 - Cannot read IP mode file for STMicroelectronics.X-CUBE-AZRTOS-G0.1.1.0
2025-04-05 15:34:55,342 [WARN] PackLoader:240 - Cannot read IP mode file for STMicroelectronics.X-CUBE-SAFEA1.1.2.2
2025-04-05 15:34:55,366 [WARN] PackLoader:240 - Cannot read IP mode file for STMicroelectronics.X-CUBE-NFC4.3.0.0
2025-04-05 15:34:55,388 [WARN] PackLoader:240 - Cannot read IP mode file for EmbeddedOffice.I-CUBE-FS-RTOS.1.0.1
2025-04-05 15:34:55,398 [WARN] PackLoader:240 - Cannot read IP mode file for STMicroelectronics.X-CUBE-TCPP.4.2.0
2025-04-05 15:34:55,411 [WARN] PackLoader:240 - Cannot read IP mode file for RealThread.X-CUBE-RT-Thread_Nano.4.1.1
2025-04-05 15:34:55,422 [WARN] PackLoader:240 - Cannot read IP mode file for STMicroelectronics.FP-ATR-SIGFOX1.3.2.0
2025-04-05 15:34:55,430 [WARN] ConditionMgr:438 - getConditionDescription Invalid condition id : Cortex-A Device cause : null
2025-04-05 15:34:55,450 [WARN] ConditionMgr:1044 - genDependencies : Invalid condition id : Cortex-A Device cause : null
2025-04-05 15:34:55,450 [WARN] ConditionMgr:1044 - genDependencies : Invalid condition id : Cortex-A Device cause : null
2025-04-05 15:34:55,450 [WARN] ConditionMgr:1044 - genDependencies : Invalid condition id : Cortex-A Device cause : null
2025-04-05 15:34:55,484 [WARN] PackLoader:240 - Cannot read IP mode file for ITTIA_DB.I-CUBE-ITTIADB.8.9.0
2025-04-05 15:34:55,564 [WARN] PackLoader:240 - Cannot read IP mode file for STMicroelectronics.X-CUBE-MEMS1.9.5.0
2025-04-05 15:34:55,992 [WARN] PackLoader:240 - Cannot read IP mode file for SEGGER.I-CUBE-embOS.1.3.1
2025-04-05 15:34:56,037 [WARN] PackLoader:240 - Cannot read IP mode file for STMicroelectronics.X-CUBE-ALGOBUILD.1.4.0
2025-04-05 15:34:56,045 [WARN] PackLoader:240 - Cannot read IP mode file for STMicroelectronics.X-CUBE-GNSS1.6.0.0
2025-04-05 15:34:56,066 [WARN] PackLoader:240 - Cannot read IP mode file for STMicroelectronics.X-CUBE-AZRTOS-F4.1.1.0
2025-04-05 15:34:56,076 [WARN] PackLoader:240 - Cannot read IP mode file for wolfSSL.I-CUBE-wolfSSL.5.6.0
2025-04-05 15:34:56,083 [WARN] PackLoader:240 - Cannot read IP mode file for STMicroelectronics.X-CUBE-ISPU.2.1.0
2025-04-05 15:34:56,091 [WARN] PackLoader:240 - Cannot read IP mode file for STMicroelectronics.X-CUBE-FREERTOS.1.2.0
2025-04-05 15:34:56,113 [WARN] PackLoader:240 - Cannot read IP mode file for STMicroelectronics.X-CUBE-AZRTOS-L5.2.0.0
2025-04-05 15:34:56,128 [WARN] PackLoader:240 - Cannot read IP mode file for STMicroelectronics.X-CUBE-NFC6.3.1.0
2025-04-05 15:34:56,140 [WARN] PackLoader:240 - Cannot read IP mode file for emotas.I-CUBE-CANOPEN.1.1.3
2025-04-05 15:34:56,147 [WARN] PackLoader:240 - Cannot read IP mode file for STMicroelectronics.X-CUBE-BLEMGR.2.0.0
2025-04-05 15:34:56,156 [WARN] PackLoader:240 - Cannot read IP mode file for STMicroelectronics.X-CUBE-DPower.1.2.0
2025-04-05 15:34:56,163 [WARN] PackLoader:240 - Cannot read IP mode file for STMicroelectronics.X-CUBE-FREERTOS.1.3.0
2025-04-05 15:34:56,169 [WARN] PackLoader:240 - Cannot read IP mode file for STMicroelectronics.X-CUBE-NFC7.1.0.1
2025-04-05 15:34:56,177 [WARN] PackLoader:240 - Cannot read IP mode file for STMicroelectronics.X-CUBE-NFC7.1.0.0
2025-04-05 15:34:56,183 [WARN] PackLoader:240 - Cannot read IP mode file for STMicroelectronics.X-CUBE-EEPRMA1.4.1.0
2025-04-05 15:34:56,190 [WARN] PackLoader:240 - Cannot read IP mode file for STMicroelectronics.X-CUBE-DPower.1.3.0
2025-04-05 15:34:56,212 [WARN] ConditionMgr:438 - getConditionDescription Invalid condition id : LAN8742 Phy interface Condition cause : null
2025-04-05 15:34:56,213 [WARN] PackLoader:240 - Cannot read IP mode file for STMicroelectronics.X-CUBE-AZRTOS-L4.2.0.0
2025-04-05 15:34:56,214 [WARN] ConditionMgr:1044 - genDependencies : Invalid condition id : LAN8742 Phy interface Condition cause : null
2025-04-05 15:34:56,214 [WARN] ConditionMgr:1044 - genDependencies : Invalid condition id : LAN8742 Phy interface Condition cause : null
2025-04-05 15:34:56,214 [WARN] ConditionMgr:1044 - genDependencies : Invalid condition id : LAN8742 Phy interface Condition cause : null
2025-04-05 15:34:56,225 [WARN] PackLoader:240 - Cannot read IP mode file for STMicroelectronics.X-CUBE-SFXS2LP1.4.0.0
2025-04-05 15:34:56,253 [WARN] PackLoader:240 - Cannot read IP mode file for STMicroelectronics.X-CUBE-AZRTOS-H7.3.0.0
2025-04-05 15:34:56,273 [WARN] PackLoader:240 - Cannot read IP mode file for STMicroelectronics.X-CUBE-ISPU.1.1.0
2025-04-05 15:34:56,296 [WARN] PackLoader:240 - Cannot read IP mode file for STMicroelectronics.X-CUBE-AZRTOS-H7.3.3.0
2025-04-05 15:34:56,309 [WARN] PackLoader:240 - Cannot read IP mode file for RoweBots.I-CUBE-UNISONRTOS.5.5.0-4
2025-04-05 15:34:56,313 [WARN] PackLoader:240 - Cannot read IP mode file for STMicroelectronics.X-CUBE-AI.8.0.0
2025-04-05 15:34:56,375 [WARN] PackLoader:240 - Cannot read IP mode file for STMicroelectronics.X-CUBE-IPS.3.0.0
2025-04-05 15:34:56,411 [WARN] ConditionMgr:438 - getConditionDescription Invalid condition id : UX DEVICE CLASS RTOS Condition cause : null
2025-04-05 15:34:56,411 [WARN] ConditionMgr:438 - getConditionDescription Invalid condition id : UX DEVICE CLASS RTOS Condition cause : null
2025-04-05 15:34:56,414 [WARN] PackLoader:240 - Cannot read IP mode file for STMicroelectronics.X-CUBE-AZRTOS-WB.2.0.0
2025-04-05 15:34:56,415 [WARN] ConditionMgr:1044 - genDependencies : Invalid condition id : UX DEVICE CLASS RTOS Condition cause : null
2025-04-05 15:34:56,416 [WARN] ConditionMgr:1044 - genDependencies : Invalid condition id : UX DEVICE CLASS RTOS Condition cause : null
2025-04-05 15:34:56,416 [WARN] ConditionMgr:1044 - genDependencies : Invalid condition id : UX DEVICE CLASS RTOS Condition cause : null
2025-04-05 15:34:56,417 [WARN] ConditionMgr:1044 - genDependencies : Invalid condition id : UX DEVICE CLASS RTOS Condition cause : null
2025-04-05 15:34:56,417 [WARN] ConditionMgr:1044 - genDependencies : Invalid condition id : UX DEVICE CLASS RTOS Condition cause : null
2025-04-05 15:34:56,424 [WARN] PackLoader:240 - Cannot read IP mode file for STMicroelectronics.X-CUBE-FREERTOS.1.0.0
2025-04-05 15:34:56,429 [WARN] PackLoader:240 - Cannot read IP mode file for STMicroelectronics.X-CUBE-GNSS1.7.0.0
2025-04-05 15:34:56,436 [WARN] PackLoader:240 - Cannot read IP mode file for STMicroelectronics.X-CUBE-GNSS1.7.0.1
2025-04-05 15:34:56,444 [WARN] PackLoader:240 - Cannot read IP mode file for STMicroelectronics.X-CUBE-TOUCHGFX.4.25.0
2025-04-05 15:34:56,463 [WARN] PackLoader:240 - Cannot read IP mode file for STMicroelectronics.X-CUBE-AZRTOS-L5.1.1.0
2025-04-05 15:34:56,481 [WARN] PackLoader:240 - Cannot read IP mode file for STMicroelectronics.X-CUBE-SUBG2.5.0.0
2025-04-05 15:34:56,505 [WARN] PackLoader:240 - Cannot read IP mode file for STMicroelectronics.X-CUBE-AZRTOS-H7RS.1.1.0
2025-04-05 15:34:56,516 [WARN] PackLoader:240 - Cannot read IP mode file for Cesanta.I-CUBE-Mongoose.7.13.0
2025-04-05 15:34:56,542 [WARN] PackLoader:240 - Cannot read IP mode file for STMicroelectronics.X-CUBE-AZRTOS-G4.2.0.0
2025-04-05 15:34:56,560 [WARN] PackLoader:240 - Cannot read IP mode file for STMicroelectronics.X-CUBE-TOF1.3.3.0
2025-04-05 15:34:56,580 [WARN] PackLoader:240 - Cannot read IP mode file for STMicroelectronics.FP-ATR-ASTRA1.1.1.1
2025-04-05 15:34:56,599 [WARN] PackLoader:240 - Cannot read IP mode file for STMicroelectronics.X-CUBE-AZRTOS-G4.1.0.0
2025-04-05 15:34:56,616 [WARN] PackLoader:240 - Cannot read IP mode file for STMicroelectronics.X-CUBE-AZRTOS-L4.1.0.0
2025-04-05 15:34:56,632 [WARN] PackLoader:240 - Cannot read IP mode file for STMicroelectronics.X-CUBE-IPS.3.1.0
2025-04-05 15:34:56,645 [WARN] PackLoader:240 - Cannot read IP mode file for STMicroelectronics.X-CUBE-TOUCHGFX.4.24.2
2025-04-05 15:34:56,660 [WARN] PackLoader:240 - Cannot read IP mode file for STMicroelectronics.X-CUBE-AZRTOS-WL.1.0.0
2025-04-05 15:34:56,665 [WARN] PackLoader:240 - Cannot read IP mode file for STMicroelectronics.X-CUBE-TOUCHGFX.4.24.1
2025-04-05 15:34:56,674 [WARN] PackLoader:240 - Cannot read IP mode file for wolfSSL.I-CUBE-wolfTPM.3.4.0
2025-04-05 15:34:56,680 [WARN] PackLoader:240 - Cannot read IP mode file for portGmbH.I-Cube-SoM-uGOAL.1.1.0
2025-04-05 15:34:56,688 [WARN] PackLoader:240 - Cannot read IP mode file for STMicroelectronics.X-CUBE-ALS.1.0.1
2025-04-05 15:34:56,705 [WARN] PackLoader:240 - Cannot read IP mode file for STMicroelectronics.X-CUBE-AZRTOS-WB.1.1.0
2025-04-05 15:34:56,725 [WARN] PackLoader:240 - Cannot read IP mode file for STMicroelectronics.X-CUBE-AZRTOS-H7RS.1.0.0
2025-04-05 15:34:56,732 [WARN] PackLoader:240 - Cannot read IP mode file for STMicroelectronics.FP-ATR-ASTRA1.2.0.0
2025-04-05 15:34:56,750 [WARN] PackLoader:240 - Cannot read IP mode file for STMicroelectronics.X-CUBE-TOF1.3.4.2
2025-04-05 15:34:56,792 [WARN] PackLoader:240 - Cannot read IP mode file for Infineon.AIROC-Wi-Fi-Bluetooth-STM32.1.6.1
2025-04-05 15:34:56,799 [WARN] PackLoader:240 - Cannot read IP mode file for wolfSSL.I-CUBE-wolfSSH.1.4.17
2025-04-05 15:34:56,802 [INFO] ThirdParty:978 - Integrity check success = true
2025-04-05 15:34:56,803 [INFO] IntegrityCheckThread:100 - exiting critical section [integrity check]
2025-04-05 15:34:56,803 [INFO] IntegrityCheckThread:103 - End integrity checks thread
2025-04-05 15:34:56,803 [INFO] ThirdParty:873 - entering critical section [close project]
2025-04-05 15:34:56,804 [INFO] ThirdParty:883 - exiting critical section [close project]
2025-04-05 15:34:56,808 [INFO] PinOutPanel:1589 - setPackage(No Configuration,No Configuration)
2025-04-05 15:34:56,816 [INFO] UtilMem:75 - Begin LoadConfig() Used Memory: 311928912 Bytes (357564416)
2025-04-05 15:34:56,830 [INFO] MicroXplorer:468 - Change Database Path : C:/Users/chant/.stm32cubemx/databases/DB.6.0.130/db/
2025-04-05 15:34:56,830 [INFO] MicroXplorer:498 - Change Database Version : DB.6.0.130
2025-04-05 15:35:17,689 [INFO] MicroXplorer:468 - Change Database Path : 
2025-04-05 15:35:17,690 [INFO] MicroXplorer:498 - Change Database Version : DB.6.0.140
2025-04-05 15:35:17,690 [INFO] OpenFileManager:354 - Change cursor
2025-04-05 15:35:17,761 [INFO] Mcu:2011 - Initializing MCU STM32F103C(8-B)Tx STM32F103C8Tx STM32F103C8T6
2025-04-05 15:35:19,017 [INFO] Context:756 - Trying to add GPIOservice into a context  which must be forbidden
2025-04-05 15:35:19,325 [INFO] Rule:224 - rule Adapt Old IOC before rework replace old CORTEX_M33/CORTEX_M55 attributes by the new one. is applicable
2025-04-05 15:35:19,325 [INFO] Rule:224 - rule Rename parametre of RCC RCC_APBDBG_DIV2 to RCC_TIMPRES_DIV2 is applicable
2025-04-05 15:35:19,325 [INFO] Rule:224 - rule Rename DIE493 pin PA10 [PA12] -> PA10 is applicable
2025-04-05 15:35:19,325 [INFO] Rule:224 - rule Rename DIE493 pin PA9 [PA11] -> PA9 is applicable
2025-04-05 15:35:19,325 [INFO] DbConfProperties:307 - Apply Compatibility (0/4 Rules)
2025-04-05 15:35:19,354 [INFO] ImportTextPane:218 - (OptionalMessage_ERROR) Pin24 (VP_RIF_VS_RIF1) cannot be retrieved for this MCU
2025-04-05 15:35:19,574 [INFO] RtosManager:558 - Registered RTOS mode: class=CMSIS, group=RTOS, mode=CMSIS_V1, owner=FREERTOS
2025-04-05 15:35:19,574 [INFO] RtosManager:558 - Registered RTOS mode: class=CMSIS, group=RTOS2, mode=CMSIS_V2, owner=FREERTOS
2025-04-05 15:35:19,574 [INFO] RtosManager:558 - Registered RTOS mode: class=RTOS, group=Core, mode=CMSIS_V1, owner=FREERTOS
2025-04-05 15:35:19,574 [INFO] RtosManager:558 - Registered RTOS mode: class=RTOS, group=Core, mode=CMSIS_V2, owner=FREERTOS
2025-04-05 15:35:19,574 [WARN] ModelIntegratedComponent:184 - Missing modes for component STMicroelectronics:FreeRTOS:0.0.1:STMicroelectronics:RTOS:FreeRTOS:Core:::10.2.0:
2025-04-05 15:35:19,584 [WARN] ModelIntegratedComponent:63 - No mode defined for component null
2025-04-05 15:35:19,584 [WARN] ModelIntegratedComponent:63 - No mode defined for component null
2025-04-05 15:35:19,584 [WARN] ModelIntegratedComponent:63 - No mode defined for component null
2025-04-05 15:35:19,584 [WARN] ModelIntegratedComponent:63 - No mode defined for component null
2025-04-05 15:35:19,584 [WARN] ModelIntegratedComponent:63 - No mode defined for component null
2025-04-05 15:35:19,584 [WARN] ModelIntegratedComponent:63 - No mode defined for component null
2025-04-05 15:35:19,585 [WARN] ModelIntegratedComponent:63 - No mode defined for component null
2025-04-05 15:35:19,585 [WARN] ModelIntegratedComponent:63 - No mode defined for component null
2025-04-05 15:35:19,585 [WARN] ModelIntegratedComponent:63 - No mode defined for component null
2025-04-05 15:35:19,585 [WARN] ModelIntegratedComponent:63 - No mode defined for component null
2025-04-05 15:35:19,585 [WARN] ModelIntegratedComponent:63 - No mode defined for component null
2025-04-05 15:35:19,585 [WARN] ModelIntegratedComponent:63 - No mode defined for component null
2025-04-05 15:35:19,585 [WARN] ModelIntegratedComponent:63 - No mode defined for component null
2025-04-05 15:35:19,585 [WARN] ModelIntegratedComponent:63 - No mode defined for component null
2025-04-05 15:35:19,585 [WARN] ModelIntegratedComponent:63 - No mode defined for component null
2025-04-05 15:35:19,585 [WARN] ModelIntegratedComponent:63 - No mode defined for component null
2025-04-05 15:35:19,585 [WARN] ModelIntegratedComponent:63 - No mode defined for component null
2025-04-05 15:35:19,585 [WARN] ModelIntegratedComponent:63 - No mode defined for component null
2025-04-05 15:35:19,585 [WARN] ModelIntegratedComponent:63 - No mode defined for component null
2025-04-05 15:35:19,585 [WARN] ModelIntegratedComponent:63 - No mode defined for component null
2025-04-05 15:35:19,585 [WARN] ModelIntegratedComponent:63 - No mode defined for component null
2025-04-05 15:35:19,585 [WARN] ModelIntegratedComponent:63 - No mode defined for component null
2025-04-05 15:35:19,586 [WARN] ModelIntegratedComponent:63 - No mode defined for component null
2025-04-05 15:35:19,586 [WARN] ModelIntegratedComponent:63 - No mode defined for component null
2025-04-05 15:35:19,586 [WARN] ModelIntegratedComponent:63 - No mode defined for component null
2025-04-05 15:35:19,586 [WARN] ModelIntegratedComponent:63 - No mode defined for component null
2025-04-05 15:35:19,586 [WARN] ModelIntegratedComponent:63 - No mode defined for component null
2025-04-05 15:35:19,586 [WARN] ModelIntegratedComponent:63 - No mode defined for component null
2025-04-05 15:35:19,586 [WARN] ModelIntegratedComponent:63 - No mode defined for component null
2025-04-05 15:35:19,586 [WARN] ModelIntegratedComponent:63 - No mode defined for component null
2025-04-05 15:35:19,586 [WARN] ModelIntegratedComponent:63 - No mode defined for component null
2025-04-05 15:35:19,586 [WARN] ModelIntegratedComponent:63 - No mode defined for component null
2025-04-05 15:35:19,586 [WARN] ModelIntegratedComponent:63 - No mode defined for component null
2025-04-05 15:35:19,586 [WARN] ModelIntegratedComponent:63 - No mode defined for component null
2025-04-05 15:35:19,586 [WARN] ModelIntegratedComponent:63 - No mode defined for component null
2025-04-05 15:35:19,586 [WARN] ModelPack:524 - Component already loaded: STMicroelectronics:HAL Drivers:0.0.0:STMicroelectronics:Device:STMicro_Driver:XSPI:HAL::0.0.1:HAL_XSPI
2025-04-05 15:35:19,845 [INFO] ThirdPartyModel:298 - Start build external matchings
2025-04-05 15:35:21,079 [INFO] ThirdPartyModel:316 - End build external matchings
2025-04-05 15:35:21,106 [INFO] ImportTextPane:218 - (OptionalMessage_ERROR) IP (RCC) : Parameter (ADCFreqValue) has invalid value (36000000)
2025-04-05 15:35:21,106 [INFO] ImportTextPane:218 - (OptionalMessage_ERROR) IP (RCC) : Invalid parameter (FamilyName)
2025-04-05 15:35:21,106 [INFO] ImportTextPane:218 - (OptionalMessage_ERROR) IP (RCC) : Parameter (MCOFreq_Value) has invalid value (72000000)
2025-04-05 15:35:21,107 [INFO] ImportTextPane:218 - (OptionalMessage_ERROR) IP (RCC) : Parameter (USBFreq_Value) has invalid value (72000000)
2025-04-05 15:35:21,360 [INFO] ApiDb:581 - Connected to CubeFinder SQLite database (C:\Users\chant\.stmcufinder\plugins\mcufinder\mcu\cube-finder-db.db)
2025-04-05 15:35:21,458 [INFO] ApiDb:668 - CubeFinder database Data Model version=2.1
2025-04-05 15:35:21,458 [INFO] ApiDb:669 - CubeFinder database Configuration version=3.0.39
2025-04-05 15:35:21,458 [INFO] ApiDb:670 - CubeFinder database generation date=2025-02-18 (1739885696)
2025-04-05 15:35:21,458 [INFO] ApiDb:671 - CubeFinder database FW Pack versions=[FP-ATR-ASTRA1_V2.0.0, FP-SNS-FLIGHT1_V5.0.2, FP-SNS-MOTENV1_V5.0.0, FP-SNS-MOTENVWB1_V1.4.0, FP-SNS-SMARTAG2_V1.2.0, FP-SNS-STBOX1_V2.0.0, STM32Cube_FW_C0_V1.4.0, STM32Cube_FW_F4_V1.28.1, STM32Cube_FW_F7_V1.17.2, STM32Cube_FW_G0_V1.6.2, STM32Cube_FW_G4_V1.6.1, STM32Cube_FW_H5_V1.5.0, STM32Cube_FW_H7RS_V1.2.0, STM32Cube_FW_H7_V1.12.1, STM32Cube_FW_L0_V1.12.2, STM32Cube_FW_L4_V1.18.1, STM32Cube_FW_L5_V1.5.1, STM32Cube_FW_N6_V1.1.0, STM32Cube_FW_U0_V1.2.0, STM32Cube_FW_U3_V1.1.0, STM32Cube_FW_U5_V1.7.0, STM32Cube_FW_WB0_V1.2.0, STM32Cube_FW_WBA_V1.6.0, STM32Cube_FW_WB_V1.22.0, STM32Cube_FW_WL3_V1.1.0, STM32Cube_FW_WL_V1.3.1, X-CUBE-ALGOBUILD_V1.4.0, X-CUBE-ALS_V1.0.2, X-CUBE-AZRTOS-F4_V1.1.0, X-CUBE-AZRTOS-F7_V1.1.0, X-CUBE-AZRTOS-G0_V1.1.0, X-CUBE-AZRTOS-G4_V2.0.0, X-CUBE-AZRTOS-H7RS_V1.0.0, X-CUBE-AZRTOS-H7_V3.3.0, X-CUBE-AZRTOS-L4_V2.0.0, X-CUBE-AZRTOS-L5_V2.0.0, X-CUBE-AZRTOS-WB_V2.0.0, X-CUBE-AZRTOS-WL_V2.0.0, X-CUBE-BLE1_V7.0.0, X-CUBE-BLE2_V3.3.0, X-CUBE-BLEMGR_V4.0.0, X-CUBE-EEPRMA1_V5.1.0, X-CUBE-FREERTOS_V1.3.0, X-CUBE-GNSS1_V6.0.0, X-CUBE-MEMS1_V11.1.0, X-CUBE-NFC4_V3.0.0, X-CUBE-NFC7_V1.0.1, X-CUBE-SFXS2LP1_V4.0.0, X-CUBE-SUBG2_V5.0.0, X-CUBE-TOF1_V3.4.2]
2025-04-05 15:35:21,637 [INFO] DbBoardsSqlite:226 - include board P-NUCLEO-WB55-NUCLEO as a kit item of type 'Nucleo-64'
2025-04-05 15:35:21,637 [INFO] DbBoardsSqlite:226 - include board P-NUCLEO-WB55-USBDONGLE as a kit item of type 'Nucleo USB Dongle'
2025-04-05 15:35:21,638 [INFO] DbBoardsSqlite:226 - include board STEVAL-IDP005V1 as a kit item of type 'Evaluation Board'
2025-04-05 15:35:21,639 [INFO] DbBoardsSqlite:226 - include board STEVAL-IDP005V2 as a kit item of type 'Evaluation Board'
2025-04-05 15:35:22,092 [INFO] ApiDb:240 - Found 895 in-development CPN: [B-G473E-ZEST1S, B-WB1M-WPAN1, B-WBA5M-WPAN, B-WL5M-SUBG1, NUCLEO-C031C6, NUCLEO-C051C8, NUCLEO-C071RB, NUCLEO-C092RC, NUCLEO-H503RB, NUCLEO-H533RE, NUCLEO-H563ZI, NUCLEO-H7S3L8, NUCLEO-N657X0-Q, NUCLEO-U031R8, NUCLEO-U083RC, NUCLEO-U385RG-Q, NUCLEO-U545RE-Q, NUCLEO-U5A5ZJ-Q, NUCLEO-WB05KZ, NUCLEO-WB07CC, NUCLEO-WB09KE, NUCLEO-WBA52CG, NUCLEO-WBA55CG, NUCLEO-WBA65RI, NUCLEO-WL33CC1, NUCLEO-WL33CC2, STEVAL-PROTEUS1, STEVAL-SMARTAG2, STEVAL-STWINBX1, STM320518-EVAL, STM32C0116-DK, STM32C011D6Y3TR, STM32C011D6Y6TR, STM32C011F4P3, STM32C011F4P6, STM32C011F4U3, STM32C011F4U6TR, STM32C011F6P3, STM32C011F6P6, STM32C011F6U3, STM32C011F6U6TR, STM32C011J4M3, STM32C011J4M6, STM32C011J6M3, STM32C011J6M6, STM32C0316-DK, STM32C031C4T3, STM32C031C4T6, STM32C031C4U3, STM32C031C4U6, STM32C031C6T3, STM32C031C6T6, STM32C031C6U3, STM32C031C6U6, STM32C031F4P3, STM32C031F4P6, STM32C031F6P3, STM32C031F6P6, STM32C031G4U3, STM32C031G4U6, STM32C031G6U3, STM32C031G6U6, STM32C031K4T3, STM32C031K4T6, STM32C031K4U3, STM32C031K4U6, STM32C031K6T3, STM32C031K6T6, STM32C031K6U3, STM32C031K6U6, STM32C051C6T6, STM32C051C6U6, STM32C051C8T6, STM32C051C8U6, STM32C051D8Y6TR, STM32C051F6P6, STM32C051F8P6, STM32C051G6U6, STM32C051G8U6, STM32C051K6T6, STM32C051K6U6, STM32C051K8T6, STM32C071C8T6, STM32C071C8T6N, STM32C071C8U6, STM32C071C8U6N, STM32C071CBT6, STM32C071CBT6N, STM32C071CBU6, STM32C071CBU6N, STM32C071F8P6, STM32C071F8P6N, STM32C071FBP6, STM32C071FBP6N, STM32C071FBY6TR, STM32C071G8U6, STM32C071G8U6N, STM32C071GBU6, STM32C071GBU6N, STM32C071K8T6, STM32C071K8T6N, STM32C071K8U6, STM32C071K8U6N, STM32C071KBT6, STM32C071KBT6N, STM32C071KBU6, STM32C071KBU6N, STM32C071R8T6, STM32C071R8T6N, STM32C071RBI6N, STM32C071RBT6, STM32C071RBT6N, STM32C091CBT6, STM32C091CBU6, STM32C091CCT6, STM32C091CCU6, STM32C091ECY6TR, STM32C091FBP6, STM32C091FCP6, STM32C091GBU6, STM32C091GCU6, STM32C091KBT6, STM32C091KBU6, STM32C091KCT6, STM32C091KCU6, STM32C091RBT6, STM32C091RCI6, STM32C091RCT6, STM32C092CBT6, STM32C092CBU6, STM32C092CCT6, STM32C092CCU6, STM32C092ECY6TR, STM32C092FBP6, STM32C092FCP6, STM32C092GBU6, STM32C092GCU6, STM32C092KBT6, STM32C092KBU6, STM32C092KCT6, STM32C092KCU6, STM32C092RBT6, STM32C092RCI6, STM32C092RCT6, STM32G071K8TXN, STM32G071K8UXN, STM32G081GBU6N, STM32G081KBT6N, STM32G081KBUXN, STM32G0B1CCT6N, STM32G0B1KCT6, STM32G0B1NEY6TR, STM32G0B1RCT6N, STM32G0C1CCT6, STM32G0C1CCT6N, STM32G0C1CCU6N, STM32G0C1CET6N, STM32G0C1CEU6N, STM32G0C1KCT6, STM32G0C1NEY6TR, STM32G0C1RCI6N, STM32G0C1RCT6N, STM32G0C1REI6N, STM32G0C1RET6N, STM32G0C1VCI6, STM32G0C1VEI6, STM32G411C6T3, STM32G411C6T6, STM32G411C6U3, STM32G411C6U6, STM32G411C8T3, STM32G411C8T6, STM32G411C8U3, STM32G411C8U6, STM32G411CBT3, STM32G411CBT6, STM32G411CBU3, STM32G411CBU6, STM32G411CCT3, STM32G411CCT6, STM32G411CCU3, STM32G411CCU6, STM32G411K6T3, STM32G411K6T6, STM32G411K6U3, STM32G411K6U6, STM32G411K8T3, STM32G411K8T6, STM32G411K8U3, STM32G411K8U6, STM32G411KBT3, STM32G411KBT6, STM32G411KBU3, STM32G411KBU6, STM32G411M6T3, STM32G411M6T6, STM32G411M8T3, STM32G411M8T6, STM32G411MBT3, STM32G411MBT6, STM32G411MCT3, STM32G411MCT6, STM32G411R6T3, STM32G411R6T6, STM32G411R8T3, STM32G411R8T6, STM32G411RBT3, STM32G411RBT6, STM32G411RCT3, STM32G411RCT6, STM32G414CBT3, STM32G414CBT6, STM32G414CBU3, STM32G414CBU6, STM32G414CCT3, STM32G414CCT6, STM32G414CCU3, STM32G414CCU6, STM32G414MBT3, STM32G414MBT6, STM32G414MCT3, STM32G414MCT6, STM32G414RBT3, STM32G414RBT6, STM32G414RCT3, STM32G414RCT6, STM32G414VBT3, STM32G414VBT6, STM32G414VCT3, STM32G414VCT6, STM32G431CBT3Z, STM32G431RBT3Z, STM32G471CCT6, STM32G471CCU6, STM32G471CET3, STM32G471CET6, STM32G471CEU3, STM32G471CEU6, STM32G471MCT6, STM32G471MET3, STM32G471MET6, STM32G471MEY6TR, STM32G471QCT6, STM32G471QET3, STM32G471RCT6, STM32G471RET3, STM32G471RET6, STM32G471VCH6, STM32G471VCI6, STM32G471VCT6, STM32G471VEH3, STM32G471VEH6, STM32G471VEI3, STM32G471VEI6, STM32G471VET3, STM32G471VET6, STM32G473QET3Z, STM32G473RET3Z, STM32G474CCT6, STM32G491RET3Z, STM32H503CBT6, STM32H503CBU6, STM32H503EBY6TR, STM32H503KBU6, STM32H503RBT6, STM32H523CCT6, STM32H523CCU6, STM32H523CET6, STM32H523CEU6, STM32H523HEY6TR, STM32H523RCT6, STM32H523RET6, STM32H523VCI6, STM32H523VCT6, STM32H523VEI6, STM32H523VET6, STM32H523ZCJ6, STM32H523ZCT6, STM32H523ZEJ6, STM32H523ZET6, STM32H533CET6, STM32H533CEU6, STM32H533HEY6TR, STM32H533RET6, STM32H533VEI6, STM32H533VET6, STM32H533ZEJ6, STM32H533ZET6, STM32H562AGI6, STM32H562AII6, STM32H562IGK6, STM32H562IGT6, STM32H562IIK6, STM32H562IIT6, STM32H562RGT6, STM32H562RGV6, STM32H562RIT6, STM32H562RIV6, STM32H562VGT6, STM32H562VIT6, STM32H562ZGT6, STM32H562ZIT6, STM32H563AGI6, STM32H563AII3Q, STM32H563AII6, STM32H563IGK6, STM32H563IGT6, STM32H563IIK3Q, STM32H563IIK6, STM32H563IIT3Q, STM32H563IIT6, STM32H563MIY3QTR, STM32H563RGT6, STM32H563RGV6, STM32H563RIT6, STM32H563RIV6, STM32H563VGT6, STM32H563VIT3Q, STM32H563VIT6, STM32H563ZGT6, STM32H563ZIT3Q, STM32H563ZIT6, STM32H573AII3Q, STM32H573AII6, STM32H573I-DK, STM32H573IIK3Q, STM32H573IIK6, STM32H573IIT3Q, STM32H573IIT6, STM32H573MIY3QTR, STM32H573RIT6, STM32H573RIV6, STM32H573VIT3Q, STM32H573VIT6, STM32H573ZIT3Q, STM32H573ZIT6, STM32H7R3A8I6, STM32H7R3I8K6, STM32H7R3I8T6, STM32H7R3L8H6, STM32H7R3L8H6H, STM32H7R3R8V6, STM32H7R3V8H6, STM32H7R3V8T6, STM32H7R3V8Y6TR, STM32H7R3Z8J6, STM32H7R3Z8T6, STM32H7R7A8I6, STM32H7R7I8K6, STM32H7R7I8T6, STM32H7R7L8H6, STM32H7R7L8H6H, STM32H7R7Z8J6, STM32H7S3A8I6, STM32H7S3I8K6, STM32H7S3I8T6, STM32H7S3L8H6, STM32H7S3L8H6H, STM32H7S3R8V6, STM32H7S3V8H6, STM32H7S3V8T6, STM32H7S3V8Y6TR, STM32H7S3Z8J6, STM32H7S3Z8T6, STM32H7S78-DK, STM32H7S7A8I6, STM32H7S7I8K6, STM32H7S7I8T6, STM32H7S7L8H6, STM32H7S7L8H6H, STM32H7S7Z8J6, STM32L4R5QGI6STR, STM32MP131AAE3, STM32MP131AAF3, STM32MP131AAG3, STM32MP131CAE3, STM32MP131CAF3, STM32MP131CAG3, STM32MP131DAE7, STM32MP131DAF7, STM32MP131DAG7, STM32MP131FAE7, STM32MP131FAF7, STM32MP131FAG7, STM32MP133AAE3, STM32MP133AAF3, STM32MP133AAG3, STM32MP133CAE3, STM32MP133CAF3, STM32MP133CAG3, STM32MP133DAE7, STM32MP133DAF7, STM32MP133DAG7, STM32MP133FAE7, STM32MP133FAF7, STM32MP133FAG7, STM32MP135AAE3, STM32MP135AAF3, STM32MP135AAG3, STM32MP135CAE3, STM32MP135CAF3, STM32MP135CAG3, STM32MP135DAE7, STM32MP135DAF7, STM32MP135DAG7, STM32MP135F-DK, STM32MP135FAE7, STM32MP135FAF7, STM32MP135FAF7T, STM32MP135FAF7U, STM32MP135FAG7, STM32MP231AAJ3, STM32MP231AAK3, STM32MP231AAL3, STM32MP231CAJ3, STM32MP231CAK3, STM32MP231CAL3, STM32MP231DAJ3, STM32MP231DAK3, STM32MP231DAL3, STM32MP231FAJ3, STM32MP231FAK3, STM32MP231FAL3, STM32MP233AAJ3, STM32MP233AAK3, STM32MP233AAL3, STM32MP233CAJ3, STM32MP233CAK3, STM32MP233CAL3, STM32MP233DAJ3, STM32MP233DAK3, STM32MP233DAL3, STM32MP233FAJ3, STM32MP233FAK3, STM32MP233FAL3, STM32MP235AAJ3, STM32MP235AAK3, STM32MP235AAL3, STM32MP235CAJ3, STM32MP235CAK3, STM32MP235CAL3, STM32MP235DAJ3, STM32MP235DAK3, STM32MP235DAL3, STM32MP235FAJ3, STM32MP235FAK3, STM32MP235FAL3, STM32MP251AAI3, STM32MP251AAJ3, STM32MP251AAK3, STM32MP251AAL3, STM32MP251CAI3, STM32MP251CAJ3, STM32MP251CAK3, STM32MP251CAL3, STM32MP251DAI3, STM32MP251DAJ3, STM32MP251DAK3, STM32MP251DAL3, STM32MP251FAI3, STM32MP251FAJ3, STM32MP251FAK3, STM32MP251FAL3, STM32MP253AAI3, STM32MP253AAJ3, STM32MP253AAK3, STM32MP253AAL3, STM32MP253CAI3, STM32MP253CAJ3, STM32MP253CAK3, STM32MP253CAL3, STM32MP253DAI3, STM32MP253DAJ3, STM32MP253DAK3, STM32MP253DAL3, STM32MP253FAI3, STM32MP253FAJ3, STM32MP253FAK3, STM32MP253FAL3, STM32MP255AAI3, STM32MP255AAJ3, STM32MP255AAK3, STM32MP255AAL3, STM32MP255CAI3, STM32MP255CAJ3, STM32MP255CAK3, STM32MP255CAL3, STM32MP255DAI3, STM32MP255DAJ3, STM32MP255DAK3, STM32MP255DAL3, STM32MP255FAI3, STM32MP255FAJ3, STM32MP255FAK3, STM32MP255FAL3, STM32MP257AAI3, STM32MP257AAJ3, STM32MP257AAK3, STM32MP257AAL3, STM32MP257CAI3, STM32MP257CAJ3, STM32MP257CAK3, STM32MP257CAL3, STM32MP257DAI3, STM32MP257DAJ3, STM32MP257DAK3, STM32MP257DAL3, STM32MP257F-DK, STM32MP257F-EV1, STM32MP257FAI3, STM32MP257FAJ3, STM32MP257FAK3, STM32MP257FAL3, STM32N645A0H3Q, STM32N645B0H3Q, STM32N645I0H3Q, STM32N645L0H3Q, STM32N645X0H3Q, STM32N645Z0H3Q, STM32N647A0H3Q, STM32N647B0H3Q, STM32N647I0H3Q, STM32N647L0H3Q, STM32N647X0H3Q, STM32N647Z0H3Q, STM32N655A0H3Q, STM32N655B0H3Q, STM32N655I0H3Q, STM32N655L0H3Q, STM32N655X0H3Q, STM32N655Z0H3Q, STM32N6570-DK, STM32N657A0H3Q, STM32N657B0H3Q, STM32N657I0H3Q, STM32N657L0H3Q, STM32N657X0H3Q, STM32N657Z0H3Q, STM32U031C6T6, STM32U031C6U6, STM32U031C8T6, STM32U031C8U6, STM32U031F4P6, STM32U031F6P6, STM32U031F8P6, STM32U031G6Y6TR, STM32U031G8Y6TR, STM32U031K4U6, STM32U031K6U6, STM32U031K8U6, STM32U031R6I6, STM32U031R6T6, STM32U031R8I6, STM32U031R8T6, STM32U073C8T6, STM32U073C8U6, STM32U073CBT6, STM32U073CBU6, STM32U073CCT6, STM32U073CCU6, STM32U073H8Y6TR, STM32U073HBY6TR, STM32U073HCY6TR, STM32U073K8U6, STM32U073KBU6, STM32U073KCU6, STM32U073M8I6, STM32U073M8T6, STM32U073MBI6, STM32U073MBT6, STM32U073MCI6, STM32U073MCT6, STM32U073R8I6, STM32U073R8T6, STM32U073RBI6, STM32U073RBT6, STM32U073RCI6, STM32U073RCT6, STM32U083C-DK, STM32U083CCT6, STM32U083CCU6, STM32U083HCY6TR, STM32U083KCU6, STM32U083MCI6, STM32U083MCT6, STM32U083RCI6, STM32U083RCT6, STM32U375CET6, STM32U375CET6Q, STM32U375CEU6, STM32U375CEU6Q, STM32U375CEY6QTR, STM32U375CGT6, STM32U375CGT6Q, STM32U375CGU6, STM32U375CGU6Q, STM32U375CGY6QTR, STM32U375KEU6, STM32U375KGU6, STM32U375REI6, STM32U375REI6Q, STM32U375RET6, STM32U375RET6Q, STM32U375REY6GTR, STM32U375REY6QTR, STM32U375RGI6, STM32U375RGI6Q, STM32U375RGT6, STM32U375RGT6Q, STM32U375RGY6GTR, STM32U375RGY6QTR, STM32U375VEI6, STM32U375VEI6Q, STM32U375VET6, STM32U375VET6Q, STM32U375VGI6, STM32U375VGI6Q, STM32U375VGT6, STM32U375VGT6Q, STM32U385CGT6, STM32U385CGT6Q, STM32U385CGU6, STM32U385CGU6Q, STM32U385CGY6QTR, STM32U385KGU6, STM32U385RGI6, STM32U385RGI6Q, STM32U385RGT6, STM32U385RGT6Q, STM32U385RGY6GTR, STM32U385RGY6QTR, STM32U385VGI6, STM32U385VGI6Q, STM32U385VGT6, STM32U385VGT6Q, STM32U535CBT6, STM32U535CBT6Q, STM32U535CBU6, STM32U535CBU6Q, STM32U535CCT6, STM32U535CCT6Q, STM32U535CCU6, STM32U535CCU6Q, STM32U535CET6, STM32U535CET6Q, STM32U535CEU6, STM32U535CEU6Q, STM32U535JEY6QTR, STM32U535NCY6QTR, STM32U535NEY6QTR, STM32U535RBI6, STM32U535RBI6Q, STM32U535RBT6, STM32U535RBT6Q, STM32U535RCI6, STM32U535RCI6Q, STM32U535RCT6, STM32U535RCT6Q, STM32U535REI6, STM32U535REI6Q, STM32U535RET6, STM32U535RET6Q, STM32U535VCI6, STM32U535VCI6Q, STM32U535VCT6, STM32U535VCT6Q, STM32U535VEI6, STM32U535VEI6Q, STM32U535VET6, STM32U535VET6Q, STM32U545CET6, STM32U545CET6Q, STM32U545CEU6, STM32U545CEU6Q, STM32U545JEY6QTR, STM32U545NEY6QTR, STM32U545REI6, STM32U545REI6Q, STM32U545RET6, STM32U545RET6Q, STM32U545VEI6, STM32U545VEI6Q, STM32U545VET6, STM32U545VET6Q, STM32U595AIH6, STM32U595AIH6Q, STM32U595AJH6, STM32U595AJH6Q, STM32U595QII6, STM32U595QII6Q, STM32U595QJI6, STM32U595QJI6Q, STM32U595RIT6, STM32U595RIT6Q, STM32U595RJT6, STM32U595RJT6Q, STM32U595VIT6, STM32U595VIT6Q, STM32U595VJT6, STM32U595VJT6Q, STM32U595ZIT6, STM32U595ZIT6Q, STM32U595ZIY6QTR, STM32U595ZJT6, STM32U595ZJT6Q, STM32U595ZJY6QTR, STM32U599BJY6QTR, STM32U599NIH6Q, STM32U599NJH6Q, STM32U599VIT6Q, STM32U599VJT6, STM32U599VJT6Q, STM32U599ZIT6Q, STM32U599ZIY6QTR, STM32U599ZJT6Q, STM32U599ZJY6QTR, STM32U5A5AJH6, STM32U5A5AJH6Q, STM32U5A5QII3Q , STM32U5A5QJI6, STM32U5A5QJI6Q, STM32U5A5RJT6, STM32U5A5RJT6Q, STM32U5A5VJT6, STM32U5A5VJT6Q, STM32U5A5ZJT6, STM32U5A5ZJT6Q, STM32U5A5ZJY6QTR, STM32U5A9BJY6QTR, STM32U5A9J-DK, STM32U5A9NJH6Q, STM32U5A9VJT6Q, STM32U5A9ZJT6Q, STM32U5A9ZJY6QTR, STM32U5F7VIT6, STM32U5F7VIT6Q, STM32U5F7VJT6, STM32U5F7VJT6Q, STM32U5F9BJY6QTR, STM32U5F9NJH6Q, STM32U5F9VIT6Q, STM32U5F9VJT6Q, STM32U5F9ZIJ6QTR, STM32U5F9ZIT6Q, STM32U5F9ZJJ6QTR, STM32U5F9ZJT6Q, STM32U5G7VJT6, STM32U5G7VJT6Q, STM32U5G9BJY6QTR, STM32U5G9J-DK1, STM32U5G9J-DK2, STM32U5G9NJH6Q, STM32U5G9VJT6Q, STM32U5G9ZJJ6QTR, STM32U5G9ZJT6Q, STM32WB05KZV6TR, STM32WB05KZV7TR, STM32WB05TZF6TR, STM32WB05TZF7TR, STM32WB06CCF6TR, STM32WB06CCF7TR, STM32WB06CCV6TR, STM32WB06CCV7TR, STM32WB06KCV6TR, STM32WB06KCV7TR, STM32WB07CCF6TR, STM32WB07CCF7TR, STM32WB07CCV6TR, STM32WB07CCV7TR, STM32WB07KCV6TR, STM32WB07KCV7TR, STM32WB09KEV6TR, STM32WB09KEV7TR, STM32WB09TEF6TR, STM32WB09TEF7TR, STM32WB1MMCH6, STM32WBA50KGU6, STM32WBA50KGU6TR, STM32WBA52CEU6, STM32WBA52CEU6TR, STM32WBA52CEU7, STM32WBA52CEU7TR, STM32WBA52CGU6, STM32WBA52CGU6TR, STM32WBA52CGU6U, STM32WBA52CGU7, STM32WBA52CGU7TR, STM32WBA52KEU6, STM32WBA52KEU6TR, STM32WBA52KGU6, STM32WBA52KGU6TR, STM32WBA54CEU6, STM32WBA54CEU6TR, STM32WBA54CEU7, STM32WBA54CEU7TR, STM32WBA54CGU6, STM32WBA54CGU6TR, STM32WBA54CGU7, STM32WBA54CGU7TR, STM32WBA54KEU6, STM32WBA54KEU6TR, STM32WBA54KEU7, STM32WBA54KEU7TR, STM32WBA54KGU6, STM32WBA54KGU6TR, STM32WBA54KGU7, STM32WBA54KGU7TR, STM32WBA55CEU6, STM32WBA55CEU6TR, STM32WBA55CEU7, STM32WBA55CEU7TR, STM32WBA55CGU6, STM32WBA55CGU6TR, STM32WBA55CGU6U, STM32WBA55CGU7, STM32WBA55CGU7TR, STM32WBA55G-DK1, STM32WBA55HEF6, STM32WBA55HEF7, STM32WBA55HGF6, STM32WBA55HGF7, STM32WBA55UEI6, STM32WBA55UEI6TR, STM32WBA55UEI7, STM32WBA55UEI7TR, STM32WBA55UGI6, STM32WBA55UGI6TR, STM32WBA55UGI7, STM32WBA55UGI7TR, STM32WBA5MJGH6TR, STM32WBA62CGU6, STM32WBA62CIU6, STM32WBA62MGF6, STM32WBA62MIF6, STM32WBA62PGI6, STM32WBA62PII6, STM32WBA63CGU6, STM32WBA63CGU7, STM32WBA63CIU6, STM32WBA63CIU7, STM32WBA64CGU6, STM32WBA64CGU7, STM32WBA64CIU6, STM32WBA64CIU7, STM32WBA65CGU6, STM32WBA65CGU7, STM32WBA65CIU6, STM32WBA65CIU7, STM32WBA65I-DK1, STM32WBA65MGF6, STM32WBA65MGF7, STM32WBA65MIF6, STM32WBA65MIF7, STM32WBA65PGI6, STM32WBA65PGI7, STM32WBA65PII6, STM32WBA65PII7, STM32WBA65RGV6, STM32WBA65RGV7, STM32WBA65RIV6, STM32WBA65RIV7, STM32WL30K8V6, STM32WL30KBV6, STM32WL31C8V6, STM32WL31CBV6, STM32WL31K8V6, STM32WL31KBV6, STM32WL33C8V6, STM32WL33C8V6TR, STM32WL33C8V7, STM32WL33C8V7TR, STM32WL33CBV6, STM32WL33CBV6TR, STM32WL33CBV7, STM32WL33CBV7TR, STM32WL33CCV6, STM32WL33CCV6TR, STM32WL33CCV7, STM32WL33CCV7A, STM32WL33CCV7ATR, STM32WL33CCV7TR, STM32WL33K8V6, STM32WL33K8V6TR, STM32WL33K8V7, STM32WL33K8V7TR, STM32WL33KBV6, STM32WL33KBV6TR, STM32WL33KBV7, STM32WL33KBV7TR, STM32WL33KCV6, STM32WL33KCV6TR, STM32WL33KCV7, STM32WL33KCV7TR, STM32WL5MOCH6, STM32WL5MOCH6TR]
2025-04-05 15:35:22,441 [INFO] BoardInfo:889 - No configuration file found for board P-NUCLEO-WB55
2025-04-05 15:35:22,444 [INFO] DbBoards:161 - Kit is not supported: P-NUCLEO-WB55
2025-04-05 15:35:22,454 [INFO] BoardInfo:889 - No configuration file found for board STEVAL-BFA001V1B
2025-04-05 15:35:22,456 [INFO] DbBoards:161 - Kit is not supported: STEVAL-BFA001V1B
2025-04-05 15:35:22,457 [INFO] BoardInfo:889 - No configuration file found for board STEVAL-BFA001V2B
2025-04-05 15:35:22,458 [INFO] DbBoards:161 - Kit is not supported: STEVAL-BFA001V2B
2025-04-05 15:35:22,752 [INFO] DbBoards:168 - Found 211 boards, 208 are supported
2025-04-05 15:35:22,752 [INFO] DbBoards:169 - Found 211 boards, 43 of them is supported for  Bsp
2025-04-05 15:35:22,757 [INFO] ApiDb:668 - CubeFinder database Data Model version=2.1
2025-04-05 15:35:22,757 [INFO] ApiDb:669 - CubeFinder database Configuration version=3.0.39
2025-04-05 15:35:22,757 [INFO] ApiDb:670 - CubeFinder database generation date=2025-02-18 (1739885696)
2025-04-05 15:35:22,757 [INFO] ApiDb:671 - CubeFinder database FW Pack versions=[FP-ATR-ASTRA1_V2.0.0, FP-SNS-FLIGHT1_V5.0.2, FP-SNS-MOTENV1_V5.0.0, FP-SNS-MOTENVWB1_V1.4.0, FP-SNS-SMARTAG2_V1.2.0, FP-SNS-STBOX1_V2.0.0, STM32Cube_FW_C0_V1.4.0, STM32Cube_FW_F4_V1.28.1, STM32Cube_FW_F7_V1.17.2, STM32Cube_FW_G0_V1.6.2, STM32Cube_FW_G4_V1.6.1, STM32Cube_FW_H5_V1.5.0, STM32Cube_FW_H7RS_V1.2.0, STM32Cube_FW_H7_V1.12.1, STM32Cube_FW_L0_V1.12.2, STM32Cube_FW_L4_V1.18.1, STM32Cube_FW_L5_V1.5.1, STM32Cube_FW_N6_V1.1.0, STM32Cube_FW_U0_V1.2.0, STM32Cube_FW_U3_V1.1.0, STM32Cube_FW_U5_V1.7.0, STM32Cube_FW_WB0_V1.2.0, STM32Cube_FW_WBA_V1.6.0, STM32Cube_FW_WB_V1.22.0, STM32Cube_FW_WL3_V1.1.0, STM32Cube_FW_WL_V1.3.1, X-CUBE-ALGOBUILD_V1.4.0, X-CUBE-ALS_V1.0.2, X-CUBE-AZRTOS-F4_V1.1.0, X-CUBE-AZRTOS-F7_V1.1.0, X-CUBE-AZRTOS-G0_V1.1.0, X-CUBE-AZRTOS-G4_V2.0.0, X-CUBE-AZRTOS-H7RS_V1.0.0, X-CUBE-AZRTOS-H7_V3.3.0, X-CUBE-AZRTOS-L4_V2.0.0, X-CUBE-AZRTOS-L5_V2.0.0, X-CUBE-AZRTOS-WB_V2.0.0, X-CUBE-AZRTOS-WL_V2.0.0, X-CUBE-BLE1_V7.0.0, X-CUBE-BLE2_V3.3.0, X-CUBE-BLEMGR_V4.0.0, X-CUBE-EEPRMA1_V5.1.0, X-CUBE-FREERTOS_V1.3.0, X-CUBE-GNSS1_V6.0.0, X-CUBE-MEMS1_V11.1.0, X-CUBE-NFC4_V3.0.0, X-CUBE-NFC7_V1.0.1, X-CUBE-SFXS2LP1_V4.0.0, X-CUBE-SUBG2_V5.0.0, X-CUBE-TOF1_V3.4.2]
2025-04-05 15:35:25,007 [INFO] ApiDb:240 - Found 895 in-development CPN: [B-G473E-ZEST1S, B-WB1M-WPAN1, B-WBA5M-WPAN, B-WL5M-SUBG1, NUCLEO-C031C6, NUCLEO-C051C8, NUCLEO-C071RB, NUCLEO-C092RC, NUCLEO-H503RB, NUCLEO-H533RE, NUCLEO-H563ZI, NUCLEO-H7S3L8, NUCLEO-N657X0-Q, NUCLEO-U031R8, NUCLEO-U083RC, NUCLEO-U385RG-Q, NUCLEO-U545RE-Q, NUCLEO-U5A5ZJ-Q, NUCLEO-WB05KZ, NUCLEO-WB07CC, NUCLEO-WB09KE, NUCLEO-WBA52CG, NUCLEO-WBA55CG, NUCLEO-WBA65RI, NUCLEO-WL33CC1, NUCLEO-WL33CC2, STEVAL-PROTEUS1, STEVAL-SMARTAG2, STEVAL-STWINBX1, STM320518-EVAL, STM32C0116-DK, STM32C011D6Y3TR, STM32C011D6Y6TR, STM32C011F4P3, STM32C011F4P6, STM32C011F4U3, STM32C011F4U6TR, STM32C011F6P3, STM32C011F6P6, STM32C011F6U3, STM32C011F6U6TR, STM32C011J4M3, STM32C011J4M6, STM32C011J6M3, STM32C011J6M6, STM32C0316-DK, STM32C031C4T3, STM32C031C4T6, STM32C031C4U3, STM32C031C4U6, STM32C031C6T3, STM32C031C6T6, STM32C031C6U3, STM32C031C6U6, STM32C031F4P3, STM32C031F4P6, STM32C031F6P3, STM32C031F6P6, STM32C031G4U3, STM32C031G4U6, STM32C031G6U3, STM32C031G6U6, STM32C031K4T3, STM32C031K4T6, STM32C031K4U3, STM32C031K4U6, STM32C031K6T3, STM32C031K6T6, STM32C031K6U3, STM32C031K6U6, STM32C051C6T6, STM32C051C6U6, STM32C051C8T6, STM32C051C8U6, STM32C051D8Y6TR, STM32C051F6P6, STM32C051F8P6, STM32C051G6U6, STM32C051G8U6, STM32C051K6T6, STM32C051K6U6, STM32C051K8T6, STM32C071C8T6, STM32C071C8T6N, STM32C071C8U6, STM32C071C8U6N, STM32C071CBT6, STM32C071CBT6N, STM32C071CBU6, STM32C071CBU6N, STM32C071F8P6, STM32C071F8P6N, STM32C071FBP6, STM32C071FBP6N, STM32C071FBY6TR, STM32C071G8U6, STM32C071G8U6N, STM32C071GBU6, STM32C071GBU6N, STM32C071K8T6, STM32C071K8T6N, STM32C071K8U6, STM32C071K8U6N, STM32C071KBT6, STM32C071KBT6N, STM32C071KBU6, STM32C071KBU6N, STM32C071R8T6, STM32C071R8T6N, STM32C071RBI6N, STM32C071RBT6, STM32C071RBT6N, STM32C091CBT6, STM32C091CBU6, STM32C091CCT6, STM32C091CCU6, STM32C091ECY6TR, STM32C091FBP6, STM32C091FCP6, STM32C091GBU6, STM32C091GCU6, STM32C091KBT6, STM32C091KBU6, STM32C091KCT6, STM32C091KCU6, STM32C091RBT6, STM32C091RCI6, STM32C091RCT6, STM32C092CBT6, STM32C092CBU6, STM32C092CCT6, STM32C092CCU6, STM32C092ECY6TR, STM32C092FBP6, STM32C092FCP6, STM32C092GBU6, STM32C092GCU6, STM32C092KBT6, STM32C092KBU6, STM32C092KCT6, STM32C092KCU6, STM32C092RBT6, STM32C092RCI6, STM32C092RCT6, STM32G071K8TXN, STM32G071K8UXN, STM32G081GBU6N, STM32G081KBT6N, STM32G081KBUXN, STM32G0B1CCT6N, STM32G0B1KCT6, STM32G0B1NEY6TR, STM32G0B1RCT6N, STM32G0C1CCT6, STM32G0C1CCT6N, STM32G0C1CCU6N, STM32G0C1CET6N, STM32G0C1CEU6N, STM32G0C1KCT6, STM32G0C1NEY6TR, STM32G0C1RCI6N, STM32G0C1RCT6N, STM32G0C1REI6N, STM32G0C1RET6N, STM32G0C1VCI6, STM32G0C1VEI6, STM32G411C6T3, STM32G411C6T6, STM32G411C6U3, STM32G411C6U6, STM32G411C8T3, STM32G411C8T6, STM32G411C8U3, STM32G411C8U6, STM32G411CBT3, STM32G411CBT6, STM32G411CBU3, STM32G411CBU6, STM32G411CCT3, STM32G411CCT6, STM32G411CCU3, STM32G411CCU6, STM32G411K6T3, STM32G411K6T6, STM32G411K6U3, STM32G411K6U6, STM32G411K8T3, STM32G411K8T6, STM32G411K8U3, STM32G411K8U6, STM32G411KBT3, STM32G411KBT6, STM32G411KBU3, STM32G411KBU6, STM32G411M6T3, STM32G411M6T6, STM32G411M8T3, STM32G411M8T6, STM32G411MBT3, STM32G411MBT6, STM32G411MCT3, STM32G411MCT6, STM32G411R6T3, STM32G411R6T6, STM32G411R8T3, STM32G411R8T6, STM32G411RBT3, STM32G411RBT6, STM32G411RCT3, STM32G411RCT6, STM32G414CBT3, STM32G414CBT6, STM32G414CBU3, STM32G414CBU6, STM32G414CCT3, STM32G414CCT6, STM32G414CCU3, STM32G414CCU6, STM32G414MBT3, STM32G414MBT6, STM32G414MCT3, STM32G414MCT6, STM32G414RBT3, STM32G414RBT6, STM32G414RCT3, STM32G414RCT6, STM32G414VBT3, STM32G414VBT6, STM32G414VCT3, STM32G414VCT6, STM32G431CBT3Z, STM32G431RBT3Z, STM32G471CCT6, STM32G471CCU6, STM32G471CET3, STM32G471CET6, STM32G471CEU3, STM32G471CEU6, STM32G471MCT6, STM32G471MET3, STM32G471MET6, STM32G471MEY6TR, STM32G471QCT6, STM32G471QET3, STM32G471RCT6, STM32G471RET3, STM32G471RET6, STM32G471VCH6, STM32G471VCI6, STM32G471VCT6, STM32G471VEH3, STM32G471VEH6, STM32G471VEI3, STM32G471VEI6, STM32G471VET3, STM32G471VET6, STM32G473QET3Z, STM32G473RET3Z, STM32G474CCT6, STM32G491RET3Z, STM32H503CBT6, STM32H503CBU6, STM32H503EBY6TR, STM32H503KBU6, STM32H503RBT6, STM32H523CCT6, STM32H523CCU6, STM32H523CET6, STM32H523CEU6, STM32H523HEY6TR, STM32H523RCT6, STM32H523RET6, STM32H523VCI6, STM32H523VCT6, STM32H523VEI6, STM32H523VET6, STM32H523ZCJ6, STM32H523ZCT6, STM32H523ZEJ6, STM32H523ZET6, STM32H533CET6, STM32H533CEU6, STM32H533HEY6TR, STM32H533RET6, STM32H533VEI6, STM32H533VET6, STM32H533ZEJ6, STM32H533ZET6, STM32H562AGI6, STM32H562AII6, STM32H562IGK6, STM32H562IGT6, STM32H562IIK6, STM32H562IIT6, STM32H562RGT6, STM32H562RGV6, STM32H562RIT6, STM32H562RIV6, STM32H562VGT6, STM32H562VIT6, STM32H562ZGT6, STM32H562ZIT6, STM32H563AGI6, STM32H563AII3Q, STM32H563AII6, STM32H563IGK6, STM32H563IGT6, STM32H563IIK3Q, STM32H563IIK6, STM32H563IIT3Q, STM32H563IIT6, STM32H563MIY3QTR, STM32H563RGT6, STM32H563RGV6, STM32H563RIT6, STM32H563RIV6, STM32H563VGT6, STM32H563VIT3Q, STM32H563VIT6, STM32H563ZGT6, STM32H563ZIT3Q, STM32H563ZIT6, STM32H573AII3Q, STM32H573AII6, STM32H573I-DK, STM32H573IIK3Q, STM32H573IIK6, STM32H573IIT3Q, STM32H573IIT6, STM32H573MIY3QTR, STM32H573RIT6, STM32H573RIV6, STM32H573VIT3Q, STM32H573VIT6, STM32H573ZIT3Q, STM32H573ZIT6, STM32H7R3A8I6, STM32H7R3I8K6, STM32H7R3I8T6, STM32H7R3L8H6, STM32H7R3L8H6H, STM32H7R3R8V6, STM32H7R3V8H6, STM32H7R3V8T6, STM32H7R3V8Y6TR, STM32H7R3Z8J6, STM32H7R3Z8T6, STM32H7R7A8I6, STM32H7R7I8K6, STM32H7R7I8T6, STM32H7R7L8H6, STM32H7R7L8H6H, STM32H7R7Z8J6, STM32H7S3A8I6, STM32H7S3I8K6, STM32H7S3I8T6, STM32H7S3L8H6, STM32H7S3L8H6H, STM32H7S3R8V6, STM32H7S3V8H6, STM32H7S3V8T6, STM32H7S3V8Y6TR, STM32H7S3Z8J6, STM32H7S3Z8T6, STM32H7S78-DK, STM32H7S7A8I6, STM32H7S7I8K6, STM32H7S7I8T6, STM32H7S7L8H6, STM32H7S7L8H6H, STM32H7S7Z8J6, STM32L4R5QGI6STR, STM32MP131AAE3, STM32MP131AAF3, STM32MP131AAG3, STM32MP131CAE3, STM32MP131CAF3, STM32MP131CAG3, STM32MP131DAE7, STM32MP131DAF7, STM32MP131DAG7, STM32MP131FAE7, STM32MP131FAF7, STM32MP131FAG7, STM32MP133AAE3, STM32MP133AAF3, STM32MP133AAG3, STM32MP133CAE3, STM32MP133CAF3, STM32MP133CAG3, STM32MP133DAE7, STM32MP133DAF7, STM32MP133DAG7, STM32MP133FAE7, STM32MP133FAF7, STM32MP133FAG7, STM32MP135AAE3, STM32MP135AAF3, STM32MP135AAG3, STM32MP135CAE3, STM32MP135CAF3, STM32MP135CAG3, STM32MP135DAE7, STM32MP135DAF7, STM32MP135DAG7, STM32MP135F-DK, STM32MP135FAE7, STM32MP135FAF7, STM32MP135FAF7T, STM32MP135FAF7U, STM32MP135FAG7, STM32MP231AAJ3, STM32MP231AAK3, STM32MP231AAL3, STM32MP231CAJ3, STM32MP231CAK3, STM32MP231CAL3, STM32MP231DAJ3, STM32MP231DAK3, STM32MP231DAL3, STM32MP231FAJ3, STM32MP231FAK3, STM32MP231FAL3, STM32MP233AAJ3, STM32MP233AAK3, STM32MP233AAL3, STM32MP233CAJ3, STM32MP233CAK3, STM32MP233CAL3, STM32MP233DAJ3, STM32MP233DAK3, STM32MP233DAL3, STM32MP233FAJ3, STM32MP233FAK3, STM32MP233FAL3, STM32MP235AAJ3, STM32MP235AAK3, STM32MP235AAL3, STM32MP235CAJ3, STM32MP235CAK3, STM32MP235CAL3, STM32MP235DAJ3, STM32MP235DAK3, STM32MP235DAL3, STM32MP235FAJ3, STM32MP235FAK3, STM32MP235FAL3, STM32MP251AAI3, STM32MP251AAJ3, STM32MP251AAK3, STM32MP251AAL3, STM32MP251CAI3, STM32MP251CAJ3, STM32MP251CAK3, STM32MP251CAL3, STM32MP251DAI3, STM32MP251DAJ3, STM32MP251DAK3, STM32MP251DAL3, STM32MP251FAI3, STM32MP251FAJ3, STM32MP251FAK3, STM32MP251FAL3, STM32MP253AAI3, STM32MP253AAJ3, STM32MP253AAK3, STM32MP253AAL3, STM32MP253CAI3, STM32MP253CAJ3, STM32MP253CAK3, STM32MP253CAL3, STM32MP253DAI3, STM32MP253DAJ3, STM32MP253DAK3, STM32MP253DAL3, STM32MP253FAI3, STM32MP253FAJ3, STM32MP253FAK3, STM32MP253FAL3, STM32MP255AAI3, STM32MP255AAJ3, STM32MP255AAK3, STM32MP255AAL3, STM32MP255CAI3, STM32MP255CAJ3, STM32MP255CAK3, STM32MP255CAL3, STM32MP255DAI3, STM32MP255DAJ3, STM32MP255DAK3, STM32MP255DAL3, STM32MP255FAI3, STM32MP255FAJ3, STM32MP255FAK3, STM32MP255FAL3, STM32MP257AAI3, STM32MP257AAJ3, STM32MP257AAK3, STM32MP257AAL3, STM32MP257CAI3, STM32MP257CAJ3, STM32MP257CAK3, STM32MP257CAL3, STM32MP257DAI3, STM32MP257DAJ3, STM32MP257DAK3, STM32MP257DAL3, STM32MP257F-DK, STM32MP257F-EV1, STM32MP257FAI3, STM32MP257FAJ3, STM32MP257FAK3, STM32MP257FAL3, STM32N645A0H3Q, STM32N645B0H3Q, STM32N645I0H3Q, STM32N645L0H3Q, STM32N645X0H3Q, STM32N645Z0H3Q, STM32N647A0H3Q, STM32N647B0H3Q, STM32N647I0H3Q, STM32N647L0H3Q, STM32N647X0H3Q, STM32N647Z0H3Q, STM32N655A0H3Q, STM32N655B0H3Q, STM32N655I0H3Q, STM32N655L0H3Q, STM32N655X0H3Q, STM32N655Z0H3Q, STM32N6570-DK, STM32N657A0H3Q, STM32N657B0H3Q, STM32N657I0H3Q, STM32N657L0H3Q, STM32N657X0H3Q, STM32N657Z0H3Q, STM32U031C6T6, STM32U031C6U6, STM32U031C8T6, STM32U031C8U6, STM32U031F4P6, STM32U031F6P6, STM32U031F8P6, STM32U031G6Y6TR, STM32U031G8Y6TR, STM32U031K4U6, STM32U031K6U6, STM32U031K8U6, STM32U031R6I6, STM32U031R6T6, STM32U031R8I6, STM32U031R8T6, STM32U073C8T6, STM32U073C8U6, STM32U073CBT6, STM32U073CBU6, STM32U073CCT6, STM32U073CCU6, STM32U073H8Y6TR, STM32U073HBY6TR, STM32U073HCY6TR, STM32U073K8U6, STM32U073KBU6, STM32U073KCU6, STM32U073M8I6, STM32U073M8T6, STM32U073MBI6, STM32U073MBT6, STM32U073MCI6, STM32U073MCT6, STM32U073R8I6, STM32U073R8T6, STM32U073RBI6, STM32U073RBT6, STM32U073RCI6, STM32U073RCT6, STM32U083C-DK, STM32U083CCT6, STM32U083CCU6, STM32U083HCY6TR, STM32U083KCU6, STM32U083MCI6, STM32U083MCT6, STM32U083RCI6, STM32U083RCT6, STM32U375CET6, STM32U375CET6Q, STM32U375CEU6, STM32U375CEU6Q, STM32U375CEY6QTR, STM32U375CGT6, STM32U375CGT6Q, STM32U375CGU6, STM32U375CGU6Q, STM32U375CGY6QTR, STM32U375KEU6, STM32U375KGU6, STM32U375REI6, STM32U375REI6Q, STM32U375RET6, STM32U375RET6Q, STM32U375REY6GTR, STM32U375REY6QTR, STM32U375RGI6, STM32U375RGI6Q, STM32U375RGT6, STM32U375RGT6Q, STM32U375RGY6GTR, STM32U375RGY6QTR, STM32U375VEI6, STM32U375VEI6Q, STM32U375VET6, STM32U375VET6Q, STM32U375VGI6, STM32U375VGI6Q, STM32U375VGT6, STM32U375VGT6Q, STM32U385CGT6, STM32U385CGT6Q, STM32U385CGU6, STM32U385CGU6Q, STM32U385CGY6QTR, STM32U385KGU6, STM32U385RGI6, STM32U385RGI6Q, STM32U385RGT6, STM32U385RGT6Q, STM32U385RGY6GTR, STM32U385RGY6QTR, STM32U385VGI6, STM32U385VGI6Q, STM32U385VGT6, STM32U385VGT6Q, STM32U535CBT6, STM32U535CBT6Q, STM32U535CBU6, STM32U535CBU6Q, STM32U535CCT6, STM32U535CCT6Q, STM32U535CCU6, STM32U535CCU6Q, STM32U535CET6, STM32U535CET6Q, STM32U535CEU6, STM32U535CEU6Q, STM32U535JEY6QTR, STM32U535NCY6QTR, STM32U535NEY6QTR, STM32U535RBI6, STM32U535RBI6Q, STM32U535RBT6, STM32U535RBT6Q, STM32U535RCI6, STM32U535RCI6Q, STM32U535RCT6, STM32U535RCT6Q, STM32U535REI6, STM32U535REI6Q, STM32U535RET6, STM32U535RET6Q, STM32U535VCI6, STM32U535VCI6Q, STM32U535VCT6, STM32U535VCT6Q, STM32U535VEI6, STM32U535VEI6Q, STM32U535VET6, STM32U535VET6Q, STM32U545CET6, STM32U545CET6Q, STM32U545CEU6, STM32U545CEU6Q, STM32U545JEY6QTR, STM32U545NEY6QTR, STM32U545REI6, STM32U545REI6Q, STM32U545RET6, STM32U545RET6Q, STM32U545VEI6, STM32U545VEI6Q, STM32U545VET6, STM32U545VET6Q, STM32U595AIH6, STM32U595AIH6Q, STM32U595AJH6, STM32U595AJH6Q, STM32U595QII6, STM32U595QII6Q, STM32U595QJI6, STM32U595QJI6Q, STM32U595RIT6, STM32U595RIT6Q, STM32U595RJT6, STM32U595RJT6Q, STM32U595VIT6, STM32U595VIT6Q, STM32U595VJT6, STM32U595VJT6Q, STM32U595ZIT6, STM32U595ZIT6Q, STM32U595ZIY6QTR, STM32U595ZJT6, STM32U595ZJT6Q, STM32U595ZJY6QTR, STM32U599BJY6QTR, STM32U599NIH6Q, STM32U599NJH6Q, STM32U599VIT6Q, STM32U599VJT6, STM32U599VJT6Q, STM32U599ZIT6Q, STM32U599ZIY6QTR, STM32U599ZJT6Q, STM32U599ZJY6QTR, STM32U5A5AJH6, STM32U5A5AJH6Q, STM32U5A5QII3Q , STM32U5A5QJI6, STM32U5A5QJI6Q, STM32U5A5RJT6, STM32U5A5RJT6Q, STM32U5A5VJT6, STM32U5A5VJT6Q, STM32U5A5ZJT6, STM32U5A5ZJT6Q, STM32U5A5ZJY6QTR, STM32U5A9BJY6QTR, STM32U5A9J-DK, STM32U5A9NJH6Q, STM32U5A9VJT6Q, STM32U5A9ZJT6Q, STM32U5A9ZJY6QTR, STM32U5F7VIT6, STM32U5F7VIT6Q, STM32U5F7VJT6, STM32U5F7VJT6Q, STM32U5F9BJY6QTR, STM32U5F9NJH6Q, STM32U5F9VIT6Q, STM32U5F9VJT6Q, STM32U5F9ZIJ6QTR, STM32U5F9ZIT6Q, STM32U5F9ZJJ6QTR, STM32U5F9ZJT6Q, STM32U5G7VJT6, STM32U5G7VJT6Q, STM32U5G9BJY6QTR, STM32U5G9J-DK1, STM32U5G9J-DK2, STM32U5G9NJH6Q, STM32U5G9VJT6Q, STM32U5G9ZJJ6QTR, STM32U5G9ZJT6Q, STM32WB05KZV6TR, STM32WB05KZV7TR, STM32WB05TZF6TR, STM32WB05TZF7TR, STM32WB06CCF6TR, STM32WB06CCF7TR, STM32WB06CCV6TR, STM32WB06CCV7TR, STM32WB06KCV6TR, STM32WB06KCV7TR, STM32WB07CCF6TR, STM32WB07CCF7TR, STM32WB07CCV6TR, STM32WB07CCV7TR, STM32WB07KCV6TR, STM32WB07KCV7TR, STM32WB09KEV6TR, STM32WB09KEV7TR, STM32WB09TEF6TR, STM32WB09TEF7TR, STM32WB1MMCH6, STM32WBA50KGU6, STM32WBA50KGU6TR, STM32WBA52CEU6, STM32WBA52CEU6TR, STM32WBA52CEU7, STM32WBA52CEU7TR, STM32WBA52CGU6, STM32WBA52CGU6TR, STM32WBA52CGU6U, STM32WBA52CGU7, STM32WBA52CGU7TR, STM32WBA52KEU6, STM32WBA52KEU6TR, STM32WBA52KGU6, STM32WBA52KGU6TR, STM32WBA54CEU6, STM32WBA54CEU6TR, STM32WBA54CEU7, STM32WBA54CEU7TR, STM32WBA54CGU6, STM32WBA54CGU6TR, STM32WBA54CGU7, STM32WBA54CGU7TR, STM32WBA54KEU6, STM32WBA54KEU6TR, STM32WBA54KEU7, STM32WBA54KEU7TR, STM32WBA54KGU6, STM32WBA54KGU6TR, STM32WBA54KGU7, STM32WBA54KGU7TR, STM32WBA55CEU6, STM32WBA55CEU6TR, STM32WBA55CEU7, STM32WBA55CEU7TR, STM32WBA55CGU6, STM32WBA55CGU6TR, STM32WBA55CGU6U, STM32WBA55CGU7, STM32WBA55CGU7TR, STM32WBA55G-DK1, STM32WBA55HEF6, STM32WBA55HEF7, STM32WBA55HGF6, STM32WBA55HGF7, STM32WBA55UEI6, STM32WBA55UEI6TR, STM32WBA55UEI7, STM32WBA55UEI7TR, STM32WBA55UGI6, STM32WBA55UGI6TR, STM32WBA55UGI7, STM32WBA55UGI7TR, STM32WBA5MJGH6TR, STM32WBA62CGU6, STM32WBA62CIU6, STM32WBA62MGF6, STM32WBA62MIF6, STM32WBA62PGI6, STM32WBA62PII6, STM32WBA63CGU6, STM32WBA63CGU7, STM32WBA63CIU6, STM32WBA63CIU7, STM32WBA64CGU6, STM32WBA64CGU7, STM32WBA64CIU6, STM32WBA64CIU7, STM32WBA65CGU6, STM32WBA65CGU7, STM32WBA65CIU6, STM32WBA65CIU7, STM32WBA65I-DK1, STM32WBA65MGF6, STM32WBA65MGF7, STM32WBA65MIF6, STM32WBA65MIF7, STM32WBA65PGI6, STM32WBA65PGI7, STM32WBA65PII6, STM32WBA65PII7, STM32WBA65RGV6, STM32WBA65RGV7, STM32WBA65RIV6, STM32WBA65RIV7, STM32WL30K8V6, STM32WL30KBV6, STM32WL31C8V6, STM32WL31CBV6, STM32WL31K8V6, STM32WL31KBV6, STM32WL33C8V6, STM32WL33C8V6TR, STM32WL33C8V7, STM32WL33C8V7TR, STM32WL33CBV6, STM32WL33CBV6TR, STM32WL33CBV7, STM32WL33CBV7TR, STM32WL33CCV6, STM32WL33CCV6TR, STM32WL33CCV7, STM32WL33CCV7A, STM32WL33CCV7ATR, STM32WL33CCV7TR, STM32WL33K8V6, STM32WL33K8V6TR, STM32WL33K8V7, STM32WL33K8V7TR, STM32WL33KBV6, STM32WL33KBV6TR, STM32WL33KBV7, STM32WL33KBV7TR, STM32WL33KCV6, STM32WL33KCV6TR, STM32WL33KCV7, STM32WL33KCV7TR, STM32WL5MOCH6, STM32WL5MOCH6TR]
2025-04-05 15:35:25,012 [INFO] DbMcus:218 - Found 4682 MCUs, 4682 are supported
2025-04-05 15:35:25,014 [INFO] ApiDb:423 - Load user favorites file C:\Users\chant/.stm32cubeide/favorites.mcus.txt: 0 item(s)
2025-04-05 15:35:25,014 [INFO] ApiDb:427 - User favorites MCUs=[]
2025-04-05 15:35:25,014 [INFO] DbMcus:224 - Set 0 / 0 favorites MCUs
2025-04-05 15:35:25,523 [INFO] ApiDb:423 - Load user favorites file C:\Users\chant/.stm32cubeide/favorites.boards.txt: 0 item(s)
2025-04-05 15:35:25,523 [INFO] ApiDb:427 - User favorites Boards=[]
2025-04-05 15:35:25,523 [INFO] DbBoards:198 - Set 0 / 0 favorites Boards
2025-04-05 15:35:25,631 [INFO] UtilMem:75 - End LoadConfig() Used Memory: 358387904 Bytes (526385152)
2025-04-05 15:35:25,881 [WARN] ThirdParty:833 - waiting for thirdparty lock release [change project]
2025-04-05 15:35:25,881 [INFO] ThirdParty:835 - entering critical section [change project]
2025-04-05 15:35:25,882 [INFO] ThirdParty:1030 - CMSIS Pack Vendor :STMicroelectronics USBPD 4.1
2025-04-05 15:35:25,882 [INFO] ThirdParty:1030 - CMSIS Pack Vendor :STMicroelectronics X-CUBE-GNSS1 6.0.0
2025-04-05 15:35:25,882 [INFO] ThirdParty:1030 - CMSIS Pack Vendor :STMicroelectronics USB_HOST 2.0.0
2025-04-05 15:35:25,882 [INFO] ThirdParty:1030 - CMSIS Pack Vendor :STMicroelectronics X-CUBE-AZRTOS-F4 1.1.0
2025-04-05 15:35:25,882 [INFO] ThirdParty:1030 - CMSIS Pack Vendor :STMicroelectronics LIBJPEG 8.0.0
2025-04-05 15:35:25,882 [INFO] ThirdParty:1030 - CMSIS Pack Vendor :STMicroelectronics FP-ATR-ASTRA1 2.0.2
2025-04-05 15:35:25,882 [INFO] ThirdParty:1030 - CMSIS Pack Vendor :STMicroelectronics FP-ATR-ASTRA1 2.0.1
2025-04-05 15:35:25,882 [INFO] ThirdParty:1030 - CMSIS Pack Vendor :STMicroelectronics X-CUBE-SMBUS 2.1.0
2025-04-05 15:35:25,882 [INFO] ThirdParty:1030 - CMSIS Pack Vendor :STMicroelectronics X-CUBE-WB05N 1.1.0
2025-04-05 15:35:25,882 [INFO] ThirdParty:1030 - CMSIS Pack Vendor :wolfSSL I-CUBE-wolfSSL 5.6.0
2025-04-05 15:35:25,882 [INFO] ThirdParty:1030 - CMSIS Pack Vendor :STMicroelectronics X-CUBE-ISPU 2.1.0
2025-04-05 15:35:25,882 [INFO] ThirdParty:1030 - CMSIS Pack Vendor :STMicroelectronics X-CUBE-FREERTOS 1.2.0
2025-04-05 15:35:25,882 [INFO] ThirdParty:1030 - CMSIS Pack Vendor :STMicroelectronics X-CUBE-AZRTOS-F7 1.1.0
2025-04-05 15:35:25,882 [INFO] ThirdParty:1030 - CMSIS Pack Vendor :STMicroelectronics X-CUBE-AZRTOS-L5 2.0.0
2025-04-05 15:35:25,883 [INFO] ThirdParty:1030 - CMSIS Pack Vendor :STMicroelectronics USB_DEVICE 2.0.0
2025-04-05 15:35:25,883 [INFO] ThirdParty:1030 - CMSIS Pack Vendor :STMicroelectronics X-CUBE-NFC6 3.1.0
2025-04-05 15:35:25,883 [INFO] ThirdParty:1030 - CMSIS Pack Vendor :STMicroelectronics X-CUBE-MEMS1 11.0.0
2025-04-05 15:35:25,883 [INFO] ThirdParty:1030 - CMSIS Pack Vendor :STMicroelectronics X-CUBE-BLE1 6.2.4
2025-04-05 15:35:25,883 [INFO] ThirdParty:1030 - CMSIS Pack Vendor :STMicroelectronics FreeRTOS 0.0.1
2025-04-05 15:35:25,883 [INFO] ThirdParty:1030 - CMSIS Pack Vendor :emotas I-CUBE-CANOPEN 1.1.3
2025-04-05 15:35:25,883 [INFO] ThirdParty:1030 - CMSIS Pack Vendor :STMicroelectronics X-CUBE-BLEMGR 2.0.0
2025-04-05 15:35:25,883 [INFO] ThirdParty:1030 - CMSIS Pack Vendor :STMicroelectronics X-CUBE-DPower 1.2.0
2025-04-05 15:35:25,883 [INFO] ThirdParty:1030 - CMSIS Pack Vendor :STMicroelectronics FP-SNS-FLIGHT1 5.0.2
2025-04-05 15:35:25,883 [INFO] ThirdParty:1030 - CMSIS Pack Vendor :STMicroelectronics PDM2PCM 3.3.0
2025-04-05 15:35:25,883 [INFO] ThirdParty:1030 - CMSIS Pack Vendor :STMicroelectronics X-CUBE-DISPLAY 3.0.0
2025-04-05 15:35:25,883 [INFO] ThirdParty:1030 - CMSIS Pack Vendor :STMicroelectronics X-CUBE-BLE1 7.0.0
2025-04-05 15:35:25,883 [INFO] ThirdParty:1030 - CMSIS Pack Vendor :STMicroelectronics X-CUBE-NFC10 1.0.0
2025-04-05 15:35:25,883 [INFO] ThirdParty:1030 - CMSIS Pack Vendor :STMicroelectronics X-CUBE-BLEMGR 4.0.0
2025-04-05 15:35:25,883 [INFO] ThirdParty:1030 - CMSIS Pack Vendor :STMicroelectronics HAL Drivers 0.0.0
2025-04-05 15:35:25,883 [INFO] ThirdParty:1030 - CMSIS Pack Vendor :STMicroelectronics X-CUBE-FREERTOS 1.3.0
2025-04-05 15:35:25,883 [INFO] ThirdParty:1030 - CMSIS Pack Vendor :STMicroelectronics X-CUBE-NFC7 1.0.1
2025-04-05 15:35:25,884 [INFO] ThirdParty:1030 - CMSIS Pack Vendor :STMicroelectronics MBEDTLS 2.14.1
2025-04-05 15:35:25,884 [INFO] ThirdParty:1030 - CMSIS Pack Vendor :STMicroelectronics X-CUBE-NFC7 1.0.0
2025-04-05 15:35:25,884 [INFO] ThirdParty:1030 - CMSIS Pack Vendor :STMicroelectronics X-CUBE-EEPRMA1 4.1.0
2025-04-05 15:35:25,884 [INFO] ThirdParty:1030 - CMSIS Pack Vendor :STMicroelectronics X-CUBE-BLEMGR 3.1.0
2025-04-05 15:35:25,884 [INFO] ThirdParty:1030 - CMSIS Pack Vendor :STMicroelectronics X-CUBE-AI 10.0.0
2025-04-05 15:35:25,884 [INFO] ThirdParty:1030 - CMSIS Pack Vendor :STMicroelectronics FP-SNS-FLIGHT1 5.1.0
2025-04-05 15:35:25,884 [INFO] ThirdParty:1030 - CMSIS Pack Vendor :STMicroelectronics X-CUBE-MEMS1 11.1.0
2025-04-05 15:35:25,884 [INFO] ThirdParty:1030 - CMSIS Pack Vendor :STMicroelectronics X-CUBE-AZRTOS-WL 2.0.0
2025-04-05 15:35:25,884 [INFO] ThirdParty:1030 - CMSIS Pack Vendor :STMicroelectronics X-CUBE-DPower 1.3.0
2025-04-05 15:35:25,884 [INFO] ThirdParty:1030 - CMSIS Pack Vendor :STMicroelectronics USB_DEVICE 1.0.0
2025-04-05 15:35:25,884 [INFO] ThirdParty:1030 - CMSIS Pack Vendor :wolfSSL I-CUBE-wolfMQTT 1.19.0
2025-04-05 15:35:25,884 [INFO] ThirdParty:1030 - CMSIS Pack Vendor :STMicroelectronics X-CUBE-AZRTOS-L4 2.0.0
2025-04-05 15:35:25,884 [INFO] ThirdParty:1030 - CMSIS Pack Vendor :STMicroelectronics ThreadX 0.0.2
2025-04-05 15:35:25,884 [INFO] ThirdParty:1030 - CMSIS Pack Vendor :WES I-CUBE-Cesium 1.3.0
2025-04-05 15:35:25,884 [INFO] ThirdParty:1030 - CMSIS Pack Vendor :STMicroelectronics lwIP 2.1.2
2025-04-05 15:35:25,884 [INFO] ThirdParty:1030 - CMSIS Pack Vendor :STMicroelectronics X-CUBE-SFXS2LP1 4.0.0
2025-04-05 15:35:25,884 [INFO] ThirdParty:1030 - CMSIS Pack Vendor :STMicroelectronics X-CUBE-BLE2 3.3.0
2025-04-05 15:35:25,884 [INFO] ThirdParty:1030 - CMSIS Pack Vendor :STMicroelectronics PDM2PCM 3.2.0
2025-04-05 15:35:25,884 [INFO] ThirdParty:1030 - CMSIS Pack Vendor :STMicroelectronics X-CUBE-AZRTOS-H7 3.0.0
2025-04-05 15:35:25,884 [INFO] ThirdParty:1030 - CMSIS Pack Vendor :STMicroelectronics X-CUBE-ISPU 1.1.0
2025-04-05 15:35:25,884 [INFO] ThirdParty:1030 - CMSIS Pack Vendor :STMicroelectronics X-CUBE-AZRTOS-H7 3.3.0
2025-04-05 15:35:25,885 [INFO] ThirdParty:1030 - CMSIS Pack Vendor :RoweBots I-CUBE-UNISONRTOS 5.5.0-4
2025-04-05 15:35:25,885 [INFO] ThirdParty:1030 - CMSIS Pack Vendor :STMicroelectronics X-CUBE-NFC9 1.0.0
2025-04-05 15:35:25,885 [INFO] ThirdParty:1030 - CMSIS Pack Vendor :STMicroelectronics X-CUBE-BLE1 7.1.0
2025-04-05 15:35:25,885 [INFO] ThirdParty:1030 - CMSIS Pack Vendor :STMicroelectronics USB_DEVICE 3.0.0
2025-04-05 15:35:25,885 [INFO] ThirdParty:1030 - CMSIS Pack Vendor :STMicroelectronics X-CUBE-TCPP 4.1.0
2025-04-05 15:35:25,885 [INFO] ThirdParty:1030 - CMSIS Pack Vendor :STMicroelectronics X-CUBE-AI 8.0.0
2025-04-05 15:35:25,885 [INFO] ThirdParty:1030 - CMSIS Pack Vendor :STMicroelectronics X-CUBE-IPS 3.0.0
2025-04-05 15:35:25,885 [INFO] ThirdParty:1030 - CMSIS Pack Vendor :STMicroelectronics X-CUBE-AZRTOS-WB 2.0.0
2025-04-05 15:35:25,885 [INFO] ThirdParty:1030 - CMSIS Pack Vendor :STMicroelectronics X-CUBE-FREERTOS 1.0.0
2025-04-05 15:35:25,885 [INFO] ThirdParty:1030 - CMSIS Pack Vendor :STMicroelectronics X-CUBE-GNSS1 7.0.0
2025-04-05 15:35:25,885 [INFO] ThirdParty:1030 - CMSIS Pack Vendor :STMicroelectronics X-CUBE-GNSS1 7.0.1
2025-04-05 15:35:25,885 [INFO] ThirdParty:1030 - CMSIS Pack Vendor :STMicroelectronics X-CUBE-TOUCHGFX 4.21.3
2025-04-05 15:35:25,885 [INFO] ThirdParty:1030 - CMSIS Pack Vendor :STMicroelectronics X-CUBE-TOUCHGFX 4.25.0
2025-04-05 15:35:25,885 [INFO] ThirdParty:1030 - CMSIS Pack Vendor :STMicroelectronics X-CUBE-ALGOBUILD 1.3.0
2025-04-05 15:35:25,885 [INFO] ThirdParty:1030 - CMSIS Pack Vendor :STMicroelectronics X-CUBE-AZRTOS-L5 1.1.0
2025-04-05 15:35:25,885 [INFO] ThirdParty:1030 - CMSIS Pack Vendor :STMicroelectronics X-CUBE-AZRTOS-G0 1.1.0
2025-04-05 15:35:25,885 [INFO] ThirdParty:1030 - CMSIS Pack Vendor :STMicroelectronics X-CUBE-SAFEA1 1.2.2
2025-04-05 15:35:25,886 [INFO] ThirdParty:1030 - CMSIS Pack Vendor :STMicroelectronics X-CUBE-NFC4 3.0.0
2025-04-05 15:35:25,886 [INFO] ThirdParty:1030 - CMSIS Pack Vendor :STMicroelectronics X-CUBE-SUBG2 5.0.0
2025-04-05 15:35:25,886 [INFO] ThirdParty:1030 - CMSIS Pack Vendor :STMicroelectronics X-CUBE-AZRTOS-H7RS 1.1.0
2025-04-05 15:35:25,886 [INFO] ThirdParty:1030 - CMSIS Pack Vendor :STMicroelectronics STM32_WPAN 1.0.0
2025-04-05 15:35:25,886 [INFO] ThirdParty:1030 - CMSIS Pack Vendor :EmbeddedOffice I-CUBE-FS-RTOS 1.0.1
2025-04-05 15:35:25,886 [INFO] ThirdParty:1030 - CMSIS Pack Vendor :STMicroelectronics lwIP 2.0.3
2025-04-05 15:35:25,886 [INFO] ThirdParty:1030 - CMSIS Pack Vendor :Cesanta I-CUBE-Mongoose 7.13.0
2025-04-05 15:35:25,886 [INFO] ThirdParty:1030 - CMSIS Pack Vendor :STMicroelectronics USB_HOST 1.0.0
2025-04-05 15:35:25,886 [INFO] ThirdParty:1030 - CMSIS Pack Vendor :STMicroelectronics X-CUBE-AZRTOS-G4 2.0.0
2025-04-05 15:35:25,886 [INFO] ThirdParty:1030 - CMSIS Pack Vendor :STMicroelectronics PDM2PCM 3.1.0
2025-04-05 15:35:25,886 [INFO] ThirdParty:1030 - CMSIS Pack Vendor :STMicroelectronics X-CUBE-TOF1 3.3.0
2025-04-05 15:35:25,886 [INFO] ThirdParty:1030 - CMSIS Pack Vendor :STMicroelectronics FP-ATR-ASTRA1 1.1.1
2025-04-05 15:35:25,886 [INFO] ThirdParty:1030 - CMSIS Pack Vendor :STMicroelectronics X-CUBE-TCPP 4.2.0
2025-04-05 15:35:25,886 [INFO] ThirdParty:1030 - CMSIS Pack Vendor :RealThread X-CUBE-RT-Thread_Nano 4.1.1
2025-04-05 15:35:25,886 [INFO] ThirdParty:1030 - CMSIS Pack Vendor :STMicroelectronics FP-ATR-SIGFOX1 3.2.0
2025-04-05 15:35:25,886 [INFO] ThirdParty:1030 - CMSIS Pack Vendor :STMicroelectronics X-CUBE-AZRTOS-G4 1.0.0
2025-04-05 15:35:25,886 [INFO] ThirdParty:1030 - CMSIS Pack Vendor :STMicroelectronics X-CUBE-AZRTOS-L4 1.0.0
2025-04-05 15:35:25,886 [INFO] ThirdParty:1030 - CMSIS Pack Vendor :quantropi X-CUBE-qispace-sdk-base 1.9.3
2025-04-05 15:35:25,886 [INFO] ThirdParty:1030 - CMSIS Pack Vendor :STMicroelectronics MBEDTLS 2.16.2
2025-04-05 15:35:25,886 [INFO] ThirdParty:1030 - CMSIS Pack Vendor :STMicroelectronics X-CUBE-IPS 3.1.0
2025-04-05 15:35:25,886 [INFO] ThirdParty:1030 - CMSIS Pack Vendor :ITTIA_DB I-CUBE-ITTIADB 8.9.0
2025-04-05 15:35:25,886 [INFO] ThirdParty:1030 - CMSIS Pack Vendor :STMicroelectronics X-CUBE-TOUCHGFX 4.24.2
2025-04-05 15:35:25,886 [INFO] ThirdParty:1030 - CMSIS Pack Vendor :STMicroelectronics X-CUBE-AZRTOS-WL 1.0.0
2025-04-05 15:35:25,887 [INFO] ThirdParty:1030 - CMSIS Pack Vendor :STMicroelectronics X-CUBE-TOUCHGFX 4.24.1
2025-04-05 15:35:25,887 [INFO] ThirdParty:1030 - CMSIS Pack Vendor :wolfSSL I-CUBE-wolfTPM 3.4.0
2025-04-05 15:35:25,887 [INFO] ThirdParty:1030 - CMSIS Pack Vendor :portGmbH I-Cube-SoM-uGOAL 1.1.0
2025-04-05 15:35:25,887 [INFO] ThirdParty:1030 - CMSIS Pack Vendor :STMicroelectronics X-CUBE-ALS 1.0.1
2025-04-05 15:35:25,887 [INFO] ThirdParty:1030 - CMSIS Pack Vendor :STMicroelectronics X-CUBE-MEMS1 9.5.0
2025-04-05 15:35:25,887 [INFO] ThirdParty:1030 - CMSIS Pack Vendor :STMicroelectronics ThreadX 1.0.0
2025-04-05 15:35:25,887 [INFO] ThirdParty:1030 - CMSIS Pack Vendor :STMicroelectronics X-CUBE-AZRTOS-WB 1.1.0
2025-04-05 15:35:25,887 [INFO] ThirdParty:1030 - CMSIS Pack Vendor :SEGGER I-CUBE-embOS 1.3.1
2025-04-05 15:35:25,887 [INFO] ThirdParty:1030 - CMSIS Pack Vendor :STMicroelectronics X-CUBE-ALGOBUILD 1.4.0
2025-04-05 15:35:25,887 [INFO] ThirdParty:1030 - CMSIS Pack Vendor :STMicroelectronics X-CUBE-AZRTOS-H7RS 1.0.0
2025-04-05 15:35:25,887 [INFO] ThirdParty:1030 - CMSIS Pack Vendor :STMicroelectronics FP-ATR-ASTRA1 2.0.0
2025-04-05 15:35:25,887 [INFO] ThirdParty:1030 - CMSIS Pack Vendor :STMicroelectronics X-CUBE-TOF1 3.4.2
2025-04-05 15:35:25,887 [INFO] ThirdParty:1030 - CMSIS Pack Vendor :Infineon AIROC-Wi-Fi-Bluetooth-STM32 1.6.1
2025-04-05 15:35:25,887 [INFO] ThirdParty:1030 - CMSIS Pack Vendor :wolfSSL I-CUBE-wolfSSH 1.4.17
2025-04-05 15:35:25,887 [INFO] ThirdParty:841 - exiting critical section [change project]
2025-04-05 15:35:26,403 [INFO] PinOutPanel:1589 - setPackage(No Configuration,No Configuration)
2025-04-05 15:35:26,413 [INFO] PinOutPanel:1589 - setPackage(STM32F103C8Tx,LQFP48)
2025-04-05 15:35:27,382 [INFO] UtilMem:75 - Before build in PCC Used Memory: 356125792 Bytes (652214272)
2025-04-05 15:35:28,562 [INFO] UtilMem:75 - After build in PCC Used Memory: 502461976 Bytes (652214272)
2025-04-05 15:35:28,602 [INFO] IPUIPlugin:80 - create IPUIPlugin
2025-04-05 15:35:28,603 [INFO] IPUIPlugin:80 - create IPUIPlugin
2025-04-05 15:35:28,603 [INFO] IPUIPlugin:80 - create IPUIPlugin
2025-04-05 15:35:28,603 [INFO] IPUIPlugin:80 - create IPUIPlugin
2025-04-05 15:35:28,603 [INFO] IPUIPlugin:80 - create IPUIPlugin
2025-04-05 15:35:28,603 [INFO] IPUIPlugin:80 - create IPUIPlugin
2025-04-05 15:35:28,603 [INFO] IPUIPlugin:80 - create IPUIPlugin
2025-04-05 15:35:28,603 [INFO] IPUIPlugin:80 - create IPUIPlugin
2025-04-05 15:35:28,604 [INFO] IPUIPlugin:80 - create IPUIPlugin
2025-04-05 15:35:28,604 [INFO] IPUIPlugin:80 - create IPUIPlugin
2025-04-05 15:35:28,604 [INFO] IPUIPlugin:80 - create IPUIPlugin
2025-04-05 15:35:28,604 [INFO] IPUIPlugin:80 - create IPUIPlugin
2025-04-05 15:35:28,604 [INFO] IPUIPlugin:80 - create IPUIPlugin
2025-04-05 15:35:28,604 [INFO] IPUIPlugin:80 - create IPUIPlugin
2025-04-05 15:35:28,605 [INFO] IPUIPlugin:80 - create IPUIPlugin
2025-04-05 15:35:28,605 [INFO] IPUIPlugin:80 - create IPUIPlugin
2025-04-05 15:35:28,605 [INFO] IPUIPlugin:80 - create IPUIPlugin
2025-04-05 15:35:28,605 [INFO] IPUIPlugin:80 - create IPUIPlugin
2025-04-05 15:35:28,605 [INFO] IPUIPlugin:80 - create IPUIPlugin
2025-04-05 15:35:28,605 [INFO] IPUIPlugin:80 - create IPUIPlugin
2025-04-05 15:35:28,606 [INFO] IPUIPlugin:80 - create IPUIPlugin
2025-04-05 15:35:28,606 [INFO] IPUIPlugin:80 - create IPUIPlugin
2025-04-05 15:35:28,606 [INFO] IPUIPlugin:80 - create IPUIPlugin
2025-04-05 15:35:28,607 [INFO] IPUIPlugin:80 - create IPUIPlugin
2025-04-05 15:35:28,609 [INFO] IPUIPlugin:80 - create IPUIPlugin
2025-04-05 15:35:28,609 [INFO] IPUIPlugin:80 - create IPUIPlugin
2025-04-05 15:35:28,610 [INFO] IPUIPlugin:80 - create IPUIPlugin
2025-04-05 15:35:28,632 [INFO] Can:71 - Can Add PropertyChangeListener com.st.microxplorer.plugins.ip.can.Can@3a77f58d
2025-04-05 15:35:28,635 [WARN] IP:2250 - I2C_Coeff_DF not found: check if there is a RefParameter without a condition.
2025-04-05 15:35:28,635 [WARN] IP:2250 - Analog_Filter not found: check if there is a RefParameter without a condition.
2025-04-05 15:35:28,912 [INFO] CADModel:165 - CPN selected for project levelSTM32F103C8T6
2025-04-05 15:35:28,913 [INFO] CADModel:114 - Register for checkConnection events
2025-04-05 15:35:29,018 [INFO] OpenFileManager:385 - Restore cursor
2025-04-05 15:35:29,270 [WARN] IP:2250 - I2C_Coeff_DF not found: check if there is a RefParameter without a condition.
2025-04-05 15:35:29,270 [WARN] IP:2250 - Analog_Filter not found: check if there is a RefParameter without a condition.
2025-04-05 15:35:29,271 [WARN] IP:2250 - I2C_Coeff_DF not found: check if there is a RefParameter without a condition.
2025-04-05 15:35:29,271 [WARN] IP:2250 - Analog_Filter not found: check if there is a RefParameter without a condition.
2025-04-05 15:49:08,483 [INFO] WebApp:194 - Connection lost
2025-04-05 15:49:08,609 [INFO] WebApp:191 - Connection restablished
2025-04-05 15:49:10,732 [INFO] WebApp:194 - Connection lost
2025-04-05 15:49:10,858 [INFO] WebApp:191 - Connection restablished
2025-04-05 16:06:17,028 [INFO] UtilMem:75 - End SaveConfig() Used Memory: 887999304 Bytes (1073741824)
2025-04-05 16:06:18,613 [INFO] UtilMem:75 - End SaveConfig() Used Memory: 902679368 Bytes (1073741824)
2025-04-05 16:06:20,541 [INFO] UtilMem:75 - End SaveConfig() Used Memory: 935185224 Bytes (1073741824)
2025-04-05 16:06:21,373 [INFO] BlockDiagram:2775 - set Specific Code input for plugin: NVIC
2025-04-05 16:06:21,373 [INFO] BlockDiagram:2775 - set Specific Code input for plugin: USART
2025-04-05 16:06:21,373 [INFO] BlockDiagram:2775 - set Specific Code input for plugin: SYS
2025-04-05 16:06:21,374 [INFO] BlockDiagram:2775 - set Specific Code input for plugin: GPIO
2025-04-05 16:06:21,374 [INFO] BlockDiagram:2775 - set Specific Code input for plugin: CAN
2025-04-05 16:06:21,374 [INFO] BlockDiagram:2775 - set Specific Code input for plugin: RCC
2025-04-05 16:06:21,374 [INFO] BlockDiagram:2775 - set Specific Code input for plugin: I2C
2025-04-05 16:06:21,377 [INFO] CodeGenerator:882 - code generatio: config db path: C:\ST\STM32CubeIDE_1.16.1\STM32CubeIDE\plugins\com.st.stm32cube.common.mx_6.14.0.202502271554\\db\
2025-04-05 16:06:21,387 [WARN] IP:2250 - I2C_Coeff_DF not found: check if there is a RefParameter without a condition.
2025-04-05 16:06:21,387 [WARN] IP:2250 - Analog_Filter not found: check if there is a RefParameter without a condition.
2025-04-05 16:06:21,643 [INFO] CodeEngine:263 - oldGeneratedFile, C:\airspeed-can-transition\firmware\MS4525DO\MS4525DO\MXTmpFiles\license.tmp_save
2025-04-05 16:06:22,203 [INFO] CodeEngine:287 - Generated code: C:\airspeed-can-transition\firmware\MS4525DO\MS4525DO\MXTmpFiles\license.tmp
2025-04-05 16:06:22,362 [INFO] CodeEngine:263 - oldGeneratedFile, C:\airspeed-can-transition\firmware\MS4525DO\MS4525DO\MXTmpFiles\gpio.tmp_save
2025-04-05 16:06:22,533 [INFO] CodeEngine:287 - Generated code: C:\airspeed-can-transition\firmware\MS4525DO\MS4525DO\MXTmpFiles\gpio.tmp
2025-04-05 16:06:22,705 [INFO] CodeEngine:263 - oldGeneratedFile, C:\airspeed-can-transition\firmware\MS4525DO\MS4525DO\Core\Src\stm32f1xx_it.c_save
2025-04-05 16:06:22,842 [INFO] CodeEngine:287 - Generated code: C:\airspeed-can-transition\firmware\MS4525DO\MS4525DO\Core\Src\stm32f1xx_it.c
2025-04-05 16:06:22,849 [INFO] CodeEngine:263 - oldGeneratedFile, C:\airspeed-can-transition\firmware\MS4525DO\MS4525DO\Core\Inc\stm32f1xx_it.h_save
2025-04-05 16:06:22,934 [INFO] CodeEngine:287 - Generated code: C:\airspeed-can-transition\firmware\MS4525DO\MS4525DO\Core\Inc\stm32f1xx_it.h
2025-04-05 16:06:22,952 [INFO] CodeEngine:263 - oldGeneratedFile, C:\airspeed-can-transition\firmware\MS4525DO\MS4525DO\Core\Src\stm32f1xx_hal_msp.c_save
2025-04-05 16:06:23,106 [INFO] CodeEngine:287 - Generated code: C:\airspeed-can-transition\firmware\MS4525DO\MS4525DO\Core\Src\stm32f1xx_hal_msp.c
2025-04-05 16:06:23,110 [INFO] CodeEngine:263 - oldGeneratedFile, C:\airspeed-can-transition\firmware\MS4525DO\MS4525DO\MXTmpFiles\system.tmp_save
2025-04-05 16:06:23,188 [INFO] CodeEngine:287 - Generated code: C:\airspeed-can-transition\firmware\MS4525DO\MS4525DO\MXTmpFiles\system.tmp
2025-04-05 16:06:23,202 [INFO] CodeEngine:319 - oldGeneratedFile, C:\airspeed-can-transition\firmware\MS4525DO\MS4525DO\Core\Inc\stm32f1xx_hal_conf.h_save
2025-04-05 16:06:23,287 [INFO] CodeEngine:343 - Generated code: C:\airspeed-can-transition\firmware\MS4525DO\MS4525DO\Core\Inc\stm32f1xx_hal_conf.h
2025-04-05 16:06:23,320 [INFO] ApiDbMcu:508 - Load IP Config File for CAN
2025-04-05 16:06:23,324 [INFO] ApiDbMcu:508 - Load IP Config File for I2C1
2025-04-05 16:06:23,327 [INFO] ApiDbMcu:508 - Load IP Config File for USART1
2025-04-05 16:06:23,332 [INFO] ApiDbMcu:508 - Load IP Config File for RCC
2025-04-05 16:06:23,343 [INFO] CodeEngine:263 - oldGeneratedFile, C:\airspeed-can-transition\firmware\MS4525DO\MS4525DO\Core\Inc\main.h_save
2025-04-05 16:06:23,439 [INFO] CodeEngine:287 - Generated code: C:\airspeed-can-transition\firmware\MS4525DO\MS4525DO\Core\Inc\main.h
2025-04-05 16:06:23,445 [INFO] CodeEngine:263 - oldGeneratedFile, C:\airspeed-can-transition\firmware\MS4525DO\MS4525DO\Core\Src\main.c_save
2025-04-05 16:06:23,583 [INFO] CodeEngine:287 - Generated code: C:\airspeed-can-transition\firmware\MS4525DO\MS4525DO\Core\Src\main.c
2025-04-05 16:06:23,929 [INFO] ProjectBuilder:3324 - Time for Copy HAL[1] : 161mS.
2025-04-05 16:06:23,935 [INFO] ProjectBuilder:4912 - Project Generator version: 4.6.0-B36
2025-04-05 16:06:24,022 [INFO] ConfigFileManager:1590 - The Die is : DIE410
2025-04-05 16:06:24,031 [INFO] ApiDbMcu:508 - Load IP Config File for FATFS
2025-04-05 16:06:24,037 [INFO] ApiDbMcu:508 - Load IP Config File for FREERTOS
2025-04-05 16:06:24,042 [INFO] ApiDbMcu:508 - Load IP Config File for USB_DEVICE
2025-04-05 16:06:24,467 [INFO] LogOutputStream:77 - [STDOUT_REDIRECT] 
2025-04-05 16:06:25,625 [INFO] ProjectBuilder:5191 - Time for Generating toolchain IDE Files: 1689mS.
2025-04-05 16:06:25,626 [INFO] ProjectBuilder:3181 - Time for Copy CMSIS : 1mS.
2025-04-05 16:06:25,632 [INFO] ProjectBuilder:3181 - Time for Copy CMSIS : 0mS.
2025-04-05 16:11:59,255 [WARN] IP:2250 - I2C_Coeff_DF not found: check if there is a RefParameter without a condition.
2025-04-05 16:11:59,256 [WARN] IP:2250 - Analog_Filter not found: check if there is a RefParameter without a condition.
2025-04-05 16:11:59,256 [WARN] IP:2250 - I2C_Coeff_DF not found: check if there is a RefParameter without a condition.
2025-04-05 16:11:59,256 [WARN] IP:2250 - Analog_Filter not found: check if there is a RefParameter without a condition.
2025-04-05 16:11:59,281 [WARN] IP:2250 - I2C_Coeff_DF not found: check if there is a RefParameter without a condition.
2025-04-05 16:11:59,281 [WARN] IP:2250 - Analog_Filter not found: check if there is a RefParameter without a condition.
2025-04-05 16:11:59,297 [WARN] IP:2250 - I2C_Coeff_DF not found: check if there is a RefParameter without a condition.
2025-04-05 16:11:59,297 [WARN] IP:2250 - Analog_Filter not found: check if there is a RefParameter without a condition.
2025-04-05 16:13:19,566 [WARN] IP:2250 - I2C_Coeff_DF not found: check if there is a RefParameter without a condition.
2025-04-05 16:13:19,567 [WARN] IP:2250 - Analog_Filter not found: check if there is a RefParameter without a condition.
2025-04-05 16:13:19,568 [WARN] IP:2250 - I2C_Coeff_DF not found: check if there is a RefParameter without a condition.
2025-04-05 16:13:19,568 [WARN] IP:2250 - Analog_Filter not found: check if there is a RefParameter without a condition.
2025-04-05 16:13:19,608 [WARN] IP:2250 - I2C_Coeff_DF not found: check if there is a RefParameter without a condition.
2025-04-05 16:13:19,608 [WARN] IP:2250 - Analog_Filter not found: check if there is a RefParameter without a condition.
2025-04-05 16:13:19,644 [WARN] IP:2250 - I2C_Coeff_DF not found: check if there is a RefParameter without a condition.
2025-04-05 16:13:19,644 [WARN] IP:2250 - Analog_Filter not found: check if there is a RefParameter without a condition.
2025-04-05 16:14:56,215 [INFO] UtilMem:75 - End SaveConfig() Used Memory: 441053400 Bytes (1038090240)
2025-04-05 16:16:23,238 [ERROR] LogOutputStream:75 - [STDERR_REDIRECT] 
